#
# A fatal error has been detected by the Java Runtime Environment:
#
#  SIGSEGV (0xb) at pc=0x00007f90890147a9, pid=511, tid=140258936145664
#
# JRE version: 6.0_27-b27
# Java VM: OpenJDK 64-Bit Server VM (20.0-b12 mixed mode linux-amd64 compressed oops)
# Derivative: IcedTea6 1.12.6
# Distribution: Ubuntu 12.04 LTS, package 6b27-1.12.6-1ubuntu0.12.04.4
# Problematic frame:
# j  com.android.dx.ssa.SCCP.setLatticeValueTo(IILcom/android/dx/rop/cst/Constant;)Z+0
#
# If you would like to submit a bug report, please include
# instructions how to reproduce the bug and visit:
#   https://bugs.launchpad.net/ubuntu/+source/openjdk-6/
#

---------------  T H R E A D  ---------------

Current thread (0x00007f908c008000):  JavaThread "main" [_thread_in_Java, id=519, stack(0x00007f909400c000,0x00007f909410d000)]

siginfo:si_signo=SIGSEGV: si_errno=0, si_code=1 (SEGV_MAPERR), si_addr=0x000000008e5ebd39

Registers:
RAX=0x00000000b5d88c58, RBX=0x000000008e5ebd01, RCX=0x0000000000000038, RDX=0x00000000ed09e4e8
RSP=0x00007f909410a910, RBP=0x00007f909410a968, RSI=0x00000000ed087440, RDI=0x00000000b5dcaa78
R8 =0x0000000000000003, R9 =0x0000000000000002, R10=0x00007f909330b580, R11=0x00000000ed07b9f0
R12=0x0000000000000000, R13=0x00000000b5ef937e, R14=0x00007f909410a990, R15=0x00007f908c008000
RIP=0x00007f90890147a9, EFLAGS=0x0000000000010297, CSGSFS=0x0000000000000033, ERR=0x0000000000000004
  TRAPNO=0x000000000000000e

Top of Stack: (sp=0x00007f909410a910)
0x00007f909410a910:   00000000ebb6c828 000000000000001a
0x00007f909410a920:   00000000ed09e470 00007f909410a928
0x00007f909410a930:   00000000b5ef9340 00007f909410a990
0x00007f909410a940:   00000000b5efaf58 00000000b600c6d8
0x00007f909410a950:   00000000b5ef93c8 0000000000000000
0x00007f909410a960:   00007f909410a978 00007f909410a9d8
0x00007f909410a970:   00007f9089005a82 00000000ebb6c828
0x00007f909410a980:   0000000000000001 000000000000001a
0x00007f909410a990:   00000000ed09e318 00007f909410a998
0x00007f909410a9a0:   00000000b5efa422 00007f909410aa28
0x00007f909410a9b0:   00000000b5efaf58 00000000b5fd1a30
0x00007f909410a9c0:   00000000b5efa4e8 00007f909410a978
0x00007f909410a9d0:   00007f909410aa20 00007f909410aa70
0x00007f909410a9e0:   00007f908900585a 00000000ed07b9f0
0x00007f909410a9f0:   00000000ebb6c828 0000000000000001
0x00007f909410aa00:   000000000000001a 00000000ec84acb8
0x00007f909410aa10:   0000000000000005 00000000ed07b9f0
0x00007f909410aa20:   00000000ed087440 00000000ed09e318
0x00007f909410aa30:   00007f909410aa30 00000000b5ef96cf
0x00007f909410aa40:   00007f909410aa98 00000000b5efaf58
0x00007f909410aa50:   00000000b5fcae28 00000000b5ef9718
0x00007f909410aa60:   00007f909410aa20 00007f909410aa90
0x00007f909410aa70:   00007f909410aae0 00007f908900585a
0x00007f909410aa80:   00000000ed087440 00000000ed0a1820
0x00007f909410aa90:   00000000ed087270 00000000ed09e318
0x00007f909410aaa0:   00007f909410aaa0 00000000b5efa5ff
0x00007f909410aab0:   00007f909410ab08 00000000b5efaf58
0x00007f909410aac0:   00000000b5fc6c10 00000000b5efa778
0x00007f909410aad0:   00007f909410aa90 00007f909410ab08
0x00007f909410aae0:   00007f909410ab50 00007f908900585a
0x00007f909410aaf0:   00000000ed087270 0000000000000000
0x00007f909410ab00:   00000000ed08d680 00000000ed09e318 

Instructions: (pc=0x00007f90890147a9)
0x00007f9089014789:   89 59 10 bf 01 00 00 00 48 89 79 18 48 83 c1 30
0x00007f9089014799:   48 89 4d e0 48 3b d8 0f 84 59 00 00 00 8b 48 1c
0x00007f90890147a9:   48 3b 04 0b 0f 84 4c 00 00 00 83 f9 20 0f 85 21
0x00007f90890147b9:   00 00 00 50 48 8b c0 57 48 8b 7b 28 8b 4f 0c 48 

Register to memory mapping:

RAX=0x00000000b5d88c58 is an oop
{instance class} 
 - klass: {other class}
RBX=0x000000008e5ebd01 is an unknown value
RCX=0x0000000000000038 is an unknown value
RDX=0x00000000ed09e4e8 is an unknown value
RSP=0x00007f909410a910 is pointing into the stack for thread: 0x00007f908c008000
RBP=0x00007f909410a968 is pointing into the stack for thread: 0x00007f908c008000
RSI=0x00000000ed087440 is an oop
com.android.dx.ssa.NormalSsaInsn 
 - klass: 'com/android/dx/ssa/NormalSsaInsn'
RDI=0x00000000b5dcaa78 is an oop
{instance class} 
 - klass: {other class}
R8 =0x0000000000000003 is an unknown value
R9 =0x0000000000000002 is an unknown value
R10=0x00007f909330b580: <offset 0xbba580> in /usr/lib/jvm/java-6-openjdk-amd64/jre/lib/amd64/server/libjvm.so at 0x00007f9092751000
R11=0x00000000ed07b9f0 is an oop
com.android.dx.rop.code.PlainCstInsn 
 - klass: 'com/android/dx/rop/code/PlainCstInsn'
R12=0x0000000000000000 is an unknown value
R13=0x00000000b5ef937e is an oop
{constMethod} 
 - klass: {other class}
 - method:       0x00000000b5ef93c8 {method} 'setLatticeValueTo' '(IILcom/android/dx/rop/cst/Constant;)Z' in 'com/android/dx/ssa/SCCP'
 - exceptions:   0x00000000b5a01e98
bci_from(0xb5ef937e) = 62; print_codes():
R14=0x00007f909410a990 is pointing into the stack for thread: 0x00007f908c008000
R15=0x00007f908c008000 is a thread


Stack: [0x00007f909400c000,0x00007f909410d000],  sp=0x00007f909410a910,  free space=1018k
Native frames: (J=compiled Java code, j=interpreted, Vv=VM code, C=native code)
j  com.android.dx.ssa.SCCP.setLatticeValueTo(IILcom/android/dx/rop/cst/Constant;)Z+0
j  com.android.dx.ssa.SCCP.simulateStmt(Lcom/android/dx/ssa/SsaInsn;)V+466
j  com.android.dx.ssa.SCCP.simulateBlock(Lcom/android/dx/ssa/SsaBasicBlock;)V+47
j  com.android.dx.ssa.SCCP.run()V+87
j  com.android.dx.ssa.SCCP.process(Lcom/android/dx/ssa/SsaMethod;)V+8
j  com.android.dx.ssa.Optimizer.runSsaFormSteps(Lcom/android/dx/ssa/SsaMethod;Ljava/util/EnumSet;)V+27
j  com.android.dx.ssa.Optimizer.optimize(Lcom/android/dx/rop/code/RopMethod;IZZLcom/android/dx/rop/code/TranslationAdvice;Ljava/util/EnumSet;)Lcom/android/dx/rop/code/RopMethod;+24
j  com.android.dx.ssa.Optimizer.optimize(Lcom/android/dx/rop/code/RopMethod;IZZLcom/android/dx/rop/code/TranslationAdvice;)Lcom/android/dx/rop/code/RopMethod;+12
j  com.android.dx.dex.cf.CfTranslator.processMethods(Lcom/android/dx/cf/direct/DirectClassFile;Lcom/android/dx/dex/cf/CfOptions;Lcom/android/dx/dex/DexOptions;Lcom/android/dx/dex/file/ClassDefItem;Lcom/android/dx/dex/file/MethodIdsSection;)V+263
j  com.android.dx.dex.cf.CfTranslator.translate0(Lcom/android/dx/cf/direct/DirectClassFile;[BLcom/android/dx/dex/cf/CfOptions;Lcom/android/dx/dex/DexOptions;Lcom/android/dx/dex/file/DexFile;)Lcom/android/dx/dex/file/ClassDefItem;+125
j  com.android.dx.dex.cf.CfTranslator.translate(Lcom/android/dx/cf/direct/DirectClassFile;[BLcom/android/dx/dex/cf/CfOptions;Lcom/android/dx/dex/DexOptions;Lcom/android/dx/dex/file/DexFile;)Lcom/android/dx/dex/file/ClassDefItem;+6
j  com.android.dx.command.dexer.Main.processClass(Ljava/lang/String;[B)Z+175
j  com.android.dx.command.dexer.Main.processFileBytes(Ljava/lang/String;J[B)Z+188
j  com.android.dx.command.dexer.Main.access$600(Ljava/lang/String;J[B)Z+3
j  com.android.dx.command.dexer.Main$1.processFileBytes(Ljava/lang/String;J[B)Z+36
j  com.android.dx.cf.direct.ClassPathOpener.processOne(Ljava/io/File;Z)Z+82
j  com.android.dx.cf.direct.ClassPathOpener.processDirectory(Ljava/io/File;Z)Z+64
j  com.android.dx.cf.direct.ClassPathOpener.processOne(Ljava/io/File;Z)Z+10
j  com.android.dx.cf.direct.ClassPathOpener.processDirectory(Ljava/io/File;Z)Z+64
j  com.android.dx.cf.direct.ClassPathOpener.processOne(Ljava/io/File;Z)Z+10
j  com.android.dx.cf.direct.ClassPathOpener.processDirectory(Ljava/io/File;Z)Z+64
j  com.android.dx.cf.direct.ClassPathOpener.processOne(Ljava/io/File;Z)Z+10
j  com.android.dx.cf.direct.ClassPathOpener.processDirectory(Ljava/io/File;Z)Z+64
j  com.android.dx.cf.direct.ClassPathOpener.processOne(Ljava/io/File;Z)Z+10
j  com.android.dx.cf.direct.ClassPathOpener.processDirectory(Ljava/io/File;Z)Z+64
j  com.android.dx.cf.direct.ClassPathOpener.processOne(Ljava/io/File;Z)Z+10
j  com.android.dx.cf.direct.ClassPathOpener.process()Z+15
j  com.android.dx.command.dexer.Main.processOne(Ljava/lang/String;Lcom/android/dx/cf/direct/ClassPathOpener$FileNameFilter;)Z+19
j  com.android.dx.command.dexer.Main.processAllFiles()Z+207
j  com.android.dx.command.dexer.Main.runMonoDex()I+58
j  com.android.dx.command.dexer.Main.run(Lcom/android/dx/command/dexer/Main$Arguments;)I+73
j  com.android.dx.command.dexer.Main.main([Ljava/lang/String;)V+14
j  com.android.dx.command.Main.main([Ljava/lang/String;)V+61
v  ~StubRoutines::call_stub
V  [libjvm.so+0x4aeabf]  JavaCalls::call_helper(JavaValue*, methodHandle*, JavaCallArguments*, Thread*)+0x29f
V  [libjvm.so+0x4adef5]  JavaCalls::call(JavaValue*, methodHandle, JavaCallArguments*, Thread*)+0x25
V  [libjvm.so+0x4b8e93]  jni_invoke_static(JNIEnv_*, JavaValue*, _jobject*, JNICallType, _jmethodID*, JNI_ArgumentPusher*, Thread*) [clone .isra.128] [clone .constprop.144]+0x1c3
V  [libjvm.so+0x4c2a03]  jni_CallStaticVoidMethod+0x163
C  [java+0x3f23]  JavaMain+0xdf3


---------------  P R O C E S S  ---------------

Java Threads: ( => current thread )
  0x00007f908c09c000 JavaThread "Low Memory Detector" daemon [_thread_blocked, id=528, stack(0x00007f9088515000,0x00007f9088616000)]
  0x00007f908c099800 JavaThread "C2 CompilerThread1" daemon [_thread_in_native, id=527, stack(0x00007f9088616000,0x00007f9088717000)]
  0x00007f908c096800 JavaThread "C2 CompilerThread0" daemon [_thread_in_vm, id=526, stack(0x00007f9088717000,0x00007f9088818000)]
  0x00007f908c095800 JavaThread "Signal Dispatcher" daemon [_thread_blocked, id=525, stack(0x00007f9088818000,0x00007f9088919000)]
  0x00007f908c074800 JavaThread "Finalizer" daemon [_thread_blocked, id=524, stack(0x00007f90900c0000,0x00007f90901c1000)]
  0x00007f908c072800 JavaThread "Reference Handler" daemon [_thread_blocked, id=523, stack(0x00007f90901c1000,0x00007f90902c2000)]
=>0x00007f908c008000 JavaThread "main" [_thread_in_Java, id=519, stack(0x00007f909400c000,0x00007f909410d000)]

Other Threads:
  0x00007f908c06d800 VMThread [stack: 0x00007f90902c2000,0x00007f90903c3000] [id=522]
  0x00007f908c09e800 WatcherThread [stack: 0x00007f9088414000,0x00007f9088515000] [id=529]

VM state:not at safepoint (normal execution)

VM Mutex/Monitor currently owned by a thread: None

Heap
 PSYoungGen      total 46656K, used 39217K [0x00000000eaab0000, 0x00000000edec0000, 0x0000000100000000)
  eden space 40000K, 98% used [0x00000000eaab0000,0x00000000ed0fc610,0x00000000ed1c0000)
  from space 6656K, 0% used [0x00000000ed840000,0x00000000ed840000,0x00000000edec0000)
  to   space 6656K, 0% used [0x00000000ed1c0000,0x00000000ed1c0000,0x00000000ed840000)
 PSOldGen        total 106752K, used 0K [0x00000000c0000000, 0x00000000c6840000, 0x00000000eaab0000)
  object space 106752K, 0% used [0x00000000c0000000,0x00000000c0000000,0x00000000c6840000)
 PSPermGen       total 21248K, used 6240K [0x00000000b5a00000, 0x00000000b6ec0000, 0x00000000c0000000)
  object space 21248K, 29% used [0x00000000b5a00000,0x00000000b6018040,0x00000000b6ec0000)

Code Cache  [0x00007f9089000000, 0x00007f9089270000, 0x00007f908c000000)
 total_blobs=378 nmethods=182 adapters=150 free_code_cache=49459264 largest_free_block=13568

Dynamic libraries:
00400000-00409000 r-xp 00000000 08:03 1971074                            /usr/lib/jvm/java-6-openjdk-amd64/jre/bin/java
00608000-00609000 r--p 00008000 08:03 1971074                            /usr/lib/jvm/java-6-openjdk-amd64/jre/bin/java
00609000-0060a000 rw-p 00009000 08:03 1971074                            /usr/lib/jvm/java-6-openjdk-amd64/jre/bin/java
01964000-01985000 rw-p 00000000 00:00 0                                  [heap]
b5a00000-b6ec0000 rw-p 00000000 00:00 0 
b6ec0000-c0000000 rw-p 00000000 00:00 0 
c0000000-c6840000 rw-p 00000000 00:00 0 
c6840000-eaab0000 rw-p 00000000 00:00 0 
eaab0000-edec0000 rw-p 00000000 00:00 0 
edec0000-100000000 rw-p 00000000 00:00 0 
7f905c000000-7f905c021000 rw-p 00000000 00:00 0 
7f905c021000-7f9060000000 ---p 00000000 00:00 0 
7f9064000000-7f9065405000 rw-p 00000000 00:00 0 
7f9065405000-7f9068000000 ---p 00000000 00:00 0 
7f9068000000-7f9068021000 rw-p 00000000 00:00 0 
7f9068021000-7f906c000000 ---p 00000000 00:00 0 
7f906c000000-7f906c021000 rw-p 00000000 00:00 0 
7f906c021000-7f9070000000 ---p 00000000 00:00 0 
7f9070000000-7f9071466000 rw-p 00000000 00:00 0 
7f9071466000-7f9074000000 ---p 00000000 00:00 0 
7f9074000000-7f9074021000 rw-p 00000000 00:00 0 
7f9074021000-7f9078000000 ---p 00000000 00:00 0 
7f9078000000-7f9078021000 rw-p 00000000 00:00 0 
7f9078021000-7f907c000000 ---p 00000000 00:00 0 
7f907c000000-7f907c021000 rw-p 00000000 00:00 0 
7f907c021000-7f9080000000 ---p 00000000 00:00 0 
7f9080000000-7f9080021000 rw-p 00000000 00:00 0 
7f9080021000-7f9084000000 ---p 00000000 00:00 0 
7f9084000000-7f9084021000 rw-p 00000000 00:00 0 
7f9084021000-7f9088000000 ---p 00000000 00:00 0 
7f9088414000-7f9088415000 ---p 00000000 00:00 0 
7f9088415000-7f9088515000 rw-p 00000000 00:00 0 
7f9088515000-7f9088518000 ---p 00000000 00:00 0 
7f9088518000-7f9088616000 rw-p 00000000 00:00 0 
7f9088616000-7f9088619000 ---p 00000000 00:00 0 
7f9088619000-7f9088717000 rw-p 00000000 00:00 0 
7f9088717000-7f908871a000 ---p 00000000 00:00 0 
7f908871a000-7f9088818000 rw-p 00000000 00:00 0 
7f9088818000-7f908881b000 ---p 00000000 00:00 0 
7f908881b000-7f9088919000 rw-p 00000000 00:00 0 
7f9088919000-7f9089000000 r--p 00000000 08:03 6167085                    /usr/lib/locale/locale-archive
7f9089000000-7f9089270000 rwxp 00000000 00:00 0 
7f9089270000-7f908c227000 rw-p 00000000 00:00 0 
7f908c227000-7f9090000000 ---p 00000000 00:00 0 
7f90900c0000-7f90900c3000 ---p 00000000 00:00 0 
7f90900c3000-7f90901c1000 rw-p 00000000 00:00 0 
7f90901c1000-7f90901c4000 ---p 00000000 00:00 0 
7f90901c4000-7f90902c2000 rw-p 00000000 00:00 0 
7f90902c2000-7f90902c3000 ---p 00000000 00:00 0 
7f90902c3000-7f90906f9000 rw-p 00000000 00:00 0 
7f90906f9000-7f909088d000 r--s 03822000 08:03 1971068                    /usr/lib/jvm/java-6-openjdk-amd64/jre/lib/rt.jar
7f909088d000-7f90908b5000 rw-p 00000000 00:00 0 
7f90908b5000-7f90908b6000 ---p 00000000 00:00 0 
7f90908b6000-7f90909b6000 rw-p 00000000 00:00 0 
7f90909b6000-7f90909b7000 ---p 00000000 00:00 0 
7f90909b7000-7f9090ac2000 rw-p 00000000 00:00 0 
7f9090ac2000-7f9090b0a000 rw-p 00000000 00:00 0 
7f9090b0a000-7f9090b3f000 rw-p 00000000 00:00 0 
7f9090b3f000-7f9090c60000 rw-p 00000000 00:00 0 
7f9090c60000-7f9090c6b000 rw-p 00000000 00:00 0 
7f9090c6b000-7f9090cb3000 rw-p 00000000 00:00 0 
7f9090cb3000-7f9090ce8000 rw-p 00000000 00:00 0 
7f9090ce8000-7f9090e08000 rw-p 00000000 00:00 0 
7f9090e08000-7f9090e23000 rw-p 00000000 00:00 0 
7f9090e23000-7f9090eb3000 rw-p 00000000 00:00 0 
7f9090eb3000-7f9090eb4000 rw-p 00000000 00:00 0 
7f9090eb4000-7f9090ebb000 r-xp 00000000 08:03 1966625                    /usr/lib/jvm/java-6-openjdk-amd64/jre/lib/amd64/libzip.so
7f9090ebb000-7f90910ba000 ---p 00007000 08:03 1966625                    /usr/lib/jvm/java-6-openjdk-amd64/jre/lib/amd64/libzip.so
7f90910ba000-7f90910bb000 r--p 00006000 08:03 1966625                    /usr/lib/jvm/java-6-openjdk-amd64/jre/lib/amd64/libzip.so
7f90910bb000-7f90910bc000 rw-p 00007000 08:03 1966625                    /usr/lib/jvm/java-6-openjdk-amd64/jre/lib/amd64/libzip.so
7f90910bc000-7f90910c8000 r-xp 00000000 08:03 3044450                    /lib/x86_64-linux-gnu/libnss_files-2.15.so
7f90910c8000-7f90912c7000 ---p 0000c000 08:03 3044450                    /lib/x86_64-linux-gnu/libnss_files-2.15.so
7f90912c7000-7f90912c8000 r--p 0000b000 08:03 3044450                    /lib/x86_64-linux-gnu/libnss_files-2.15.so
7f90912c8000-7f90912c9000 rw-p 0000c000 08:03 3044450                    /lib/x86_64-linux-gnu/libnss_files-2.15.so
7f90912c9000-7f90912d3000 r-xp 00000000 08:03 3044454                    /lib/x86_64-linux-gnu/libnss_nis-2.15.so
7f90912d3000-7f90914d3000 ---p 0000a000 08:03 3044454                    /lib/x86_64-linux-gnu/libnss_nis-2.15.so
7f90914d3000-7f90914d4000 r--p 0000a000 08:03 3044454                    /lib/x86_64-linux-gnu/libnss_nis-2.15.so
7f90914d4000-7f90914d5000 rw-p 0000b000 08:03 3044454                    /lib/x86_64-linux-gnu/libnss_nis-2.15.so
7f90914d5000-7f90914ec000 r-xp 00000000 08:03 3044470                    /lib/x86_64-linux-gnu/libnsl-2.15.so
7f90914ec000-7f90916eb000 ---p 00017000 08:03 3044470                    /lib/x86_64-linux-gnu/libnsl-2.15.so
7f90916eb000-7f90916ec000 r--p 00016000 08:03 3044470                    /lib/x86_64-linux-gnu/libnsl-2.15.so
7f90916ec000-7f90916ed000 rw-p 00017000 08:03 3044470                    /lib/x86_64-linux-gnu/libnsl-2.15.so
7f90916ed000-7f90916ef000 rw-p 00000000 00:00 0 
7f90916ef000-7f90916f7000 r-xp 00000000 08:03 3044448                    /lib/x86_64-linux-gnu/libnss_compat-2.15.so
7f90916f7000-7f90918f6000 ---p 00008000 08:03 3044448                    /lib/x86_64-linux-gnu/libnss_compat-2.15.so
7f90918f6000-7f90918f7000 r--p 00007000 08:03 3044448                    /lib/x86_64-linux-gnu/libnss_compat-2.15.so
7f90918f7000-7f90918f8000 rw-p 00008000 08:03 3044448                    /lib/x86_64-linux-gnu/libnss_compat-2.15.so
7f90918f8000-7f9091924000 r-xp 00000000 08:03 1966620                    /usr/lib/jvm/java-6-openjdk-amd64/jre/lib/amd64/libjava.so
7f9091924000-7f9091b23000 ---p 0002c000 08:03 1966620                    /usr/lib/jvm/java-6-openjdk-amd64/jre/lib/amd64/libjava.so
7f9091b23000-7f9091b24000 r--p 0002b000 08:03 1966620                    /usr/lib/jvm/java-6-openjdk-amd64/jre/lib/amd64/libjava.so
7f9091b24000-7f9091b27000 rw-p 0002c000 08:03 1966620                    /usr/lib/jvm/java-6-openjdk-amd64/jre/lib/amd64/libjava.so
7f9091b27000-7f9091b35000 r-xp 00000000 08:03 1966637                    /usr/lib/jvm/java-6-openjdk-amd64/jre/lib/amd64/libverify.so
7f9091b35000-7f9091d34000 ---p 0000e000 08:03 1966637                    /usr/lib/jvm/java-6-openjdk-amd64/jre/lib/amd64/libverify.so
7f9091d34000-7f9091d36000 r--p 0000d000 08:03 1966637                    /usr/lib/jvm/java-6-openjdk-amd64/jre/lib/amd64/libverify.so
7f9091d36000-7f9091d37000 rw-p 0000f000 08:03 1966637                    /usr/lib/jvm/java-6-openjdk-amd64/jre/lib/amd64/libverify.so
7f9091d37000-7f9091d3e000 r-xp 00000000 08:03 3044453                    /lib/x86_64-linux-gnu/librt-2.15.so
7f9091d3e000-7f9091f3d000 ---p 00007000 08:03 3044453                    /lib/x86_64-linux-gnu/librt-2.15.so
7f9091f3d000-7f9091f3e000 r--p 00006000 08:03 3044453                    /lib/x86_64-linux-gnu/librt-2.15.so
7f9091f3e000-7f9091f3f000 rw-p 00007000 08:03 3044453                    /lib/x86_64-linux-gnu/librt-2.15.so
7f9091f3f000-7f9091f54000 r-xp 00000000 08:03 3018368                    /lib/x86_64-linux-gnu/libgcc_s.so.1
7f9091f54000-7f9092153000 ---p 00015000 08:03 3018368                    /lib/x86_64-linux-gnu/libgcc_s.so.1
7f9092153000-7f9092154000 r--p 00014000 08:03 3018368                    /lib/x86_64-linux-gnu/libgcc_s.so.1
7f9092154000-7f9092155000 rw-p 00015000 08:03 3018368                    /lib/x86_64-linux-gnu/libgcc_s.so.1
7f9092155000-7f9092250000 r-xp 00000000 08:03 3044459                    /lib/x86_64-linux-gnu/libm-2.15.so
7f9092250000-7f909244f000 ---p 000fb000 08:03 3044459                    /lib/x86_64-linux-gnu/libm-2.15.so
7f909244f000-7f9092450000 r--p 000fa000 08:03 3044459                    /lib/x86_64-linux-gnu/libm-2.15.so
7f9092450000-7f9092451000 rw-p 000fb000 08:03 3044459                    /lib/x86_64-linux-gnu/libm-2.15.so
7f9092451000-7f9092533000 r-xp 00000000 08:03 6168267                    /usr/lib/x86_64-linux-gnu/libstdc++.so.6.0.16
7f9092533000-7f9092732000 ---p 000e2000 08:03 6168267                    /usr/lib/x86_64-linux-gnu/libstdc++.so.6.0.16
7f9092732000-7f909273a000 r--p 000e1000 08:03 6168267                    /usr/lib/x86_64-linux-gnu/libstdc++.so.6.0.16
7f909273a000-7f909273c000 rw-p 000e9000 08:03 6168267                    /usr/lib/x86_64-linux-gnu/libstdc++.so.6.0.16
7f909273c000-7f9092751000 rw-p 00000000 00:00 0 
7f9092751000-7f9093051000 r-xp 00000000 08:03 1966652                    /usr/lib/jvm/java-6-openjdk-amd64/jre/lib/amd64/server/libjvm.so
7f9093051000-7f9093251000 ---p 00900000 08:03 1966652                    /usr/lib/jvm/java-6-openjdk-amd64/jre/lib/amd64/server/libjvm.so
7f9093251000-7f90932d2000 r--p 00900000 08:03 1966652                    /usr/lib/jvm/java-6-openjdk-amd64/jre/lib/amd64/server/libjvm.so
7f90932d2000-7f90932ed000 rw-p 00981000 08:03 1966652                    /usr/lib/jvm/java-6-openjdk-amd64/jre/lib/amd64/server/libjvm.so
7f90932ed000-7f9093316000 rw-p 00000000 00:00 0 
7f9093316000-7f909332c000 r-xp 00000000 08:03 3018458                    /lib/x86_64-linux-gnu/libz.so.1.2.3.4
7f909332c000-7f909352b000 ---p 00016000 08:03 3018458                    /lib/x86_64-linux-gnu/libz.so.1.2.3.4
7f909352b000-7f909352c000 r--p 00015000 08:03 3018458                    /lib/x86_64-linux-gnu/libz.so.1.2.3.4
7f909352c000-7f909352d000 rw-p 00016000 08:03 3018458                    /lib/x86_64-linux-gnu/libz.so.1.2.3.4
7f909352d000-7f90936e2000 r-xp 00000000 08:03 3044446                    /lib/x86_64-linux-gnu/libc-2.15.so
7f90936e2000-7f90938e2000 ---p 001b5000 08:03 3044446                    /lib/x86_64-linux-gnu/libc-2.15.so
7f90938e2000-7f90938e6000 r--p 001b5000 08:03 3044446                    /lib/x86_64-linux-gnu/libc-2.15.so
7f90938e6000-7f90938e8000 rw-p 001b9000 08:03 3044446                    /lib/x86_64-linux-gnu/libc-2.15.so
7f90938e8000-7f90938ed000 rw-p 00000000 00:00 0 
7f90938ed000-7f90938ef000 r-xp 00000000 08:03 3044463                    /lib/x86_64-linux-gnu/libdl-2.15.so
7f90938ef000-7f9093aef000 ---p 00002000 08:03 3044463                    /lib/x86_64-linux-gnu/libdl-2.15.so
7f9093aef000-7f9093af0000 r--p 00002000 08:03 3044463                    /lib/x86_64-linux-gnu/libdl-2.15.so
7f9093af0000-7f9093af1000 rw-p 00003000 08:03 3044463                    /lib/x86_64-linux-gnu/libdl-2.15.so
7f9093af1000-7f9093af5000 r-xp 00000000 08:03 1966795                    /usr/lib/jvm/java-6-openjdk-amd64/jre/lib/amd64/jli/libjli.so
7f9093af5000-7f9093cf4000 ---p 00004000 08:03 1966795                    /usr/lib/jvm/java-6-openjdk-amd64/jre/lib/amd64/jli/libjli.so
7f9093cf4000-7f9093cf5000 r--p 00003000 08:03 1966795                    /usr/lib/jvm/java-6-openjdk-amd64/jre/lib/amd64/jli/libjli.so
7f9093cf5000-7f9093cf6000 rw-p 00004000 08:03 1966795                    /usr/lib/jvm/java-6-openjdk-amd64/jre/lib/amd64/jli/libjli.so
7f9093cf6000-7f9093d0e000 r-xp 00000000 08:03 3044455                    /lib/x86_64-linux-gnu/libpthread-2.15.so
7f9093d0e000-7f9093f0d000 ---p 00018000 08:03 3044455                    /lib/x86_64-linux-gnu/libpthread-2.15.so
7f9093f0d000-7f9093f0e000 r--p 00017000 08:03 3044455                    /lib/x86_64-linux-gnu/libpthread-2.15.so
7f9093f0e000-7f9093f0f000 rw-p 00018000 08:03 3044455                    /lib/x86_64-linux-gnu/libpthread-2.15.so
7f9093f0f000-7f9093f13000 rw-p 00000000 00:00 0 
7f9093f13000-7f9093f35000 r-xp 00000000 08:03 3044460                    /lib/x86_64-linux-gnu/ld-2.15.so
7f9093f43000-7f9093f46000 r--s 0007f000 08:03 1966607                    /usr/lib/jvm/java-6-openjdk-common/jre/lib/jsse.jar
7f9093f46000-7f9093f48000 r--s 0000f000 08:03 1966577                    /usr/lib/jvm/java-6-openjdk-common/jre/lib/ext/pulse-java.jar
7f9093f48000-7f9093f4b000 r--s 00077000 08:03 1966579                    /usr/lib/jvm/java-6-openjdk-common/jre/lib/ext/localedata.jar
7f9093f4b000-7f9093f4c000 r--s 00007000 08:03 855                        /usr/share/java/java-atk-wrapper.jar
7f9093f4c000-7f9093f56000 rw-p 00000000 00:00 0 
7f9093f56000-7f909400c000 rw-p 00000000 00:00 0 
7f909400c000-7f909400f000 ---p 00000000 00:00 0 
7f909400f000-7f9094112000 rw-p 00000000 00:00 0 
7f9094112000-7f9094115000 r--s 00031000 08:03 1966581                    /usr/lib/jvm/java-6-openjdk-common/jre/lib/ext/sunjce_provider.jar
7f9094115000-7f9094117000 r--s 00001000 08:03 1966580                    /usr/lib/jvm/java-6-openjdk-common/jre/lib/ext/dnsns.jar
7f9094117000-7f909411b000 r--s 00039000 08:03 1966575                    /usr/lib/jvm/java-6-openjdk-common/jre/lib/ext/sunpkcs11.jar
7f909411b000-7f9094129000 r--s 000cf000 08:03 4343208                    /home/oleg/sdk/build-tools/android-4.4.2/lib/dx.jar
7f9094129000-7f9094131000 rw-s 00000000 08:03 2638060                    /tmp/hsperfdata_oleg/511
7f9094131000-7f9094132000 rw-p 00000000 00:00 0 
7f9094132000-7f9094133000 r--p 00000000 00:00 0 
7f9094133000-7f9094135000 rw-p 00000000 00:00 0 
7f9094135000-7f9094136000 r--p 00022000 08:03 3044460                    /lib/x86_64-linux-gnu/ld-2.15.so
7f9094136000-7f9094138000 rw-p 00023000 08:03 3044460                    /lib/x86_64-linux-gnu/ld-2.15.so
7fff23833000-7fff23868000 rw-p 00000000 00:00 0                          [stack]
7fff23887000-7fff23888000 r-xp 00000000 00:00 0                          [vdso]
ffffffffff600000-ffffffffff601000 r-xp 00000000 00:00 0                  [vsyscall]

VM Arguments:
jvm_args: -Xmx1024M 
java_command: /home/oleg/sdk/build-tools/android-4.4.2/lib/dx.jar --dex --output /home/oleg/CordovaMapsSample/platforms/android/ant-build/classes.dex /home/oleg/CordovaMapsSample/platforms/android/ant-build/classes /home/oleg/CordovaMapsSample/platforms/android/ant-build/dexedLibs/classes-918717435296f14d48e87346e8120d6c.jar
Launcher Type: SUN_STANDARD

Environment Variables:
PATH=/home/oleg/.rvm/gems/ruby-1.9.3-p327/bin:/home/oleg/.rvm/gems/ruby-1.9.3-p327@global/bin:/home/oleg/.rvm/rubies/ruby-1.9.3-p327/bin:/home/oleg/.rvm/bin:/usr/lib/lightdm/lightdm:/usr/local/sbin:/usr/local/bin:/usr/sbin:/usr/bin:/sbin:/bin:/usr/games:/home/oleg/sdk/platform-tools:/home/oleg/sdk/tools
LD_LIBRARY_PATH=/usr/lib/jvm/java-6-openjdk-amd64/jre/lib/amd64/server:/usr/lib/jvm/java-6-openjdk-amd64/jre/lib/amd64:/usr/lib/jvm/java-6-openjdk-amd64/jre/../lib/amd64
SHELL=/bin/bash
DISPLAY=:0.0

Signal Handlers:
SIGSEGV: [libjvm.so+0x7837c0], sa_mask[0]=0x7ffbfeff, sa_flags=0x10000004
SIGBUS: [libjvm.so+0x7837c0], sa_mask[0]=0x7ffbfeff, sa_flags=0x10000004
SIGFPE: [libjvm.so+0x647740], sa_mask[0]=0x7ffbfeff, sa_flags=0x10000004
SIGPIPE: [libjvm.so+0x647740], sa_mask[0]=0x7ffbfeff, sa_flags=0x10000004
SIGXFSZ: [libjvm.so+0x647740], sa_mask[0]=0x7ffbfeff, sa_flags=0x10000004
SIGILL: [libjvm.so+0x647740], sa_mask[0]=0x7ffbfeff, sa_flags=0x10000004
SIGUSR1: SIG_DFL, sa_mask[0]=0x00000000, sa_flags=0x00000000
SIGUSR2: [libjvm.so+0x647920], sa_mask[0]=0x00000004, sa_flags=0x10000004
SIGHUP: [libjvm.so+0x64a2f0], sa_mask[0]=0x7ffbfeff, sa_flags=0x10000004
SIGINT: [libjvm.so+0x64a2f0], sa_mask[0]=0x7ffbfeff, sa_flags=0x10000004
SIGTERM: [libjvm.so+0x64a2f0], sa_mask[0]=0x7ffbfeff, sa_flags=0x10000004
SIGQUIT: [libjvm.so+0x64a2f0], sa_mask[0]=0x7ffbfeff, sa_flags=0x10000004


---------------  S Y S T E M  ---------------

OS:Ubuntu 12.04 (precise)
uname:Linux 3.2.0-58-generic #88-Ubuntu SMP Tue Dec 3 17:37:58 UTC 2013 x86_64
libc:glibc 2.15 NPTL 2.15 
rlimit: STACK 8192k, CORE 0k, NPROC 79359, NOFILE 4096, AS infinity
load average:4.15 2.71 2.34

/proc/meminfo:
MemTotal:       10241552 kB
MemFree:          567176 kB
Buffers:          369920 kB
Cached:          3875304 kB
SwapCached:          236 kB
Active:          6088476 kB
Inactive:        2509160 kB
Active(anon):    3935524 kB
Inactive(anon):   486196 kB
Active(file):    2152952 kB
Inactive(file):  2022964 kB
Unevictable:          48 kB
Mlocked:              48 kB
SwapTotal:       6894588 kB
SwapFree:        6893572 kB
Dirty:              2524 kB
Writeback:             0 kB
AnonPages:       4352244 kB
Mapped:           661520 kB
Shmem:             69308 kB
Slab:             420000 kB
SReclaimable:     375072 kB
SUnreclaim:        44928 kB
KernelStack:        6624 kB
PageTables:        81900 kB
NFS_Unstable:          0 kB
Bounce:                0 kB
WritebackTmp:          0 kB
CommitLimit:    12015364 kB
Committed_AS:   10960340 kB
VmallocTotal:   34359738367 kB
VmallocUsed:      330352 kB
VmallocChunk:   34359405908 kB
HardwareCorrupted:     0 kB
AnonHugePages:         0 kB
HugePages_Total:       0
HugePages_Free:        0
HugePages_Rsvd:        0
HugePages_Surp:        0
Hugepagesize:       2048 kB
DirectMap4k:      248384 kB
DirectMap2M:     9187328 kB
DirectMap1G:     1048576 kB


CPU:total 2 (2 cores per cpu, 1 threads per core) family 16 model 6 stepping 3, cmov, cx8, fxsr, mmx, sse, sse2, sse3, popcnt, mmxext, 3dnowpref, lzcnt, sse4a

Memory: 4k page, physical 10241552k(567176k free), swap 6894588k(6893572k free)

vm_info: OpenJDK 64-Bit Server VM (20.0-b12) for linux-amd64 JRE (1.6.0_27-b27), built on Nov 16 2013 15:13:05 by "buildd" with gcc 4.6.3

time: Mon Apr 21 17:42:28 2014
elapsed time: 4 seconds

