#
# A fatal error has been detected by the Java Runtime Environment:
#
#  SIGSEGV (0xb) at pc=0x00007fecbaddb1b4, pid=700, tid=140654550284032
#
# JRE version: 6.0_27-b27
# Java VM: OpenJDK 64-Bit Server VM (20.0-b12 mixed mode linux-amd64 compressed oops)
# Derivative: IcedTea6 1.12.6
# Distribution: Ubuntu 12.04 LTS, package 6b27-1.12.6-1ubuntu0.12.04.4
# Problematic frame:
# V  [libjvm.so+0x5bc1b4]  PhaseIdealLoop::build_loop_late(VectorSet&, Node_List&, Node_Stack&)+0x54
#
# If you would like to submit a bug report, please include
# instructions how to reproduce the bug and visit:
#   https://bugs.launchpad.net/ubuntu/+source/openjdk-6/
#

---------------  T H R E A D  ---------------

Current thread (0x00007fecb4099800):  JavaThread "C2 CompilerThread1" daemon [_thread_in_native, id=717, stack(0x00007fecb0717000,0x00007fecb0818000)]

siginfo:si_signo=SIGSEGV: si_errno=0, si_code=128 (), si_addr=0x0000000000000000

Registers:
RAX=0x0000000000000329, RBX=0x00007fecb08149d0, RCX=0x00007fecb0813510, RDX=0x00007fec8c6f9770
RSP=0x00007fecb0813260, RBP=0x00007fecb08132c0, RSI=0x00007fecb08134b0, RDI=0x00007fec8c41e1b0
R8 =0x00007fec8c3a3fc0, R9 =0x00007fecb08149d0, R10=0x00007fec8c3f93c0, R11=0x0000000000000000
R12=0x0000000000000001, R13=0x00207fec9875f548, R14=0x00007fec988a3d70, R15=0x00007fecb08134f0
RIP=0x00007fecbaddb1b4, EFLAGS=0x0000000000010202, CSGSFS=0x0000000000000033, ERR=0x0000000000000000
  TRAPNO=0x000000000000000d

Top of Stack: (sp=0x00007fecb0813260)
0x00007fecb0813260:   0000000000000001 00007fec00000020
0x00007fecb0813270:   00007fec00000001 00007fecb0815370
0x00007fecb0813280:   00007fecb0813510 00007fecb08134b0
0x00007fecb0813290:   000000000000244d 00007fecb08149d0
0x00007fecb08132a0:   0000000000000001 0000000000000001
0x00007fecb08132b0:   0000000000000001 00007fec98004460
0x00007fecb08132c0:   00007fecb0813560 00007fecbaddbe2b
0x00007fecb08132d0:   0000000098196bf8 00007fec980043f0
0x00007fecb08132e0:   01007fec98197090 00007fecb08149f0
0x00007fecb08132f0:   00007fecb0813300 00007fecbaf7113d
0x00007fecb0813300:   00007fecb0813360 00007fecbac0dc8c
0x00007fecb0813310:   00007fecb0813390 00007fec9834afd8
0x00007fecb0813320:   00007fecb0813340 00007fecbaf70ff7
0x00007fecb0813330:   0000000098196bf8 00007fec8c000f70
0x00007fecb0813340:   00007fec98197110 00007fec8c000f70
0x00007fecb0813350:   00007fecb0813360 00007fecbaf7113d
0x00007fecb0813360:   00007fecb0813f78 00007fecb0813f98
0x00007fecb0813370:   00007fecb08133f0 00007fec8c00a710
0x00007fecb0813380:   00007fecb08133e0 00007fecbae0f28a
0x00007fecb0813390:   00007fecb08135b0 000014cdb08135b0
0x00007fecb08133a0:   0000000000000020 0000000000000100
0x00007fecb08133b0:   0000000000000004 0000000000020040
0x00007fecb08133c0:   0000000000000000 0000083000002002
0x00007fecb08133d0:   0000008e0000015b 0000007c0000007b
0x00007fecb08133e0:   00007fecb0813410 00007fec8c000020
0x00007fecb08133f0:   00007fecb0813480 0000000000020010
0x00007fecb0813400:   0000000000000000 00007fec8c4b5fe0
0x00007fecb0813410:   00007fec8c4b6d38 00007fecbb67df95
0x00007fecb0813420:   00007fec98349d48 00007fecb400f450
0x00007fecb0813430:   00007fecb0813480 0000000000020010
0x00007fecb0813440:   0000000000000007 000000000000003f
0x00007fecb0813450:   0000000000000000 0000000000008010 

Instructions: (pc=0x00007fecbaddb1b4)
0x00007fecbaddb194:   8b 42 18 85 c0 0f 84 41 02 00 00 48 89 d1 48 8b
0x00007fecbaddb1a4:   52 10 83 e8 01 89 41 18 48 8b 75 c8 4c 8b 2c c2
0x00007fecbaddb1b4:   41 8b 4d 28 89 c8 c1 e8 05 3b 46 10 0f 83 0a 02
0x00007fecbaddb1c4:   00 00 48 8b 7e 18 ba 01 00 00 00 d3 e2 48 8d 04 

Register to memory mapping:

RAX=0x0000000000000329 is an unknown value
RBX=0x00007fecb08149d0 is pointing into the stack for thread: 0x00007fecb4099800
RCX=0x00007fecb0813510 is pointing into the stack for thread: 0x00007fecb4099800
RDX=0x00007fec8c6f9770 is an unknown value
RSP=0x00007fecb0813260 is pointing into the stack for thread: 0x00007fecb4099800
RBP=0x00007fecb08132c0 is pointing into the stack for thread: 0x00007fecb4099800
RSI=0x00007fecb08134b0 is pointing into the stack for thread: 0x00007fecb4099800
RDI=0x00007fec8c41e1b0 is an unknown value
R8 =0x00007fec8c3a3fc0 is an unknown value
R9 =0x00007fecb08149d0 is pointing into the stack for thread: 0x00007fecb4099800
R10=0x00007fec8c3f93c0 is an unknown value
R11=0x0000000000000000 is an unknown value
R12=0x0000000000000001 is an unknown value
R13=0x00207fec9875f548 is an unknown value
R14=0x00007fec988a3d70 is an unknown value
R15=0x00007fecb08134f0 is pointing into the stack for thread: 0x00007fecb4099800


Stack: [0x00007fecb0717000,0x00007fecb0818000],  sp=0x00007fecb0813260,  free space=1008k
Native frames: (J=compiled Java code, j=interpreted, Vv=VM code, C=native code)
V  [libjvm.so+0x5bc1b4]  PhaseIdealLoop::build_loop_late(VectorSet&, Node_List&, Node_Stack&)+0x54
V  [libjvm.so+0x5bce2b]  PhaseIdealLoop::build_and_optimize(bool, bool)+0x67b
V  [libjvm.so+0x37a611]  Compile::Optimize()+0x331
V  [libjvm.so+0x37bd43]  Compile::Compile(ciEnv*, C2Compiler*, ciMethod*, int, bool, bool)+0xae3
V  [libjvm.so+0x3055a0]  C2Compiler::compile_method(ciEnv*, ciMethod*, int)+0xe0
V  [libjvm.so+0x3803f3]  CompileBroker::invoke_compiler_on_method(CompileTask*)+0x2a3
V  [libjvm.so+0x380d3b]  CompileBroker::compiler_thread_loop()+0x45b
V  [libjvm.so+0x74b368]  JavaThread::thread_main_inner()+0x58
V  [libjvm.so+0x64ac92]  java_start(Thread*)+0x112


Current CompileTask:
C2:   4839 143      com.android.dx.ssa.Dominators.run()V (506 bytes)


---------------  P R O C E S S  ---------------

Java Threads: ( => current thread )
  0x00007fecb409c000 JavaThread "Low Memory Detector" daemon [_thread_blocked, id=718, stack(0x00007fecb0616000,0x00007fecb0717000)]
=>0x00007fecb4099800 JavaThread "C2 CompilerThread1" daemon [_thread_in_native, id=717, stack(0x00007fecb0717000,0x00007fecb0818000)]
  0x00007fecb4096800 JavaThread "C2 CompilerThread0" daemon [_thread_in_native, id=716, stack(0x00007fecb0818000,0x00007fecb0919000)]
  0x00007fecb4095800 JavaThread "Signal Dispatcher" daemon [_thread_blocked, id=715, stack(0x00007fecb808d000,0x00007fecb818e000)]
  0x00007fecb4074800 JavaThread "Finalizer" daemon [_thread_blocked, id=714, stack(0x00007fecb818e000,0x00007fecb828f000)]
  0x00007fecb4072800 JavaThread "Reference Handler" daemon [_thread_blocked, id=713, stack(0x00007fecb828f000,0x00007fecb8390000)]
  0x00007fecb4008000 JavaThread "main" [_thread_in_Java, id=708, stack(0x00007fecbc0da000,0x00007fecbc1db000)]

Other Threads:
  0x00007fecb406d800 VMThread [stack: 0x00007fecb8390000,0x00007fecb8491000] [id=712]
  0x00007fecb409e800 WatcherThread [stack: 0x00007fecb0515000,0x00007fecb0616000] [id=719]

VM state:not at safepoint (normal execution)

VM Mutex/Monitor currently owned by a thread: None

Heap
 PSYoungGen      total 46656K, used 27216K [0x00000000eaab0000, 0x00000000edec0000, 0x0000000100000000)
  eden space 40000K, 68% used [0x00000000eaab0000,0x00000000ec544238,0x00000000ed1c0000)
  from space 6656K, 0% used [0x00000000ed840000,0x00000000ed840000,0x00000000edec0000)
  to   space 6656K, 0% used [0x00000000ed1c0000,0x00000000ed1c0000,0x00000000ed840000)
 PSOldGen        total 106752K, used 0K [0x00000000c0000000, 0x00000000c6840000, 0x00000000eaab0000)
  object space 106752K, 0% used [0x00000000c0000000,0x00000000c0000000,0x00000000c6840000)
 PSPermGen       total 21248K, used 6182K [0x00000000b5a00000, 0x00000000b6ec0000, 0x00000000c0000000)
  object space 21248K, 29% used [0x00000000b5a00000,0x00000000b6009b00,0x00000000b6ec0000)

Code Cache  [0x00007fecb1000000, 0x00007fecb1270000, 0x00007fecb4000000)
 total_blobs=345 nmethods=149 adapters=150 free_code_cache=49579968 largest_free_block=14080

Dynamic libraries:
00400000-00409000 r-xp 00000000 08:03 1971074                            /usr/lib/jvm/java-6-openjdk-amd64/jre/bin/java
00608000-00609000 r--p 00008000 08:03 1971074                            /usr/lib/jvm/java-6-openjdk-amd64/jre/bin/java
00609000-0060a000 rw-p 00009000 08:03 1971074                            /usr/lib/jvm/java-6-openjdk-amd64/jre/bin/java
01fce000-01fef000 rw-p 00000000 00:00 0                                  [heap]
b5a00000-b6ec0000 rw-p 00000000 00:00 0 
b6ec0000-c0000000 rw-p 00000000 00:00 0 
c0000000-c6840000 rw-p 00000000 00:00 0 
c6840000-eaab0000 rw-p 00000000 00:00 0 
eaab0000-edec0000 rw-p 00000000 00:00 0 
edec0000-100000000 rw-p 00000000 00:00 0 
7fec84000000-7fec84021000 rw-p 00000000 00:00 0 
7fec84021000-7fec88000000 ---p 00000000 00:00 0 
7fec8c000000-7fec8c7a1000 rw-p 00000000 00:00 0 
7fec8c7a1000-7fec90000000 ---p 00000000 00:00 0 
7fec90000000-7fec90021000 rw-p 00000000 00:00 0 
7fec90021000-7fec94000000 ---p 00000000 00:00 0 
7fec94000000-7fec94021000 rw-p 00000000 00:00 0 
7fec94021000-7fec98000000 ---p 00000000 00:00 0 
7fec98000000-7fec9896f000 rw-p 00000000 00:00 0 
7fec9896f000-7fec9c000000 ---p 00000000 00:00 0 
7fec9c000000-7fec9c021000 rw-p 00000000 00:00 0 
7fec9c021000-7feca0000000 ---p 00000000 00:00 0 
7feca0000000-7feca0021000 rw-p 00000000 00:00 0 
7feca0021000-7feca4000000 ---p 00000000 00:00 0 
7feca4000000-7feca4021000 rw-p 00000000 00:00 0 
7feca4021000-7feca8000000 ---p 00000000 00:00 0 
7feca8000000-7feca8021000 rw-p 00000000 00:00 0 
7feca8021000-7fecac000000 ---p 00000000 00:00 0 
7fecac000000-7fecac021000 rw-p 00000000 00:00 0 
7fecac021000-7fecb0000000 ---p 00000000 00:00 0 
7fecb0515000-7fecb0516000 ---p 00000000 00:00 0 
7fecb0516000-7fecb0616000 rw-p 00000000 00:00 0 
7fecb0616000-7fecb0619000 ---p 00000000 00:00 0 
7fecb0619000-7fecb0717000 rw-p 00000000 00:00 0 
7fecb0717000-7fecb071a000 ---p 00000000 00:00 0 
7fecb071a000-7fecb0818000 rw-p 00000000 00:00 0 
7fecb0818000-7fecb081b000 ---p 00000000 00:00 0 
7fecb081b000-7fecb0919000 rw-p 00000000 00:00 0 
7fecb0919000-7fecb1000000 r--p 00000000 08:03 6167085                    /usr/lib/locale/locale-archive
7fecb1000000-7fecb1270000 rwxp 00000000 00:00 0 
7fecb1270000-7fecb4174000 rw-p 00000000 00:00 0 
7fecb4174000-7fecb8000000 ---p 00000000 00:00 0 
7fecb808d000-7fecb8090000 ---p 00000000 00:00 0 
7fecb8090000-7fecb818e000 rw-p 00000000 00:00 0 
7fecb818e000-7fecb8191000 ---p 00000000 00:00 0 
7fecb8191000-7fecb828f000 rw-p 00000000 00:00 0 
7fecb828f000-7fecb8292000 ---p 00000000 00:00 0 
7fecb8292000-7fecb8390000 rw-p 00000000 00:00 0 
7fecb8390000-7fecb8391000 ---p 00000000 00:00 0 
7fecb8391000-7fecb87c7000 rw-p 00000000 00:00 0 
7fecb87c7000-7fecb895b000 r--s 03822000 08:03 1971068                    /usr/lib/jvm/java-6-openjdk-amd64/jre/lib/rt.jar
7fecb895b000-7fecb8983000 rw-p 00000000 00:00 0 
7fecb8983000-7fecb8984000 ---p 00000000 00:00 0 
7fecb8984000-7fecb8a84000 rw-p 00000000 00:00 0 
7fecb8a84000-7fecb8a85000 ---p 00000000 00:00 0 
7fecb8a85000-7fecb8b90000 rw-p 00000000 00:00 0 
7fecb8b90000-7fecb8bd8000 rw-p 00000000 00:00 0 
7fecb8bd8000-7fecb8c0d000 rw-p 00000000 00:00 0 
7fecb8c0d000-7fecb8d2e000 rw-p 00000000 00:00 0 
7fecb8d2e000-7fecb8d39000 rw-p 00000000 00:00 0 
7fecb8d39000-7fecb8d81000 rw-p 00000000 00:00 0 
7fecb8d81000-7fecb8db6000 rw-p 00000000 00:00 0 
7fecb8db6000-7fecb8ed6000 rw-p 00000000 00:00 0 
7fecb8ed6000-7fecb8ef1000 rw-p 00000000 00:00 0 
7fecb8ef1000-7fecb8f81000 rw-p 00000000 00:00 0 
7fecb8f81000-7fecb8f82000 rw-p 00000000 00:00 0 
7fecb8f82000-7fecb8f89000 r-xp 00000000 08:03 1966625                    /usr/lib/jvm/java-6-openjdk-amd64/jre/lib/amd64/libzip.so
7fecb8f89000-7fecb9188000 ---p 00007000 08:03 1966625                    /usr/lib/jvm/java-6-openjdk-amd64/jre/lib/amd64/libzip.so
7fecb9188000-7fecb9189000 r--p 00006000 08:03 1966625                    /usr/lib/jvm/java-6-openjdk-amd64/jre/lib/amd64/libzip.so
7fecb9189000-7fecb918a000 rw-p 00007000 08:03 1966625                    /usr/lib/jvm/java-6-openjdk-amd64/jre/lib/amd64/libzip.so
7fecb918a000-7fecb9196000 r-xp 00000000 08:03 3044450                    /lib/x86_64-linux-gnu/libnss_files-2.15.so
7fecb9196000-7fecb9395000 ---p 0000c000 08:03 3044450                    /lib/x86_64-linux-gnu/libnss_files-2.15.so
7fecb9395000-7fecb9396000 r--p 0000b000 08:03 3044450                    /lib/x86_64-linux-gnu/libnss_files-2.15.so
7fecb9396000-7fecb9397000 rw-p 0000c000 08:03 3044450                    /lib/x86_64-linux-gnu/libnss_files-2.15.so
7fecb9397000-7fecb93a1000 r-xp 00000000 08:03 3044454                    /lib/x86_64-linux-gnu/libnss_nis-2.15.so
7fecb93a1000-7fecb95a1000 ---p 0000a000 08:03 3044454                    /lib/x86_64-linux-gnu/libnss_nis-2.15.so
7fecb95a1000-7fecb95a2000 r--p 0000a000 08:03 3044454                    /lib/x86_64-linux-gnu/libnss_nis-2.15.so
7fecb95a2000-7fecb95a3000 rw-p 0000b000 08:03 3044454                    /lib/x86_64-linux-gnu/libnss_nis-2.15.so
7fecb95a3000-7fecb95ba000 r-xp 00000000 08:03 3044470                    /lib/x86_64-linux-gnu/libnsl-2.15.so
7fecb95ba000-7fecb97b9000 ---p 00017000 08:03 3044470                    /lib/x86_64-linux-gnu/libnsl-2.15.so
7fecb97b9000-7fecb97ba000 r--p 00016000 08:03 3044470                    /lib/x86_64-linux-gnu/libnsl-2.15.so
7fecb97ba000-7fecb97bb000 rw-p 00017000 08:03 3044470                    /lib/x86_64-linux-gnu/libnsl-2.15.so
7fecb97bb000-7fecb97bd000 rw-p 00000000 00:00 0 
7fecb97bd000-7fecb97c5000 r-xp 00000000 08:03 3044448                    /lib/x86_64-linux-gnu/libnss_compat-2.15.so
7fecb97c5000-7fecb99c4000 ---p 00008000 08:03 3044448                    /lib/x86_64-linux-gnu/libnss_compat-2.15.so
7fecb99c4000-7fecb99c5000 r--p 00007000 08:03 3044448                    /lib/x86_64-linux-gnu/libnss_compat-2.15.so
7fecb99c5000-7fecb99c6000 rw-p 00008000 08:03 3044448                    /lib/x86_64-linux-gnu/libnss_compat-2.15.so
7fecb99c6000-7fecb99f2000 r-xp 00000000 08:03 1966620                    /usr/lib/jvm/java-6-openjdk-amd64/jre/lib/amd64/libjava.so
7fecb99f2000-7fecb9bf1000 ---p 0002c000 08:03 1966620                    /usr/lib/jvm/java-6-openjdk-amd64/jre/lib/amd64/libjava.so
7fecb9bf1000-7fecb9bf2000 r--p 0002b000 08:03 1966620                    /usr/lib/jvm/java-6-openjdk-amd64/jre/lib/amd64/libjava.so
7fecb9bf2000-7fecb9bf5000 rw-p 0002c000 08:03 1966620                    /usr/lib/jvm/java-6-openjdk-amd64/jre/lib/amd64/libjava.so
7fecb9bf5000-7fecb9c03000 r-xp 00000000 08:03 1966637                    /usr/lib/jvm/java-6-openjdk-amd64/jre/lib/amd64/libverify.so
7fecb9c03000-7fecb9e02000 ---p 0000e000 08:03 1966637                    /usr/lib/jvm/java-6-openjdk-amd64/jre/lib/amd64/libverify.so
7fecb9e02000-7fecb9e04000 r--p 0000d000 08:03 1966637                    /usr/lib/jvm/java-6-openjdk-amd64/jre/lib/amd64/libverify.so
7fecb9e04000-7fecb9e05000 rw-p 0000f000 08:03 1966637                    /usr/lib/jvm/java-6-openjdk-amd64/jre/lib/amd64/libverify.so
7fecb9e05000-7fecb9e0c000 r-xp 00000000 08:03 3044453                    /lib/x86_64-linux-gnu/librt-2.15.so
7fecb9e0c000-7fecba00b000 ---p 00007000 08:03 3044453                    /lib/x86_64-linux-gnu/librt-2.15.so
7fecba00b000-7fecba00c000 r--p 00006000 08:03 3044453                    /lib/x86_64-linux-gnu/librt-2.15.so
7fecba00c000-7fecba00d000 rw-p 00007000 08:03 3044453                    /lib/x86_64-linux-gnu/librt-2.15.so
7fecba00d000-7fecba022000 r-xp 00000000 08:03 3018368                    /lib/x86_64-linux-gnu/libgcc_s.so.1
7fecba022000-7fecba221000 ---p 00015000 08:03 3018368                    /lib/x86_64-linux-gnu/libgcc_s.so.1
7fecba221000-7fecba222000 r--p 00014000 08:03 3018368                    /lib/x86_64-linux-gnu/libgcc_s.so.1
7fecba222000-7fecba223000 rw-p 00015000 08:03 3018368                    /lib/x86_64-linux-gnu/libgcc_s.so.1
7fecba223000-7fecba31e000 r-xp 00000000 08:03 3044459                    /lib/x86_64-linux-gnu/libm-2.15.so
7fecba31e000-7fecba51d000 ---p 000fb000 08:03 3044459                    /lib/x86_64-linux-gnu/libm-2.15.so
7fecba51d000-7fecba51e000 r--p 000fa000 08:03 3044459                    /lib/x86_64-linux-gnu/libm-2.15.so
7fecba51e000-7fecba51f000 rw-p 000fb000 08:03 3044459                    /lib/x86_64-linux-gnu/libm-2.15.so
7fecba51f000-7fecba601000 r-xp 00000000 08:03 6168267                    /usr/lib/x86_64-linux-gnu/libstdc++.so.6.0.16
7fecba601000-7fecba800000 ---p 000e2000 08:03 6168267                    /usr/lib/x86_64-linux-gnu/libstdc++.so.6.0.16
7fecba800000-7fecba808000 r--p 000e1000 08:03 6168267                    /usr/lib/x86_64-linux-gnu/libstdc++.so.6.0.16
7fecba808000-7fecba80a000 rw-p 000e9000 08:03 6168267                    /usr/lib/x86_64-linux-gnu/libstdc++.so.6.0.16
7fecba80a000-7fecba81f000 rw-p 00000000 00:00 0 
7fecba81f000-7fecbb11f000 r-xp 00000000 08:03 1966652                    /usr/lib/jvm/java-6-openjdk-amd64/jre/lib/amd64/server/libjvm.so
7fecbb11f000-7fecbb31f000 ---p 00900000 08:03 1966652                    /usr/lib/jvm/java-6-openjdk-amd64/jre/lib/amd64/server/libjvm.so
7fecbb31f000-7fecbb3a0000 r--p 00900000 08:03 1966652                    /usr/lib/jvm/java-6-openjdk-amd64/jre/lib/amd64/server/libjvm.so
7fecbb3a0000-7fecbb3bb000 rw-p 00981000 08:03 1966652                    /usr/lib/jvm/java-6-openjdk-amd64/jre/lib/amd64/server/libjvm.so
7fecbb3bb000-7fecbb3e4000 rw-p 00000000 00:00 0 
7fecbb3e4000-7fecbb3fa000 r-xp 00000000 08:03 3018458                    /lib/x86_64-linux-gnu/libz.so.1.2.3.4
7fecbb3fa000-7fecbb5f9000 ---p 00016000 08:03 3018458                    /lib/x86_64-linux-gnu/libz.so.1.2.3.4
7fecbb5f9000-7fecbb5fa000 r--p 00015000 08:03 3018458                    /lib/x86_64-linux-gnu/libz.so.1.2.3.4
7fecbb5fa000-7fecbb5fb000 rw-p 00016000 08:03 3018458                    /lib/x86_64-linux-gnu/libz.so.1.2.3.4
7fecbb5fb000-7fecbb7b0000 r-xp 00000000 08:03 3044446                    /lib/x86_64-linux-gnu/libc-2.15.so
7fecbb7b0000-7fecbb9b0000 ---p 001b5000 08:03 3044446                    /lib/x86_64-linux-gnu/libc-2.15.so
7fecbb9b0000-7fecbb9b4000 r--p 001b5000 08:03 3044446                    /lib/x86_64-linux-gnu/libc-2.15.so
7fecbb9b4000-7fecbb9b6000 rw-p 001b9000 08:03 3044446                    /lib/x86_64-linux-gnu/libc-2.15.so
7fecbb9b6000-7fecbb9bb000 rw-p 00000000 00:00 0 
7fecbb9bb000-7fecbb9bd000 r-xp 00000000 08:03 3044463                    /lib/x86_64-linux-gnu/libdl-2.15.so
7fecbb9bd000-7fecbbbbd000 ---p 00002000 08:03 3044463                    /lib/x86_64-linux-gnu/libdl-2.15.so
7fecbbbbd000-7fecbbbbe000 r--p 00002000 08:03 3044463                    /lib/x86_64-linux-gnu/libdl-2.15.so
7fecbbbbe000-7fecbbbbf000 rw-p 00003000 08:03 3044463                    /lib/x86_64-linux-gnu/libdl-2.15.so
7fecbbbbf000-7fecbbbc3000 r-xp 00000000 08:03 1966795                    /usr/lib/jvm/java-6-openjdk-amd64/jre/lib/amd64/jli/libjli.so
7fecbbbc3000-7fecbbdc2000 ---p 00004000 08:03 1966795                    /usr/lib/jvm/java-6-openjdk-amd64/jre/lib/amd64/jli/libjli.so
7fecbbdc2000-7fecbbdc3000 r--p 00003000 08:03 1966795                    /usr/lib/jvm/java-6-openjdk-amd64/jre/lib/amd64/jli/libjli.so
7fecbbdc3000-7fecbbdc4000 rw-p 00004000 08:03 1966795                    /usr/lib/jvm/java-6-openjdk-amd64/jre/lib/amd64/jli/libjli.so
7fecbbdc4000-7fecbbddc000 r-xp 00000000 08:03 3044455                    /lib/x86_64-linux-gnu/libpthread-2.15.so
7fecbbddc000-7fecbbfdb000 ---p 00018000 08:03 3044455                    /lib/x86_64-linux-gnu/libpthread-2.15.so
7fecbbfdb000-7fecbbfdc000 r--p 00017000 08:03 3044455                    /lib/x86_64-linux-gnu/libpthread-2.15.so
7fecbbfdc000-7fecbbfdd000 rw-p 00018000 08:03 3044455                    /lib/x86_64-linux-gnu/libpthread-2.15.so
7fecbbfdd000-7fecbbfe1000 rw-p 00000000 00:00 0 
7fecbbfe1000-7fecbc003000 r-xp 00000000 08:03 3044460                    /lib/x86_64-linux-gnu/ld-2.15.so
7fecbc011000-7fecbc014000 r--s 0007f000 08:03 1966607                    /usr/lib/jvm/java-6-openjdk-common/jre/lib/jsse.jar
7fecbc014000-7fecbc016000 r--s 0000f000 08:03 1966577                    /usr/lib/jvm/java-6-openjdk-common/jre/lib/ext/pulse-java.jar
7fecbc016000-7fecbc019000 r--s 00077000 08:03 1966579                    /usr/lib/jvm/java-6-openjdk-common/jre/lib/ext/localedata.jar
7fecbc019000-7fecbc01a000 r--s 00007000 08:03 855                        /usr/share/java/java-atk-wrapper.jar
7fecbc01a000-7fecbc024000 rw-p 00000000 00:00 0 
7fecbc024000-7fecbc0da000 rw-p 00000000 00:00 0 
7fecbc0da000-7fecbc0dd000 ---p 00000000 00:00 0 
7fecbc0dd000-7fecbc1e0000 rw-p 00000000 00:00 0 
7fecbc1e0000-7fecbc1e3000 r--s 00031000 08:03 1966581                    /usr/lib/jvm/java-6-openjdk-common/jre/lib/ext/sunjce_provider.jar
7fecbc1e3000-7fecbc1e5000 r--s 00001000 08:03 1966580                    /usr/lib/jvm/java-6-openjdk-common/jre/lib/ext/dnsns.jar
7fecbc1e5000-7fecbc1e9000 r--s 00039000 08:03 1966575                    /usr/lib/jvm/java-6-openjdk-common/jre/lib/ext/sunpkcs11.jar
7fecbc1e9000-7fecbc1f7000 r--s 000cf000 08:03 4343208                    /home/oleg/sdk/build-tools/android-4.4.2/lib/dx.jar
7fecbc1f7000-7fecbc1ff000 rw-s 00000000 08:03 2638060                    /tmp/hsperfdata_oleg/700
7fecbc1ff000-7fecbc200000 rw-p 00000000 00:00 0 
7fecbc200000-7fecbc201000 r--p 00000000 00:00 0 
7fecbc201000-7fecbc203000 rw-p 00000000 00:00 0 
7fecbc203000-7fecbc204000 r--p 00022000 08:03 3044460                    /lib/x86_64-linux-gnu/ld-2.15.so
7fecbc204000-7fecbc206000 rw-p 00023000 08:03 3044460                    /lib/x86_64-linux-gnu/ld-2.15.so
7fffafbe0000-7fffafc16000 rw-p 00000000 00:00 0                          [stack]
7fffafdce000-7fffafdcf000 r-xp 00000000 00:00 0                          [vdso]
ffffffffff600000-ffffffffff601000 r-xp 00000000 00:00 0                  [vsyscall]

VM Arguments:
jvm_args: -Xmx1024M 
java_command: /home/oleg/sdk/build-tools/android-4.4.2/lib/dx.jar --dex --output /home/oleg/CordovaMapsSample/platforms/android/ant-build/classes.dex /home/oleg/CordovaMapsSample/platforms/android/ant-build/classes /home/oleg/CordovaMapsSample/platforms/android/ant-build/dexedLibs/classes-918717435296f14d48e87346e8120d6c.jar
Launcher Type: SUN_STANDARD

Environment Variables:
PATH=/home/oleg/.rvm/gems/ruby-1.9.3-p327/bin:/home/oleg/.rvm/gems/ruby-1.9.3-p327@global/bin:/home/oleg/.rvm/rubies/ruby-1.9.3-p327/bin:/home/oleg/.rvm/bin:/usr/lib/lightdm/lightdm:/usr/local/sbin:/usr/local/bin:/usr/sbin:/usr/bin:/sbin:/bin:/usr/games:/home/oleg/sdk/platform-tools:/home/oleg/sdk/tools
LD_LIBRARY_PATH=/usr/lib/jvm/java-6-openjdk-amd64/jre/lib/amd64/server:/usr/lib/jvm/java-6-openjdk-amd64/jre/lib/amd64:/usr/lib/jvm/java-6-openjdk-amd64/jre/../lib/amd64
SHELL=/bin/bash
DISPLAY=:0.0

Signal Handlers:
SIGSEGV: [libjvm.so+0x7837c0], sa_mask[0]=0x7ffbfeff, sa_flags=0x10000004
SIGBUS: [libjvm.so+0x7837c0], sa_mask[0]=0x7ffbfeff, sa_flags=0x10000004
SIGFPE: [libjvm.so+0x647740], sa_mask[0]=0x7ffbfeff, sa_flags=0x10000004
SIGPIPE: [libjvm.so+0x647740], sa_mask[0]=0x7ffbfeff, sa_flags=0x10000004
SIGXFSZ: [libjvm.so+0x647740], sa_mask[0]=0x7ffbfeff, sa_flags=0x10000004
SIGILL: [libjvm.so+0x647740], sa_mask[0]=0x7ffbfeff, sa_flags=0x10000004
SIGUSR1: SIG_DFL, sa_mask[0]=0x00000000, sa_flags=0x00000000
SIGUSR2: [libjvm.so+0x647920], sa_mask[0]=0x00000004, sa_flags=0x10000004
SIGHUP: [libjvm.so+0x64a2f0], sa_mask[0]=0x7ffbfeff, sa_flags=0x10000004
SIGINT: [libjvm.so+0x64a2f0], sa_mask[0]=0x7ffbfeff, sa_flags=0x10000004
SIGTERM: [libjvm.so+0x64a2f0], sa_mask[0]=0x7ffbfeff, sa_flags=0x10000004
SIGQUIT: [libjvm.so+0x64a2f0], sa_mask[0]=0x7ffbfeff, sa_flags=0x10000004


---------------  S Y S T E M  ---------------

OS:Ubuntu 12.04 (precise)
uname:Linux 3.2.0-58-generic #88-Ubuntu SMP Tue Dec 3 17:37:58 UTC 2013 x86_64
libc:glibc 2.15 NPTL 2.15 
rlimit: STACK 8192k, CORE 0k, NPROC 79359, NOFILE 4096, AS infinity
load average:3.61 3.17 2.68

/proc/meminfo:
MemTotal:       10241552 kB
MemFree:          576244 kB
Buffers:          370256 kB
Cached:          3871280 kB
SwapCached:          236 kB
Active:          6091832 kB
Inactive:        2503524 kB
Active(anon):    3936940 kB
Inactive(anon):   483836 kB
Active(file):    2154892 kB
Inactive(file):  2019688 kB
Unevictable:          48 kB
Mlocked:              48 kB
SwapTotal:       6894588 kB
SwapFree:        6893572 kB
Dirty:              2852 kB
Writeback:             0 kB
AnonPages:       4353524 kB
Mapped:           665080 kB
Shmem:             66956 kB
Slab:             420092 kB
SReclaimable:     375168 kB
SUnreclaim:        44924 kB
KernelStack:        6576 kB
PageTables:        82656 kB
NFS_Unstable:          0 kB
Bounce:                0 kB
WritebackTmp:          0 kB
CommitLimit:    12015364 kB
Committed_AS:   10992100 kB
VmallocTotal:   34359738367 kB
VmallocUsed:      330352 kB
VmallocChunk:   34359405908 kB
HardwareCorrupted:     0 kB
AnonHugePages:         0 kB
HugePages_Total:       0
HugePages_Free:        0
HugePages_Rsvd:        0
HugePages_Surp:        0
Hugepagesize:       2048 kB
DirectMap4k:      248384 kB
DirectMap2M:     9187328 kB
DirectMap1G:     1048576 kB


CPU:total 2 (2 cores per cpu, 1 threads per core) family 16 model 6 stepping 3, cmov, cx8, fxsr, mmx, sse, sse2, sse3, popcnt, mmxext, 3dnowpref, lzcnt, sse4a

Memory: 4k page, physical 10241552k(576244k free), swap 6894588k(6893572k free)

vm_info: OpenJDK 64-Bit Server VM (20.0-b12) for linux-amd64 JRE (1.6.0_27-b27), built on Nov 16 2013 15:13:05 by "buildd" with gcc 4.6.3

time: Mon Apr 21 17:48:24 2014
elapsed time: 4 seconds

