#
# A fatal error has been detected by the Java Runtime Environment:
#
#  SIGSEGV (0xb) at pc=0x00007fb5f21eb069, pid=30580, tid=140419250370304
#
# JRE version: 6.0_27-b27
# Java VM: OpenJDK 64-Bit Server VM (20.0-b12 mixed mode linux-amd64 compressed oops)
# Derivative: IcedTea6 1.12.6
# Distribution: Ubuntu 12.04 LTS, package 6b27-1.12.6-1ubuntu0.12.04.4
# Problematic frame:
# C  [libpthread.so.0+0xb069]  __pthread_mutex_unlock+0x39
#
# If you would like to submit a bug report, please include
# instructions how to reproduce the bug and visit:
#   https://bugs.launchpad.net/ubuntu/+source/openjdk-6/
#

---------------  T H R E A D  ---------------

Current thread (0x00007fb5ec06d800):  VMThread [stack: 0x00007fb5e779b000,0x00007fb5e789c000] [id=30591]

siginfo:si_signo=SIGSEGV: si_errno=0, si_code=128 (), si_addr=0x0000000000000000

Registers:
RAX=0x0000000000000000, RBX=0x00007fb5ec06d800, RCX=0x00007fb5f21ee9fa, RDX=0x00007fb5ec008f28
RSP=0x00007fb5e789ab28, RBP=0x00007fb5e789ab80, RSI=0x0000000000000000, RDI=0x00007fb5ec008f28
R8 =0x00007fb5ec008f50, R9 =0x0000000004000001, R10=0x0000000000000001, R11=0x0000000000000206
R12=0x00007fb5ec004780, R13=0x00007fb5f17e2330, R14=0x0000000000000000, R15=0x0000000000000003
RIP=0x00007fb5f21eb069, EFLAGS=0x0000000000010206, CSGSFS=0x0000000000000033, ERR=0x0000000000000000
  TRAPNO=0x000000000000000d

Top of Stack: (sp=0x00007fb5e789ab28)
0x00007fb5e789ab28:   00a67fb5f13c26fc 00a67fb5e789ab80
0x00007fb5e789ab38:   00a67fb5f125de5e 0000000000000000
0x00007fb5e789ab48:   00007fb5ec06ed80 00007fb5ec06eca0
0x00007fb5e789ab58:   00007fb5ec06ed80 00007fb5ec06eca0
0x00007fb5e789ab68:   00007fb5ec06ed80 00007fb5ec06eca0
0x00007fb5e789ab78:   00007fb5ec06d800 00a67fb5e789aee0
0x00007fb5e789ab88:   00007fb5f1285c92 0000000000000000
0x00007fb5e789ab98:   0000000000000000 0000000000000000
0x00007fb5e789aba8:   0000000000000000 00a6000000000000
0x00007fb5e789abb8:   00a6000000000000 0000000000000000
0x00007fb5e789abc8:   0000000000000000 0000000000000000
0x00007fb5e789abd8:   0000000000000000 0000000000000000
0x00007fb5e789abe8:   0000000000000000 0000000000000000
0x00007fb5e789abf8:   0000000000000000 00a6000000000000
0x00007fb5e789ac08:   0000000000000000 00a6000000000000
0x00007fb5e789ac18:   00a6000000000000 0000000000000000
0x00007fb5e789ac28:   0000000000000000 0000000000000000
0x00007fb5e789ac38:   00a6000000000000 0000000000000000
0x00007fb5e789ac48:   0000000000000000 0000000000000000
0x00007fb5e789ac58:   0000000000000000 0000000000000000
0x00007fb5e789ac68:   0000000000000000 0000000000000000
0x00007fb5e789ac78:   0000000000000000 00a6000000000000
0x00007fb5e789ac88:   00a6000000000000 00a6000000000000
0x00007fb5e789ac98:   00a6000000000000 00a6000000000000
0x00007fb5e789aca8:   0000000000000000 0000000000000000
0x00007fb5e789acb8:   0000000000000000 0000000000000000
0x00007fb5e789acc8:   0000000000000000 0000000000000000
0x00007fb5e789acd8:   0000000000000000 0000000000000000
0x00007fb5e789ace8:   0000000000000000 0000000000000000
0x00007fb5e789acf8:   0000000000000000 0000000000000000
0x00007fb5e789ad08:   0000000000000000 0000000000000000
0x00007fb5e789ad18:   00a6000000000000 00a6000000000000 

Instructions: (pc=0x00007fb5f21eb069)
0x00007fb5f21eb049:   c7 42 08 00 00 00 00 83 6a 0c 01 81 e6 80 00 00
0x00007fb5f21eb059:   00 f0 ff 0a 0f 85 92 00 00 00 31 c0 
[error occurred during error reporting (printing registers, top of stack, instructions near pc), id 0xb]

Register to memory mapping:

RAX=0x0000000000000000 is an unknown value
RBX=0x00007fb5ec06d800 is an unknown value
RCX=0x00007fb5f21ee9fa: <offset 0xe9fa> in /lib/x86_64-linux-gnu/libpthread.so.0 at 0x00007fb5f21e0000
RDX=0x00007fb5ec008f28 is an unknown value
RSP=0x00007fb5e789ab28 is an unknown value
RBP=0x00007fb5e789ab80 is an unknown value
RSI=0x0000000000000000 is an unknown value
RDI=0x00007fb5ec008f28 is an unknown value
R8 =0x00007fb5ec008f50 is an unknown value
R9 =0x0000000004000001 is an unknown value
R10=0x0000000000000001 is an unknown value
R11=0x0000000000000206 is an unknown value
R12=0x00007fb5ec004780 is an unknown value
R13=0x00a67fb5f17e2330 is an unknown value
R14=0x0000000000000000 is an unknown value
R15=0x00a6000000000003 is an unknown value


Stack: [0x00007fb5e779b000,0x00007fb5e789c000],  sp=0x00007fb5e789ab28,  free space=1022k
Native frames: (J=compiled Java code, j=interpreted, Vv=VM code, C=native code)
C  [libpthread.so.0+0xb069]  __pthread_mutex_unlock+0x39


---------------  P R O C E S S  ---------------

Java Threads: ( => current thread )
  0x00007fb5ec008000 JavaThread "main" [_thread_in_vm, id=30588, stack(0x00007fb5f24f6000,0x00007fb5f25f7000)]

Other Threads:
=>0x00007fb5ec06d800 VMThread [stack: 0x00007fb5e779b000,0x00007fb5e789c000] [id=30591]

VM state:not at safepoint (normal execution)

VM Mutex/Monitor currently owned by a thread:  ([mutex/lock_event])
[0x00007fb5ec003800] CodeCache_lock - owner thread: 0x00007fb5ec008000
[0x00007fb5ec004900] AdapterHandlerLibrary_lock - owner thread: 0x00007fb5ec008000

Heap
 PSYoungGen      total 46656K, used 800K [0x00000000eaab0000, 0x00000000edec0000, 0x0000000100000000)
  eden space 40000K, 2% used [0x00000000eaab0000,0x00000000eab78010,0x00000000ed1c0000)
  from space 6656K, 0% used [0x00000000ed840000,0x00000000ed840000,0x00000000edec0000)
  to   space 6656K, 0% used [0x00000000ed1c0000,0x00000000ed1c0000,0x00000000ed840000)
 PSOldGen        total 106752K, used 0K [0x00000000c0000000, 0x00000000c6840000, 0x00000000eaab0000)
  object space 106752K, 0% used [0x00000000c0000000,0x00000000c0000000,0x00000000c6840000)
 PSPermGen       total 21248K, used 1025K [0x00000000b5a00000, 0x00000000b6ec0000, 0x00000000c0000000)
  object space 21248K, 4% used [0x00000000b5a00000,0x00000000b5b007a8,0x00000000b6ec0000)

Code Cache  [0x00007fb5e838d000, 0x00007fb5e85fd000, 0x00007fb5eb38d000)
 total_blobs=91 nmethods=0 adapters=66 free_code_cache=49983552 largest_free_block=384

Dynamic libraries:
00400000-00409000 r-xp 00000000 08:03 1971074                            /usr/lib/jvm/java-6-openjdk-amd64/jre/bin/java
00608000-00609000 r--p 00008000 08:03 1971074                            /usr/lib/jvm/java-6-openjdk-amd64/jre/bin/java
00609000-0060a000 rw-p 00009000 08:03 1971074                            /usr/lib/jvm/java-6-openjdk-amd64/jre/bin/java
01d53000-01d74000 rw-p 00000000 00:00 0                                  [heap]
b5a00000-b6ec0000 rw-p 00000000 00:00 0 
b6ec0000-c0000000 rw-p 00000000 00:00 0 
c0000000-c6840000 rw-p 00000000 00:00 0 
c6840000-eaab0000 rw-p 00000000 00:00 0 
eaab0000-edec0000 rw-p 00000000 00:00 0 
edec0000-100000000 rw-p 00000000 00:00 0 
7fb5d8000000-7fb5d8021000 rw-p 00000000 00:00 0 
7fb5d8021000-7fb5dc000000 ---p 00000000 00:00 0 
7fb5dc000000-7fb5dc021000 rw-p 00000000 00:00 0 
7fb5dc021000-7fb5e0000000 ---p 00000000 00:00 0 
7fb5e0000000-7fb5e0021000 rw-p 00000000 00:00 0 
7fb5e0021000-7fb5e4000000 ---p 00000000 00:00 0 
7fb5e779b000-7fb5e779c000 ---p 00000000 00:00 0 
7fb5e779c000-7fb5e7bd2000 rw-p 00000000 00:00 0 
7fb5e7bd2000-7fb5e7d66000 r--s 03822000 08:03 1971068                    /usr/lib/jvm/java-6-openjdk-amd64/jre/lib/rt.jar
7fb5e7d66000-7fb5e7d8e000 rw-p 00000000 00:00 0 
7fb5e7d8e000-7fb5e7d8f000 ---p 00000000 00:00 0 
7fb5e7d8f000-7fb5e7e8f000 rw-p 00000000 00:00 0 
7fb5e7e8f000-7fb5e7e90000 ---p 00000000 00:00 0 
7fb5e7e90000-7fb5e7f9b000 rw-p 00000000 00:00 0 
7fb5e7f9b000-7fb5e7fe3000 rw-p 00000000 00:00 0 
7fb5e7fe3000-7fb5e8018000 rw-p 00000000 00:00 0 
7fb5e8018000-7fb5e8139000 rw-p 00000000 00:00 0 
7fb5e8139000-7fb5e8144000 rw-p 00000000 00:00 0 
7fb5e8144000-7fb5e818c000 rw-p 00000000 00:00 0 
7fb5e818c000-7fb5e81c1000 rw-p 00000000 00:00 0 
7fb5e81c1000-7fb5e82e1000 rw-p 00000000 00:00 0 
7fb5e82e1000-7fb5e82fc000 rw-p 00000000 00:00 0 
7fb5e82fc000-7fb5e838c000 rw-p 00000000 00:00 0 
7fb5e838c000-7fb5e838d000 rw-p 00000000 00:00 0 
7fb5e838d000-7fb5e85fd000 rwxp 00000000 00:00 0 
7fb5e85fd000-7fb5eb38d000 rw-p 00000000 00:00 0 
7fb5eb38d000-7fb5eb394000 r-xp 00000000 08:03 1966625                    /usr/lib/jvm/java-6-openjdk-amd64/jre/lib/amd64/libzip.so
7fb5eb394000-7fb5eb593000 ---p 00007000 08:03 1966625                    /usr/lib/jvm/java-6-openjdk-amd64/jre/lib/amd64/libzip.so
7fb5eb593000-7fb5eb594000 r--p 00006000 08:03 1966625                    /usr/lib/jvm/java-6-openjdk-amd64/jre/lib/amd64/libzip.so
7fb5eb594000-7fb5eb595000 rw-p 00007000 08:03 1966625                    /usr/lib/jvm/java-6-openjdk-amd64/jre/lib/amd64/libzip.so
7fb5eb595000-7fb5eb5a1000 r-xp 00000000 08:03 3044450                    /lib/x86_64-linux-gnu/libnss_files-2.15.so
7fb5eb5a1000-7fb5eb7a0000 ---p 0000c000 08:03 3044450                    /lib/x86_64-linux-gnu/libnss_files-2.15.so
7fb5eb7a0000-7fb5eb7a1000 r--p 0000b000 08:03 3044450                    /lib/x86_64-linux-gnu/libnss_files-2.15.so
7fb5eb7a1000-7fb5eb7a2000 rw-p 0000c000 08:03 3044450                    /lib/x86_64-linux-gnu/libnss_files-2.15.so
7fb5eb7a2000-7fb5eb7ac000 r-xp 00000000 08:03 3044454                    /lib/x86_64-linux-gnu/libnss_nis-2.15.so
7fb5eb7ac000-7fb5eb9ac000 ---p 0000a000 08:03 3044454                    /lib/x86_64-linux-gnu/libnss_nis-2.15.so
7fb5eb9ac000-7fb5eb9ad000 r--p 0000a000 08:03 3044454                    /lib/x86_64-linux-gnu/libnss_nis-2.15.so
7fb5eb9ad000-7fb5eb9ae000 rw-p 0000b000 08:03 3044454                    /lib/x86_64-linux-gnu/libnss_nis-2.15.so
7fb5eb9ae000-7fb5eb9c5000 r-xp 00000000 08:03 3044470                    /lib/x86_64-linux-gnu/libnsl-2.15.so
7fb5eb9c5000-7fb5ebbc4000 ---p 00017000 08:03 3044470                    /lib/x86_64-linux-gnu/libnsl-2.15.so
7fb5ebbc4000-7fb5ebbc5000 r--p 00016000 08:03 3044470                    /lib/x86_64-linux-gnu/libnsl-2.15.so
7fb5ebbc5000-7fb5ebbc6000 rw-p 00017000 08:03 3044470                    /lib/x86_64-linux-gnu/libnsl-2.15.so
7fb5ebbc6000-7fb5ebbc8000 rw-p 00000000 00:00 0 
7fb5ebbc8000-7fb5ebbd0000 r-xp 00000000 08:03 3044448                    /lib/x86_64-linux-gnu/libnss_compat-2.15.so
7fb5ebbd0000-7fb5ebdcf000 ---p 00008000 08:03 3044448                    /lib/x86_64-linux-gnu/libnss_compat-2.15.so
7fb5ebdcf000-7fb5ebdd0000 r--p 00007000 08:03 3044448                    /lib/x86_64-linux-gnu/libnss_compat-2.15.so
7fb5ebdd0000-7fb5ebdd1000 rw-p 00008000 08:03 3044448                    /lib/x86_64-linux-gnu/libnss_compat-2.15.so
7fb5ebdd1000-7fb5ebdfd000 r-xp 00000000 08:03 1966620                    /usr/lib/jvm/java-6-openjdk-amd64/jre/lib/amd64/libjava.so
7fb5ebdfd000-7fb5ebffc000 ---p 0002c000 08:03 1966620                    /usr/lib/jvm/java-6-openjdk-amd64/jre/lib/amd64/libjava.so
7fb5ebffc000-7fb5ebffd000 r--p 0002b000 08:03 1966620                    /usr/lib/jvm/java-6-openjdk-amd64/jre/lib/amd64/libjava.so
7fb5ebffd000-7fb5ec000000 rw-p 0002c000 08:03 1966620                    /usr/lib/jvm/java-6-openjdk-amd64/jre/lib/amd64/libjava.so
7fb5ec000000-7fb5ec073000 rw-p 00000000 00:00 0 
7fb5ec073000-7fb5f0000000 ---p 00000000 00:00 0 
7fb5f0011000-7fb5f001f000 r-xp 00000000 08:03 1966637                    /usr/lib/jvm/java-6-openjdk-amd64/jre/lib/amd64/libverify.so
7fb5f001f000-7fb5f021e000 ---p 0000e000 08:03 1966637                    /usr/lib/jvm/java-6-openjdk-amd64/jre/lib/amd64/libverify.so
7fb5f021e000-7fb5f0220000 r--p 0000d000 08:03 1966637                    /usr/lib/jvm/java-6-openjdk-amd64/jre/lib/amd64/libverify.so
7fb5f0220000-7fb5f0221000 rw-p 0000f000 08:03 1966637                    /usr/lib/jvm/java-6-openjdk-amd64/jre/lib/amd64/libverify.so
7fb5f0221000-7fb5f0228000 r-xp 00000000 08:03 3044453                    /lib/x86_64-linux-gnu/librt-2.15.so
7fb5f0228000-7fb5f0427000 ---p 00007000 08:03 3044453                    /lib/x86_64-linux-gnu/librt-2.15.so
7fb5f0427000-7fb5f0428000 r--p 00006000 08:03 3044453                    /lib/x86_64-linux-gnu/librt-2.15.so
7fb5f0428000-7fb5f0429000 rw-p 00007000 08:03 3044453                    /lib/x86_64-linux-gnu/librt-2.15.so
7fb5f0429000-7fb5f043e000 r-xp 00000000 08:03 3018368                    /lib/x86_64-linux-gnu/libgcc_s.so.1
7fb5f043e000-7fb5f063d000 ---p 00015000 08:03 3018368                    /lib/x86_64-linux-gnu/libgcc_s.so.1
7fb5f063d000-7fb5f063e000 r--p 00014000 08:03 3018368                    /lib/x86_64-linux-gnu/libgcc_s.so.1
7fb5f063e000-7fb5f063f000 rw-p 00015000 08:03 3018368                    /lib/x86_64-linux-gnu/libgcc_s.so.1
7fb5f063f000-7fb5f073a000 r-xp 00000000 08:03 3044459                    /lib/x86_64-linux-gnu/libm-2.15.so
7fb5f073a000-7fb5f0939000 ---p 000fb000 08:03 3044459                    /lib/x86_64-linux-gnu/libm-2.15.so
7fb5f0939000-7fb5f093a000 r--p 000fa000 08:03 3044459                    /lib/x86_64-linux-gnu/libm-2.15.so
7fb5f093a000-7fb5f093b000 rw-p 000fb000 08:03 3044459                    /lib/x86_64-linux-gnu/libm-2.15.so
7fb5f093b000-7fb5f0a1d000 r-xp 00000000 08:03 6168267                    /usr/lib/x86_64-linux-gnu/libstdc++.so.6.0.16
7fb5f0a1d000-7fb5f0c1c000 ---p 000e2000 08:03 6168267                    /usr/lib/x86_64-linux-gnu/libstdc++.so.6.0.16
7fb5f0c1c000-7fb5f0c24000 r--p 000e1000 08:03 6168267                    /usr/lib/x86_64-linux-gnu/libstdc++.so.6.0.16
7fb5f0c24000-7fb5f0c26000 rw-p 000e9000 08:03 6168267                    /usr/lib/x86_64-linux-gnu/libstdc++.so.6.0.16
7fb5f0c26000-7fb5f0c3b000 rw-p 00000000 00:00 0 
7fb5f0c3b000-7fb5f153b000 r-xp 00000000 08:03 1966652                    /usr/lib/jvm/java-6-openjdk-amd64/jre/lib/amd64/server/libjvm.so
7fb5f153b000-7fb5f173b000 ---p 00900000 08:03 1966652                    /usr/lib/jvm/java-6-openjdk-amd64/jre/lib/amd64/server/libjvm.so
7fb5f173b000-7fb5f17bc000 r--p 00900000 08:03 1966652                    /usr/lib/jvm/java-6-openjdk-amd64/jre/lib/amd64/server/libjvm.so
7fb5f17bc000-7fb5f17d7000 rw-p 00981000 08:03 1966652                    /usr/lib/jvm/java-6-openjdk-amd64/jre/lib/amd64/server/libjvm.so
7fb5f17d7000-7fb5f1800000 rw-p 00000000 00:00 0 
7fb5f1800000-7fb5f1816000 r-xp 00000000 08:03 3018458                    /lib/x86_64-linux-gnu/libz.so.1.2.3.4
7fb5f1816000-7fb5f1a15000 ---p 00016000 08:03 3018458                    /lib/x86_64-linux-gnu/libz.so.1.2.3.4
7fb5f1a15000-7fb5f1a16000 r--p 00015000 08:03 3018458                    /lib/x86_64-linux-gnu/libz.so.1.2.3.4
7fb5f1a16000-7fb5f1a17000 rw-p 00016000 08:03 3018458                    /lib/x86_64-linux-gnu/libz.so.1.2.3.4
7fb5f1a17000-7fb5f1bcc000 r-xp 00000000 08:03 3044446                    /lib/x86_64-linux-gnu/libc-2.15.so
7fb5f1bcc000-7fb5f1dcc000 ---p 001b5000 08:03 3044446                    /lib/x86_64-linux-gnu/libc-2.15.so
7fb5f1dcc000-7fb5f1dd0000 r--p 001b5000 08:03 3044446                    /lib/x86_64-linux-gnu/libc-2.15.so
7fb5f1dd0000-7fb5f1dd2000 rw-p 001b9000 08:03 3044446                    /lib/x86_64-linux-gnu/libc-2.15.so
7fb5f1dd2000-7fb5f1dd7000 rw-p 00000000 00:00 0 
7fb5f1dd7000-7fb5f1dd9000 r-xp 00000000 08:03 3044463                    /lib/x86_64-linux-gnu/libdl-2.15.so
7fb5f1dd9000-7fb5f1fd9000 ---p 00002000 08:03 3044463                    /lib/x86_64-linux-gnu/libdl-2.15.so
7fb5f1fd9000-7fb5f1fda000 r--p 00002000 08:03 3044463                    /lib/x86_64-linux-gnu/libdl-2.15.so
7fb5f1fda000-7fb5f1fdb000 rw-p 00003000 08:03 3044463                    /lib/x86_64-linux-gnu/libdl-2.15.so
7fb5f1fdb000-7fb5f1fdf000 r-xp 00000000 08:03 1966795                    /usr/lib/jvm/java-6-openjdk-amd64/jre/lib/amd64/jli/libjli.so
7fb5f1fdf000-7fb5f21de000 ---p 00004000 08:03 1966795                    /usr/lib/jvm/java-6-openjdk-amd64/jre/lib/amd64/jli/libjli.so
7fb5f21de000-7fb5f21df000 r--p 00003000 08:03 1966795                    /usr/lib/jvm/java-6-openjdk-amd64/jre/lib/amd64/jli/libjli.so
7fb5f21df000-7fb5f21e0000 rw-p 00004000 08:03 1966795                    /usr/lib/jvm/java-6-openjdk-amd64/jre/lib/amd64/jli/libjli.so
7fb5f21e0000-7fb5f21f8000 r-xp 00000000 08:03 3044455                    /lib/x86_64-linux-gnu/libpthread-2.15.so
7fb5f21f8000-7fb5f23f7000 ---p 00018000 08:03 3044455                    /lib/x86_64-linux-gnu/libpthread-2.15.so
7fb5f23f7000-7fb5f23f8000 r--p 00017000 08:03 3044455                    /lib/x86_64-linux-gnu/libpthread-2.15.so
7fb5f23f8000-7fb5f23f9000 rw-p 00018000 08:03 3044455                    /lib/x86_64-linux-gnu/libpthread-2.15.so
7fb5f23f9000-7fb5f23fd000 rw-p 00000000 00:00 0 
7fb5f23fd000-7fb5f241f000 r-xp 00000000 08:03 3044460                    /lib/x86_64-linux-gnu/ld-2.15.so
7fb5f2436000-7fb5f2440000 rw-p 00000000 00:00 0 
7fb5f2440000-7fb5f24f6000 rw-p 00000000 00:00 0 
7fb5f24f6000-7fb5f24f9000 ---p 00000000 00:00 0 
7fb5f24f9000-7fb5f25fc000 rw-p 00000000 00:00 0 
7fb5f2613000-7fb5f261b000 rw-s 00000000 08:03 2637410                    /tmp/hsperfdata_oleg/30580
7fb5f261b000-7fb5f261c000 rw-p 00000000 00:00 0 
7fb5f261c000-7fb5f261d000 r--p 00000000 00:00 0 
7fb5f261d000-7fb5f261f000 rw-p 00000000 00:00 0 
7fb5f261f000-7fb5f2620000 r--p 00022000 08:03 3044460                    /lib/x86_64-linux-gnu/ld-2.15.so
7fb5f2620000-7fb5f2622000 rw-p 00023000 08:03 3044460                    /lib/x86_64-linux-gnu/ld-2.15.so
7fff42964000-7fff42999000 rw-p 00000000 00:00 0                          [stack]
7fff429ff000-7fff42a00000 r-xp 00000000 00:00 0                          [vdso]
ffffffffff600000-ffffffffff601000 r-xp 00000000 00:00 0                  [vsyscall]

VM Arguments:
jvm_args: -Xmx1024M 
java_command: /home/oleg/sdk/build-tools/android-4.4.2/lib/dx.jar --dex --output /home/oleg/CordovaMapsSample/platforms/android/ant-build/classes.dex /home/oleg/CordovaMapsSample/platforms/android/ant-build/classes /home/oleg/CordovaMapsSample/platforms/android/ant-build/dexedLibs/classes-918717435296f14d48e87346e8120d6c.jar
Launcher Type: SUN_STANDARD

Environment Variables:
PATH=/home/oleg/.rvm/gems/ruby-1.9.3-p327/bin:/home/oleg/.rvm/gems/ruby-1.9.3-p327@global/bin:/home/oleg/.rvm/rubies/ruby-1.9.3-p327/bin:/home/oleg/.rvm/bin:/usr/lib/lightdm/lightdm:/usr/local/sbin:/usr/local/bin:/usr/sbin:/usr/bin:/sbin:/bin:/usr/games:/home/oleg/sdk/platform-tools:/home/oleg/sdk/tools
LD_LIBRARY_PATH=/usr/lib/jvm/java-6-openjdk-amd64/jre/lib/amd64/server:/usr/lib/jvm/java-6-openjdk-amd64/jre/lib/amd64:/usr/lib/jvm/java-6-openjdk-amd64/jre/../lib/amd64
SHELL=/bin/bash
DISPLAY=:0.0

Signal Handlers:
SIGSEGV: [libjvm.so+0x7837c0], sa_mask[0]=0x7ffbfeff, sa_flags=0x10000004
SIGBUS: [libjvm.so+0x7837c0], sa_mask[0]=0x7ffbfeff, sa_flags=0x10000004
SIGFPE: [libjvm.so+0x647740], sa_mask[0]=0x7ffbfeff, sa_flags=0x10000004
SIGPIPE: [libjvm.so+0x647740], sa_mask[0]=0x7ffbfeff, sa_flags=0x10000004
SIGXFSZ: [libjvm.so+0x647740], sa_mask[0]=0x7ffbfeff, sa_flags=0x10000004
SIGILL: [libjvm.so+0x647740], sa_mask[0]=0x7ffbfeff, sa_flags=0x10000004
SIGUSR1: SIG_DFL, sa_mask[0]=0x00000000, sa_flags=0x00000000
SIGUSR2: [libjvm.so+0x647920], sa_mask[0]=0x00000004, sa_flags=0x10000004
SIGHUP: SIG_DFL, sa_mask[0]=0x00000000, sa_flags=0x00000000
SIGINT: SIG_DFL, sa_mask[0]=0x00000000, sa_flags=0x00000000
SIGTERM: SIG_DFL, sa_mask[0]=0x00000000, sa_flags=0x00000000
SIGQUIT: SIG_DFL, sa_mask[0]=0x00000000, sa_flags=0x00000000


---------------  S Y S T E M  ---------------

OS:Ubuntu 12.04 (precise)
uname:Linux 3.2.0-58-generic #88-Ubuntu SMP Tue Dec 3 17:37:58 UTC 2013 x86_64
libc:glibc 2.15 NPTL 2.15 
rlimit: STACK 8192k, CORE 0k, NPROC 79359, NOFILE 4096, AS infinity
load average:
[error occurred during error reporting (printing OS information), id 0xb]

CPU:total 2 (2 cores per cpu, 1 threads per core) family 16 model 6 stepping 3, cmov, cx8, fxsr, mmx, sse, sse2, sse3, popcnt, mmxext, 3dnowpref, lzcnt, sse4a

Memory: 4k page, physical 10241552k(565368k free), swap 6894588k(6893572k free)

vm_info: OpenJDK 64-Bit Server VM (20.0-b12) for linux-amd64 JRE (1.6.0_27-b27), built on Nov 16 2013 15:13:05 by "buildd" with gcc 4.6.3


[error occurred during error reporting (printing date and time), id 0xb]

