#
# A fatal error has been detected by the Java Runtime Environment:
#
#  SIGSEGV (0xb) at pc=0x00007fda4638eb50, pid=14725, tid=140575287346944
#
# JRE version: 6.0_27-b27
# Java VM: OpenJDK 64-Bit Server VM (20.0-b12 mixed mode linux-amd64 compressed oops)
# Derivative: IcedTea6 1.12.6
# Distribution: Ubuntu 12.04 LTS, package 6b27-1.12.6-1ubuntu0.12.04.4
# Problematic frame:
# V  [libjvm.so+0x234b50]  Chunk::operator new(unsigned long, AllocFailStrategy::AllocFailEnum, unsigned long)+0x90
#
# If you would like to submit a bug report, please include
# instructions how to reproduce the bug and visit:
#   https://bugs.launchpad.net/ubuntu/+source/openjdk-6/
#

---------------  T H R E A D  ---------------

Current thread (0x00007fda40099800):  JavaThread "C2 CompilerThread1" daemon [_thread_in_native, id=14741, stack(0x00007fda3c010000,0x00007fda3c111000)]

siginfo:si_signo=SIGSEGV: si_errno=0, si_code=128 (), si_addr=0x0000000000000000

Registers:
RAX=0x0000000000000000, RBX=0x00267fda1817ba80, RCX=0x00007fda479172c0, RDX=0x0000000000007fd8
RSP=0x00007fda3c10cbc0, RBP=0x00007fda3c10cbf0, RSI=0x0000000000000000, RDI=0x0000000000000001
R8 =0x00007fda46d19a00, R9 =0x0000000000003995, R10=0x00007fda3c10ce00, R11=0x00007fda46fccb6e
R12=0x0000000000007fe8, R13=0x0000000000000000, R14=0x00007fda40005200, R15=0x0000000000000040
RIP=0x00007fda4638eb50, EFLAGS=0x0000000000010202, CSGSFS=0x0000000000000033, ERR=0x0000000000000000
  TRAPNO=0x000000000000000d

Top of Stack: (sp=0x00007fda3c10cbc0)
0x00007fda3c10cbc0:   0000000000000000 00007fda4638f113
0x00007fda3c10cbd0:   00007fda3c10f298 0000000000007fd8
0x00007fda3c10cbe0:   0000000000000040 0000000000000000
0x00007fda3c10cbf0:   00007fda3c10cc30 00007fda4638efe6
0x00007fda3c10cc00:   00007fda3c10cc40 00007fda2409eeb0
0x00007fda3c10cc10:   0000000000000000 00007fda3c10f170
0x00007fda3c10cc20:   0000000000000038 0000000000000040
0x00007fda3c10cc30:   00007fda3c10cc80 00007fda4678a56d
0x00007fda3c10cc40:   00007fda3c10cc80 00007fda4638eff9
0x00007fda3c10cc50:   00007fda2407dbb0 00007fda2409eeb0
0x00007fda3c10cc60:   00007fda3c10cde0 0000000000000001
0x00007fda3c10cc70:   00007fda3c10d770 0000000000000000
0x00007fda3c10cc80:   00007fda3c10cd20 00007fda4673f7b9
0x00007fda3c10cc90:   00007fda3c10ccc0 00007fda4638ec83
0x00007fda3c10cca0:   00007fda2407dbc0 00007fda4638f113
0x00007fda3c10ccb0:   0000000000000000 00007fda3c10ce00
0x00007fda3c10ccc0:   00007fda3c10cce0 00007fda3c10ce00
0x00007fda3c10ccd0:   00007fda1816bac0 00007fda1816e170
0x00007fda3c10cce0:   00007fda1816bab0 00007fda4000f450
0x00007fda3c10ccf0:   00007fda3c10cd20 00007fda3c10cde0
0x00007fda3c10cd00:   000000000000009b 00007fda2407b4d0
0x00007fda3c10cd10:   00007fda3c10f2b8 00007fda40157050
0x00007fda3c10cd20:   00007fda3c10cdd0 00007fda4673ffa5
0x00007fda3c10cd30:   00007fda3c10cd70 0000000000000004
0x00007fda3c10cd40:   0000000000000001 00007fda1803cd48
0x00007fda3c10cd50:   00007fda3c10d750 0000000000000018
0x00007fda3c10cd60:   0000000000000000 0000000000100000
0x00007fda3c10cd70:   0000000000000000 00007fda4638edc1
0x00007fda3c10cd80:   0000000000100000 0000000000000000
0x00007fda3c10cd90:   0000000000000000 00007fda46906350
0x00007fda3c10cda0:   00007fda3c10cdd0 00007fda3c10f170
0x00007fda3c10cdb0:   00007fda3c10cde0 00007fda3c10f000 

Instructions: (pc=0x00007fda4638eb50)
0x00007fda4638eb30:   48 8b 05 f1 b5 94 00 4c 8b 30 48 8d 7d df e8 ed
0x00007fda4638eb40:   81 51 00 49 8b 1e 49 83 46 10 01 48 85 db 74 70
0x00007fda4638eb50:   48 8b 03 49 83 6e 08 01 48 8d 7d df 49 89 06 e8
0x00007fda4638eb60:   3c 82 51 00 eb b2 66 2e 0f 1f 84 00 00 00 00 00 

Register to memory mapping:

RAX=0x0000000000000000 is an unknown value
RBX=0x00267fda1817ba80 is an unknown value
RCX=0x00007fda479172c0: <offset 0x2182c0> in /lib/x86_64-linux-gnu/libpthread.so.0 at 0x00007fda476ff000
RDX=0x0000000000007fd8 is an unknown value
RSP=0x00007fda3c10cbc0 is pointing into the stack for thread: 0x00007fda40099800
RBP=0x00007fda3c10cbf0 is pointing into the stack for thread: 0x00007fda40099800
RSI=0x0000000000000000 is an unknown value
RDI=0x0000000000000001 is an unknown value
R8 =0x00007fda46d19a00: <offset 0xbbfa00> in /usr/lib/jvm/java-6-openjdk-amd64/jre/lib/amd64/server/libjvm.so at 0x00007fda4615a000
R9 =0x0000000000003995 is an unknown value
R10=0x00007fda3c10ce00 is pointing into the stack for thread: 0x00007fda40099800
R11=0x00007fda46fccb6e: <offset 0x96b6e> in /lib/x86_64-linux-gnu/libc.so.6 at 0x00007fda46f36000
R12=0x0000000000007fe8 is an unknown value
R13=0x0000000000000000 is an unknown value
R14=0x00007fda40005200 is an unknown value
R15=0x0000000000000040 is an unknown value


Stack: [0x00007fda3c010000,0x00007fda3c111000],  sp=0x00007fda3c10cbc0,  free space=1010k
Native frames: (J=compiled Java code, j=interpreted, Vv=VM code, C=native code)
V  [libjvm.so+0x234b50]  Chunk::operator new(unsigned long, AllocFailStrategy::AllocFailEnum, unsigned long)+0x90
V  [libjvm.so+0x234fe6]  Arena::grow(unsigned long, AllocFailStrategy::AllocFailEnum)+0x46
V  [libjvm.so+0x63056d]  Node::clone() const+0x1cd
V  [libjvm.so+0x5e57b9]  Matcher::xform(Node*, int)+0x609
V  [libjvm.so+0x5e5fa5]  Matcher::match()+0x615
V  [libjvm.so+0x379904]  Compile::Code_Gen() [clone .part.263]+0xe4
V  [libjvm.so+0x37bd8a]  Compile::Compile(ciEnv*, C2Compiler*, ciMethod*, int, bool, bool)+0xb2a
V  [libjvm.so+0x3055a0]  C2Compiler::compile_method(ciEnv*, ciMethod*, int)+0xe0
V  [libjvm.so+0x3803f3]  CompileBroker::invoke_compiler_on_method(CompileTask*)+0x2a3
V  [libjvm.so+0x380d3b]  CompileBroker::compiler_thread_loop()+0x45b
V  [libjvm.so+0x74b368]  JavaThread::thread_main_inner()+0x58
V  [libjvm.so+0x64ac92]  java_start(Thread*)+0x112


Current CompileTask:
C2:   1769  15      com.android.dex.Dex$Section.readByte()B (8 bytes)


---------------  P R O C E S S  ---------------

Java Threads: ( => current thread )
  0x00007fda4009c000 JavaThread "Low Memory Detector" daemon [_thread_blocked, id=14742, stack(0x00007fda1feff000,0x00007fda20000000)]
=>0x00007fda40099800 JavaThread "C2 CompilerThread1" daemon [_thread_in_native, id=14741, stack(0x00007fda3c010000,0x00007fda3c111000)]
  0x00007fda40096800 JavaThread "C2 CompilerThread0" daemon [_thread_in_native, id=14740, stack(0x00007fda3c111000,0x00007fda3c212000)]
  0x00007fda40095800 JavaThread "Signal Dispatcher" daemon [_thread_blocked, id=14739, stack(0x00007fda3c212000,0x00007fda3c313000)]
  0x00007fda40074800 JavaThread "Finalizer" daemon [_thread_blocked, id=14738, stack(0x00007fda3c9fa000,0x00007fda3cafb000)]
  0x00007fda40072800 JavaThread "Reference Handler" daemon [_thread_blocked, id=14737, stack(0x00007fda3cafb000,0x00007fda3cbfc000)]
  0x00007fda40008000 JavaThread "main" [_thread_in_Java, id=14733, stack(0x00007fda47a15000,0x00007fda47b16000)]

Other Threads:
  0x00007fda4006d800 VMThread [stack: 0x00007fda3cbfc000,0x00007fda3ccfd000] [id=14736]
  0x00007fda4009e800 WatcherThread [stack: 0x00007fda1fdfe000,0x00007fda1feff000] [id=14743]

VM state:not at safepoint (normal execution)

VM Mutex/Monitor currently owned by a thread: None

Heap
 PSYoungGen      total 46656K, used 10265K [0x00000000eaab0000, 0x00000000edec0000, 0x0000000100000000)
  eden space 40000K, 25% used [0x00000000eaab0000,0x00000000eb4b6530,0x00000000ed1c0000)
  from space 6656K, 0% used [0x00000000ed840000,0x00000000ed840000,0x00000000edec0000)
  to   space 6656K, 0% used [0x00000000ed1c0000,0x00000000ed1c0000,0x00000000ed840000)
 PSOldGen        total 106752K, used 0K [0x00000000c0000000, 0x00000000c6840000, 0x00000000eaab0000)
  object space 106752K, 0% used [0x00000000c0000000,0x00000000c0000000,0x00000000c6840000)
 PSPermGen       total 21248K, used 6519K [0x00000000b5a00000, 0x00000000b6ec0000, 0x00000000c0000000)
  object space 21248K, 30% used [0x00000000b5a00000,0x00000000b605dc60,0x00000000b6ec0000)

Code Cache  [0x00007fda3d000000, 0x00007fda3d270000, 0x00007fda40000000)
 total_blobs=220 nmethods=17 adapters=157 free_code_cache=49897536 largest_free_block=8384

Dynamic libraries:
00400000-00409000 r-xp 00000000 08:03 1971074                            /usr/lib/jvm/java-6-openjdk-amd64/jre/bin/java
00608000-00609000 r--p 00008000 08:03 1971074                            /usr/lib/jvm/java-6-openjdk-amd64/jre/bin/java
00609000-0060a000 rw-p 00009000 08:03 1971074                            /usr/lib/jvm/java-6-openjdk-amd64/jre/bin/java
00cc0000-00ce1000 rw-p 00000000 00:00 0                                  [heap]
b5a00000-b6ec0000 rw-p 00000000 00:00 0 
b6ec0000-c0000000 rw-p 00000000 00:00 0 
c0000000-c6840000 rw-p 00000000 00:00 0 
c6840000-eaab0000 rw-p 00000000 00:00 0 
eaab0000-edec0000 rw-p 00000000 00:00 0 
edec0000-100000000 rw-p 00000000 00:00 0 
7fda10000000-7fda10021000 rw-p 00000000 00:00 0 
7fda10021000-7fda14000000 ---p 00000000 00:00 0 
7fda14000000-7fda14021000 rw-p 00000000 00:00 0 
7fda14021000-7fda18000000 ---p 00000000 00:00 0 
7fda18000000-7fda18236000 rw-p 00000000 00:00 0 
7fda18236000-7fda1c000000 ---p 00000000 00:00 0 
7fda1fdfe000-7fda1fdff000 ---p 00000000 00:00 0 
7fda1fdff000-7fda1feff000 rw-p 00000000 00:00 0 
7fda1feff000-7fda1ff02000 ---p 00000000 00:00 0 
7fda1ff02000-7fda20000000 rw-p 00000000 00:00 0 
7fda20000000-7fda20021000 rw-p 00000000 00:00 0 
7fda20021000-7fda24000000 ---p 00000000 00:00 0 
7fda24000000-7fda2417d000 rw-p 00000000 00:00 0 
7fda2417d000-7fda28000000 ---p 00000000 00:00 0 
7fda28000000-7fda28021000 rw-p 00000000 00:00 0 
7fda28021000-7fda2c000000 ---p 00000000 00:00 0 
7fda2c000000-7fda2c021000 rw-p 00000000 00:00 0 
7fda2c021000-7fda30000000 ---p 00000000 00:00 0 
7fda30000000-7fda30021000 rw-p 00000000 00:00 0 
7fda30021000-7fda34000000 ---p 00000000 00:00 0 
7fda34000000-7fda34021000 rw-p 00000000 00:00 0 
7fda34021000-7fda38000000 ---p 00000000 00:00 0 
7fda38000000-7fda38021000 rw-p 00000000 00:00 0 
7fda38021000-7fda3c000000 ---p 00000000 00:00 0 
7fda3c010000-7fda3c013000 ---p 00000000 00:00 0 
7fda3c013000-7fda3c111000 rw-p 00000000 00:00 0 
7fda3c111000-7fda3c114000 ---p 00000000 00:00 0 
7fda3c114000-7fda3c212000 rw-p 00000000 00:00 0 
7fda3c212000-7fda3c215000 ---p 00000000 00:00 0 
7fda3c215000-7fda3c313000 rw-p 00000000 00:00 0 
7fda3c313000-7fda3c9fa000 r--p 00000000 08:03 6167085                    /usr/lib/locale/locale-archive
7fda3c9fa000-7fda3c9fd000 ---p 00000000 00:00 0 
7fda3c9fd000-7fda3cafb000 rw-p 00000000 00:00 0 
7fda3cafb000-7fda3cafe000 ---p 00000000 00:00 0 
7fda3cafe000-7fda3cbfc000 rw-p 00000000 00:00 0 
7fda3cbfc000-7fda3cbfd000 ---p 00000000 00:00 0 
7fda3cbfd000-7fda3d000000 rw-p 00000000 00:00 0 
7fda3d000000-7fda3d270000 rwxp 00000000 00:00 0 
7fda3d270000-7fda4017a000 rw-p 00000000 00:00 0 
7fda4017a000-7fda44000000 ---p 00000000 00:00 0 
7fda440cf000-7fda44102000 rw-p 00000000 00:00 0 
7fda44102000-7fda44296000 r--s 03822000 08:03 1971068                    /usr/lib/jvm/java-6-openjdk-amd64/jre/lib/rt.jar
7fda44296000-7fda442be000 rw-p 00000000 00:00 0 
7fda442be000-7fda442bf000 ---p 00000000 00:00 0 
7fda442bf000-7fda443bf000 rw-p 00000000 00:00 0 
7fda443bf000-7fda443c0000 ---p 00000000 00:00 0 
7fda443c0000-7fda444cb000 rw-p 00000000 00:00 0 
7fda444cb000-7fda44513000 rw-p 00000000 00:00 0 
7fda44513000-7fda44548000 rw-p 00000000 00:00 0 
7fda44548000-7fda44669000 rw-p 00000000 00:00 0 
7fda44669000-7fda44674000 rw-p 00000000 00:00 0 
7fda44674000-7fda446bc000 rw-p 00000000 00:00 0 
7fda446bc000-7fda446f1000 rw-p 00000000 00:00 0 
7fda446f1000-7fda44811000 rw-p 00000000 00:00 0 
7fda44811000-7fda4482c000 rw-p 00000000 00:00 0 
7fda4482c000-7fda448bc000 rw-p 00000000 00:00 0 
7fda448bc000-7fda448bd000 rw-p 00000000 00:00 0 
7fda448bd000-7fda448c4000 r-xp 00000000 08:03 1966625                    /usr/lib/jvm/java-6-openjdk-amd64/jre/lib/amd64/libzip.so
7fda448c4000-7fda44ac3000 ---p 00007000 08:03 1966625                    /usr/lib/jvm/java-6-openjdk-amd64/jre/lib/amd64/libzip.so
7fda44ac3000-7fda44ac4000 r--p 00006000 08:03 1966625                    /usr/lib/jvm/java-6-openjdk-amd64/jre/lib/amd64/libzip.so
7fda44ac4000-7fda44ac5000 rw-p 00007000 08:03 1966625                    /usr/lib/jvm/java-6-openjdk-amd64/jre/lib/amd64/libzip.so
7fda44ac5000-7fda44ad1000 r-xp 00000000 08:03 3044450                    /lib/x86_64-linux-gnu/libnss_files-2.15.so
7fda44ad1000-7fda44cd0000 ---p 0000c000 08:03 3044450                    /lib/x86_64-linux-gnu/libnss_files-2.15.so
7fda44cd0000-7fda44cd1000 r--p 0000b000 08:03 3044450                    /lib/x86_64-linux-gnu/libnss_files-2.15.so
7fda44cd1000-7fda44cd2000 rw-p 0000c000 08:03 3044450                    /lib/x86_64-linux-gnu/libnss_files-2.15.so
7fda44cd2000-7fda44cdc000 r-xp 00000000 08:03 3044454                    /lib/x86_64-linux-gnu/libnss_nis-2.15.so
7fda44cdc000-7fda44edc000 ---p 0000a000 08:03 3044454                    /lib/x86_64-linux-gnu/libnss_nis-2.15.so
7fda44edc000-7fda44edd000 r--p 0000a000 08:03 3044454                    /lib/x86_64-linux-gnu/libnss_nis-2.15.so
7fda44edd000-7fda44ede000 rw-p 0000b000 08:03 3044454                    /lib/x86_64-linux-gnu/libnss_nis-2.15.so
7fda44ede000-7fda44ef5000 r-xp 00000000 08:03 3044470                    /lib/x86_64-linux-gnu/libnsl-2.15.so
7fda44ef5000-7fda450f4000 ---p 00017000 08:03 3044470                    /lib/x86_64-linux-gnu/libnsl-2.15.so
7fda450f4000-7fda450f5000 r--p 00016000 08:03 3044470                    /lib/x86_64-linux-gnu/libnsl-2.15.so
7fda450f5000-7fda450f6000 rw-p 00017000 08:03 3044470                    /lib/x86_64-linux-gnu/libnsl-2.15.so
7fda450f6000-7fda450f8000 rw-p 00000000 00:00 0 
7fda450f8000-7fda45100000 r-xp 00000000 08:03 3044448                    /lib/x86_64-linux-gnu/libnss_compat-2.15.so
7fda45100000-7fda452ff000 ---p 00008000 08:03 3044448                    /lib/x86_64-linux-gnu/libnss_compat-2.15.so
7fda452ff000-7fda45300000 r--p 00007000 08:03 3044448                    /lib/x86_64-linux-gnu/libnss_compat-2.15.so
7fda45300000-7fda45301000 rw-p 00008000 08:03 3044448                    /lib/x86_64-linux-gnu/libnss_compat-2.15.so
7fda45301000-7fda4532d000 r-xp 00000000 08:03 1966620                    /usr/lib/jvm/java-6-openjdk-amd64/jre/lib/amd64/libjava.so
7fda4532d000-7fda4552c000 ---p 0002c000 08:03 1966620                    /usr/lib/jvm/java-6-openjdk-amd64/jre/lib/amd64/libjava.so
7fda4552c000-7fda4552d000 r--p 0002b000 08:03 1966620                    /usr/lib/jvm/java-6-openjdk-amd64/jre/lib/amd64/libjava.so
7fda4552d000-7fda45530000 rw-p 0002c000 08:03 1966620                    /usr/lib/jvm/java-6-openjdk-amd64/jre/lib/amd64/libjava.so
7fda45530000-7fda4553e000 r-xp 00000000 08:03 1966637                    /usr/lib/jvm/java-6-openjdk-amd64/jre/lib/amd64/libverify.so
7fda4553e000-7fda4573d000 ---p 0000e000 08:03 1966637                    /usr/lib/jvm/java-6-openjdk-amd64/jre/lib/amd64/libverify.so
7fda4573d000-7fda4573f000 r--p 0000d000 08:03 1966637                    /usr/lib/jvm/java-6-openjdk-amd64/jre/lib/amd64/libverify.so
7fda4573f000-7fda45740000 rw-p 0000f000 08:03 1966637                    /usr/lib/jvm/java-6-openjdk-amd64/jre/lib/amd64/libverify.so
7fda45740000-7fda45747000 r-xp 00000000 08:03 3044453                    /lib/x86_64-linux-gnu/librt-2.15.so
7fda45747000-7fda45946000 ---p 00007000 08:03 3044453                    /lib/x86_64-linux-gnu/librt-2.15.so
7fda45946000-7fda45947000 r--p 00006000 08:03 3044453                    /lib/x86_64-linux-gnu/librt-2.15.so
7fda45947000-7fda45948000 rw-p 00007000 08:03 3044453                    /lib/x86_64-linux-gnu/librt-2.15.so
7fda45948000-7fda4595d000 r-xp 00000000 08:03 3018368                    /lib/x86_64-linux-gnu/libgcc_s.so.1
7fda4595d000-7fda45b5c000 ---p 00015000 08:03 3018368                    /lib/x86_64-linux-gnu/libgcc_s.so.1
7fda45b5c000-7fda45b5d000 r--p 00014000 08:03 3018368                    /lib/x86_64-linux-gnu/libgcc_s.so.1
7fda45b5d000-7fda45b5e000 rw-p 00015000 08:03 3018368                    /lib/x86_64-linux-gnu/libgcc_s.so.1
7fda45b5e000-7fda45c59000 r-xp 00000000 08:03 3044459                    /lib/x86_64-linux-gnu/libm-2.15.so
7fda45c59000-7fda45e58000 ---p 000fb000 08:03 3044459                    /lib/x86_64-linux-gnu/libm-2.15.so
7fda45e58000-7fda45e59000 r--p 000fa000 08:03 3044459                    /lib/x86_64-linux-gnu/libm-2.15.so
7fda45e59000-7fda45e5a000 rw-p 000fb000 08:03 3044459                    /lib/x86_64-linux-gnu/libm-2.15.so
7fda45e5a000-7fda45f3c000 r-xp 00000000 08:03 6168267                    /usr/lib/x86_64-linux-gnu/libstdc++.so.6.0.16
7fda45f3c000-7fda4613b000 ---p 000e2000 08:03 6168267                    /usr/lib/x86_64-linux-gnu/libstdc++.so.6.0.16
7fda4613b000-7fda46143000 r--p 000e1000 08:03 6168267                    /usr/lib/x86_64-linux-gnu/libstdc++.so.6.0.16
7fda46143000-7fda46145000 rw-p 000e9000 08:03 6168267                    /usr/lib/x86_64-linux-gnu/libstdc++.so.6.0.16
7fda46145000-7fda4615a000 rw-p 00000000 00:00 0 
7fda4615a000-7fda46a5a000 r-xp 00000000 08:03 1966652                    /usr/lib/jvm/java-6-openjdk-amd64/jre/lib/amd64/server/libjvm.so
7fda46a5a000-7fda46c5a000 ---p 00900000 08:03 1966652                    /usr/lib/jvm/java-6-openjdk-amd64/jre/lib/amd64/server/libjvm.so
7fda46c5a000-7fda46cdb000 r--p 00900000 08:03 1966652                    /usr/lib/jvm/java-6-openjdk-amd64/jre/lib/amd64/server/libjvm.so
7fda46cdb000-7fda46cf6000 rw-p 00981000 08:03 1966652                    /usr/lib/jvm/java-6-openjdk-amd64/jre/lib/amd64/server/libjvm.so
7fda46cf6000-7fda46d1f000 rw-p 00000000 00:00 0 
7fda46d1f000-7fda46d35000 r-xp 00000000 08:03 3018458                    /lib/x86_64-linux-gnu/libz.so.1.2.3.4
7fda46d35000-7fda46f34000 ---p 00016000 08:03 3018458                    /lib/x86_64-linux-gnu/libz.so.1.2.3.4
7fda46f34000-7fda46f35000 r--p 00015000 08:03 3018458                    /lib/x86_64-linux-gnu/libz.so.1.2.3.4
7fda46f35000-7fda46f36000 rw-p 00016000 08:03 3018458                    /lib/x86_64-linux-gnu/libz.so.1.2.3.4
7fda46f36000-7fda470eb000 r-xp 00000000 08:03 3044446                    /lib/x86_64-linux-gnu/libc-2.15.so
7fda470eb000-7fda472eb000 ---p 001b5000 08:03 3044446                    /lib/x86_64-linux-gnu/libc-2.15.so
7fda472eb000-7fda472ef000 r--p 001b5000 08:03 3044446                    /lib/x86_64-linux-gnu/libc-2.15.so
7fda472ef000-7fda472f1000 rw-p 001b9000 08:03 3044446                    /lib/x86_64-linux-gnu/libc-2.15.so
7fda472f1000-7fda472f6000 rw-p 00000000 00:00 0 
7fda472f6000-7fda472f8000 r-xp 00000000 08:03 3044463                    /lib/x86_64-linux-gnu/libdl-2.15.so
7fda472f8000-7fda474f8000 ---p 00002000 08:03 3044463                    /lib/x86_64-linux-gnu/libdl-2.15.so
7fda474f8000-7fda474f9000 r--p 00002000 08:03 3044463                    /lib/x86_64-linux-gnu/libdl-2.15.so
7fda474f9000-7fda474fa000 rw-p 00003000 08:03 3044463                    /lib/x86_64-linux-gnu/libdl-2.15.so
7fda474fa000-7fda474fe000 r-xp 00000000 08:03 1966795                    /usr/lib/jvm/java-6-openjdk-amd64/jre/lib/amd64/jli/libjli.so
7fda474fe000-7fda476fd000 ---p 00004000 08:03 1966795                    /usr/lib/jvm/java-6-openjdk-amd64/jre/lib/amd64/jli/libjli.so
7fda476fd000-7fda476fe000 r--p 00003000 08:03 1966795                    /usr/lib/jvm/java-6-openjdk-amd64/jre/lib/amd64/jli/libjli.so
7fda476fe000-7fda476ff000 rw-p 00004000 08:03 1966795                    /usr/lib/jvm/java-6-openjdk-amd64/jre/lib/amd64/jli/libjli.so
7fda476ff000-7fda47717000 r-xp 00000000 08:03 3044455                    /lib/x86_64-linux-gnu/libpthread-2.15.so
7fda47717000-7fda47916000 ---p 00018000 08:03 3044455                    /lib/x86_64-linux-gnu/libpthread-2.15.so
7fda47916000-7fda47917000 r--p 00017000 08:03 3044455                    /lib/x86_64-linux-gnu/libpthread-2.15.so
7fda47917000-7fda47918000 rw-p 00018000 08:03 3044455                    /lib/x86_64-linux-gnu/libpthread-2.15.so
7fda47918000-7fda4791c000 rw-p 00000000 00:00 0 
7fda4791c000-7fda4793e000 r-xp 00000000 08:03 3044460                    /lib/x86_64-linux-gnu/ld-2.15.so
7fda4794c000-7fda4794f000 r--s 0007f000 08:03 1966607                    /usr/lib/jvm/java-6-openjdk-common/jre/lib/jsse.jar
7fda4794f000-7fda47951000 r--s 0000f000 08:03 1966577                    /usr/lib/jvm/java-6-openjdk-common/jre/lib/ext/pulse-java.jar
7fda47951000-7fda47954000 r--s 00077000 08:03 1966579                    /usr/lib/jvm/java-6-openjdk-common/jre/lib/ext/localedata.jar
7fda47954000-7fda47955000 r--s 00007000 08:03 855                        /usr/share/java/java-atk-wrapper.jar
7fda47955000-7fda4795f000 rw-p 00000000 00:00 0 
7fda4795f000-7fda47a15000 rw-p 00000000 00:00 0 
7fda47a15000-7fda47a18000 ---p 00000000 00:00 0 
7fda47a18000-7fda47b1b000 rw-p 00000000 00:00 0 
7fda47b1b000-7fda47b1e000 r--s 00031000 08:03 1966581                    /usr/lib/jvm/java-6-openjdk-common/jre/lib/ext/sunjce_provider.jar
7fda47b1e000-7fda47b20000 r--s 00001000 08:03 1966580                    /usr/lib/jvm/java-6-openjdk-common/jre/lib/ext/dnsns.jar
7fda47b20000-7fda47b24000 r--s 00039000 08:03 1966575                    /usr/lib/jvm/java-6-openjdk-common/jre/lib/ext/sunpkcs11.jar
7fda47b24000-7fda47b32000 r--s 000cf000 08:03 4343208                    /home/oleg/sdk/build-tools/android-4.4.2/lib/dx.jar
7fda47b32000-7fda47b3a000 rw-s 00000000 08:03 2636955                    /tmp/hsperfdata_oleg/14725
7fda47b3a000-7fda47b3b000 rw-p 00000000 00:00 0 
7fda47b3b000-7fda47b3c000 r--p 00000000 00:00 0 
7fda47b3c000-7fda47b3e000 rw-p 00000000 00:00 0 
7fda47b3e000-7fda47b3f000 r--p 00022000 08:03 3044460                    /lib/x86_64-linux-gnu/ld-2.15.so
7fda47b3f000-7fda47b41000 rw-p 00023000 08:03 3044460                    /lib/x86_64-linux-gnu/ld-2.15.so
7fff92558000-7fff9258e000 rw-p 00000000 00:00 0                          [stack]
7fff925ff000-7fff92600000 r-xp 00000000 00:00 0                          [vdso]
ffffffffff600000-ffffffffff601000 r-xp 00000000 00:00 0                  [vsyscall]

VM Arguments:
jvm_args: -Xmx1024M 
java_command: /home/oleg/sdk/build-tools/android-4.4.2/lib/dx.jar --dex --output /home/oleg/CordovaMapsSample/platforms/android/ant-build/classes.dex /home/oleg/CordovaMapsSample/platforms/android/ant-build/classes /home/oleg/CordovaMapsSample/platforms/android/ant-build/dexedLibs/classes-918717435296f14d48e87346e8120d6c.jar
Launcher Type: SUN_STANDARD

Environment Variables:
PATH=/home/oleg/.rvm/gems/ruby-1.9.3-p327/bin:/home/oleg/.rvm/gems/ruby-1.9.3-p327@global/bin:/home/oleg/.rvm/rubies/ruby-1.9.3-p327/bin:/home/oleg/.rvm/bin:/usr/lib/lightdm/lightdm:/usr/local/sbin:/usr/local/bin:/usr/sbin:/usr/bin:/sbin:/bin:/usr/games:/home/oleg/sdk/platform-tools:/home/oleg/sdk/tools
LD_LIBRARY_PATH=/usr/lib/jvm/java-6-openjdk-amd64/jre/lib/amd64/server:/usr/lib/jvm/java-6-openjdk-amd64/jre/lib/amd64:/usr/lib/jvm/java-6-openjdk-amd64/jre/../lib/amd64
SHELL=/bin/bash
DISPLAY=:0.0

Signal Handlers:
SIGSEGV: [libjvm.so+0x7837c0], sa_mask[0]=0x7ffbfeff, sa_flags=0x10000004
SIGBUS: [libjvm.so+0x7837c0], sa_mask[0]=0x7ffbfeff, sa_flags=0x10000004
SIGFPE: [libjvm.so+0x647740], sa_mask[0]=0x7ffbfeff, sa_flags=0x10000004
SIGPIPE: [libjvm.so+0x647740], sa_mask[0]=0x7ffbfeff, sa_flags=0x10000004
SIGXFSZ: [libjvm.so+0x647740], sa_mask[0]=0x7ffbfeff, sa_flags=0x10000004
SIGILL: [libjvm.so+0x647740], sa_mask[0]=0x7ffbfeff, sa_flags=0x10000004
SIGUSR1: SIG_DFL, sa_mask[0]=0x00000000, sa_flags=0x00000000
SIGUSR2: [libjvm.so+0x647920], sa_mask[0]=0x00000004, sa_flags=0x10000004
SIGHUP: [libjvm.so+0x64a2f0], sa_mask[0]=0x7ffbfeff, sa_flags=0x10000004
SIGINT: [libjvm.so+0x64a2f0], sa_mask[0]=0x7ffbfeff, sa_flags=0x10000004
SIGTERM: [libjvm.so+0x64a2f0], sa_mask[0]=0x7ffbfeff, sa_flags=0x10000004
SIGQUIT: [libjvm.so+0x64a2f0], sa_mask[0]=0x7ffbfeff, sa_flags=0x10000004


---------------  S Y S T E M  ---------------

OS:Ubuntu 12.04 (precise)
uname:Linux 3.2.0-58-generic #88-Ubuntu SMP Tue Dec 3 17:37:58 UTC 2013 x86_64
libc:glibc 2.15 NPTL 2.15 
rlimit: STACK 8192k, CORE 0k, NPROC 79359, NOFILE 4096, AS infinity
load average:3.57 1.93 1.73

/proc/meminfo:
MemTotal:       10241552 kB
MemFree:         1763564 kB
Buffers:          529264 kB
Cached:          3514036 kB
SwapCached:            0 kB
Active:          4774892 kB
Inactive:        2742784 kB
Active(anon):    3476016 kB
Inactive(anon):    41572 kB
Active(file):    1298876 kB
Inactive(file):  2701212 kB
Unevictable:          48 kB
Mlocked:              48 kB
SwapTotal:       6894588 kB
SwapFree:        6894588 kB
Dirty:              7572 kB
Writeback:             0 kB
AnonPages:       3474448 kB
Mapped:           550808 kB
Shmem:             43192 kB
Slab:             367668 kB
SReclaimable:     325944 kB
SUnreclaim:        41724 kB
KernelStack:        6568 kB
PageTables:        72964 kB
NFS_Unstable:          0 kB
Bounce:                0 kB
WritebackTmp:          0 kB
CommitLimit:    12015364 kB
Committed_AS:    9311572 kB
VmallocTotal:   34359738367 kB
VmallocUsed:      330336 kB
VmallocChunk:   34359405908 kB
HardwareCorrupted:     0 kB
AnonHugePages:         0 kB
HugePages_Total:       0
HugePages_Free:        0
HugePages_Rsvd:        0
HugePages_Surp:        0
Hugepagesize:       2048 kB
DirectMap4k:      217664 kB
DirectMap2M:     7120896 kB
DirectMap1G:     3145728 kB


CPU:total 2 (2 cores per cpu, 1 threads per core) family 16 model 6 stepping 3, cmov, cx8, fxsr, mmx, sse, sse2, sse3, popcnt, mmxext, 3dnowpref, lzcnt, sse4a

Memory: 4k page, physical 10241552k(1763564k free), swap 6894588k(6894588k free)

vm_info: OpenJDK 64-Bit Server VM (20.0-b12) for linux-amd64 JRE (1.6.0_27-b27), built on Nov 16 2013 15:13:05 by "buildd" with gcc 4.6.3

time: Thu Apr 17 20:03:49 2014
elapsed time: 1 seconds

