#
# A fatal error has been detected by the Java Runtime Environment:
#
#  SIGSEGV (0xb) at pc=0x00007fbc1add43fb, pid=32715, tid=140445844371200
#
# JRE version: 6.0_27-b27
# Java VM: OpenJDK 64-Bit Server VM (20.0-b12 mixed mode linux-amd64 compressed oops)
# Derivative: IcedTea6 1.12.6
# Distribution: Ubuntu 12.04 LTS, package 6b27-1.12.6-1ubuntu0.12.04.4
# Problematic frame:
# V  [libjvm.so+0x69a3fb]  PSPromotionManager::copy_to_survivor_space(oopDesc*)+0xeb
#
# If you would like to submit a bug report, please include
# instructions how to reproduce the bug and visit:
#   https://bugs.launchpad.net/ubuntu/+source/openjdk-6/
#

---------------  T H R E A D  ---------------

Current thread (0x00007fbc14012800):  GCTaskThread [stack: 0x00007fbc1899f000,0x00007fbc18aa0000] [id=32724]

siginfo:si_signo=SIGSEGV: si_errno=0, si_code=1 (SEGV_MAPERR), si_addr=0x0000000000000018

Registers:
RAX=0x00007fbc1b2c9850, RBX=0x00000000eb00c558, RCX=0x0000000000000000, RDX=0x0000000000000000
RSP=0x00007fbc18a9ea70, RBP=0x00007fbc18a9eae0, RSI=0x0000000000000001, RDI=0x00007fbc1406b840
R8 =0x00000000eaab0000, R9 =0x00007fbc1b2ddfaa, R10=0x0000000000008000, R11=0x00007fbc185ae010
R12=0x00000000ed2f174c, R13=0x0000000000000000, R14=0x00007fbc1406b840, R15=0x00007fbc1406b8c0
RIP=0x00007fbc1add43fb, EFLAGS=0x0000000000010246, CSGSFS=0x0000000000000033, ERR=0x0000000000000004
  TRAPNO=0x000000000000000e

Top of Stack: (sp=0x00007fbc18a9ea70)
0x00007fbc18a9ea70:   00007fbc14012800 00007fbc1406b848
0x00007fbc18a9ea80:   00007fbc1b2ddfaa 0000000000000020
0x00007fbc18a9ea90:   00000000ed2ed330 0000000000001000
0x00007fbc18a9eaa0:   0000000000000000 00007fbc1bcea104
0x00007fbc18a9eab0:   0000000000000000 00007fbc1406b840
0x00007fbc18a9eac0:   00000000ed2f174c 00007fbc1b2c9850
0x00007fbc18a9ead0:   0000000000000000 00007fbc1406b8c0
0x00007fbc18a9eae0:   00007fbc18a9eb70 00007fbc1add5388
0x00007fbc18a9eaf0:   0000000000000000 00007fbc1406b8b0
0x00007fbc18a9eb00:   00007fbc18a9eb60 00000000b5e7498c
0x00007fbc18a9eb10:   00007fbc18a9eb40 00007fbc1abbc0f5
0x00007fbc18a9eb20:   00007fbc18a9eb70 00007fbc1406b840
0x00007fbc18a9eb30:   00000000b5a00250 00000000b5e746c0
0x00007fbc18a9eb40:   00007fbc18a9eb70 00000000b5e74e78
0x00007fbc18a9eb50:   00007fbc18c4c0f4 00007fbc1400ff20
0x00007fbc18a9eb60:   00007fbc1b2ddfaa 00000000b5e74e78
0x00007fbc18a9eb70:   00007fbc18a9ec10 00007fbc1aa47bd8
0x00007fbc18a9eb80:   00007fbc1b2ddfaa 00007fbc18c4b3a8
0x00007fbc18a9eb90:   00007fbc18c4b3a3 00007fbc1400ff20
0x00007fbc18a9eba0:   00000000b5e745a0 00007fbc18c4b3a3
0x00007fbc18a9ebb0:   00007fbc1400ddb0 00000000b601e940
0x00007fbc18a9ebc0:   00007fbc1406b840 00007fbc18c4b3a8
0x00007fbc18a9ebd0:   00000000b5e74e78 00007fbc18c4b3a4
0x00007fbc18a9ebe0:   00007fbc18a9ec00 00007fbc1406b840
0x00007fbc18a9ebf0:   00007fbc14018b80 00007fbc1b2dddce
0x00007fbc18a9ec00:   0000000000000000 00007fbc1af11fc0
0x00007fbc18a9ec10:   00007fbc18a9ec30 00007fbc1add7a6f
0x00007fbc18a9ec20:   00007fbc14012800 00007fbc14018b80
0x00007fbc18a9ec30:   00007fbc18a9ed00 00007fbc1ab70787
0x00007fbc18a9ec40:   00007fbc14013538 00007fbc14013160
0x00007fbc18a9ec50:   00007fbc14013150 00007fbc14013120
0x00007fbc18a9ec60:   00007fbc14012800 00007fbc14013540 

Instructions: (pc=0x00007fbc1add43fb)
0x00007fbc1add43db:   ff 49 89 c4 eb 72 0f 1f 80 00 00 00 00 48 8b 05
0x00007fbc1add43eb:   79 e3 4d 00 8b 53 08 8b 48 08 48 d3 e2 48 03 10
0x00007fbc1add43fb:   8b 4a 18 83 f9 00 0f 8f 62 ff ff ff 0f 85 e3 00
0x00007fbc1add440b:   00 00 48 8b 42 10 48 8d 7a 10 4c 89 4d a0 48 89 

Register to memory mapping:

RAX=0x00007fbc1b2c9850: <offset 0xb8f850> in /usr/lib/jvm/java-6-openjdk-amd64/jre/lib/amd64/server/libjvm.so at 0x00007fbc1a73a000
RBX=0x00000000eb00c558 is an unknown value
RCX=0x0000000000000000 is an unknown value
RDX=0x0000000000000000 is an unknown value
RSP=0x00007fbc18a9ea70 is an unknown value
RBP=0x00007fbc18a9eae0 is an unknown value
RSI=0x0000000000000001 is an unknown value
RDI=0x00007fbc1406b840 is an unknown value
R8 =0x00000000eaab0000 is an oop
[Ljava.lang.Class; 
 - klass: 'java/lang/Class'[]
 - length: 0
R9 =0x00007fbc1b2ddfaa: <offset 0xba3faa> in /usr/lib/jvm/java-6-openjdk-amd64/jre/lib/amd64/server/libjvm.so at 0x00007fbc1a73a000
R10=0x0000000000008000 is an unknown value
R11=0x00007fbc185ae010 is an unknown value
R12=0x00000000ed2f174c is an unknown value
R13=0x0000000000000000 is an unknown value
R14=0x00007fbc1406b840 is an unknown value
R15=0x00007fbc1406b8c0 is an unknown value


Stack: [0x00007fbc1899f000,0x00007fbc18aa0000],  sp=0x00007fbc18a9ea70,  free space=1022k
Native frames: (J=compiled Java code, j=interpreted, Vv=VM code, C=native code)
V  [libjvm.so+0x69a3fb]  PSPromotionManager::copy_to_survivor_space(oopDesc*)+0xeb
V  [libjvm.so+0x69b388]  PSPromotionManager::drain_stacks_depth(bool)+0x638
V  [libjvm.so+0x30dbd8]  CardTableExtension::scavenge_contents(ObjectStartArray*, MutableSpace*, HeapWord*, PSPromotionManager*)+0x608
V  [libjvm.so+0x69da6f]  SerialOldToYoungRootsTask::do_it(GCTaskManager*, unsigned int)+0x3f
V  [libjvm.so+0x436787]  GCTaskThread::run()+0x107
V  [libjvm.so+0x64ac92]  java_start(Thread*)+0x112


---------------  P R O C E S S  ---------------

Java Threads: ( => current thread )
  0x00007fbc1409c000 JavaThread "Low Memory Detector" daemon [_thread_blocked, id=32732, stack(0x00007fbc10515000,0x00007fbc10616000)]
  0x00007fbc14099800 JavaThread "C2 CompilerThread1" daemon [_thread_in_native, id=32731, stack(0x00007fbc10616000,0x00007fbc10717000)]
  0x00007fbc14096800 JavaThread "C2 CompilerThread0" daemon [_thread_in_native, id=32730, stack(0x00007fbc10717000,0x00007fbc10818000)]
  0x00007fbc14095800 JavaThread "Signal Dispatcher" daemon [_thread_blocked, id=32729, stack(0x00007fbc10818000,0x00007fbc10919000)]
  0x00007fbc14074800 JavaThread "Finalizer" daemon [_thread_blocked, id=32728, stack(0x00007fbc180a9000,0x00007fbc181aa000)]
  0x00007fbc14072800 JavaThread "Reference Handler" daemon [_thread_blocked, id=32727, stack(0x00007fbc181aa000,0x00007fbc182ab000)]
  0x00007fbc14008000 JavaThread "main" [_thread_blocked, id=32723, stack(0x00007fbc1bff5000,0x00007fbc1c0f6000)]

Other Threads:
  0x00007fbc1406d800 VMThread [stack: 0x00007fbc182ab000,0x00007fbc183ac000] [id=32726]
  0x00007fbc1409e800 WatcherThread [stack: 0x00007fbc10414000,0x00007fbc10515000] [id=32733]

=>0x00007fbc14012800 (exited) GCTaskThread [stack: 0x00007fbc1899f000,0x00007fbc18aa0000] [id=32724]

VM state:at safepoint (normal execution)

VM Mutex/Monitor currently owned by a thread:  ([mutex/lock_event])
[0x00007fbc14004480] Threads_lock - owner thread: 0x00007fbc1406d800
[0x00007fbc14004980] Heap_lock - owner thread: 0x00007fbc14008000

Heap
 PSYoungGen      total 46656K, used 40000K [0x00000000eaab0000, 0x00000000edec0000, 0x0000000100000000)
  eden space 40000K, 100% used [0x00000000eaab0000,0x00000000ed1c0000,0x00000000ed1c0000)
  from space 6656K, 0% used [0x00000000ed840000,0x00000000ed840000,0x00000000edec0000)
  to   space 6656K, 77% used [0x00000000ed1c0000,0x00000000ed6c5330,0x00000000ed840000)
 PSOldGen        total 106752K, used 0K [0x00000000c0000000, 0x00000000c6840000, 0x00000000eaab0000)
  object space 106752K, 0% used [0x00000000c0000000,0x00000000c0000000,0x00000000c6840000)
 PSPermGen       total 21248K, used 6266K [0x00000000b5a00000, 0x00000000b6ec0000, 0x00000000c0000000)
  object space 21248K, 29% used [0x00000000b5a00000,0x00000000b601e940,0x00000000b6ec0000)

Code Cache  [0x00007fbc11000000, 0x00007fbc11270000, 0x00007fbc14000000)
 total_blobs=378 nmethods=182 adapters=150 free_code_cache=49488512 largest_free_block=11584

Dynamic libraries:
00400000-00409000 r-xp 00000000 08:03 1971074                            /usr/lib/jvm/java-6-openjdk-amd64/jre/bin/java
00608000-00609000 r--p 00008000 08:03 1971074                            /usr/lib/jvm/java-6-openjdk-amd64/jre/bin/java
00609000-0060a000 rw-p 00009000 08:03 1971074                            /usr/lib/jvm/java-6-openjdk-amd64/jre/bin/java
017df000-01800000 rw-p 00000000 00:00 0                                  [heap]
b5a00000-b6ec0000 rw-p 00000000 00:00 0 
b6ec0000-c0000000 rw-p 00000000 00:00 0 
c0000000-c6840000 rw-p 00000000 00:00 0 
c6840000-eaab0000 rw-p 00000000 00:00 0 
eaab0000-edec0000 rw-p 00000000 00:00 0 
edec0000-100000000 rw-p 00000000 00:00 0 
7fbbe4000000-7fbbe4021000 rw-p 00000000 00:00 0 
7fbbe4021000-7fbbe8000000 ---p 00000000 00:00 0 
7fbbec000000-7fbbedc6d000 rw-p 00000000 00:00 0 
7fbbedc6d000-7fbbf0000000 ---p 00000000 00:00 0 
7fbbf0000000-7fbbf0021000 rw-p 00000000 00:00 0 
7fbbf0021000-7fbbf4000000 ---p 00000000 00:00 0 
7fbbf4000000-7fbbf4021000 rw-p 00000000 00:00 0 
7fbbf4021000-7fbbf8000000 ---p 00000000 00:00 0 
7fbbf8000000-7fbbf9562000 rw-p 00000000 00:00 0 
7fbbf9562000-7fbbfc000000 ---p 00000000 00:00 0 
7fbbfc000000-7fbbfc021000 rw-p 00000000 00:00 0 
7fbbfc021000-7fbc00000000 ---p 00000000 00:00 0 
7fbc00000000-7fbc00021000 rw-p 00000000 00:00 0 
7fbc00021000-7fbc04000000 ---p 00000000 00:00 0 
7fbc04000000-7fbc04021000 rw-p 00000000 00:00 0 
7fbc04021000-7fbc08000000 ---p 00000000 00:00 0 
7fbc08000000-7fbc08021000 rw-p 00000000 00:00 0 
7fbc08021000-7fbc0c000000 ---p 00000000 00:00 0 
7fbc0c000000-7fbc0c021000 rw-p 00000000 00:00 0 
7fbc0c021000-7fbc10000000 ---p 00000000 00:00 0 
7fbc10414000-7fbc10415000 ---p 00000000 00:00 0 
7fbc10415000-7fbc10515000 rw-p 00000000 00:00 0 
7fbc10515000-7fbc10518000 ---p 00000000 00:00 0 
7fbc10518000-7fbc10616000 rw-p 00000000 00:00 0 
7fbc10616000-7fbc10619000 ---p 00000000 00:00 0 
7fbc10619000-7fbc10717000 rw-p 00000000 00:00 0 
7fbc10717000-7fbc1071a000 ---p 00000000 00:00 0 
7fbc1071a000-7fbc10818000 rw-p 00000000 00:00 0 
7fbc10818000-7fbc1081b000 ---p 00000000 00:00 0 
7fbc1081b000-7fbc10919000 rw-p 00000000 00:00 0 
7fbc10919000-7fbc11000000 r--p 00000000 08:03 6167085                    /usr/lib/locale/locale-archive
7fbc11000000-7fbc11270000 rwxp 00000000 00:00 0 
7fbc11270000-7fbc1416e000 rw-p 00000000 00:00 0 
7fbc1416e000-7fbc18000000 ---p 00000000 00:00 0 
7fbc180a9000-7fbc180ac000 ---p 00000000 00:00 0 
7fbc180ac000-7fbc181aa000 rw-p 00000000 00:00 0 
7fbc181aa000-7fbc181ad000 ---p 00000000 00:00 0 
7fbc181ad000-7fbc182ab000 rw-p 00000000 00:00 0 
7fbc182ab000-7fbc182ac000 ---p 00000000 00:00 0 
7fbc182ac000-7fbc186e2000 rw-p 00000000 00:00 0 
7fbc186e2000-7fbc18876000 r--s 03822000 08:03 1971068                    /usr/lib/jvm/java-6-openjdk-amd64/jre/lib/rt.jar
7fbc18876000-7fbc1889e000 rw-p 00000000 00:00 0 
7fbc1889e000-7fbc1889f000 ---p 00000000 00:00 0 
7fbc1889f000-7fbc1899f000 rw-p 00000000 00:00 0 
7fbc1899f000-7fbc189a0000 ---p 00000000 00:00 0 
7fbc189a0000-7fbc18aab000 rw-p 00000000 00:00 0 
7fbc18aab000-7fbc18af3000 rw-p 00000000 00:00 0 
7fbc18af3000-7fbc18b28000 rw-p 00000000 00:00 0 
7fbc18b28000-7fbc18c49000 rw-p 00000000 00:00 0 
7fbc18c49000-7fbc18c54000 rw-p 00000000 00:00 0 
7fbc18c54000-7fbc18c9c000 rw-p 00000000 00:00 0 
7fbc18c9c000-7fbc18cd1000 rw-p 00000000 00:00 0 
7fbc18cd1000-7fbc18df1000 rw-p 00000000 00:00 0 
7fbc18df1000-7fbc18e0c000 rw-p 00000000 00:00 0 
7fbc18e0c000-7fbc18e9c000 rw-p 00000000 00:00 0 
7fbc18e9c000-7fbc18e9d000 rw-p 00000000 00:00 0 
7fbc18e9d000-7fbc18ea4000 r-xp 00000000 08:03 1966625                    /usr/lib/jvm/java-6-openjdk-amd64/jre/lib/amd64/libzip.so
7fbc18ea4000-7fbc190a3000 ---p 00007000 08:03 1966625                    /usr/lib/jvm/java-6-openjdk-amd64/jre/lib/amd64/libzip.so
7fbc190a3000-7fbc190a4000 r--p 00006000 08:03 1966625                    /usr/lib/jvm/java-6-openjdk-amd64/jre/lib/amd64/libzip.so
7fbc190a4000-7fbc190a5000 rw-p 00007000 08:03 1966625                    /usr/lib/jvm/java-6-openjdk-amd64/jre/lib/amd64/libzip.so
7fbc190a5000-7fbc190b1000 r-xp 00000000 08:03 3044450                    /lib/x86_64-linux-gnu/libnss_files-2.15.so
7fbc190b1000-7fbc192b0000 ---p 0000c000 08:03 3044450                    /lib/x86_64-linux-gnu/libnss_files-2.15.so
7fbc192b0000-7fbc192b1000 r--p 0000b000 08:03 3044450                    /lib/x86_64-linux-gnu/libnss_files-2.15.so
7fbc192b1000-7fbc192b2000 rw-p 0000c000 08:03 3044450                    /lib/x86_64-linux-gnu/libnss_files-2.15.so
7fbc192b2000-7fbc192bc000 r-xp 00000000 08:03 3044454                    /lib/x86_64-linux-gnu/libnss_nis-2.15.so
7fbc192bc000-7fbc194bc000 ---p 0000a000 08:03 3044454                    /lib/x86_64-linux-gnu/libnss_nis-2.15.so
7fbc194bc000-7fbc194bd000 r--p 0000a000 08:03 3044454                    /lib/x86_64-linux-gnu/libnss_nis-2.15.so
7fbc194bd000-7fbc194be000 rw-p 0000b000 08:03 3044454                    /lib/x86_64-linux-gnu/libnss_nis-2.15.so
7fbc194be000-7fbc194d5000 r-xp 00000000 08:03 3044470                    /lib/x86_64-linux-gnu/libnsl-2.15.so
7fbc194d5000-7fbc196d4000 ---p 00017000 08:03 3044470                    /lib/x86_64-linux-gnu/libnsl-2.15.so
7fbc196d4000-7fbc196d5000 r--p 00016000 08:03 3044470                    /lib/x86_64-linux-gnu/libnsl-2.15.so
7fbc196d5000-7fbc196d6000 rw-p 00017000 08:03 3044470                    /lib/x86_64-linux-gnu/libnsl-2.15.so
7fbc196d6000-7fbc196d8000 rw-p 00000000 00:00 0 
7fbc196d8000-7fbc196e0000 r-xp 00000000 08:03 3044448                    /lib/x86_64-linux-gnu/libnss_compat-2.15.so
7fbc196e0000-7fbc198df000 ---p 00008000 08:03 3044448                    /lib/x86_64-linux-gnu/libnss_compat-2.15.so
7fbc198df000-7fbc198e0000 r--p 00007000 08:03 3044448                    /lib/x86_64-linux-gnu/libnss_compat-2.15.so
7fbc198e0000-7fbc198e1000 rw-p 00008000 08:03 3044448                    /lib/x86_64-linux-gnu/libnss_compat-2.15.so
7fbc198e1000-7fbc1990d000 r-xp 00000000 08:03 1966620                    /usr/lib/jvm/java-6-openjdk-amd64/jre/lib/amd64/libjava.so
7fbc1990d000-7fbc19b0c000 ---p 0002c000 08:03 1966620                    /usr/lib/jvm/java-6-openjdk-amd64/jre/lib/amd64/libjava.so
7fbc19b0c000-7fbc19b0d000 r--p 0002b000 08:03 1966620                    /usr/lib/jvm/java-6-openjdk-amd64/jre/lib/amd64/libjava.so
7fbc19b0d000-7fbc19b10000 rw-p 0002c000 08:03 1966620                    /usr/lib/jvm/java-6-openjdk-amd64/jre/lib/amd64/libjava.so
7fbc19b10000-7fbc19b1e000 r-xp 00000000 08:03 1966637                    /usr/lib/jvm/java-6-openjdk-amd64/jre/lib/amd64/libverify.so
7fbc19b1e000-7fbc19d1d000 ---p 0000e000 08:03 1966637                    /usr/lib/jvm/java-6-openjdk-amd64/jre/lib/amd64/libverify.so
7fbc19d1d000-7fbc19d1f000 r--p 0000d000 08:03 1966637                    /usr/lib/jvm/java-6-openjdk-amd64/jre/lib/amd64/libverify.so
7fbc19d1f000-7fbc19d20000 rw-p 0000f000 08:03 1966637                    /usr/lib/jvm/java-6-openjdk-amd64/jre/lib/amd64/libverify.so
7fbc19d20000-7fbc19d27000 r-xp 00000000 08:03 3044453                    /lib/x86_64-linux-gnu/librt-2.15.so
7fbc19d27000-7fbc19f26000 ---p 00007000 08:03 3044453                    /lib/x86_64-linux-gnu/librt-2.15.so
7fbc19f26000-7fbc19f27000 r--p 00006000 08:03 3044453                    /lib/x86_64-linux-gnu/librt-2.15.so
7fbc19f27000-7fbc19f28000 rw-p 00007000 08:03 3044453                    /lib/x86_64-linux-gnu/librt-2.15.so
7fbc19f28000-7fbc19f3d000 r-xp 00000000 08:03 3018368                    /lib/x86_64-linux-gnu/libgcc_s.so.1
7fbc19f3d000-7fbc1a13c000 ---p 00015000 08:03 3018368                    /lib/x86_64-linux-gnu/libgcc_s.so.1
7fbc1a13c000-7fbc1a13d000 r--p 00014000 08:03 3018368                    /lib/x86_64-linux-gnu/libgcc_s.so.1
7fbc1a13d000-7fbc1a13e000 rw-p 00015000 08:03 3018368                    /lib/x86_64-linux-gnu/libgcc_s.so.1
7fbc1a13e000-7fbc1a239000 r-xp 00000000 08:03 3044459                    /lib/x86_64-linux-gnu/libm-2.15.so
7fbc1a239000-7fbc1a438000 ---p 000fb000 08:03 3044459                    /lib/x86_64-linux-gnu/libm-2.15.so
7fbc1a438000-7fbc1a439000 r--p 000fa000 08:03 3044459                    /lib/x86_64-linux-gnu/libm-2.15.so
7fbc1a439000-7fbc1a43a000 rw-p 000fb000 08:03 3044459                    /lib/x86_64-linux-gnu/libm-2.15.so
7fbc1a43a000-7fbc1a51c000 r-xp 00000000 08:03 6168267                    /usr/lib/x86_64-linux-gnu/libstdc++.so.6.0.16
7fbc1a51c000-7fbc1a71b000 ---p 000e2000 08:03 6168267                    /usr/lib/x86_64-linux-gnu/libstdc++.so.6.0.16
7fbc1a71b000-7fbc1a723000 r--p 000e1000 08:03 6168267                    /usr/lib/x86_64-linux-gnu/libstdc++.so.6.0.16
7fbc1a723000-7fbc1a725000 rw-p 000e9000 08:03 6168267                    /usr/lib/x86_64-linux-gnu/libstdc++.so.6.0.16
7fbc1a725000-7fbc1a73a000 rw-p 00000000 00:00 0 
7fbc1a73a000-7fbc1b03a000 r-xp 00000000 08:03 1966652                    /usr/lib/jvm/java-6-openjdk-amd64/jre/lib/amd64/server/libjvm.so
7fbc1b03a000-7fbc1b23a000 ---p 00900000 08:03 1966652                    /usr/lib/jvm/java-6-openjdk-amd64/jre/lib/amd64/server/libjvm.so
7fbc1b23a000-7fbc1b2bb000 r--p 00900000 08:03 1966652                    /usr/lib/jvm/java-6-openjdk-amd64/jre/lib/amd64/server/libjvm.so
7fbc1b2bb000-7fbc1b2d6000 rw-p 00981000 08:03 1966652                    /usr/lib/jvm/java-6-openjdk-amd64/jre/lib/amd64/server/libjvm.so
7fbc1b2d6000-7fbc1b2ff000 rw-p 00000000 00:00 0 
7fbc1b2ff000-7fbc1b315000 r-xp 00000000 08:03 3018458                    /lib/x86_64-linux-gnu/libz.so.1.2.3.4
7fbc1b315000-7fbc1b514000 ---p 00016000 08:03 3018458                    /lib/x86_64-linux-gnu/libz.so.1.2.3.4
7fbc1b514000-7fbc1b515000 r--p 00015000 08:03 3018458                    /lib/x86_64-linux-gnu/libz.so.1.2.3.4
7fbc1b515000-7fbc1b516000 rw-p 00016000 08:03 3018458                    /lib/x86_64-linux-gnu/libz.so.1.2.3.4
7fbc1b516000-7fbc1b6cb000 r-xp 00000000 08:03 3044446                    /lib/x86_64-linux-gnu/libc-2.15.so
7fbc1b6cb000-7fbc1b8cb000 ---p 001b5000 08:03 3044446                    /lib/x86_64-linux-gnu/libc-2.15.so
7fbc1b8cb000-7fbc1b8cf000 r--p 001b5000 08:03 3044446                    /lib/x86_64-linux-gnu/libc-2.15.so
7fbc1b8cf000-7fbc1b8d1000 rw-p 001b9000 08:03 3044446                    /lib/x86_64-linux-gnu/libc-2.15.so
7fbc1b8d1000-7fbc1b8d6000 rw-p 00000000 00:00 0 
7fbc1b8d6000-7fbc1b8d8000 r-xp 00000000 08:03 3044463                    /lib/x86_64-linux-gnu/libdl-2.15.so
7fbc1b8d8000-7fbc1bad8000 ---p 00002000 08:03 3044463                    /lib/x86_64-linux-gnu/libdl-2.15.so
7fbc1bad8000-7fbc1bad9000 r--p 00002000 08:03 3044463                    /lib/x86_64-linux-gnu/libdl-2.15.so
7fbc1bad9000-7fbc1bada000 rw-p 00003000 08:03 3044463                    /lib/x86_64-linux-gnu/libdl-2.15.so
7fbc1bada000-7fbc1bade000 r-xp 00000000 08:03 1966795                    /usr/lib/jvm/java-6-openjdk-amd64/jre/lib/amd64/jli/libjli.so
7fbc1bade000-7fbc1bcdd000 ---p 00004000 08:03 1966795                    /usr/lib/jvm/java-6-openjdk-amd64/jre/lib/amd64/jli/libjli.so
7fbc1bcdd000-7fbc1bcde000 r--p 00003000 08:03 1966795                    /usr/lib/jvm/java-6-openjdk-amd64/jre/lib/amd64/jli/libjli.so
7fbc1bcde000-7fbc1bcdf000 rw-p 00004000 08:03 1966795                    /usr/lib/jvm/java-6-openjdk-amd64/jre/lib/amd64/jli/libjli.so
7fbc1bcdf000-7fbc1bcf7000 r-xp 00000000 08:03 3044455                    /lib/x86_64-linux-gnu/libpthread-2.15.so
7fbc1bcf7000-7fbc1bef6000 ---p 00018000 08:03 3044455                    /lib/x86_64-linux-gnu/libpthread-2.15.so
7fbc1bef6000-7fbc1bef7000 r--p 00017000 08:03 3044455                    /lib/x86_64-linux-gnu/libpthread-2.15.so
7fbc1bef7000-7fbc1bef8000 rw-p 00018000 08:03 3044455                    /lib/x86_64-linux-gnu/libpthread-2.15.so
7fbc1bef8000-7fbc1befc000 rw-p 00000000 00:00 0 
7fbc1befc000-7fbc1bf1e000 r-xp 00000000 08:03 3044460                    /lib/x86_64-linux-gnu/ld-2.15.so
7fbc1bf2c000-7fbc1bf2f000 r--s 0007f000 08:03 1966607                    /usr/lib/jvm/java-6-openjdk-common/jre/lib/jsse.jar
7fbc1bf2f000-7fbc1bf31000 r--s 0000f000 08:03 1966577                    /usr/lib/jvm/java-6-openjdk-common/jre/lib/ext/pulse-java.jar
7fbc1bf31000-7fbc1bf34000 r--s 00077000 08:03 1966579                    /usr/lib/jvm/java-6-openjdk-common/jre/lib/ext/localedata.jar
7fbc1bf34000-7fbc1bf35000 r--s 00007000 08:03 855                        /usr/share/java/java-atk-wrapper.jar
7fbc1bf35000-7fbc1bf3f000 rw-p 00000000 00:00 0 
7fbc1bf3f000-7fbc1bff5000 rw-p 00000000 00:00 0 
7fbc1bff5000-7fbc1bff8000 ---p 00000000 00:00 0 
7fbc1bff8000-7fbc1c0fb000 rw-p 00000000 00:00 0 
7fbc1c0fb000-7fbc1c0fe000 r--s 00031000 08:03 1966581                    /usr/lib/jvm/java-6-openjdk-common/jre/lib/ext/sunjce_provider.jar
7fbc1c0fe000-7fbc1c100000 r--s 00001000 08:03 1966580                    /usr/lib/jvm/java-6-openjdk-common/jre/lib/ext/dnsns.jar
7fbc1c100000-7fbc1c104000 r--s 00039000 08:03 1966575                    /usr/lib/jvm/java-6-openjdk-common/jre/lib/ext/sunpkcs11.jar
7fbc1c104000-7fbc1c112000 r--s 000cf000 08:03 4343208                    /home/oleg/sdk/build-tools/android-4.4.2/lib/dx.jar
7fbc1c112000-7fbc1c11a000 rw-s 00000000 08:03 2638055                    /tmp/hsperfdata_oleg/32715
7fbc1c11a000-7fbc1c11b000 rw-p 00000000 00:00 0 
7fbc1c11b000-7fbc1c11c000 ---p 00000000 00:00 0 
7fbc1c11c000-7fbc1c11e000 rw-p 00000000 00:00 0 
7fbc1c11e000-7fbc1c11f000 r--p 00022000 08:03 3044460                    /lib/x86_64-linux-gnu/ld-2.15.so
7fbc1c11f000-7fbc1c121000 rw-p 00023000 08:03 3044460                    /lib/x86_64-linux-gnu/ld-2.15.so
7fffc38de000-7fffc3915000 rw-p 00000000 00:00 0                          [stack]
7fffc39c9000-7fffc39ca000 r-xp 00000000 00:00 0                          [vdso]
ffffffffff600000-ffffffffff601000 r-xp 00000000 00:00 0                  [vsyscall]

VM Arguments:
jvm_args: -Xmx1024M 
java_command: /home/oleg/sdk/build-tools/android-4.4.2/lib/dx.jar --dex --output /home/oleg/CordovaMapsSample/platforms/android/ant-build/classes.dex /home/oleg/CordovaMapsSample/platforms/android/ant-build/classes /home/oleg/CordovaMapsSample/platforms/android/ant-build/dexedLibs/classes-918717435296f14d48e87346e8120d6c.jar
Launcher Type: SUN_STANDARD

Environment Variables:
PATH=/home/oleg/.rvm/gems/ruby-1.9.3-p327/bin:/home/oleg/.rvm/gems/ruby-1.9.3-p327@global/bin:/home/oleg/.rvm/rubies/ruby-1.9.3-p327/bin:/home/oleg/.rvm/bin:/usr/lib/lightdm/lightdm:/usr/local/sbin:/usr/local/bin:/usr/sbin:/usr/bin:/sbin:/bin:/usr/games:/home/oleg/sdk/platform-tools:/home/oleg/sdk/tools
LD_LIBRARY_PATH=/usr/lib/jvm/java-6-openjdk-amd64/jre/lib/amd64/server:/usr/lib/jvm/java-6-openjdk-amd64/jre/lib/amd64:/usr/lib/jvm/java-6-openjdk-amd64/jre/../lib/amd64
SHELL=/bin/bash
DISPLAY=:0.0

Signal Handlers:
SIGSEGV: [libjvm.so+0x7837c0], sa_mask[0]=0x7ffbfeff, sa_flags=0x10000004
SIGBUS: [libjvm.so+0x7837c0], sa_mask[0]=0x7ffbfeff, sa_flags=0x10000004
SIGFPE: [libjvm.so+0x647740], sa_mask[0]=0x7ffbfeff, sa_flags=0x10000004
SIGPIPE: [libjvm.so+0x647740], sa_mask[0]=0x7ffbfeff, sa_flags=0x10000004
SIGXFSZ: [libjvm.so+0x647740], sa_mask[0]=0x7ffbfeff, sa_flags=0x10000004
SIGILL: [libjvm.so+0x647740], sa_mask[0]=0x7ffbfeff, sa_flags=0x10000004
SIGUSR1: SIG_DFL, sa_mask[0]=0x00000000, sa_flags=0x00000000
SIGUSR2: [libjvm.so+0x647920], sa_mask[0]=0x00000004, sa_flags=0x10000004
SIGHUP: [libjvm.so+0x64a2f0], sa_mask[0]=0x7ffbfeff, sa_flags=0x10000004
SIGINT: [libjvm.so+0x64a2f0], sa_mask[0]=0x7ffbfeff, sa_flags=0x10000004
SIGTERM: [libjvm.so+0x64a2f0], sa_mask[0]=0x7ffbfeff, sa_flags=0x10000004
SIGQUIT: [libjvm.so+0x64a2f0], sa_mask[0]=0x7ffbfeff, sa_flags=0x10000004


---------------  S Y S T E M  ---------------

OS:Ubuntu 12.04 (precise)
uname:Linux 3.2.0-58-generic #88-Ubuntu SMP Tue Dec 3 17:37:58 UTC 2013 x86_64
libc:glibc 2.15 NPTL 2.15 
rlimit: STACK 8192k, CORE 0k, NPROC 79359, NOFILE 4096, AS infinity
load average:1.63 1.95 2.10

/proc/meminfo:
MemTotal:       10241552 kB
MemFree:          492984 kB
Buffers:          369476 kB
Cached:          3870392 kB
SwapCached:          236 kB
Active:          6172420 kB
Inactive:        2505824 kB
Active(anon):    4021472 kB
Inactive(anon):   483036 kB
Active(file):    2150948 kB
Inactive(file):  2022788 kB
Unevictable:          48 kB
Mlocked:              48 kB
SwapTotal:       6894588 kB
SwapFree:        6893572 kB
Dirty:              3312 kB
Writeback:             0 kB
AnonPages:       4438344 kB
Mapped:           657664 kB
Shmem:             66132 kB
Slab:             419800 kB
SReclaimable:     374920 kB
SUnreclaim:        44880 kB
KernelStack:        6672 kB
PageTables:        83232 kB
NFS_Unstable:          0 kB
Bounce:                0 kB
WritebackTmp:          0 kB
CommitLimit:    12015364 kB
Committed_AS:   11081780 kB
VmallocTotal:   34359738367 kB
VmallocUsed:      330352 kB
VmallocChunk:   34359405908 kB
HardwareCorrupted:     0 kB
AnonHugePages:         0 kB
HugePages_Total:       0
HugePages_Free:        0
HugePages_Rsvd:        0
HugePages_Surp:        0
Hugepagesize:       2048 kB
DirectMap4k:      248384 kB
DirectMap2M:     9187328 kB
DirectMap1G:     1048576 kB


CPU:total 2 (2 cores per cpu, 1 threads per core) family 16 model 6 stepping 3, cmov, cx8, fxsr, mmx, sse, sse2, sse3, popcnt, mmxext, 3dnowpref, lzcnt, sse4a

Memory: 4k page, physical 10241552k(492984k free), swap 6894588k(6893572k free)

vm_info: OpenJDK 64-Bit Server VM (20.0-b12) for linux-amd64 JRE (1.6.0_27-b27), built on Nov 16 2013 15:13:05 by "buildd" with gcc 4.6.3

time: Mon Apr 21 17:37:58 2014
elapsed time: 2 seconds

