#
# A fatal error has been detected by the Java Runtime Environment:
#
#  SIGSEGV (0xb) at pc=0x00007f85b9e40566, pid=8890, tid=140212078450432
#
# JRE version: 6.0_27-b27
# Java VM: OpenJDK 64-Bit Server VM (20.0-b12 mixed mode linux-amd64 compressed oops)
# Derivative: IcedTea6 1.12.6
# Distribution: Ubuntu 12.04 LTS, package 6b27-1.12.6-1ubuntu0.12.04.4
# Problematic frame:
# V  [libjvm.so+0x752566]  TypeInt::narrow(Type const*) const+0x16
#
# If you would like to submit a bug report, please include
# instructions how to reproduce the bug and visit:
#   https://bugs.launchpad.net/ubuntu/+source/openjdk-6/
#

---------------  T H R E A D  ---------------

Current thread (0x00007f85b4099800):  JavaThread "C2 CompilerThread1" daemon [_thread_in_native, id=8901, stack(0x00007f85ab111000,0x00007f85ab212000)]

siginfo:si_signo=SIGSEGV: si_errno=0, si_code=128 (), si_addr=0x0000000000000000

Registers:
RAX=0x00807f85b405e400, RBX=0x00007f8588d66238, RCX=0x000000007fffffff, RDX=0x0000000080000000
RSP=0x00007f85ab20d130, RBP=0x00007f85ab20d130, RSI=0x00807f85b405e400, RDI=0x00007f85b405e400
R8 =0x00007f85b9d707e0, R9 =0xffffffffffffffff, R10=0x00007f85b405e400, R11=0x0000000000000000
R12=0x00007f85ab20d4b0, R13=0x000000000000208b, R14=0x00007f85ab20de20, R15=0x00007f85ab20de98
RIP=0x00007f85b9e40566, EFLAGS=0x0000000000010206, CSGSFS=0x0000000000000033, ERR=0x0000000000000000
  TRAPNO=0x000000000000000d

Top of Stack: (sp=0x00007f85ab20d130)
0x00007f85ab20d130:   00007f85ab20d170 00007f85b9d7440b
0x00007f85ab20d140:   00007f85ab20d170 00007f85ab20d4b0
0x00007f85ab20d150:   00007f8588d66238 000000000000018c
0x00007f85ab20d160:   0000000000000001 00007f85ab20de98
0x00007f85ab20d170:   00007f85ab20d1c0 00007f85b9d7234c
0x00007f85ab20d180:   00007f8588d628d8 00007f85ab20de78
0x00007f85ab20d190:   00007f85ba2715c0 00007f85ab20e8d0
0x00007f85ab20d1a0:   000000000000000f 000000000000000e
0x00007f85ab20d1b0:   0000000000000001 00007f85ab20d3d0
0x00007f85ab20d1c0:   00007f85ab20d460 00007f85b9cab15f
0x00007f85ab20d1d0:   00007f85ab20d200 00007f859406ff20
0x00007f85ab20d1e0:   01007f85ab20d290 00007f85ba271f00
0x00007f85ab20d1f0:   00007f85ab20d340 00007f85883b6dc8
0x00007f85ab20d200:   000000000000000c 00007f85b9af3d5a
0x00007f85ab20d210:   00007f85ab20d290 00007f85b9af526f
0x00007f85ab20d220:   00007f8588052740 0000000000000001
0x00007f85ab20d230:   00007f85ab20d340 00007f850000000c
0x00007f85ab20d240:   88ca6bff88565f10 00007f8588000020
0x00007f85ab20d250:   0000000000010020 00007f8588000078
0x00007f85ab20d260:   0000000000010010 00007f8588ca2070
0x00007f85ab20d270:   00007f8588ca24b8 00007f85ba54afce
0x00007f85ab20d280:   00007f8588000000 0000000000cbb000
0x00007f85ab20d290:   00007f85ab20d400 0000000000cab000
0x00007f85ab20d2a0:   00007f8588cab000 0000000000000fff
0x00007f85ab20d2b0:   0000000000001000 0000000000010040
0x00007f85ab20d2c0:   0000000000000001 0000043000001002
0x00007f85ab20d2d0:   0000007e000000db 0000007c00000079
0x00007f85ab20d2e0:   00007f85884a7fa0 00007f8588000020
0x00007f85ab20d2f0:   00007f85ab20d380 0000000000010010
0x00007f85ab20d300:   0000000000000000 00007f8588ca2070
0x00007f85ab20d310:   00007f8588ca24b8 00007f85ba54afce
0x00007f85ab20d320:   00007f8588000000 0000000000cc3000 

Instructions: (pc=0x00007f85b9e40566)
0x00007f85b9e40546:   66 2e 0f 1f 84 00 00 00 00 00 8b 57 14 8b 4f 18
0x00007f85b9e40556:   48 89 f0 55 39 ca 48 89 e5 7d 0b 48 85 f6 74 06
0x00007f85b9e40566:   83 7e 10 03 74 0c 48 89 f8 5d c3 0f 1f 80 00 00
0x00007f85b9e40576:   00 00 44 8b 46 14 8b 76 18 44 39 c2 74 3c 81 fe 

Register to memory mapping:

RAX=0x00807f85b405e400 is an unknown value
RBX=0x00007f8588d66238 is an unknown value
RCX=0x000000007fffffff is an unknown value
RDX=0x0000000080000000 is an unknown value
RSP=0x00007f85ab20d130 is pointing into the stack for thread: 0x00007f85b4099800
RBP=0x00007f85ab20d130 is pointing into the stack for thread: 0x00007f85b4099800
RSI=0x00807f85b405e400 is an unknown value
RDI=0x00007f85b405e400 is an unknown value
R8 =0x00007f85b9d707e0: <offset 0x6827e0> in /usr/lib/jvm/java-6-openjdk-amd64/jre/lib/amd64/server/libjvm.so at 0x00007f85b96ee000
R9 =0xffffffffffffffff is an unknown value
R10=0x00007f85b405e400 is an unknown value
R11=0x0000000000000000 is an unknown value
R12=0x00007f85ab20d4b0 is pointing into the stack for thread: 0x00007f85b4099800
R13=0x000000000000208b is an unknown value
R14=0x00007f85ab20de20 is pointing into the stack for thread: 0x00007f85b4099800
R15=0x00007f85ab20de98 is pointing into the stack for thread: 0x00007f85b4099800


Stack: [0x00007f85ab111000,0x00007f85ab212000],  sp=0x00007f85ab20d130,  free space=1008k
Native frames: (J=compiled Java code, j=interpreted, Vv=VM code, C=native code)
V  [libjvm.so+0x752566]  TypeInt::narrow(Type const*) const+0x16
V  [libjvm.so+0x68640b]  PhaseIterGVN::transform_old(Node*)+0x8b
V  [libjvm.so+0x68434c]  PhaseIterGVN::optimize()+0x12c
V  [libjvm.so+0x5bd15f]  PhaseIdealLoop::build_and_optimize(bool, bool)+0x9af
V  [libjvm.so+0x37a611]  Compile::Optimize()+0x331
V  [libjvm.so+0x37bd43]  Compile::Compile(ciEnv*, C2Compiler*, ciMethod*, int, bool, bool)+0xae3
V  [libjvm.so+0x3055a0]  C2Compiler::compile_method(ciEnv*, ciMethod*, int)+0xe0
V  [libjvm.so+0x3803f3]  CompileBroker::invoke_compiler_on_method(CompileTask*)+0x2a3
V  [libjvm.so+0x380d3b]  CompileBroker::compiler_thread_loop()+0x45b
V  [libjvm.so+0x74b368]  JavaThread::thread_main_inner()+0x58
V  [libjvm.so+0x64ac92]  java_start(Thread*)+0x112


Current CompileTask:
C2:   5648   3%     com.sun.tools.javac.file.ZipFileIndex$ZipDirectory.readEntry(ILjava/util/List;Ljava/util/Map;)I @ 102 (587 bytes)


---------------  P R O C E S S  ---------------

Java Threads: ( => current thread )
  0x00007f85b431c800 JavaThread "Thread-8" daemon [_thread_blocked, id=8926, stack(0x00007f85aac9c000,0x00007f85aad9d000)]
  0x00007f85b433a000 JavaThread "Thread-7" daemon [_thread_blocked, id=8923, stack(0x00007f85aab9b000,0x00007f85aac9c000)]
  0x00007f85b4341000 JavaThread "process reaper" daemon [_thread_in_native, id=8921, stack(0x00007f85aad9d000,0x00007f85aae9e000)]
  0x00007f85b409c000 JavaThread "Low Memory Detector" daemon [_thread_blocked, id=8902, stack(0x00007f85ab010000,0x00007f85ab111000)]
=>0x00007f85b4099800 JavaThread "C2 CompilerThread1" daemon [_thread_in_native, id=8901, stack(0x00007f85ab111000,0x00007f85ab212000)]
  0x00007f85b4096800 JavaThread "C2 CompilerThread0" daemon [_thread_in_native, id=8900, stack(0x00007f85ab212000,0x00007f85ab313000)]
  0x00007f85b4095800 JavaThread "Signal Dispatcher" daemon [_thread_blocked, id=8899, stack(0x00007f85ab313000,0x00007f85ab414000)]
  0x00007f85b4074800 JavaThread "Finalizer" daemon [_thread_blocked, id=8898, stack(0x00007f85abafb000,0x00007f85abbfc000)]
  0x00007f85b4072800 JavaThread "Reference Handler" daemon [_thread_blocked, id=8897, stack(0x00007f85abbfc000,0x00007f85abcfd000)]
  0x00007f85b4008000 JavaThread "main" [_thread_blocked, id=8893, stack(0x00007f85bafa9000,0x00007f85bb0aa000)]

Other Threads:
  0x00007f85b406d800 VMThread [stack: 0x00007f85abcfd000,0x00007f85abdfe000] [id=8896]
  0x00007f85b409e800 WatcherThread [stack: 0x00007f85aaf0f000,0x00007f85ab010000] [id=8903]

VM state:not at safepoint (normal execution)

VM Mutex/Monitor currently owned by a thread: None

Heap
 PSYoungGen      total 46656K, used 7420K [0x00000007cbe00000, 0x00000007cf210000, 0x0000000800000000)
  eden space 40000K, 7% used [0x00000007cbe00000,0x00000007cc115778,0x00000007ce510000)
  from space 6656K, 64% used [0x00000007ceb90000,0x00000007cefb99d0,0x00000007cf210000)
  to   space 6656K, 0% used [0x00000007ce510000,0x00000007ce510000,0x00000007ceb90000)
 PSOldGen        total 106752K, used 0K [0x0000000763a00000, 0x000000076a240000, 0x00000007cbe00000)
  object space 106752K, 0% used [0x0000000763a00000,0x0000000763a00000,0x000000076a240000)
 PSPermGen       total 21248K, used 19033K [0x0000000759400000, 0x000000075a8c0000, 0x0000000763a00000)
  object space 21248K, 89% used [0x0000000759400000,0x000000075a696538,0x000000075a8c0000)

Code Cache  [0x00007f85b0df8000, 0x00007f85b1068000, 0x00007f85b3df8000)
 total_blobs=473 nmethods=203 adapters=224 free_code_cache=49424640 largest_free_block=17088

Dynamic libraries:
00400000-00409000 r-xp 00000000 08:03 1971074                            /usr/lib/jvm/java-6-openjdk-amd64/jre/bin/java
00608000-00609000 r--p 00008000 08:03 1971074                            /usr/lib/jvm/java-6-openjdk-amd64/jre/bin/java
00609000-0060a000 rw-p 00009000 08:03 1971074                            /usr/lib/jvm/java-6-openjdk-amd64/jre/bin/java
010e8000-01109000 rw-p 00000000 00:00 0                                  [heap]
759400000-75a8c0000 rw-p 00000000 00:00 0 
75a8c0000-763a00000 rw-p 00000000 00:00 0 
763a00000-76a240000 rw-p 00000000 00:00 0 
76a240000-7cbe00000 rw-p 00000000 00:00 0 
7cbe00000-7cf210000 rw-p 00000000 00:00 0 
7cf210000-800000000 rw-p 00000000 00:00 0 
7f8578000000-7f8578021000 rw-p 00000000 00:00 0 
7f8578021000-7f857c000000 ---p 00000000 00:00 0 
7f857c000000-7f857c021000 rw-p 00000000 00:00 0 
7f857c021000-7f8580000000 ---p 00000000 00:00 0 
7f8580000000-7f8580021000 rw-p 00000000 00:00 0 
7f8580021000-7f8584000000 ---p 00000000 00:00 0 
7f8584000000-7f8584021000 rw-p 00000000 00:00 0 
7f8584021000-7f8588000000 ---p 00000000 00:00 0 
7f8588000000-7f8588e95000 rw-p 00000000 00:00 0 
7f8588e95000-7f858c000000 ---p 00000000 00:00 0 
7f858c000000-7f858c021000 rw-p 00000000 00:00 0 
7f858c021000-7f8590000000 ---p 00000000 00:00 0 
7f8590000000-7f8590021000 rw-p 00000000 00:00 0 
7f8590021000-7f8594000000 ---p 00000000 00:00 0 
7f8594000000-7f85950ed000 rw-p 00000000 00:00 0 
7f85950ed000-7f8598000000 ---p 00000000 00:00 0 
7f8598000000-7f8598021000 rw-p 00000000 00:00 0 
7f8598021000-7f859c000000 ---p 00000000 00:00 0 
7f859c000000-7f859c021000 rw-p 00000000 00:00 0 
7f859c021000-7f85a0000000 ---p 00000000 00:00 0 
7f85a0000000-7f85a0021000 rw-p 00000000 00:00 0 
7f85a0021000-7f85a4000000 ---p 00000000 00:00 0 
7f85a4000000-7f85a4021000 rw-p 00000000 00:00 0 
7f85a4021000-7f85a8000000 ---p 00000000 00:00 0 
7f85aab9b000-7f85aab9e000 ---p 00000000 00:00 0 
7f85aab9e000-7f85aac9c000 rw-p 00000000 00:00 0 
7f85aac9c000-7f85aac9f000 ---p 00000000 00:00 0 
7f85aac9f000-7f85aad9d000 rw-p 00000000 00:00 0 
7f85aad9d000-7f85aada0000 ---p 00000000 00:00 0 
7f85aada0000-7f85aae9e000 rw-p 00000000 00:00 0 
7f85aae9e000-7f85aaea0000 r--s 00008000 08:03 4341306                    /home/oleg/sdk/tools/lib/emma_ant.jar
7f85aaea0000-7f85aaea8000 r--s 00061000 08:03 4341305                    /home/oleg/sdk/tools/lib/emma.jar
7f85aaea8000-7f85aaeaa000 r--s 0000d000 08:03 4341321                    /home/oleg/sdk/tools/lib/commons-codec-1.4.jar
7f85aaeaa000-7f85aaeaf000 r--s 00028000 08:03 4341340                    /home/oleg/sdk/tools/lib/httpcore-4.1.jar
7f85aaeaf000-7f85aaf0f000 r--s 00dc1000 08:03 1971635                    /usr/lib/jvm/java-6-openjdk-amd64/lib/tools.jar
7f85aaf0f000-7f85aaf10000 ---p 00000000 00:00 0 
7f85aaf10000-7f85ab010000 rw-p 00000000 00:00 0 
7f85ab010000-7f85ab013000 ---p 00000000 00:00 0 
7f85ab013000-7f85ab111000 rw-p 00000000 00:00 0 
7f85ab111000-7f85ab114000 ---p 00000000 00:00 0 
7f85ab114000-7f85ab212000 rw-p 00000000 00:00 0 
7f85ab212000-7f85ab215000 ---p 00000000 00:00 0 
7f85ab215000-7f85ab313000 rw-p 00000000 00:00 0 
7f85ab313000-7f85ab316000 ---p 00000000 00:00 0 
7f85ab316000-7f85ab414000 rw-p 00000000 00:00 0 
7f85ab414000-7f85abafb000 r--p 00000000 08:03 6167085                    /usr/lib/locale/locale-archive
7f85abafb000-7f85abafe000 ---p 00000000 00:00 0 
7f85abafe000-7f85abbfc000 rw-p 00000000 00:00 0 
7f85abbfc000-7f85abbff000 ---p 00000000 00:00 0 
7f85abbff000-7f85abcfd000 rw-p 00000000 00:00 0 
7f85abcfd000-7f85abcfe000 ---p 00000000 00:00 0 
7f85abcfe000-7f85ac000000 rw-p 00000000 00:00 0 
7f85ac000000-7f85ac021000 rw-p 00000000 00:00 0 
7f85ac021000-7f85b0000000 ---p 00000000 00:00 0 
7f85b0001000-7f85b0003000 r--s 0000d000 08:03 4341280                    /home/oleg/sdk/tools/lib/commons-logging-1.1.1.jar
7f85b0003000-7f85b0005000 r--s 00005000 08:03 4341325                    /home/oleg/sdk/tools/lib/httpmime-4.1.jar
7f85b0005000-7f85b000d000 r--s 0004e000 08:03 4341299                    /home/oleg/sdk/tools/lib/httpclient-4.1.1.jar
7f85b000d000-7f85b0011000 r--s 00020000 08:03 4343070                    /home/oleg/sdk/tools/lib/commons-compress-1.0.jar
7f85b0011000-7f85b0012000 r--s 00002000 08:03 4343076                    /home/oleg/sdk/tools/lib/dvlib.jar
7f85b0012000-7f85b0013000 r--s 0000a000 08:03 4341279                    /home/oleg/sdk/tools/lib/kxml2-2.3.0.jar
7f85b0013000-7f85b0016000 r--s 0000e000 08:03 4341293                    /home/oleg/sdk/tools/lib/layoutlib-api.jar
7f85b0016000-7f85b001f000 r--s 0009d000 08:03 4341285                    /home/oleg/sdk/tools/lib/sdklib.jar
7f85b001f000-7f85b0049000 r--s 001e9000 08:03 4341339                    /home/oleg/sdk/tools/lib/guava-15.0.jar
7f85b0049000-7f85b004b000 r--s 0000f000 08:03 4341323                    /home/oleg/sdk/tools/lib/common.jar
7f85b004b000-7f85b004c000 r--s 00008000 08:03 4341281                    /home/oleg/sdk/tools/lib/manifest-merger.jar
7f85b004c000-7f85b004e000 r--s 00017000 08:03 4343072                    /home/oleg/sdk/tools/lib/ant-tasks.jar
7f85b004e000-7f85b006b000 r--s 001bc000 08:03 3981                       /usr/share/java/ant-1.8.2.jar
7f85b006b000-7f85b0074000 r--s 00031000 08:03 3887                       /usr/share/java/xml-apis-1.4.01.jar
7f85b0074000-7f85b008d000 r--s 00144000 08:03 3918                       /usr/share/java/xercesImpl-2.11.0.jar
7f85b008d000-7f85b01c1000 rw-p 00000000 00:00 0 
7f85b01c1000-7f85b0355000 r--s 03822000 08:03 1971068                    /usr/lib/jvm/java-6-openjdk-amd64/jre/lib/rt.jar
7f85b0355000-7f85b037d000 rw-p 00000000 00:00 0 
7f85b037d000-7f85b037e000 ---p 00000000 00:00 0 
7f85b037e000-7f85b047e000 rw-p 00000000 00:00 0 
7f85b047e000-7f85b047f000 ---p 00000000 00:00 0 
7f85b047f000-7f85b05b4000 rw-p 00000000 00:00 0 
7f85b05b4000-7f85b08c1000 rw-p 00000000 00:00 0 
7f85b08c1000-7f85b08cc000 rw-p 00000000 00:00 0 
7f85b08cc000-7f85b0914000 rw-p 00000000 00:00 0 
7f85b0914000-7f85b0949000 rw-p 00000000 00:00 0 
7f85b0949000-7f85b0c56000 rw-p 00000000 00:00 0 
7f85b0c56000-7f85b0c71000 rw-p 00000000 00:00 0 
7f85b0c71000-7f85b0df7000 rw-p 00000000 00:00 0 
7f85b0df7000-7f85b0df8000 rw-p 00000000 00:00 0 
7f85b0df8000-7f85b1068000 rwxp 00000000 00:00 0 
7f85b1068000-7f85b3df8000 rw-p 00000000 00:00 0 
7f85b3df8000-7f85b3dff000 r-xp 00000000 08:03 1966625                    /usr/lib/jvm/java-6-openjdk-amd64/jre/lib/amd64/libzip.so
7f85b3dff000-7f85b3ffe000 ---p 00007000 08:03 1966625                    /usr/lib/jvm/java-6-openjdk-amd64/jre/lib/amd64/libzip.so
7f85b3ffe000-7f85b3fff000 r--p 00006000 08:03 1966625                    /usr/lib/jvm/java-6-openjdk-amd64/jre/lib/amd64/libzip.so
7f85b3fff000-7f85b4000000 rw-p 00007000 08:03 1966625                    /usr/lib/jvm/java-6-openjdk-amd64/jre/lib/amd64/libzip.so
7f85b4000000-7f85b444d000 rw-p 00000000 00:00 0 
7f85b444d000-7f85b8000000 ---p 00000000 00:00 0 
7f85b8000000-7f85b8002000 r--s 00001000 08:03 6055                       /usr/share/java/ant-jdepend-1.8.2.jar
7f85b8002000-7f85b8003000 r--s 00000000 08:03 4436                       /usr/share/java/ant-apache-regexp-1.8.2.jar
7f85b8003000-7f85b8004000 r--s 00009000 08:03 6057                       /usr/share/java/ant-jsch-1.8.2.jar
7f85b8004000-7f85b8005000 r--s 00000000 08:03 4365                       /usr/share/java/ant-apache-bsf-1.8.2.jar
7f85b8005000-7f85b8006000 r--s 00001000 08:03 6059                       /usr/share/java/ant-swing-1.8.2.jar
7f85b8006000-7f85b8011000 rw-p 00000000 00:00 0 
7f85b8011000-7f85b8059000 rw-p 00000000 00:00 0 
7f85b8059000-7f85b8065000 r-xp 00000000 08:03 3044450                    /lib/x86_64-linux-gnu/libnss_files-2.15.so
7f85b8065000-7f85b8264000 ---p 0000c000 08:03 3044450                    /lib/x86_64-linux-gnu/libnss_files-2.15.so
7f85b8264000-7f85b8265000 r--p 0000b000 08:03 3044450                    /lib/x86_64-linux-gnu/libnss_files-2.15.so
7f85b8265000-7f85b8266000 rw-p 0000c000 08:03 3044450                    /lib/x86_64-linux-gnu/libnss_files-2.15.so
7f85b8266000-7f85b8270000 r-xp 00000000 08:03 3044454                    /lib/x86_64-linux-gnu/libnss_nis-2.15.so
7f85b8270000-7f85b8470000 ---p 0000a000 08:03 3044454                    /lib/x86_64-linux-gnu/libnss_nis-2.15.so
7f85b8470000-7f85b8471000 r--p 0000a000 08:03 3044454                    /lib/x86_64-linux-gnu/libnss_nis-2.15.so
7f85b8471000-7f85b8472000 rw-p 0000b000 08:03 3044454                    /lib/x86_64-linux-gnu/libnss_nis-2.15.so
7f85b8472000-7f85b8489000 r-xp 00000000 08:03 3044470                    /lib/x86_64-linux-gnu/libnsl-2.15.so
7f85b8489000-7f85b8688000 ---p 00017000 08:03 3044470                    /lib/x86_64-linux-gnu/libnsl-2.15.so
7f85b8688000-7f85b8689000 r--p 00016000 08:03 3044470                    /lib/x86_64-linux-gnu/libnsl-2.15.so
7f85b8689000-7f85b868a000 rw-p 00017000 08:03 3044470                    /lib/x86_64-linux-gnu/libnsl-2.15.so
7f85b868a000-7f85b868c000 rw-p 00000000 00:00 0 
7f85b868c000-7f85b8694000 r-xp 00000000 08:03 3044448                    /lib/x86_64-linux-gnu/libnss_compat-2.15.so
7f85b8694000-7f85b8893000 ---p 00008000 08:03 3044448                    /lib/x86_64-linux-gnu/libnss_compat-2.15.so
7f85b8893000-7f85b8894000 r--p 00007000 08:03 3044448                    /lib/x86_64-linux-gnu/libnss_compat-2.15.so
7f85b8894000-7f85b8895000 rw-p 00008000 08:03 3044448                    /lib/x86_64-linux-gnu/libnss_compat-2.15.so
7f85b8895000-7f85b88c1000 r-xp 00000000 08:03 1966620                    /usr/lib/jvm/java-6-openjdk-amd64/jre/lib/amd64/libjava.so
7f85b88c1000-7f85b8ac0000 ---p 0002c000 08:03 1966620                    /usr/lib/jvm/java-6-openjdk-amd64/jre/lib/amd64/libjava.so
7f85b8ac0000-7f85b8ac1000 r--p 0002b000 08:03 1966620                    /usr/lib/jvm/java-6-openjdk-amd64/jre/lib/amd64/libjava.so
7f85b8ac1000-7f85b8ac4000 rw-p 0002c000 08:03 1966620                    /usr/lib/jvm/java-6-openjdk-amd64/jre/lib/amd64/libjava.so
7f85b8ac4000-7f85b8ad2000 r-xp 00000000 08:03 1966637                    /usr/lib/jvm/java-6-openjdk-amd64/jre/lib/amd64/libverify.so
7f85b8ad2000-7f85b8cd1000 ---p 0000e000 08:03 1966637                    /usr/lib/jvm/java-6-openjdk-amd64/jre/lib/amd64/libverify.so
7f85b8cd1000-7f85b8cd3000 r--p 0000d000 08:03 1966637                    /usr/lib/jvm/java-6-openjdk-amd64/jre/lib/amd64/libverify.so
7f85b8cd3000-7f85b8cd4000 rw-p 0000f000 08:03 1966637                    /usr/lib/jvm/java-6-openjdk-amd64/jre/lib/amd64/libverify.so
7f85b8cd4000-7f85b8cdb000 r-xp 00000000 08:03 3044453                    /lib/x86_64-linux-gnu/librt-2.15.so
7f85b8cdb000-7f85b8eda000 ---p 00007000 08:03 3044453                    /lib/x86_64-linux-gnu/librt-2.15.so
7f85b8eda000-7f85b8edb000 r--p 00006000 08:03 3044453                    /lib/x86_64-linux-gnu/librt-2.15.so
7f85b8edb000-7f85b8edc000 rw-p 00007000 08:03 3044453                    /lib/x86_64-linux-gnu/librt-2.15.so
7f85b8edc000-7f85b8ef1000 r-xp 00000000 08:03 3018368                    /lib/x86_64-linux-gnu/libgcc_s.so.1
7f85b8ef1000-7f85b90f0000 ---p 00015000 08:03 3018368                    /lib/x86_64-linux-gnu/libgcc_s.so.1
7f85b90f0000-7f85b90f1000 r--p 00014000 08:03 3018368                    /lib/x86_64-linux-gnu/libgcc_s.so.1
7f85b90f1000-7f85b90f2000 rw-p 00015000 08:03 3018368                    /lib/x86_64-linux-gnu/libgcc_s.so.1
7f85b90f2000-7f85b91ed000 r-xp 00000000 08:03 3044459                    /lib/x86_64-linux-gnu/libm-2.15.so
7f85b91ed000-7f85b93ec000 ---p 000fb000 08:03 3044459                    /lib/x86_64-linux-gnu/libm-2.15.so
7f85b93ec000-7f85b93ed000 r--p 000fa000 08:03 3044459                    /lib/x86_64-linux-gnu/libm-2.15.so
7f85b93ed000-7f85b93ee000 rw-p 000fb000 08:03 3044459                    /lib/x86_64-linux-gnu/libm-2.15.so
7f85b93ee000-7f85b94d0000 r-xp 00000000 08:03 6168267                    /usr/lib/x86_64-linux-gnu/libstdc++.so.6.0.16
7f85b94d0000-7f85b96cf000 ---p 000e2000 08:03 6168267                    /usr/lib/x86_64-linux-gnu/libstdc++.so.6.0.16
7f85b96cf000-7f85b96d7000 r--p 000e1000 08:03 6168267                    /usr/lib/x86_64-linux-gnu/libstdc++.so.6.0.16
7f85b96d7000-7f85b96d9000 rw-p 000e9000 08:03 6168267                    /usr/lib/x86_64-linux-gnu/libstdc++.so.6.0.16
7f85b96d9000-7f85b96ee000 rw-p 00000000 00:00 0 
7f85b96ee000-7f85b9fee000 r-xp 00000000 08:03 1966652                    /usr/lib/jvm/java-6-openjdk-amd64/jre/lib/amd64/server/libjvm.so
7f85b9fee000-7f85ba1ee000 ---p 00900000 08:03 1966652                    /usr/lib/jvm/java-6-openjdk-amd64/jre/lib/amd64/server/libjvm.so
7f85ba1ee000-7f85ba26f000 r--p 00900000 08:03 1966652                    /usr/lib/jvm/java-6-openjdk-amd64/jre/lib/amd64/server/libjvm.so
7f85ba26f000-7f85ba28a000 rw-p 00981000 08:03 1966652                    /usr/lib/jvm/java-6-openjdk-amd64/jre/lib/amd64/server/libjvm.so
7f85ba28a000-7f85ba2b3000 rw-p 00000000 00:00 0 
7f85ba2b3000-7f85ba2c9000 r-xp 00000000 08:03 3018458                    /lib/x86_64-linux-gnu/libz.so.1.2.3.4
7f85ba2c9000-7f85ba4c8000 ---p 00016000 08:03 3018458                    /lib/x86_64-linux-gnu/libz.so.1.2.3.4
7f85ba4c8000-7f85ba4c9000 r--p 00015000 08:03 3018458                    /lib/x86_64-linux-gnu/libz.so.1.2.3.4
7f85ba4c9000-7f85ba4ca000 rw-p 00016000 08:03 3018458                    /lib/x86_64-linux-gnu/libz.so.1.2.3.4
7f85ba4ca000-7f85ba67f000 r-xp 00000000 08:03 3044446                    /lib/x86_64-linux-gnu/libc-2.15.so
7f85ba67f000-7f85ba87f000 ---p 001b5000 08:03 3044446                    /lib/x86_64-linux-gnu/libc-2.15.so
7f85ba87f000-7f85ba883000 r--p 001b5000 08:03 3044446                    /lib/x86_64-linux-gnu/libc-2.15.so
7f85ba883000-7f85ba885000 rw-p 001b9000 08:03 3044446                    /lib/x86_64-linux-gnu/libc-2.15.so
7f85ba885000-7f85ba88a000 rw-p 00000000 00:00 0 
7f85ba88a000-7f85ba88c000 r-xp 00000000 08:03 3044463                    /lib/x86_64-linux-gnu/libdl-2.15.so
7f85ba88c000-7f85baa8c000 ---p 00002000 08:03 3044463                    /lib/x86_64-linux-gnu/libdl-2.15.so
7f85baa8c000-7f85baa8d000 r--p 00002000 08:03 3044463                    /lib/x86_64-linux-gnu/libdl-2.15.so
7f85baa8d000-7f85baa8e000 rw-p 00003000 08:03 3044463                    /lib/x86_64-linux-gnu/libdl-2.15.so
7f85baa8e000-7f85baa92000 r-xp 00000000 08:03 1966795                    /usr/lib/jvm/java-6-openjdk-amd64/jre/lib/amd64/jli/libjli.so
7f85baa92000-7f85bac91000 ---p 00004000 08:03 1966795                    /usr/lib/jvm/java-6-openjdk-amd64/jre/lib/amd64/jli/libjli.so
7f85bac91000-7f85bac92000 r--p 00003000 08:03 1966795                    /usr/lib/jvm/java-6-openjdk-amd64/jre/lib/amd64/jli/libjli.so
7f85bac92000-7f85bac93000 rw-p 00004000 08:03 1966795                    /usr/lib/jvm/java-6-openjdk-amd64/jre/lib/amd64/jli/libjli.so
7f85bac93000-7f85bacab000 r-xp 00000000 08:03 3044455                    /lib/x86_64-linux-gnu/libpthread-2.15.so
7f85bacab000-7f85baeaa000 ---p 00018000 08:03 3044455                    /lib/x86_64-linux-gnu/libpthread-2.15.so
7f85baeaa000-7f85baeab000 r--p 00017000 08:03 3044455                    /lib/x86_64-linux-gnu/libpthread-2.15.so
7f85baeab000-7f85baeac000 rw-p 00018000 08:03 3044455                    /lib/x86_64-linux-gnu/libpthread-2.15.so
7f85baeac000-7f85baeb0000 rw-p 00000000 00:00 0 
7f85baeb0000-7f85baed2000 r-xp 00000000 08:03 3044460                    /lib/x86_64-linux-gnu/ld-2.15.so
7f85baed2000-7f85baed4000 r--s 00013000 08:03 6053                       /usr/share/java/ant-commons-net-1.8.2.jar
7f85baed4000-7f85baed5000 r--s 00001000 08:03 6061                       /usr/share/java/ant-junit4-1.8.2.jar
7f85baed5000-7f85baed6000 r--s 00000000 08:03 5726                       /usr/share/java/ant-commons-logging-1.8.2.jar
7f85baed6000-7f85baed8000 r--s 00002000 08:03 3982                       /usr/share/java/ant-launcher-1.8.2.jar
7f85baed8000-7f85baeda000 r--s 00001000 08:03 4364                       /usr/share/java/ant-apache-bcel-1.8.2.jar
7f85baeda000-7f85baedb000 r--s 00001000 08:03 6056                       /usr/share/java/ant-jmf-1.8.2.jar
7f85baedb000-7f85baedc000 r--s 00001000 08:03 6054                       /usr/share/java/ant-javamail-1.8.2.jar
7f85baedc000-7f85baedd000 r--s 00003000 08:03 6060                       /usr/share/java/ant-testutil-1.8.2.jar
7f85baedd000-7f85baedf000 r--s 00008000 08:03 4367                       /usr/share/java/ant-apache-oro-1.8.2.jar
7f85baedf000-7f85baee1000 r--s 00017000 08:03 6058                       /usr/share/java/ant-junit-1.8.2.jar
7f85baee1000-7f85baee2000 r--s 00000000 08:03 4366                       /usr/share/java/ant-apache-log4j-1.8.2.jar
7f85baee2000-7f85baee9000 r--s 000fc000 08:03 1966589                    /usr/lib/jvm/java-6-openjdk-common/jre/lib/resources.jar
7f85baee9000-7f85baef3000 rw-p 00000000 00:00 0 
7f85baef3000-7f85bafa9000 rw-p 00000000 00:00 0 
7f85bafa9000-7f85bafac000 ---p 00000000 00:00 0 
7f85bafac000-7f85bb0af000 rw-p 00000000 00:00 0 
7f85bb0af000-7f85bb0b0000 r--s 00001000 08:03 4012                       /usr/share/java/ant-antlr-1.8.2.jar
7f85bb0b0000-7f85bb0b1000 r--s 00000000 08:03 5725                       /usr/share/java/ant-apache-xalan2-1.8.2.jar
7f85bb0b1000-7f85bb0b2000 r--s 00000000 08:03 4610                       /usr/share/java/ant-apache-resolver-1.8.2.jar
7f85bb0b2000-7f85bb0b5000 r--s 0007f000 08:03 1966607                    /usr/lib/jvm/java-6-openjdk-common/jre/lib/jsse.jar
7f85bb0b5000-7f85bb0b7000 r--s 00002000 08:03 3982                       /usr/share/java/ant-launcher-1.8.2.jar
7f85bb0b7000-7f85bb0b9000 r--s 0000f000 08:03 1966577                    /usr/lib/jvm/java-6-openjdk-common/jre/lib/ext/pulse-java.jar
7f85bb0b9000-7f85bb0bc000 r--s 00077000 08:03 1966579                    /usr/lib/jvm/java-6-openjdk-common/jre/lib/ext/localedata.jar
7f85bb0bc000-7f85bb0bd000 r--s 00007000 08:03 855                        /usr/share/java/java-atk-wrapper.jar
7f85bb0bd000-7f85bb0c0000 r--s 00031000 08:03 1966581                    /usr/lib/jvm/java-6-openjdk-common/jre/lib/ext/sunjce_provider.jar
7f85bb0c0000-7f85bb0c2000 r--s 00001000 08:03 1966580                    /usr/lib/jvm/java-6-openjdk-common/jre/lib/ext/dnsns.jar
7f85bb0c2000-7f85bb0c6000 r--s 00039000 08:03 1966575                    /usr/lib/jvm/java-6-openjdk-common/jre/lib/ext/sunpkcs11.jar
7f85bb0c6000-7f85bb0ce000 rw-s 00000000 08:03 2636919                    /tmp/hsperfdata_oleg/8890
7f85bb0ce000-7f85bb0cf000 rw-p 00000000 00:00 0 
7f85bb0cf000-7f85bb0d0000 r--p 00000000 00:00 0 
7f85bb0d0000-7f85bb0d2000 rw-p 00000000 00:00 0 
7f85bb0d2000-7f85bb0d3000 r--p 00022000 08:03 3044460                    /lib/x86_64-linux-gnu/ld-2.15.so
7f85bb0d3000-7f85bb0d5000 rw-p 00023000 08:03 3044460                    /lib/x86_64-linux-gnu/ld-2.15.so
7fffb1100000-7fffb1121000 rw-p 00000000 00:00 0                          [stack]
7fffb11ff000-7fffb1200000 r-xp 00000000 00:00 0                          [vdso]
ffffffffff600000-ffffffffff601000 r-xp 00000000 00:00 0                  [vsyscall]

VM Arguments:
jvm_args: -Dant.home=/usr/share/ant -Dant.library.dir=/usr/share/ant/lib 
java_command: org.apache.tools.ant.launch.Launcher -cp  debug -f /home/oleg/CordovaMapsSample/platforms/android/build.xml -Dout.dir=ant-build -Dgen.absolute.dir=ant-gen
Launcher Type: SUN_STANDARD

Environment Variables:
PATH=/home/oleg/.rvm/gems/ruby-1.9.3-p327/bin:/home/oleg/.rvm/gems/ruby-1.9.3-p327@global/bin:/home/oleg/.rvm/rubies/ruby-1.9.3-p327/bin:/home/oleg/.rvm/bin:/usr/lib/lightdm/lightdm:/usr/local/sbin:/usr/local/bin:/usr/sbin:/usr/bin:/sbin:/bin:/usr/games:/home/oleg/sdk/platform-tools:/home/oleg/sdk/tools
LD_LIBRARY_PATH=/usr/lib/jvm/java-6-openjdk-amd64/jre/lib/amd64/server:/usr/lib/jvm/java-6-openjdk-amd64/jre/lib/amd64:/usr/lib/jvm/java-6-openjdk-amd64/jre/../lib/amd64
SHELL=/bin/bash
DISPLAY=:1.0

Signal Handlers:
SIGSEGV: [libjvm.so+0x7837c0], sa_mask[0]=0x7ffbfeff, sa_flags=0x10000004
SIGBUS: [libjvm.so+0x7837c0], sa_mask[0]=0x7ffbfeff, sa_flags=0x10000004
SIGFPE: [libjvm.so+0x647740], sa_mask[0]=0x7ffbfeff, sa_flags=0x10000004
SIGPIPE: [libjvm.so+0x647740], sa_mask[0]=0x7ffbfeff, sa_flags=0x10000004
SIGXFSZ: [libjvm.so+0x647740], sa_mask[0]=0x7ffbfeff, sa_flags=0x10000004
SIGILL: [libjvm.so+0x647740], sa_mask[0]=0x7ffbfeff, sa_flags=0x10000004
SIGUSR1: SIG_DFL, sa_mask[0]=0x00000000, sa_flags=0x00000000
SIGUSR2: [libjvm.so+0x647920], sa_mask[0]=0x00000000, sa_flags=0x10000004
SIGHUP: [libjvm.so+0x64a2f0], sa_mask[0]=0x7ffbfeff, sa_flags=0x10000004
SIGINT: [libjvm.so+0x64a2f0], sa_mask[0]=0x7ffbfeff, sa_flags=0x10000004
SIGTERM: [libjvm.so+0x64a2f0], sa_mask[0]=0x7ffbfeff, sa_flags=0x10000004
SIGQUIT: [libjvm.so+0x64a2f0], sa_mask[0]=0x7ffbfeff, sa_flags=0x10000004


---------------  S Y S T E M  ---------------

OS:Ubuntu 12.04 (precise)
uname:Linux 3.2.0-58-generic #88-Ubuntu SMP Tue Dec 3 17:37:58 UTC 2013 x86_64
libc:glibc 2.15 NPTL 2.15 
rlimit: STACK 8192k, CORE 0k, NPROC 79359, NOFILE 4096, AS infinity
load average:2.80 2.21 2.05

/proc/meminfo:
MemTotal:       10241552 kB
MemFree:         3021196 kB
Buffers:          191536 kB
Cached:          2522928 kB
SwapCached:            0 kB
Active:          4281528 kB
Inactive:        2143584 kB
Active(anon):    3713008 kB
Inactive(anon):    35736 kB
Active(file):     568520 kB
Inactive(file):  2107848 kB
Unevictable:          32 kB
Mlocked:              32 kB
SwapTotal:       6894588 kB
SwapFree:        6894588 kB
Dirty:              7356 kB
Writeback:             0 kB
AnonPages:       3710604 kB
Mapped:           552512 kB
Shmem:             38108 kB
Slab:             166220 kB
SReclaimable:     123184 kB
SUnreclaim:        43036 kB
KernelStack:        6848 kB
PageTables:        82376 kB
NFS_Unstable:          0 kB
Bounce:                0 kB
WritebackTmp:          0 kB
CommitLimit:    12015364 kB
Committed_AS:   10694968 kB
VmallocTotal:   34359738367 kB
VmallocUsed:      330348 kB
VmallocChunk:   34359405748 kB
HardwareCorrupted:     0 kB
AnonHugePages:         0 kB
HugePages_Total:       0
HugePages_Free:        0
HugePages_Rsvd:        0
HugePages_Surp:        0
Hugepagesize:       2048 kB
DirectMap4k:      229952 kB
DirectMap2M:     3962880 kB
DirectMap1G:     6291456 kB


CPU:total 2 (2 cores per cpu, 1 threads per core) family 16 model 6 stepping 3, cmov, cx8, fxsr, mmx, sse, sse2, sse3, popcnt, mmxext, 3dnowpref, lzcnt, sse4a

Memory: 4k page, physical 10241552k(3021196k free), swap 6894588k(6894588k free)

vm_info: OpenJDK 64-Bit Server VM (20.0-b12) for linux-amd64 JRE (1.6.0_27-b27), built on Nov 16 2013 15:13:05 by "buildd" with gcc 4.6.3

time: Mon Apr 21 18:47:22 2014
elapsed time: 5 seconds

