#
# A fatal error has been detected by the Java Runtime Environment:
#
#  SIGSEGV (0xb) at pc=0x00007febfd82b5ff, pid=32145, tid=140651570341632
#
# JRE version: 6.0_27-b27
# Java VM: OpenJDK 64-Bit Server VM (20.0-b12 mixed mode linux-amd64 compressed oops)
# Derivative: IcedTea6 1.12.6
# Distribution: Ubuntu 12.04 LTS, package 6b27-1.12.6-1ubuntu0.12.04.4
# Problematic frame:
# V  [libjvm.so+0x3b45ff]  constantPoolOopDesc::klass_name_at(int)+0x4f
#
# If you would like to submit a bug report, please include
# instructions how to reproduce the bug and visit:
#   https://bugs.launchpad.net/ubuntu/+source/openjdk-6/
#

---------------  T H R E A D  ---------------

Current thread (0x00007febf8007800):  JavaThread "Unknown thread" [_thread_in_vm, id=32149, stack(0x00007febfed32000,0x00007febfee33000)]

siginfo:si_signo=SIGSEGV: si_errno=0, si_code=128 (), si_addr=0x0000000000000000

Registers:
RAX=0x00007febfe01afaa, RBX=0x0002000759402170, RCX=0x0000000759401f48, RDX=0x00007febfe006850
RSP=0x00007febfee311f0, RBP=0x00007febfee31200, RSI=0x0000000000000057, RDI=0x00000007594947c0
R8 =0x0000000000000000, R9 =0x000000075940cdd8, R10=0x0000000000000002, R11=0x00007febf803f118
R12=0x000000000000000c, R13=0x0000000000200031, R14=0x0000000000000000, R15=0x0000000000000000
RIP=0x00007febfd82b5ff, EFLAGS=0x0000000000010202, CSGSFS=0x0000000000000033, ERR=0x0000000000000000
  TRAPNO=0x000000000000000d

Top of Stack: (sp=0x00007febfee311f0)
0x00007febfee311f0:   000000000000000c 00007febfe01afaa
0x00007febfee31200:   00007febfee31260 00007febfd8f13c4
0x00007febfee31210:   00007febf803f588 0000000759408d20
0x00007febfee31220:   00007febf803f590 0000000000000000
0x00007febfee31230:   00007febfee31260 00007febfee316e0
0x00007febfee31240:   00007febf8056520 00007febf8007800
0x00007febfee31250:   0000000000000000 00007febf803ee20
0x00007febfee31260:   00007febfee315e0 00007febfd7c831f
0x00007febfee31270:   00007febf803e948 00000007594968d8
0x00007febfee31280:   00007febf8007800 000000000000004d
0x00007febfee31290:   00007feb00000002 00007febfe038d00
0x00007febfee312a0:   0000000000000056 00007febf8007800
0x00007febfee312b0:   00007febfee316e0 00007febf803ee20
0x00007febfee312c0:   00007febf8056520 00000033000001e3
0x00007febfee312d0:   0000000000000000 00007febf803ee28
0x00007febfee312e0:   0000000e000002ac 00007febf803e958
0x00007febfee312f0:   0000000400000000 01007feb00000270
0x00007febfee31300:   000002df00000005 00007febf8056560
0x00007febfee31310:   00007febf8056550 0000000e00000000
0x00007febfee31320:   0000000c00000274 00007febf803e110
0x00007febfee31330:   0000000000000280 00000000000003ce
0x00007febfee31340:   00007febf803e958 000001e300000000
0x00007febfee31350:   0000000c00000004 000002acf8053c70
0x00007febfee31360:   0000029c0000000e 0020003100000001
0x00007febfee31370:   0000000000000280 00007febf803e1e0
0x00007febfee31380:   0000000000000000 0000000000000000
0x00007febfee31390:   0000000000000031 0000000000000000
0x00007febfee313a0:   0000000000000000 0000000000006e5a
0x00007febfee313b0:   0000028000000001 00007febf800af20
0x00007febfee313c0:   00007febf800af90 0000000000000000
0x00007febfee313d0:   00007febf8008ef4 00007febf8008f10
0x00007febfee313e0:   ffffffff00000001 0000000000003673 

Instructions: (pc=0x00007febfd82b5ff)
0x00007febfd82b5df:   84 c0 74 07 48 8b 9b 80 00 00 00 48 83 c4 08 48
0x00007febfd82b5ef:   89 d8 5b 5d c3 0f 1f 40 00 48 8b 15 69 41 7c 00
0x00007febfd82b5ff:   8b 43 08 8b 4a 08 48 d3 e0 48 03 02 eb c4 90 66
0x00007febfd82b60f:   90 55 31 d2 48 89 e5 53 48 89 fb 48 83 ec 08 e8 

Stack: [0x00007febfed32000,0x00007febfee33000],  sp=0x00007febfee311f0,  free space=1020k
Native frames: (J=compiled Java code, j=interpreted, Vv=VM code, C=native code)
V  [libjvm.so+0x3b45ff]  constantPoolOopDesc::klass_name_at(int)+0x4f
V  [libjvm.so+0x47a3c4]  instanceKlass::compute_modifier_flags(Thread*) const+0xa4
V  [libjvm.so+0x35131f]  ClassFileParser::parseClassFile(symbolHandle, Handle, Handle, KlassHandle, GrowableArray<Handle>*, symbolHandle&, bool, Thread*)+0x1f7f
V  [libjvm.so+0x354b63]  ClassLoader::load_classfile(symbolHandle, Thread*)+0x1f3
V  [libjvm.so+0x71ad84]  SystemDictionary::load_instance_class(symbolHandle, Handle, Thread*)+0x354
V  [libjvm.so+0x719480]  SystemDictionary::resolve_instance_class_or_null(symbolHandle, Handle, Handle, Thread*)+0x7c0
V  [libjvm.so+0x71b413]  SystemDictionary::resolve_or_fail(symbolHandle, Handle, Handle, bool, Thread*)+0x33
V  [libjvm.so+0x71b4f4]  SystemDictionary::resolve_or_fail(symbolHandle, bool, Thread*)+0x14
V  [libjvm.so+0x71b5a0]  SystemDictionary::initialize_wk_klass(SystemDictionary::WKID, int, Thread*)+0xa0
V  [libjvm.so+0x71b609]  SystemDictionary::initialize_wk_klasses_until(SystemDictionary::WKID, SystemDictionary::WKID&, Thread*)+0x59
V  [libjvm.so+0x71b810]  SystemDictionary::initialize_preloaded_classes(Thread*)+0x180
V  [libjvm.so+0x75ee1f]  Universe::genesis(Thread*)+0x11f
V  [libjvm.so+0x75f7cf]  universe2_init()+0x1f
V  [libjvm.so+0x472de5]  init_globals()+0x95
V  [libjvm.so+0x74961a]  Threads::create_vm(JavaVMInitArgs*, bool*)+0x1ea
V  [libjvm.so+0x4cccb1]  JNI_CreateJavaVM+0x61
C  [java+0x31ae]  JavaMain+0x7e


---------------  P R O C E S S  ---------------

Java Threads: ( => current thread )

Other Threads:

=>0x00007febf8007800 (exited) JavaThread "Unknown thread" [_thread_in_vm, id=32149, stack(0x00007febfed32000,0x00007febfee33000)]

VM state:not at safepoint (not fully initialized)

VM Mutex/Monitor currently owned by a thread: None

Dynamic libraries:
00400000-00409000 r-xp 00000000 08:03 1971074                            /usr/lib/jvm/java-6-openjdk-amd64/jre/bin/java
00608000-00609000 r--p 00008000 08:03 1971074                            /usr/lib/jvm/java-6-openjdk-amd64/jre/bin/java
00609000-0060a000 rw-p 00009000 08:03 1971074                            /usr/lib/jvm/java-6-openjdk-amd64/jre/bin/java
01709000-0172a000 rw-p 00000000 00:00 0                                  [heap]
759400000-75a8c0000 rw-p 00000000 00:00 0 
75a8c0000-763a00000 rw-p 00000000 00:00 0 
763a00000-76a240000 rw-p 00000000 00:00 0 
76a240000-7cbe00000 rw-p 00000000 00:00 0 
7cbe00000-7cf210000 rw-p 00000000 00:00 0 
7cf210000-800000000 rw-p 00000000 00:00 0 
7febe8000000-7febe8021000 rw-p 00000000 00:00 0 
7febe8021000-7febec000000 ---p 00000000 00:00 0 
7febefe6c000-7febf0000000 r--s 03822000 08:03 1971068                    /usr/lib/jvm/java-6-openjdk-amd64/jre/lib/rt.jar
7febf0000000-7febf0021000 rw-p 00000000 00:00 0 
7febf0021000-7febf4000000 ---p 00000000 00:00 0 
7febf4065000-7febf4066000 ---p 00000000 00:00 0 
7febf4066000-7febf419b000 rw-p 00000000 00:00 0 
7febf419b000-7febf44a8000 rw-p 00000000 00:00 0 
7febf44a8000-7febf44b3000 rw-p 00000000 00:00 0 
7febf44b3000-7febf44fb000 rw-p 00000000 00:00 0 
7febf44fb000-7febf4530000 rw-p 00000000 00:00 0 
7febf4530000-7febf483d000 rw-p 00000000 00:00 0 
7febf483d000-7febf4858000 rw-p 00000000 00:00 0 
7febf4858000-7febf49de000 rw-p 00000000 00:00 0 
7febf49de000-7febf49df000 rw-p 00000000 00:00 0 
7febf49df000-7febf4c4f000 rwxp 00000000 00:00 0 
7febf4c4f000-7febf79df000 rw-p 00000000 00:00 0 
7febf79df000-7febf79e6000 r-xp 00000000 08:03 1966625                    /usr/lib/jvm/java-6-openjdk-amd64/jre/lib/amd64/libzip.so
7febf79e6000-7febf7be5000 ---p 00007000 08:03 1966625                    /usr/lib/jvm/java-6-openjdk-amd64/jre/lib/amd64/libzip.so
7febf7be5000-7febf7be6000 r--p 00006000 08:03 1966625                    /usr/lib/jvm/java-6-openjdk-amd64/jre/lib/amd64/libzip.so
7febf7be6000-7febf7be7000 rw-p 00007000 08:03 1966625                    /usr/lib/jvm/java-6-openjdk-amd64/jre/lib/amd64/libzip.so
7febf7be7000-7febf7bf3000 r-xp 00000000 08:03 3044450                    /lib/x86_64-linux-gnu/libnss_files-2.15.so
7febf7bf3000-7febf7df2000 ---p 0000c000 08:03 3044450                    /lib/x86_64-linux-gnu/libnss_files-2.15.so
7febf7df2000-7febf7df3000 r--p 0000b000 08:03 3044450                    /lib/x86_64-linux-gnu/libnss_files-2.15.so
7febf7df3000-7febf7df4000 rw-p 0000c000 08:03 3044450                    /lib/x86_64-linux-gnu/libnss_files-2.15.so
7febf7df4000-7febf7dfe000 r-xp 00000000 08:03 3044454                    /lib/x86_64-linux-gnu/libnss_nis-2.15.so
7febf7dfe000-7febf7ffe000 ---p 0000a000 08:03 3044454                    /lib/x86_64-linux-gnu/libnss_nis-2.15.so
7febf7ffe000-7febf7fff000 r--p 0000a000 08:03 3044454                    /lib/x86_64-linux-gnu/libnss_nis-2.15.so
7febf7fff000-7febf8000000 rw-p 0000b000 08:03 3044454                    /lib/x86_64-linux-gnu/libnss_nis-2.15.so
7febf8000000-7febf8082000 rw-p 00000000 00:00 0 
7febf8082000-7febfc000000 ---p 00000000 00:00 0 
7febfc04c000-7febfc0a7000 rw-p 00000000 00:00 0 
7febfc0a7000-7febfc0a8000 ---p 00000000 00:00 0 
7febfc0a8000-7febfc1b3000 rw-p 00000000 00:00 0 
7febfc1b3000-7febfc1fb000 rw-p 00000000 00:00 0 
7febfc1fb000-7febfc212000 r-xp 00000000 08:03 3044470                    /lib/x86_64-linux-gnu/libnsl-2.15.so
7febfc212000-7febfc411000 ---p 00017000 08:03 3044470                    /lib/x86_64-linux-gnu/libnsl-2.15.so
7febfc411000-7febfc412000 r--p 00016000 08:03 3044470                    /lib/x86_64-linux-gnu/libnsl-2.15.so
7febfc412000-7febfc413000 rw-p 00017000 08:03 3044470                    /lib/x86_64-linux-gnu/libnsl-2.15.so
7febfc413000-7febfc415000 rw-p 00000000 00:00 0 
7febfc415000-7febfc41d000 r-xp 00000000 08:03 3044448                    /lib/x86_64-linux-gnu/libnss_compat-2.15.so
7febfc41d000-7febfc61c000 ---p 00008000 08:03 3044448                    /lib/x86_64-linux-gnu/libnss_compat-2.15.so
7febfc61c000-7febfc61d000 r--p 00007000 08:03 3044448                    /lib/x86_64-linux-gnu/libnss_compat-2.15.so
7febfc61d000-7febfc61e000 rw-p 00008000 08:03 3044448                    /lib/x86_64-linux-gnu/libnss_compat-2.15.so
7febfc61e000-7febfc64a000 r-xp 00000000 08:03 1966620                    /usr/lib/jvm/java-6-openjdk-amd64/jre/lib/amd64/libjava.so
7febfc64a000-7febfc849000 ---p 0002c000 08:03 1966620                    /usr/lib/jvm/java-6-openjdk-amd64/jre/lib/amd64/libjava.so
7febfc849000-7febfc84a000 r--p 0002b000 08:03 1966620                    /usr/lib/jvm/java-6-openjdk-amd64/jre/lib/amd64/libjava.so
7febfc84a000-7febfc84d000 rw-p 0002c000 08:03 1966620                    /usr/lib/jvm/java-6-openjdk-amd64/jre/lib/amd64/libjava.so
7febfc84d000-7febfc85b000 r-xp 00000000 08:03 1966637                    /usr/lib/jvm/java-6-openjdk-amd64/jre/lib/amd64/libverify.so
7febfc85b000-7febfca5a000 ---p 0000e000 08:03 1966637                    /usr/lib/jvm/java-6-openjdk-amd64/jre/lib/amd64/libverify.so
7febfca5a000-7febfca5c000 r--p 0000d000 08:03 1966637                    /usr/lib/jvm/java-6-openjdk-amd64/jre/lib/amd64/libverify.so
7febfca5c000-7febfca5d000 rw-p 0000f000 08:03 1966637                    /usr/lib/jvm/java-6-openjdk-amd64/jre/lib/amd64/libverify.so
7febfca5d000-7febfca64000 r-xp 00000000 08:03 3044453                    /lib/x86_64-linux-gnu/librt-2.15.so
7febfca64000-7febfcc63000 ---p 00007000 08:03 3044453                    /lib/x86_64-linux-gnu/librt-2.15.so
7febfcc63000-7febfcc64000 r--p 00006000 08:03 3044453                    /lib/x86_64-linux-gnu/librt-2.15.so
7febfcc64000-7febfcc65000 rw-p 00007000 08:03 3044453                    /lib/x86_64-linux-gnu/librt-2.15.so
7febfcc65000-7febfcc7a000 r-xp 00000000 08:03 3018368                    /lib/x86_64-linux-gnu/libgcc_s.so.1
7febfcc7a000-7febfce79000 ---p 00015000 08:03 3018368                    /lib/x86_64-linux-gnu/libgcc_s.so.1
7febfce79000-7febfce7a000 r--p 00014000 08:03 3018368                    /lib/x86_64-linux-gnu/libgcc_s.so.1
7febfce7a000-7febfce7b000 rw-p 00015000 08:03 3018368                    /lib/x86_64-linux-gnu/libgcc_s.so.1
7febfce7b000-7febfcf76000 r-xp 00000000 08:03 3044459                    /lib/x86_64-linux-gnu/libm-2.15.so
7febfcf76000-7febfd175000 ---p 000fb000 08:03 3044459                    /lib/x86_64-linux-gnu/libm-2.15.so
7febfd175000-7febfd176000 r--p 000fa000 08:03 3044459                    /lib/x86_64-linux-gnu/libm-2.15.so
7febfd176000-7febfd177000 rw-p 000fb000 08:03 3044459                    /lib/x86_64-linux-gnu/libm-2.15.so
7febfd177000-7febfd259000 r-xp 00000000 08:03 6168267                    /usr/lib/x86_64-linux-gnu/libstdc++.so.6.0.16
7febfd259000-7febfd458000 ---p 000e2000 08:03 6168267                    /usr/lib/x86_64-linux-gnu/libstdc++.so.6.0.16
7febfd458000-7febfd460000 r--p 000e1000 08:03 6168267                    /usr/lib/x86_64-linux-gnu/libstdc++.so.6.0.16
7febfd460000-7febfd462000 rw-p 000e9000 08:03 6168267                    /usr/lib/x86_64-linux-gnu/libstdc++.so.6.0.16
7febfd462000-7febfd477000 rw-p 00000000 00:00 0 
7febfd477000-7febfdd77000 r-xp 00000000 08:03 1966652                    /usr/lib/jvm/java-6-openjdk-amd64/jre/lib/amd64/server/libjvm.so
7febfdd77000-7febfdf77000 ---p 00900000 08:03 1966652                    /usr/lib/jvm/java-6-openjdk-amd64/jre/lib/amd64/server/libjvm.so
7febfdf77000-7febfdff8000 r--p 00900000 08:03 1966652                    /usr/lib/jvm/java-6-openjdk-amd64/jre/lib/amd64/server/libjvm.so
7febfdff8000-7febfe013000 rw-p 00981000 08:03 1966652                    /usr/lib/jvm/java-6-openjdk-amd64/jre/lib/amd64/server/libjvm.so
7febfe013000-7febfe03c000 rw-p 00000000 00:00 0 
7febfe03c000-7febfe052000 r-xp 00000000 08:03 3018458                    /lib/x86_64-linux-gnu/libz.so.1.2.3.4
7febfe052000-7febfe251000 ---p 00016000 08:03 3018458                    /lib/x86_64-linux-gnu/libz.so.1.2.3.4
7febfe251000-7febfe252000 r--p 00015000 08:03 3018458                    /lib/x86_64-linux-gnu/libz.so.1.2.3.4
7febfe252000-7febfe253000 rw-p 00016000 08:03 3018458                    /lib/x86_64-linux-gnu/libz.so.1.2.3.4
7febfe253000-7febfe408000 r-xp 00000000 08:03 3044446                    /lib/x86_64-linux-gnu/libc-2.15.so
7febfe408000-7febfe608000 ---p 001b5000 08:03 3044446                    /lib/x86_64-linux-gnu/libc-2.15.so
7febfe608000-7febfe60c000 r--p 001b5000 08:03 3044446                    /lib/x86_64-linux-gnu/libc-2.15.so
7febfe60c000-7febfe60e000 rw-p 001b9000 08:03 3044446                    /lib/x86_64-linux-gnu/libc-2.15.so
7febfe60e000-7febfe613000 rw-p 00000000 00:00 0 
7febfe613000-7febfe615000 r-xp 00000000 08:03 3044463                    /lib/x86_64-linux-gnu/libdl-2.15.so
7febfe615000-7febfe815000 ---p 00002000 08:03 3044463                    /lib/x86_64-linux-gnu/libdl-2.15.so
7febfe815000-7febfe816000 r--p 00002000 08:03 3044463                    /lib/x86_64-linux-gnu/libdl-2.15.so
7febfe816000-7febfe817000 rw-p 00003000 08:03 3044463                    /lib/x86_64-linux-gnu/libdl-2.15.so
7febfe817000-7febfe81b000 r-xp 00000000 08:03 1966795                    /usr/lib/jvm/java-6-openjdk-amd64/jre/lib/amd64/jli/libjli.so
7febfe81b000-7febfea1a000 ---p 00004000 08:03 1966795                    /usr/lib/jvm/java-6-openjdk-amd64/jre/lib/amd64/jli/libjli.so
7febfea1a000-7febfea1b000 r--p 00003000 08:03 1966795                    /usr/lib/jvm/java-6-openjdk-amd64/jre/lib/amd64/jli/libjli.so
7febfea1b000-7febfea1c000 rw-p 00004000 08:03 1966795                    /usr/lib/jvm/java-6-openjdk-amd64/jre/lib/amd64/jli/libjli.so
7febfea1c000-7febfea34000 r-xp 00000000 08:03 3044455                    /lib/x86_64-linux-gnu/libpthread-2.15.so
7febfea34000-7febfec33000 ---p 00018000 08:03 3044455                    /lib/x86_64-linux-gnu/libpthread-2.15.so
7febfec33000-7febfec34000 r--p 00017000 08:03 3044455                    /lib/x86_64-linux-gnu/libpthread-2.15.so
7febfec34000-7febfec35000 rw-p 00018000 08:03 3044455                    /lib/x86_64-linux-gnu/libpthread-2.15.so
7febfec35000-7febfec39000 rw-p 00000000 00:00 0 
7febfec39000-7febfec5b000 r-xp 00000000 08:03 3044460                    /lib/x86_64-linux-gnu/ld-2.15.so
7febfec72000-7febfec7c000 rw-p 00000000 00:00 0 
7febfec7c000-7febfed32000 rw-p 00000000 00:00 0 
7febfed32000-7febfed35000 ---p 00000000 00:00 0 
7febfed35000-7febfee38000 rw-p 00000000 00:00 0 
7febfee4f000-7febfee57000 rw-s 00000000 08:03 2638054                    /tmp/hsperfdata_oleg/32145
7febfee57000-7febfee58000 rw-p 00000000 00:00 0 
7febfee58000-7febfee59000 r--p 00000000 00:00 0 
7febfee59000-7febfee5b000 rw-p 00000000 00:00 0 
7febfee5b000-7febfee5c000 r--p 00022000 08:03 3044460                    /lib/x86_64-linux-gnu/ld-2.15.so
7febfee5c000-7febfee5e000 rw-p 00023000 08:03 3044460                    /lib/x86_64-linux-gnu/ld-2.15.so
7fff0f198000-7fff0f1b9000 rw-p 00000000 00:00 0                          [stack]
7fff0f1ff000-7fff0f200000 r-xp 00000000 00:00 0                          [vdso]
ffffffffff600000-ffffffffff601000 r-xp 00000000 00:00 0                  [vsyscall]

VM Arguments:
java_command: <unknown>
Launcher Type: SUN_STANDARD

Environment Variables:
PATH=/home/oleg/.rvm/gems/ruby-1.9.3-p327/bin:/home/oleg/.rvm/gems/ruby-1.9.3-p327@global/bin:/home/oleg/.rvm/rubies/ruby-1.9.3-p327/bin:/home/oleg/.rvm/bin:/usr/lib/lightdm/lightdm:/usr/local/sbin:/usr/local/bin:/usr/sbin:/usr/bin:/sbin:/bin:/usr/games:/home/oleg/sdk/platform-tools:/home/oleg/sdk/tools
LD_LIBRARY_PATH=/usr/lib/jvm/java-6-openjdk-amd64/jre/lib/amd64/server:/usr/lib/jvm/java-6-openjdk-amd64/jre/lib/amd64:/usr/lib/jvm/java-6-openjdk-amd64/jre/../lib/amd64
SHELL=/bin/bash
DISPLAY=:0.0

Signal Handlers:
SIGSEGV: [libjvm.so+0x7837c0], sa_mask[0]=0x7ffbfeff, sa_flags=0x10000004
SIGBUS: [libjvm.so+0x7837c0], sa_mask[0]=0x7ffbfeff, sa_flags=0x10000004
SIGFPE: [libjvm.so+0x647740], sa_mask[0]=0x7ffbfeff, sa_flags=0x10000004
SIGPIPE: [libjvm.so+0x647740], sa_mask[0]=0x7ffbfeff, sa_flags=0x10000004
SIGXFSZ: [libjvm.so+0x647740], sa_mask[0]=0x7ffbfeff, sa_flags=0x10000004
SIGILL: [libjvm.so+0x647740], sa_mask[0]=0x7ffbfeff, sa_flags=0x10000004
SIGUSR1: SIG_DFL, sa_mask[0]=0x00000000, sa_flags=0x00000000
SIGUSR2: [libjvm.so+0x647920], sa_mask[0]=0x00000000, sa_flags=0x10000004
SIGHUP: SIG_DFL, sa_mask[0]=0x00000000, sa_flags=0x00000000
SIGINT: SIG_DFL, sa_mask[0]=0x00000000, sa_flags=0x00000000
SIGTERM: SIG_DFL, sa_mask[0]=0x00000000, sa_flags=0x00000000
SIGQUIT: SIG_DFL, sa_mask[0]=0x00000000, sa_flags=0x00000000


---------------  S Y S T E M  ---------------

OS:Ubuntu 12.04 (precise)
uname:Linux 3.2.0-58-generic #88-Ubuntu SMP Tue Dec 3 17:37:58 UTC 2013 x86_64
libc:glibc 2.15 NPTL 2.15 
rlimit: STACK 8192k, CORE 0k, NPROC 79359, NOFILE 4096, AS infinity
load average:2.87 2.26 2.22

/proc/meminfo:
MemTotal:       10241552 kB
MemFree:          567284 kB
Buffers:          369296 kB
Cached:          3867320 kB
SwapCached:          236 kB
Active:          6076000 kB
Inactive:        2516196 kB
Active(anon):    3925484 kB
Inactive(anon):   494564 kB
Active(file):    2150516 kB
Inactive(file):  2021632 kB
Unevictable:          48 kB
Mlocked:              48 kB
SwapTotal:       6894588 kB
SwapFree:        6893572 kB
Dirty:              2840 kB
Writeback:             0 kB
AnonPages:       4355348 kB
Mapped:           655348 kB
Shmem:             64368 kB
Slab:             419760 kB
SReclaimable:     374924 kB
SUnreclaim:        44836 kB
KernelStack:        6624 kB
PageTables:        85132 kB
NFS_Unstable:          0 kB
Bounce:                0 kB
WritebackTmp:          0 kB
CommitLimit:    12015364 kB
Committed_AS:   11339524 kB
VmallocTotal:   34359738367 kB
VmallocUsed:      330352 kB
VmallocChunk:   34359405908 kB
HardwareCorrupted:     0 kB
AnonHugePages:         0 kB
HugePages_Total:       0
HugePages_Free:        0
HugePages_Rsvd:        0
HugePages_Surp:        0
Hugepagesize:       2048 kB
DirectMap4k:      248384 kB
DirectMap2M:     9187328 kB
DirectMap1G:     1048576 kB


CPU:total 2 (2 cores per cpu, 1 threads per core) family 16 model 6 stepping 3, cmov, cx8, fxsr, mmx, sse, sse2, sse3, popcnt, mmxext, 3dnowpref, lzcnt, sse4a

Memory: 4k page, physical 10241552k(567284k free), swap 6894588k(6893572k free)

vm_info: OpenJDK 64-Bit Server VM (20.0-b12) for linux-amd64 JRE (1.6.0_27-b27), built on Nov 16 2013 15:13:05 by "buildd" with gcc 4.6.3

time: Mon Apr 21 17:34:03 2014
elapsed time: 0 seconds

