#
# A fatal error has been detected by the Java Runtime Environment:
#
#  SIGSEGV (0xb) at pc=0x00007f46e77f0737, pid=32408, tid=139942529500928
#
# JRE version: 6.0_27-b27
# Java VM: OpenJDK 64-Bit Server VM (20.0-b12 mixed mode linux-amd64 compressed oops)
# Derivative: IcedTea6 1.12.6
# Distribution: Ubuntu 12.04 LTS, package 6b27-1.12.6-1ubuntu0.12.04.4
# Problematic frame:
# V  [libjvm.so+0x583737]  klassVtable::update_inherited_vtable(instanceKlass*, methodHandle, int, bool, Thread*)+0xa7
#
# If you would like to submit a bug report, please include
# instructions how to reproduce the bug and visit:
#   https://bugs.launchpad.net/ubuntu/+source/openjdk-6/
#

---------------  T H R E A D  ---------------

Current thread (0x00007f46e0007800):  JavaThread "Unknown thread" [_thread_in_vm, id=32411, stack(0x00007f46e8b28000,0x00007f46e8c29000)]

siginfo:si_signo=SIGSEGV: si_errno=0, si_code=128 (), si_addr=0x0000000000000000

Registers:
RAX=0x0000000759477900, RBX=0x00007f46e003fc98, RCX=0x00007f46e7e2ed00, RDX=0x00a6000759477c58
RSP=0x00007f46e8c27950, RBP=0x00007f46e8c27a20, RSI=0x0000000000000001, RDI=0x0000000000000010
R8 =0x0000000000000000, R9 =0x00007f46e0007800, R10=0x0000000000000030, R11=0x000000075947aa20
R12=0x00007f46e0008570, R13=0x00007f46e0007800, R14=0x00007f46e0008570, R15=0x00007f46e003fc98
RIP=0x00007f46e77f0737, EFLAGS=0x0000000000010202, CSGSFS=0x0000000000000033, ERR=0x0000000000000000
  TRAPNO=0x000000000000000d

Top of Stack: (sp=0x00007f46e8c27950)
0x00007f46e8c27950:   00007f46e8c27980 00007f46e74a1c83
0x00007f46e8c27960:   00007f46e0005060 0000000000007fd8
0x00007f46e8c27970:   0000000000000000 00007f46e8c27a80
0x00007f46e8c27980:   00007f46e0008618 00007f46e0008590
0x00007f46e8c27990:   00007f46e003fcb0 00000007594789b0
0x00007f46e8c279a0:   00007f46e0008230 00007f46e003fca8
0x00007f46e8c279b0:   00007f46e003fc98 0000000759408d00
0x00007f46e8c279c0:   0000000000000005 0000000000000000
0x00007f46e8c279d0:   00007f46e0007800 00007f46e0005060
0x00007f46e8c279e0:   00007f4600000005 0000000000000004
0x00007f46e8c279f0:   00007f46e0007800 00007f46e003fc98
0x00007f46e8c27a00:   0000000759477ca8 00007f46e0007800
0x00007f46e8c27a10:   00007f46e0008570 0000000000000004
0x00007f46e8c27a20:   00007f46e8c27ac0 00007f46e77f3bcf
0x00007f46e8c27a30:   00007f46e003ab50 0000000000000048
0x00007f46e8c27a40:   0000000500000000 00007f46e003fc90
0x00007f46e8c27a50:   00007f46e0007800 00007f46e0005090
0x00007f46e8c27a60:   00007f46e003ab50 00007f46e003fc98
0x00007f46e8c27a70:   00007f46e0042b38 00007f46e8c27bd0
0x00007f46e8c27a80:   0000000000000006 00007f46e003fc78
0x00007f46e8c27a90:   00007f46e8c27ac0 00007f46e0007800
0x00007f46e8c27aa0:   00000007594789a0 00000007594789b0
0x00007f46e8c27ab0:   00007f46e003fc70 00007f46e0008240
0x00007f46e8c27ac0:   00007f46e8c27af0 00007f46e79c9e5b
0x00007f46e8c27ad0:   00007f46e0007800 00000007594789a0
0x00007f46e8c27ae0:   00007f46e0005090 00007f46e003fc70
0x00007f46e8c27af0:   00007f46e8c27b20 00007f46e79c9ec7
0x00007f46e8c27b00:   00007f46e0005060 00007f46e0008230
0x00007f46e8c27b10:   00007f46e7df0b18 00007f46e0008618
0x00007f46e8c27b20:   00007f46e8c27bc0 00007f46e79cb297
0x00007f46e8c27b30:   00007f46e7a45cd3 00007f46e7a45cd8
0x00007f46e8c27b40:   00007f46e0007800 00007f46e7a45ce2 

Instructions: (pc=0x00007f46e77f0737)
0x00007f46e77f0717:   03 00 00 31 c0 4d 85 ff 74 03 49 8b 07 48 8b 50
0x00007f46e77f0727:   10 48 8b 0d 61 6a 5f 00 48 8b 40 18 c6 45 98 00
0x00007f46e77f0737:   0f b7 52 40 48 8b 89 20 06 00 00 48 39 4c d0 40
0x00007f46e77f0747:   0f 84 e3 02 00 00 48 8b 85 78 ff ff ff f6 80 8c 

Register to memory mapping:

RAX=0x0000000759477900 is an oop
{constant pool} 
 - klass: {other class}
 - cache: 0x0000000000000000
 -   1 : 
[error occurred during error reporting (printing register info), id 0xb]

Stack: [0x00007f46e8b28000,0x00007f46e8c29000],  sp=0x00007f46e8c27950,  free space=1022k
Native frames: (J=compiled Java code, j=interpreted, Vv=VM code, C=native code)
V  [libjvm.so+0x583737]  klassVtable::update_inherited_vtable(instanceKlass*, methodHandle, int, bool, Thread*)+0xa7
V  [libjvm.so+0x586bcf]  klassVtable::initialize_vtable(bool, Thread*)+0x1ff
V  [libjvm.so+0x75ce5b]  Universe::reinitialize_vtable_of(KlassHandle, Thread*)+0x3b
V  [libjvm.so+0x75cec7]  Universe::reinitialize_vtable_of(KlassHandle, Thread*)+0xa7
V  [libjvm.so+0x75e297]  universe_post_init()+0xb7
V  [libjvm.so+0x472e15]  init_globals()+0xc5
V  [libjvm.so+0x74961a]  Threads::create_vm(JavaVMInitArgs*, bool*)+0x1ea
V  [libjvm.so+0x4cccb1]  JNI_CreateJavaVM+0x61
C  [java+0x31ae]  JavaMain+0x7e


---------------  P R O C E S S  ---------------

Java Threads: ( => current thread )

Other Threads:

=>0x00007f46e0007800 (exited) JavaThread "Unknown thread" [_thread_in_vm, id=32411, stack(0x00007f46e8b28000,0x00007f46e8c29000)]

VM state:not at safepoint (normal execution)

VM Mutex/Monitor currently owned by a thread: None

Heap
 PSYoungGen      total 46656K, used 0K [0x00000007cbe00000, 0x00000007cf210000, 0x0000000800000000)
  eden space 40000K, 0% used [0x00000007cbe00000,0x00000007cbe00000,0x00000007ce510000)
  from space 6656K, 0% used [0x00000007ceb90000,0x00000007ceb90000,0x00000007cf210000)
  to   space 6656K, 0% used [0x00000007ce510000,0x00000007ce510000,0x00000007ceb90000)
 PSOldGen        total 106752K, used 0K [0x0000000763a00000, 0x000000076a240000, 0x00000007cbe00000)
  object space 106752K, 0% used [0x0000000763a00000,0x0000000763a00000,0x000000076a240000)
 PSPermGen       total 21248K, used 700K [0x0000000759400000, 0x000000075a8c0000, 0x0000000763a00000)
  object space 21248K, 3% used [0x0000000759400000,0x00000007594af2a0,0x000000075a8c0000)

Code Cache  [0x00007f46dd000000, 0x00007f46dd270000, 0x00007f46e0000000)
 total_blobs=14 nmethods=0 adapters=0 free_code_cache=50091520 largest_free_block=2432

Dynamic libraries:
00400000-00409000 r-xp 00000000 08:03 1971074                            /usr/lib/jvm/java-6-openjdk-amd64/jre/bin/java
00608000-00609000 r--p 00008000 08:03 1971074                            /usr/lib/jvm/java-6-openjdk-amd64/jre/bin/java
00609000-0060a000 rw-p 00009000 08:03 1971074                            /usr/lib/jvm/java-6-openjdk-amd64/jre/bin/java
023ca000-023eb000 rw-p 00000000 00:00 0                                  [heap]
759400000-75a8c0000 rw-p 00000000 00:00 0 
75a8c0000-763a00000 rw-p 00000000 00:00 0 
763a00000-76a240000 rw-p 00000000 00:00 0 
76a240000-7cbe00000 rw-p 00000000 00:00 0 
7cbe00000-7cf210000 rw-p 00000000 00:00 0 
7cf210000-800000000 rw-p 00000000 00:00 0 
7f46d0000000-7f46d0021000 rw-p 00000000 00:00 0 
7f46d0021000-7f46d4000000 ---p 00000000 00:00 0 
7f46d8000000-7f46d8021000 rw-p 00000000 00:00 0 
7f46d8021000-7f46dc000000 ---p 00000000 00:00 0 
7f46dd000000-7f46dd270000 rwxp 00000000 00:00 0 
7f46dd270000-7f46e0087000 rw-p 00000000 00:00 0 
7f46e0087000-7f46e4000000 ---p 00000000 00:00 0 
7f46e4d13000-7f46e4d46000 rw-p 00000000 00:00 0 
7f46e4d46000-7f46e4eda000 r--s 03822000 08:03 1971068                    /usr/lib/jvm/java-6-openjdk-amd64/jre/lib/rt.jar
7f46e4eda000-7f46e4f02000 rw-p 00000000 00:00 0 
7f46e4f02000-7f46e4f03000 ---p 00000000 00:00 0 
7f46e4f03000-7f46e5003000 rw-p 00000000 00:00 0 
7f46e5003000-7f46e5004000 ---p 00000000 00:00 0 
7f46e5004000-7f46e510f000 rw-p 00000000 00:00 0 
7f46e510f000-7f46e5157000 rw-p 00000000 00:00 0 
7f46e5157000-7f46e518c000 rw-p 00000000 00:00 0 
7f46e518c000-7f46e5499000 rw-p 00000000 00:00 0 
7f46e5499000-7f46e54a4000 rw-p 00000000 00:00 0 
7f46e54a4000-7f46e54ec000 rw-p 00000000 00:00 0 
7f46e54ec000-7f46e5521000 rw-p 00000000 00:00 0 
7f46e5521000-7f46e582e000 rw-p 00000000 00:00 0 
7f46e582e000-7f46e5849000 rw-p 00000000 00:00 0 
7f46e5849000-7f46e59cf000 rw-p 00000000 00:00 0 
7f46e59cf000-7f46e59d0000 rw-p 00000000 00:00 0 
7f46e59d0000-7f46e59d7000 r-xp 00000000 08:03 1966625                    /usr/lib/jvm/java-6-openjdk-amd64/jre/lib/amd64/libzip.so
7f46e59d7000-7f46e5bd6000 ---p 00007000 08:03 1966625                    /usr/lib/jvm/java-6-openjdk-amd64/jre/lib/amd64/libzip.so
7f46e5bd6000-7f46e5bd7000 r--p 00006000 08:03 1966625                    /usr/lib/jvm/java-6-openjdk-amd64/jre/lib/amd64/libzip.so
7f46e5bd7000-7f46e5bd8000 rw-p 00007000 08:03 1966625                    /usr/lib/jvm/java-6-openjdk-amd64/jre/lib/amd64/libzip.so
7f46e5bd8000-7f46e5be4000 r-xp 00000000 08:03 3044450                    /lib/x86_64-linux-gnu/libnss_files-2.15.so
7f46e5be4000-7f46e5de3000 ---p 0000c000 08:03 3044450                    /lib/x86_64-linux-gnu/libnss_files-2.15.so
7f46e5de3000-7f46e5de4000 r--p 0000b000 08:03 3044450                    /lib/x86_64-linux-gnu/libnss_files-2.15.so
7f46e5de4000-7f46e5de5000 rw-p 0000c000 08:03 3044450                    /lib/x86_64-linux-gnu/libnss_files-2.15.so
7f46e5de5000-7f46e5def000 r-xp 00000000 08:03 3044454                    /lib/x86_64-linux-gnu/libnss_nis-2.15.so
7f46e5def000-7f46e5fef000 ---p 0000a000 08:03 3044454                    /lib/x86_64-linux-gnu/libnss_nis-2.15.so
7f46e5fef000-7f46e5ff0000 r--p 0000a000 08:03 3044454                    /lib/x86_64-linux-gnu/libnss_nis-2.15.so
7f46e5ff0000-7f46e5ff1000 rw-p 0000b000 08:03 3044454                    /lib/x86_64-linux-gnu/libnss_nis-2.15.so
7f46e5ff1000-7f46e6008000 r-xp 00000000 08:03 3044470                    /lib/x86_64-linux-gnu/libnsl-2.15.so
7f46e6008000-7f46e6207000 ---p 00017000 08:03 3044470                    /lib/x86_64-linux-gnu/libnsl-2.15.so
7f46e6207000-7f46e6208000 r--p 00016000 08:03 3044470                    /lib/x86_64-linux-gnu/libnsl-2.15.so
7f46e6208000-7f46e6209000 rw-p 00017000 08:03 3044470                    /lib/x86_64-linux-gnu/libnsl-2.15.so
7f46e6209000-7f46e620b000 rw-p 00000000 00:00 0 
7f46e620b000-7f46e6213000 r-xp 00000000 08:03 3044448                    /lib/x86_64-linux-gnu/libnss_compat-2.15.so
7f46e6213000-7f46e6412000 ---p 00008000 08:03 3044448                    /lib/x86_64-linux-gnu/libnss_compat-2.15.so
7f46e6412000-7f46e6413000 r--p 00007000 08:03 3044448                    /lib/x86_64-linux-gnu/libnss_compat-2.15.so
7f46e6413000-7f46e6414000 rw-p 00008000 08:03 3044448                    /lib/x86_64-linux-gnu/libnss_compat-2.15.so
7f46e6414000-7f46e6440000 r-xp 00000000 08:03 1966620                    /usr/lib/jvm/java-6-openjdk-amd64/jre/lib/amd64/libjava.so
7f46e6440000-7f46e663f000 ---p 0002c000 08:03 1966620                    /usr/lib/jvm/java-6-openjdk-amd64/jre/lib/amd64/libjava.so
7f46e663f000-7f46e6640000 r--p 0002b000 08:03 1966620                    /usr/lib/jvm/java-6-openjdk-amd64/jre/lib/amd64/libjava.so
7f46e6640000-7f46e6643000 rw-p 0002c000 08:03 1966620                    /usr/lib/jvm/java-6-openjdk-amd64/jre/lib/amd64/libjava.so
7f46e6643000-7f46e6651000 r-xp 00000000 08:03 1966637                    /usr/lib/jvm/java-6-openjdk-amd64/jre/lib/amd64/libverify.so
7f46e6651000-7f46e6850000 ---p 0000e000 08:03 1966637                    /usr/lib/jvm/java-6-openjdk-amd64/jre/lib/amd64/libverify.so
7f46e6850000-7f46e6852000 r--p 0000d000 08:03 1966637                    /usr/lib/jvm/java-6-openjdk-amd64/jre/lib/amd64/libverify.so
7f46e6852000-7f46e6853000 rw-p 0000f000 08:03 1966637                    /usr/lib/jvm/java-6-openjdk-amd64/jre/lib/amd64/libverify.so
7f46e6853000-7f46e685a000 r-xp 00000000 08:03 3044453                    /lib/x86_64-linux-gnu/librt-2.15.so
7f46e685a000-7f46e6a59000 ---p 00007000 08:03 3044453                    /lib/x86_64-linux-gnu/librt-2.15.so
7f46e6a59000-7f46e6a5a000 r--p 00006000 08:03 3044453                    /lib/x86_64-linux-gnu/librt-2.15.so
7f46e6a5a000-7f46e6a5b000 rw-p 00007000 08:03 3044453                    /lib/x86_64-linux-gnu/librt-2.15.so
7f46e6a5b000-7f46e6a70000 r-xp 00000000 08:03 3018368                    /lib/x86_64-linux-gnu/libgcc_s.so.1
7f46e6a70000-7f46e6c6f000 ---p 00015000 08:03 3018368                    /lib/x86_64-linux-gnu/libgcc_s.so.1
7f46e6c6f000-7f46e6c70000 r--p 00014000 08:03 3018368                    /lib/x86_64-linux-gnu/libgcc_s.so.1
7f46e6c70000-7f46e6c71000 rw-p 00015000 08:03 3018368                    /lib/x86_64-linux-gnu/libgcc_s.so.1
7f46e6c71000-7f46e6d6c000 r-xp 00000000 08:03 3044459                    /lib/x86_64-linux-gnu/libm-2.15.so
7f46e6d6c000-7f46e6f6b000 ---p 000fb000 08:03 3044459                    /lib/x86_64-linux-gnu/libm-2.15.so
7f46e6f6b000-7f46e6f6c000 r--p 000fa000 08:03 3044459                    /lib/x86_64-linux-gnu/libm-2.15.so
7f46e6f6c000-7f46e6f6d000 rw-p 000fb000 08:03 3044459                    /lib/x86_64-linux-gnu/libm-2.15.so
7f46e6f6d000-7f46e704f000 r-xp 00000000 08:03 6168267                    /usr/lib/x86_64-linux-gnu/libstdc++.so.6.0.16
7f46e704f000-7f46e724e000 ---p 000e2000 08:03 6168267                    /usr/lib/x86_64-linux-gnu/libstdc++.so.6.0.16
7f46e724e000-7f46e7256000 r--p 000e1000 08:03 6168267                    /usr/lib/x86_64-linux-gnu/libstdc++.so.6.0.16
7f46e7256000-7f46e7258000 rw-p 000e9000 08:03 6168267                    /usr/lib/x86_64-linux-gnu/libstdc++.so.6.0.16
7f46e7258000-7f46e726d000 rw-p 00000000 00:00 0 
7f46e726d000-7f46e7b6d000 r-xp 00000000 08:03 1966652                    /usr/lib/jvm/java-6-openjdk-amd64/jre/lib/amd64/server/libjvm.so
7f46e7b6d000-7f46e7d6d000 ---p 00900000 08:03 1966652                    /usr/lib/jvm/java-6-openjdk-amd64/jre/lib/amd64/server/libjvm.so
7f46e7d6d000-7f46e7dee000 r--p 00900000 08:03 1966652                    /usr/lib/jvm/java-6-openjdk-amd64/jre/lib/amd64/server/libjvm.so
7f46e7dee000-7f46e7e09000 rw-p 00981000 08:03 1966652                    /usr/lib/jvm/java-6-openjdk-amd64/jre/lib/amd64/server/libjvm.so
7f46e7e09000-7f46e7e32000 rw-p 00000000 00:00 0 
7f46e7e32000-7f46e7e48000 r-xp 00000000 08:03 3018458                    /lib/x86_64-linux-gnu/libz.so.1.2.3.4
7f46e7e48000-7f46e8047000 ---p 00016000 08:03 3018458                    /lib/x86_64-linux-gnu/libz.so.1.2.3.4
7f46e8047000-7f46e8048000 r--p 00015000 08:03 3018458                    /lib/x86_64-linux-gnu/libz.so.1.2.3.4
7f46e8048000-7f46e8049000 rw-p 00016000 08:03 3018458                    /lib/x86_64-linux-gnu/libz.so.1.2.3.4
7f46e8049000-7f46e81fe000 r-xp 00000000 08:03 3044446                    /lib/x86_64-linux-gnu/libc-2.15.so
7f46e81fe000-7f46e83fe000 ---p 001b5000 08:03 3044446                    /lib/x86_64-linux-gnu/libc-2.15.so
7f46e83fe000-7f46e8402000 r--p 001b5000 08:03 3044446                    /lib/x86_64-linux-gnu/libc-2.15.so
7f46e8402000-7f46e8404000 rw-p 001b9000 08:03 3044446                    /lib/x86_64-linux-gnu/libc-2.15.so
7f46e8404000-7f46e8409000 rw-p 00000000 00:00 0 
7f46e8409000-7f46e840b000 r-xp 00000000 08:03 3044463                    /lib/x86_64-linux-gnu/libdl-2.15.so
7f46e840b000-7f46e860b000 ---p 00002000 08:03 3044463                    /lib/x86_64-linux-gnu/libdl-2.15.so
7f46e860b000-7f46e860c000 r--p 00002000 08:03 3044463                    /lib/x86_64-linux-gnu/libdl-2.15.so
7f46e860c000-7f46e860d000 rw-p 00003000 08:03 3044463                    /lib/x86_64-linux-gnu/libdl-2.15.so
7f46e860d000-7f46e8611000 r-xp 00000000 08:03 1966795                    /usr/lib/jvm/java-6-openjdk-amd64/jre/lib/amd64/jli/libjli.so
7f46e8611000-7f46e8810000 ---p 00004000 08:03 1966795                    /usr/lib/jvm/java-6-openjdk-amd64/jre/lib/amd64/jli/libjli.so
7f46e8810000-7f46e8811000 r--p 00003000 08:03 1966795                    /usr/lib/jvm/java-6-openjdk-amd64/jre/lib/amd64/jli/libjli.so
7f46e8811000-7f46e8812000 rw-p 00004000 08:03 1966795                    /usr/lib/jvm/java-6-openjdk-amd64/jre/lib/amd64/jli/libjli.so
7f46e8812000-7f46e882a000 r-xp 00000000 08:03 3044455                    /lib/x86_64-linux-gnu/libpthread-2.15.so
7f46e882a000-7f46e8a29000 ---p 00018000 08:03 3044455                    /lib/x86_64-linux-gnu/libpthread-2.15.so
7f46e8a29000-7f46e8a2a000 r--p 00017000 08:03 3044455                    /lib/x86_64-linux-gnu/libpthread-2.15.so
7f46e8a2a000-7f46e8a2b000 rw-p 00018000 08:03 3044455                    /lib/x86_64-linux-gnu/libpthread-2.15.so
7f46e8a2b000-7f46e8a2f000 rw-p 00000000 00:00 0 
7f46e8a2f000-7f46e8a51000 r-xp 00000000 08:03 3044460                    /lib/x86_64-linux-gnu/ld-2.15.so
7f46e8a68000-7f46e8a72000 rw-p 00000000 00:00 0 
7f46e8a72000-7f46e8b28000 rw-p 00000000 00:00 0 
7f46e8b28000-7f46e8b2b000 ---p 00000000 00:00 0 
7f46e8b2b000-7f46e8c2e000 rw-p 00000000 00:00 0 
7f46e8c45000-7f46e8c4d000 rw-s 00000000 08:03 2638056                    /tmp/hsperfdata_oleg/32408
7f46e8c4d000-7f46e8c4e000 rw-p 00000000 00:00 0 
7f46e8c4e000-7f46e8c4f000 r--p 00000000 00:00 0 
7f46e8c4f000-7f46e8c51000 rw-p 00000000 00:00 0 
7f46e8c51000-7f46e8c52000 r--p 00022000 08:03 3044460                    /lib/x86_64-linux-gnu/ld-2.15.so
7f46e8c52000-7f46e8c54000 rw-p 00023000 08:03 3044460                    /lib/x86_64-linux-gnu/ld-2.15.so
7fffe6893000-7fffe68c8000 rw-p 00000000 00:00 0                          [stack]
7fffe69ff000-7fffe6a00000 r-xp 00000000 00:00 0                          [vdso]
ffffffffff600000-ffffffffff601000 r-xp 00000000 00:00 0                  [vsyscall]

VM Arguments:
java_command: /home/oleg/sdk/tools/lib/archquery.jar java.ext.dirs
Launcher Type: SUN_STANDARD

Environment Variables:
PATH=/home/oleg/.rvm/gems/ruby-1.9.3-p327/bin:/home/oleg/.rvm/gems/ruby-1.9.3-p327@global/bin:/home/oleg/.rvm/rubies/ruby-1.9.3-p327/bin:/home/oleg/.rvm/bin:/usr/lib/lightdm/lightdm:/usr/local/sbin:/usr/local/bin:/usr/sbin:/usr/bin:/sbin:/bin:/usr/games:/home/oleg/sdk/platform-tools:/home/oleg/sdk/tools
LD_LIBRARY_PATH=/usr/lib/jvm/java-6-openjdk-amd64/jre/lib/amd64/server:/usr/lib/jvm/java-6-openjdk-amd64/jre/lib/amd64:/usr/lib/jvm/java-6-openjdk-amd64/jre/../lib/amd64
SHELL=/bin/bash
DISPLAY=:0.0

Signal Handlers:
SIGSEGV: [libjvm.so+0x7837c0], sa_mask[0]=0x7ffbfeff, sa_flags=0x10000004
SIGBUS: [libjvm.so+0x7837c0], sa_mask[0]=0x7ffbfeff, sa_flags=0x10000004
SIGFPE: [libjvm.so+0x647740], sa_mask[0]=0x7ffbfeff, sa_flags=0x10000004
SIGPIPE: [libjvm.so+0x647740], sa_mask[0]=0x7ffbfeff, sa_flags=0x10000004
SIGXFSZ: [libjvm.so+0x647740], sa_mask[0]=0x7ffbfeff, sa_flags=0x10000004
SIGILL: [libjvm.so+0x647740], sa_mask[0]=0x7ffbfeff, sa_flags=0x10000004
SIGUSR1: SIG_DFL, sa_mask[0]=0x00000000, sa_flags=0x00000000
SIGUSR2: [libjvm.so+0x647920], sa_mask[0]=0x00000000, sa_flags=0x10000004
SIGHUP: SIG_DFL, sa_mask[0]=0x00000000, sa_flags=0x00000000
SIGINT: SIG_DFL, sa_mask[0]=0x00000000, sa_flags=0x00000000
SIGTERM: SIG_DFL, sa_mask[0]=0x00000000, sa_flags=0x00000000
SIGQUIT: SIG_DFL, sa_mask[0]=0x00000000, sa_flags=0x00000000


---------------  S Y S T E M  ---------------

OS:Ubuntu 12.04 (precise)
uname:Linux 3.2.0-58-generic #88-Ubuntu SMP Tue Dec 3 17:37:58 UTC 2013 x86_64
libc:glibc 2.15 NPTL 2.15 
rlimit: STACK 8192k, CORE 0k, NPROC 79359, NOFILE 4096, AS infinity
load average:2.53 2.23 2.21

/proc/meminfo:
MemTotal:       10241552 kB
MemFree:          568908 kB
Buffers:          369352 kB
Cached:          3866780 kB
SwapCached:          236 kB
Active:          6074412 kB
Inactive:        2516216 kB
Active(anon):    3924200 kB
Inactive(anon):   494580 kB
Active(file):    2150212 kB
Inactive(file):  2021636 kB
Unevictable:          48 kB
Mlocked:              48 kB
SwapTotal:       6894588 kB
SwapFree:        6893572 kB
Dirty:              3128 kB
Writeback:             0 kB
AnonPages:       4354224 kB
Mapped:           654228 kB
Shmem:             64384 kB
Slab:             419780 kB
SReclaimable:     374928 kB
SUnreclaim:        44852 kB
KernelStack:        6512 kB
PageTables:        85288 kB
NFS_Unstable:          0 kB
Bounce:                0 kB
WritebackTmp:          0 kB
CommitLimit:    12015364 kB
Committed_AS:   11536228 kB
VmallocTotal:   34359738367 kB
VmallocUsed:      330352 kB
VmallocChunk:   34359405908 kB
HardwareCorrupted:     0 kB
AnonHugePages:         0 kB
HugePages_Total:       0
HugePages_Free:        0
HugePages_Rsvd:        0
HugePages_Surp:        0
Hugepagesize:       2048 kB
DirectMap4k:      248384 kB
DirectMap2M:     9187328 kB
DirectMap1G:     1048576 kB


CPU:total 2 (2 cores per cpu, 1 threads per core) family 16 model 6 stepping 3, cmov, cx8, fxsr, mmx, sse, sse2, sse3, popcnt, mmxext, 3dnowpref, lzcnt, sse4a

Memory: 4k page, physical 10241552k(568908k free), swap 6894588k(6893572k free)

vm_info: OpenJDK 64-Bit Server VM (20.0-b12) for linux-amd64 JRE (1.6.0_27-b27), built on Nov 16 2013 15:13:05 by "buildd" with gcc 4.6.3

time: Mon Apr 21 17:34:27 2014
elapsed time: 0 seconds

