#
# A fatal error has been detected by the Java Runtime Environment:
#
#  SIGSEGV (0xb) at pc=0x00007f81b440799f, pid=6803, tid=140194990888704
#
# JRE version: 6.0_27-b27
# Java VM: OpenJDK 64-Bit Server VM (20.0-b12 mixed mode linux-amd64 compressed oops)
# Derivative: IcedTea6 1.12.6
# Distribution: Ubuntu 12.04 LTS, package 6b27-1.12.6-1ubuntu0.12.04.4
# Problematic frame:
# V  [libjvm.so+0x5a499f]  PhaseLive::add_liveout(Block*, IndexSet*, VectorSet&)+0x11f
#
# If you would like to submit a bug report, please include
# instructions how to reproduce the bug and visit:
#   https://bugs.launchpad.net/ubuntu/+source/openjdk-6/
#

---------------  T H R E A D  ---------------

Current thread (0x00007f81ac099800):  JavaThread "C2 CompilerThread1" daemon [_thread_in_native, id=6814, stack(0x00007f81b0919000,0x00007f81b0a1a000)]

siginfo:si_signo=SIGSEGV: si_errno=0, si_code=128 (), si_addr=0x0000000000000000

Registers:
RAX=0x00247f81b4a081c0, RBX=0x00000000000015a8, RCX=0x0000000000000100, RDX=0x0000000000000005
RSP=0x00007f81b0a15970, RBP=0x00007f81b0a15a20, RSI=0x00007f8184672bb0, RDI=0x0000000000000100
R8 =0x0000000000000100, R9 =0x0000000000000000, R10=0x0000000000000000, R11=0x0000000000000000
R12=0x0000000000000015, R13=0x00007f81b4a081c0, R14=0x00007f8184ae1930, R15=0x00007f81913571e0
RIP=0x00007f81b440799f, EFLAGS=0x0000000000010202, CSGSFS=0x0000000000000033, ERR=0x0000000000000000
  TRAPNO=0x000000000000000d

Top of Stack: (sp=0x00007f81b0a15970)
0x00007f81b0a15970:   00007f81b0a159b0 00007f8100000200
0x00007f81b0a15980:   0000000000000007 00007f81b0a15a90
0x00007f81b0a15990:   00007f818401fc30 0000000000000000
0x00007f81b0a159a0:   00007f81b0a15be0 00007f8184672bb0
0x00007f81b0a159b0:   000015aa00000000 00007f8100000006
0x00007f81b0a159c0:   00007f819134d3c0 00007f8100000016
0x00007f81b0a159d0:   00007f8191359998 00007f8100000025
0x00007f81b0a159e0:   00007f81913578e8 00007f81b42d5197
0x00007f81b0a159f0:   00007f819135af70 00007f81b0a15be0
0x00007f81b0a15a00:   00007f818401f8d0 00007f81913578e8
0x00007f81b0a15a10:   00007f818401fc30 0000000000000008
0x00007f81b0a15a20:   00007f81b0a15ae0 00007f81b44080e5
0x00007f81b0a15a30:   0000000000000010 00007f8100000001
0x00007f81b0a15a40:   00007f8100000009 00007f8184670b30
0x00007f81b0a15a50:   0000000000000118 00007f81850e9a68
0x00007f81b0a15a60:   00007f81850e94d0 00007f81850e1a80
0x00007f81b0a15a70:   00007f81ac00f510 00007f81913578e8
0x00007f81b0a15a80:   00000005000004bf 00007f8100000001
0x00007f81b0a15a90:   00007f81b49d98d0 00007f81ac00f510
0x00007f81b0a15aa0:   00007f8100000008 00007f8191358cc0
0x00007f81b0a15ab0:   00007f81b0a15c80 00007f81b0a17230
0x00007f81b0a15ac0:   00007f81900043e0 00007f81b0a15c80
0x00007f81b0a15ad0:   00007f81b0a15be0 00007f81b4a081c0
0x00007f81b0a15ae0:   00007f81b0a15cd0 00007f81b417eb28
0x00007f81b0a15af0:   ffffffff00000000 00007f81b0a17350
0x00007f81b0a15b00:   00007f81b49e6580 0000000000000044
0x00007f81b0a15b10:   00007f81900047c8 00007f81900043f0
0x00007f81b0a15b20:   00007f81b49c3bd0 000002520000000c
0x00007f81b0a15b30:   00007f81b0a18070 00007f81b0a17230
0x00007f81b0a15b40:   00007f8100000006 00007f8185081b50
0x00007f81b0a15b50:   00007f81b0a15be0 0000000000008890
0x00007f81b0a15b60:   0000000000000000 00007f81842b5370 

Instructions: (pc=0x00007f81b440799f)
0x00007f81b440797f:   90 89 f7 09 cf 85 ce 89 3c 90 0f 85 61 ff ff ff
0x00007f81b440798f:   48 8b 75 88 41 83 06 01 48 8b 46 08 4a 8b 04 e0
0x00007f81b440799f:   85 0c 90 0f 85 48 ff ff ff 49 8b 47 08 4a 8b 04
0x00007f81b44079af:   e0 4c 39 e8 0f 84 fe 00 00 00 8b 34 90 89 f7 09 

Register to memory mapping:

RAX=0x00247f81b4a081c0 is an unknown value
RBX=0x00000000000015a8 is an unknown value
RCX=0x0000000000000100 is an unknown value
RDX=0x0000000000000005 is an unknown value
RSP=0x00007f81b0a15970 is pointing into the stack for thread: 0x00007f81ac099800
RBP=0x00007f81b0a15a20 is pointing into the stack for thread: 0x00007f81ac099800
RSI=0x00007f8184672bb0 is an unknown value
RDI=0x0000000000000100 is an unknown value
R8 =0x0000000000000100 is an unknown value
R9 =0x0000000000000000 is an unknown value
R10=0x0000000000000000 is an unknown value
R11=0x0000000000000000 is an unknown value
R12=0x0000000000000015 is an unknown value
R13=0x00007f81b4a081c0: <offset 0xba51c0> in /usr/lib/jvm/java-6-openjdk-amd64/jre/lib/amd64/server/libjvm.so at 0x00007f81b3e63000
R14=0x00007f8184ae1930 is an unknown value
R15=0x00007f81913571e0 is an unknown value


Stack: [0x00007f81b0919000,0x00007f81b0a1a000],  sp=0x00007f81b0a15970,  free space=1010k
Native frames: (J=compiled Java code, j=interpreted, Vv=VM code, C=native code)
V  [libjvm.so+0x5a499f]  PhaseLive::add_liveout(Block*, IndexSet*, VectorSet&)+0x11f
V  [libjvm.so+0x5a50e5]  PhaseLive::compute(unsigned int)+0x5e5
V  [libjvm.so+0x31bb28]  PhaseChaitin::Register_Allocate()+0x448
V  [libjvm.so+0x379abf]  Compile::Code_Gen() [clone .part.263]+0x29f
V  [libjvm.so+0x37bd8a]  Compile::Compile(ciEnv*, C2Compiler*, ciMethod*, int, bool, bool)+0xb2a
V  [libjvm.so+0x3055a0]  C2Compiler::compile_method(ciEnv*, ciMethod*, int)+0xe0
V  [libjvm.so+0x3803f3]  CompileBroker::invoke_compiler_on_method(CompileTask*)+0x2a3
V  [libjvm.so+0x380d3b]  CompileBroker::compiler_thread_loop()+0x45b
V  [libjvm.so+0x74b368]  JavaThread::thread_main_inner()+0x58
V  [libjvm.so+0x64ac92]  java_start(Thread*)+0x112


Current CompileTask:
C2:   4824 195      java.util.Arrays.mergeSort([Ljava/lang/Object;[Ljava/lang/Object;III)V (234 bytes)


---------------  P R O C E S S  ---------------

Java Threads: ( => current thread )
  0x00007f81ac360000 JavaThread "Thread-6" daemon [_thread_blocked, id=6834, stack(0x00007f81b0412000,0x00007f81b0513000)]
  0x00007f81ac297800 JavaThread "Thread-5" daemon [_thread_blocked, id=6832, stack(0x00007f81b0311000,0x00007f81b0412000)]
  0x00007f81ac294000 JavaThread "process reaper" daemon [_thread_in_native, id=6828, stack(0x00007f81b0513000,0x00007f81b0614000)]
  0x00007f81ac09c000 JavaThread "Low Memory Detector" daemon [_thread_blocked, id=6815, stack(0x00007f81b0818000,0x00007f81b0919000)]
=>0x00007f81ac099800 JavaThread "C2 CompilerThread1" daemon [_thread_in_native, id=6814, stack(0x00007f81b0919000,0x00007f81b0a1a000)]
  0x00007f81ac096800 JavaThread "C2 CompilerThread0" daemon [_thread_in_native, id=6813, stack(0x00007f81b0a1a000,0x00007f81b0b1b000)]
  0x00007f81ac095800 JavaThread "Signal Dispatcher" daemon [_thread_blocked, id=6812, stack(0x00007f81b0b1b000,0x00007f81b0c1c000)]
  0x00007f81ac074800 JavaThread "Finalizer" daemon [_thread_blocked, id=6811, stack(0x00007f81b1303000,0x00007f81b1404000)]
  0x00007f81ac072800 JavaThread "Reference Handler" daemon [_thread_blocked, id=6810, stack(0x00007f81b1404000,0x00007f81b1505000)]
  0x00007f81ac008000 JavaThread "main" [_thread_blocked, id=6806, stack(0x00007f81b571e000,0x00007f81b581f000)]

Other Threads:
  0x00007f81ac06d800 VMThread [stack: 0x00007f81b1505000,0x00007f81b1606000] [id=6809]
  0x00007f81ac09e800 WatcherThread [stack: 0x00007f81b0717000,0x00007f81b0818000] [id=6816]

VM state:not at safepoint (normal execution)

VM Mutex/Monitor currently owned by a thread: None

Heap
 PSYoungGen      total 46656K, used 7554K [0x00000007cbe00000, 0x00000007cf210000, 0x0000000800000000)
  eden space 40000K, 7% used [0x00000007cbe00000,0x00000007cc116f70,0x00000007ce510000)
  from space 6656K, 65% used [0x00000007ceb90000,0x00000007cefd99d0,0x00000007cf210000)
  to   space 6656K, 0% used [0x00000007ce510000,0x00000007ce510000,0x00000007ceb90000)
 PSOldGen        total 106752K, used 0K [0x0000000763a00000, 0x000000076a240000, 0x00000007cbe00000)
  object space 106752K, 0% used [0x0000000763a00000,0x0000000763a00000,0x000000076a240000)
 PSPermGen       total 21248K, used 19049K [0x0000000759400000, 0x000000075a8c0000, 0x0000000763a00000)
  object space 21248K, 89% used [0x0000000759400000,0x000000075a69a638,0x000000075a8c0000)

Code Cache  [0x00007f81a9000000, 0x00007f81a9270000, 0x00007f81ac000000)
 total_blobs=475 nmethods=203 adapters=226 free_code_cache=49430592 largest_free_block=10944

Dynamic libraries:
00400000-00409000 r-xp 00000000 08:03 1971074                            /usr/lib/jvm/java-6-openjdk-amd64/jre/bin/java
00608000-00609000 r--p 00008000 08:03 1971074                            /usr/lib/jvm/java-6-openjdk-amd64/jre/bin/java
00609000-0060a000 rw-p 00009000 08:03 1971074                            /usr/lib/jvm/java-6-openjdk-amd64/jre/bin/java
00d2c000-00d4d000 rw-p 00000000 00:00 0                                  [heap]
759400000-75a8c0000 rw-p 00000000 00:00 0 
75a8c0000-763a00000 rw-p 00000000 00:00 0 
763a00000-76a240000 rw-p 00000000 00:00 0 
76a240000-7cbe00000 rw-p 00000000 00:00 0 
7cbe00000-7cf210000 rw-p 00000000 00:00 0 
7cf210000-800000000 rw-p 00000000 00:00 0 
7f8174000000-7f8174021000 rw-p 00000000 00:00 0 
7f8174021000-7f8178000000 ---p 00000000 00:00 0 
7f8178000000-7f8178021000 rw-p 00000000 00:00 0 
7f8178021000-7f817c000000 ---p 00000000 00:00 0 
7f817c000000-7f817c021000 rw-p 00000000 00:00 0 
7f817c021000-7f8180000000 ---p 00000000 00:00 0 
7f8180000000-7f8180021000 rw-p 00000000 00:00 0 
7f8180021000-7f8184000000 ---p 00000000 00:00 0 
7f8184000000-7f81853c4000 rw-p 00000000 00:00 0 
7f81853c4000-7f8188000000 ---p 00000000 00:00 0 
7f8188000000-7f8188021000 rw-p 00000000 00:00 0 
7f8188021000-7f818c000000 ---p 00000000 00:00 0 
7f818c000000-7f818c021000 rw-p 00000000 00:00 0 
7f818c021000-7f8190000000 ---p 00000000 00:00 0 
7f8190000000-7f8191a8f000 rw-p 00000000 00:00 0 
7f8191a8f000-7f8194000000 ---p 00000000 00:00 0 
7f8194000000-7f8194021000 rw-p 00000000 00:00 0 
7f8194021000-7f8198000000 ---p 00000000 00:00 0 
7f8198000000-7f8198021000 rw-p 00000000 00:00 0 
7f8198021000-7f819c000000 ---p 00000000 00:00 0 
7f819c000000-7f819c021000 rw-p 00000000 00:00 0 
7f819c021000-7f81a0000000 ---p 00000000 00:00 0 
7f81a0000000-7f81a0021000 rw-p 00000000 00:00 0 
7f81a0021000-7f81a4000000 ---p 00000000 00:00 0 
7f81a4000000-7f81a4021000 rw-p 00000000 00:00 0 
7f81a4021000-7f81a8000000 ---p 00000000 00:00 0 
7f81a9000000-7f81a9270000 rwxp 00000000 00:00 0 
7f81a9270000-7f81ac3c6000 rw-p 00000000 00:00 0 
7f81ac3c6000-7f81b0000000 ---p 00000000 00:00 0 
7f81b01a8000-7f81b0311000 rw-p 00000000 00:00 0 
7f81b0311000-7f81b0314000 ---p 00000000 00:00 0 
7f81b0314000-7f81b0412000 rw-p 00000000 00:00 0 
7f81b0412000-7f81b0415000 ---p 00000000 00:00 0 
7f81b0415000-7f81b0513000 rw-p 00000000 00:00 0 
7f81b0513000-7f81b0516000 ---p 00000000 00:00 0 
7f81b0516000-7f81b0614000 rw-p 00000000 00:00 0 
7f81b0614000-7f81b0616000 r--s 00008000 08:03 4341306                    /home/oleg/sdk/tools/lib/emma_ant.jar
7f81b0616000-7f81b061e000 r--s 00061000 08:03 4341305                    /home/oleg/sdk/tools/lib/emma.jar
7f81b061e000-7f81b0620000 r--s 0000d000 08:03 4341321                    /home/oleg/sdk/tools/lib/commons-codec-1.4.jar
7f81b0620000-7f81b0622000 r--s 0000d000 08:03 4341280                    /home/oleg/sdk/tools/lib/commons-logging-1.1.1.jar
7f81b0622000-7f81b0627000 r--s 00028000 08:03 4341340                    /home/oleg/sdk/tools/lib/httpcore-4.1.jar
7f81b0627000-7f81b0629000 r--s 00005000 08:03 4341325                    /home/oleg/sdk/tools/lib/httpmime-4.1.jar
7f81b0629000-7f81b0631000 r--s 0004e000 08:03 4341299                    /home/oleg/sdk/tools/lib/httpclient-4.1.1.jar
7f81b0631000-7f81b0635000 r--s 00020000 08:03 4343070                    /home/oleg/sdk/tools/lib/commons-compress-1.0.jar
7f81b0635000-7f81b0636000 r--s 00002000 08:03 4343076                    /home/oleg/sdk/tools/lib/dvlib.jar
7f81b0636000-7f81b0637000 r--s 0000a000 08:03 4341279                    /home/oleg/sdk/tools/lib/kxml2-2.3.0.jar
7f81b0637000-7f81b063a000 r--s 0000e000 08:03 4341293                    /home/oleg/sdk/tools/lib/layoutlib-api.jar
7f81b063a000-7f81b0643000 r--s 0009d000 08:03 4341285                    /home/oleg/sdk/tools/lib/sdklib.jar
7f81b0643000-7f81b066d000 r--s 001e9000 08:03 4341339                    /home/oleg/sdk/tools/lib/guava-15.0.jar
7f81b066d000-7f81b066f000 r--s 0000f000 08:03 4341323                    /home/oleg/sdk/tools/lib/common.jar
7f81b066f000-7f81b0670000 r--s 00008000 08:03 4341281                    /home/oleg/sdk/tools/lib/manifest-merger.jar
7f81b0670000-7f81b0672000 r--s 00017000 08:03 4343072                    /home/oleg/sdk/tools/lib/ant-tasks.jar
7f81b0672000-7f81b06d2000 r--s 00dc1000 08:03 1971635                    /usr/lib/jvm/java-6-openjdk-amd64/lib/tools.jar
7f81b06d2000-7f81b06d4000 r--s 00001000 08:03 6055                       /usr/share/java/ant-jdepend-1.8.2.jar
7f81b06d4000-7f81b06d5000 r--s 00000000 08:03 4436                       /usr/share/java/ant-apache-regexp-1.8.2.jar
7f81b06d5000-7f81b06d6000 r--s 00009000 08:03 6057                       /usr/share/java/ant-jsch-1.8.2.jar
7f81b06d6000-7f81b06d7000 r--s 00000000 08:03 4365                       /usr/share/java/ant-apache-bsf-1.8.2.jar
7f81b06d7000-7f81b06d8000 r--s 00001000 08:03 6059                       /usr/share/java/ant-swing-1.8.2.jar
7f81b06d8000-7f81b06da000 r--s 00013000 08:03 6053                       /usr/share/java/ant-commons-net-1.8.2.jar
7f81b06da000-7f81b06db000 r--s 00001000 08:03 6061                       /usr/share/java/ant-junit4-1.8.2.jar
7f81b06db000-7f81b06dc000 r--s 00000000 08:03 5726                       /usr/share/java/ant-commons-logging-1.8.2.jar
7f81b06dc000-7f81b06de000 r--s 00002000 08:03 3982                       /usr/share/java/ant-launcher-1.8.2.jar
7f81b06de000-7f81b06e0000 r--s 00001000 08:03 4364                       /usr/share/java/ant-apache-bcel-1.8.2.jar
7f81b06e0000-7f81b06e1000 r--s 00001000 08:03 6056                       /usr/share/java/ant-jmf-1.8.2.jar
7f81b06e1000-7f81b06fe000 r--s 001bc000 08:03 3981                       /usr/share/java/ant-1.8.2.jar
7f81b06fe000-7f81b0717000 r--s 00144000 08:03 3918                       /usr/share/java/xercesImpl-2.11.0.jar
7f81b0717000-7f81b0718000 ---p 00000000 00:00 0 
7f81b0718000-7f81b0818000 rw-p 00000000 00:00 0 
7f81b0818000-7f81b081b000 ---p 00000000 00:00 0 
7f81b081b000-7f81b0919000 rw-p 00000000 00:00 0 
7f81b0919000-7f81b091c000 ---p 00000000 00:00 0 
7f81b091c000-7f81b0a1a000 rw-p 00000000 00:00 0 
7f81b0a1a000-7f81b0a1d000 ---p 00000000 00:00 0 
7f81b0a1d000-7f81b0b1b000 rw-p 00000000 00:00 0 
7f81b0b1b000-7f81b0b1e000 ---p 00000000 00:00 0 
7f81b0b1e000-7f81b0c1c000 rw-p 00000000 00:00 0 
7f81b0c1c000-7f81b1303000 r--p 00000000 08:03 6167085                    /usr/lib/locale/locale-archive
7f81b1303000-7f81b1306000 ---p 00000000 00:00 0 
7f81b1306000-7f81b1404000 rw-p 00000000 00:00 0 
7f81b1404000-7f81b1407000 ---p 00000000 00:00 0 
7f81b1407000-7f81b1505000 rw-p 00000000 00:00 0 
7f81b1505000-7f81b1506000 ---p 00000000 00:00 0 
7f81b1506000-7f81b193c000 rw-p 00000000 00:00 0 
7f81b193c000-7f81b1ad0000 r--s 03822000 08:03 1971068                    /usr/lib/jvm/java-6-openjdk-amd64/jre/lib/rt.jar
7f81b1ad0000-7f81b1af8000 rw-p 00000000 00:00 0 
7f81b1af8000-7f81b1af9000 ---p 00000000 00:00 0 
7f81b1af9000-7f81b1bf9000 rw-p 00000000 00:00 0 
7f81b1bf9000-7f81b1bfa000 ---p 00000000 00:00 0 
7f81b1bfa000-7f81b1d05000 rw-p 00000000 00:00 0 
7f81b1d05000-7f81b1d4d000 rw-p 00000000 00:00 0 
7f81b1d4d000-7f81b1d82000 rw-p 00000000 00:00 0 
7f81b1d82000-7f81b208f000 rw-p 00000000 00:00 0 
7f81b208f000-7f81b209a000 rw-p 00000000 00:00 0 
7f81b209a000-7f81b20e2000 rw-p 00000000 00:00 0 
7f81b20e2000-7f81b2117000 rw-p 00000000 00:00 0 
7f81b2117000-7f81b2424000 rw-p 00000000 00:00 0 
7f81b2424000-7f81b243f000 rw-p 00000000 00:00 0 
7f81b243f000-7f81b25c5000 rw-p 00000000 00:00 0 
7f81b25c5000-7f81b25c6000 rw-p 00000000 00:00 0 
7f81b25c6000-7f81b25cd000 r-xp 00000000 08:03 1966625                    /usr/lib/jvm/java-6-openjdk-amd64/jre/lib/amd64/libzip.so
7f81b25cd000-7f81b27cc000 ---p 00007000 08:03 1966625                    /usr/lib/jvm/java-6-openjdk-amd64/jre/lib/amd64/libzip.so
7f81b27cc000-7f81b27cd000 r--p 00006000 08:03 1966625                    /usr/lib/jvm/java-6-openjdk-amd64/jre/lib/amd64/libzip.so
7f81b27cd000-7f81b27ce000 rw-p 00007000 08:03 1966625                    /usr/lib/jvm/java-6-openjdk-amd64/jre/lib/amd64/libzip.so
7f81b27ce000-7f81b27da000 r-xp 00000000 08:03 3044450                    /lib/x86_64-linux-gnu/libnss_files-2.15.so
7f81b27da000-7f81b29d9000 ---p 0000c000 08:03 3044450                    /lib/x86_64-linux-gnu/libnss_files-2.15.so
7f81b29d9000-7f81b29da000 r--p 0000b000 08:03 3044450                    /lib/x86_64-linux-gnu/libnss_files-2.15.so
7f81b29da000-7f81b29db000 rw-p 0000c000 08:03 3044450                    /lib/x86_64-linux-gnu/libnss_files-2.15.so
7f81b29db000-7f81b29e5000 r-xp 00000000 08:03 3044454                    /lib/x86_64-linux-gnu/libnss_nis-2.15.so
7f81b29e5000-7f81b2be5000 ---p 0000a000 08:03 3044454                    /lib/x86_64-linux-gnu/libnss_nis-2.15.so
7f81b2be5000-7f81b2be6000 r--p 0000a000 08:03 3044454                    /lib/x86_64-linux-gnu/libnss_nis-2.15.so
7f81b2be6000-7f81b2be7000 rw-p 0000b000 08:03 3044454                    /lib/x86_64-linux-gnu/libnss_nis-2.15.so
7f81b2be7000-7f81b2bfe000 r-xp 00000000 08:03 3044470                    /lib/x86_64-linux-gnu/libnsl-2.15.so
7f81b2bfe000-7f81b2dfd000 ---p 00017000 08:03 3044470                    /lib/x86_64-linux-gnu/libnsl-2.15.so
7f81b2dfd000-7f81b2dfe000 r--p 00016000 08:03 3044470                    /lib/x86_64-linux-gnu/libnsl-2.15.so
7f81b2dfe000-7f81b2dff000 rw-p 00017000 08:03 3044470                    /lib/x86_64-linux-gnu/libnsl-2.15.so
7f81b2dff000-7f81b2e01000 rw-p 00000000 00:00 0 
7f81b2e01000-7f81b2e09000 r-xp 00000000 08:03 3044448                    /lib/x86_64-linux-gnu/libnss_compat-2.15.so
7f81b2e09000-7f81b3008000 ---p 00008000 08:03 3044448                    /lib/x86_64-linux-gnu/libnss_compat-2.15.so
7f81b3008000-7f81b3009000 r--p 00007000 08:03 3044448                    /lib/x86_64-linux-gnu/libnss_compat-2.15.so
7f81b3009000-7f81b300a000 rw-p 00008000 08:03 3044448                    /lib/x86_64-linux-gnu/libnss_compat-2.15.so
7f81b300a000-7f81b3036000 r-xp 00000000 08:03 1966620                    /usr/lib/jvm/java-6-openjdk-amd64/jre/lib/amd64/libjava.so
7f81b3036000-7f81b3235000 ---p 0002c000 08:03 1966620                    /usr/lib/jvm/java-6-openjdk-amd64/jre/lib/amd64/libjava.so
7f81b3235000-7f81b3236000 r--p 0002b000 08:03 1966620                    /usr/lib/jvm/java-6-openjdk-amd64/jre/lib/amd64/libjava.so
7f81b3236000-7f81b3239000 rw-p 0002c000 08:03 1966620                    /usr/lib/jvm/java-6-openjdk-amd64/jre/lib/amd64/libjava.so
7f81b3239000-7f81b3247000 r-xp 00000000 08:03 1966637                    /usr/lib/jvm/java-6-openjdk-amd64/jre/lib/amd64/libverify.so
7f81b3247000-7f81b3446000 ---p 0000e000 08:03 1966637                    /usr/lib/jvm/java-6-openjdk-amd64/jre/lib/amd64/libverify.so
7f81b3446000-7f81b3448000 r--p 0000d000 08:03 1966637                    /usr/lib/jvm/java-6-openjdk-amd64/jre/lib/amd64/libverify.so
7f81b3448000-7f81b3449000 rw-p 0000f000 08:03 1966637                    /usr/lib/jvm/java-6-openjdk-amd64/jre/lib/amd64/libverify.so
7f81b3449000-7f81b3450000 r-xp 00000000 08:03 3044453                    /lib/x86_64-linux-gnu/librt-2.15.so
7f81b3450000-7f81b364f000 ---p 00007000 08:03 3044453                    /lib/x86_64-linux-gnu/librt-2.15.so
7f81b364f000-7f81b3650000 r--p 00006000 08:03 3044453                    /lib/x86_64-linux-gnu/librt-2.15.so
7f81b3650000-7f81b3651000 rw-p 00007000 08:03 3044453                    /lib/x86_64-linux-gnu/librt-2.15.so
7f81b3651000-7f81b3666000 r-xp 00000000 08:03 3018368                    /lib/x86_64-linux-gnu/libgcc_s.so.1
7f81b3666000-7f81b3865000 ---p 00015000 08:03 3018368                    /lib/x86_64-linux-gnu/libgcc_s.so.1
7f81b3865000-7f81b3866000 r--p 00014000 08:03 3018368                    /lib/x86_64-linux-gnu/libgcc_s.so.1
7f81b3866000-7f81b3867000 rw-p 00015000 08:03 3018368                    /lib/x86_64-linux-gnu/libgcc_s.so.1
7f81b3867000-7f81b3962000 r-xp 00000000 08:03 3044459                    /lib/x86_64-linux-gnu/libm-2.15.so
7f81b3962000-7f81b3b61000 ---p 000fb000 08:03 3044459                    /lib/x86_64-linux-gnu/libm-2.15.so
7f81b3b61000-7f81b3b62000 r--p 000fa000 08:03 3044459                    /lib/x86_64-linux-gnu/libm-2.15.so
7f81b3b62000-7f81b3b63000 rw-p 000fb000 08:03 3044459                    /lib/x86_64-linux-gnu/libm-2.15.so
7f81b3b63000-7f81b3c45000 r-xp 00000000 08:03 6168267                    /usr/lib/x86_64-linux-gnu/libstdc++.so.6.0.16
7f81b3c45000-7f81b3e44000 ---p 000e2000 08:03 6168267                    /usr/lib/x86_64-linux-gnu/libstdc++.so.6.0.16
7f81b3e44000-7f81b3e4c000 r--p 000e1000 08:03 6168267                    /usr/lib/x86_64-linux-gnu/libstdc++.so.6.0.16
7f81b3e4c000-7f81b3e4e000 rw-p 000e9000 08:03 6168267                    /usr/lib/x86_64-linux-gnu/libstdc++.so.6.0.16
7f81b3e4e000-7f81b3e63000 rw-p 00000000 00:00 0 
7f81b3e63000-7f81b4763000 r-xp 00000000 08:03 1966652                    /usr/lib/jvm/java-6-openjdk-amd64/jre/lib/amd64/server/libjvm.so
7f81b4763000-7f81b4963000 ---p 00900000 08:03 1966652                    /usr/lib/jvm/java-6-openjdk-amd64/jre/lib/amd64/server/libjvm.so
7f81b4963000-7f81b49e4000 r--p 00900000 08:03 1966652                    /usr/lib/jvm/java-6-openjdk-amd64/jre/lib/amd64/server/libjvm.so
7f81b49e4000-7f81b49ff000 rw-p 00981000 08:03 1966652                    /usr/lib/jvm/java-6-openjdk-amd64/jre/lib/amd64/server/libjvm.so
7f81b49ff000-7f81b4a28000 rw-p 00000000 00:00 0 
7f81b4a28000-7f81b4a3e000 r-xp 00000000 08:03 3018458                    /lib/x86_64-linux-gnu/libz.so.1.2.3.4
7f81b4a3e000-7f81b4c3d000 ---p 00016000 08:03 3018458                    /lib/x86_64-linux-gnu/libz.so.1.2.3.4
7f81b4c3d000-7f81b4c3e000 r--p 00015000 08:03 3018458                    /lib/x86_64-linux-gnu/libz.so.1.2.3.4
7f81b4c3e000-7f81b4c3f000 rw-p 00016000 08:03 3018458                    /lib/x86_64-linux-gnu/libz.so.1.2.3.4
7f81b4c3f000-7f81b4df4000 r-xp 00000000 08:03 3044446                    /lib/x86_64-linux-gnu/libc-2.15.so
7f81b4df4000-7f81b4ff4000 ---p 001b5000 08:03 3044446                    /lib/x86_64-linux-gnu/libc-2.15.so
7f81b4ff4000-7f81b4ff8000 r--p 001b5000 08:03 3044446                    /lib/x86_64-linux-gnu/libc-2.15.so
7f81b4ff8000-7f81b4ffa000 rw-p 001b9000 08:03 3044446                    /lib/x86_64-linux-gnu/libc-2.15.so
7f81b4ffa000-7f81b4fff000 rw-p 00000000 00:00 0 
7f81b4fff000-7f81b5001000 r-xp 00000000 08:03 3044463                    /lib/x86_64-linux-gnu/libdl-2.15.so
7f81b5001000-7f81b5201000 ---p 00002000 08:03 3044463                    /lib/x86_64-linux-gnu/libdl-2.15.so
7f81b5201000-7f81b5202000 r--p 00002000 08:03 3044463                    /lib/x86_64-linux-gnu/libdl-2.15.so
7f81b5202000-7f81b5203000 rw-p 00003000 08:03 3044463                    /lib/x86_64-linux-gnu/libdl-2.15.so
7f81b5203000-7f81b5207000 r-xp 00000000 08:03 1966795                    /usr/lib/jvm/java-6-openjdk-amd64/jre/lib/amd64/jli/libjli.so
7f81b5207000-7f81b5406000 ---p 00004000 08:03 1966795                    /usr/lib/jvm/java-6-openjdk-amd64/jre/lib/amd64/jli/libjli.so
7f81b5406000-7f81b5407000 r--p 00003000 08:03 1966795                    /usr/lib/jvm/java-6-openjdk-amd64/jre/lib/amd64/jli/libjli.so
7f81b5407000-7f81b5408000 rw-p 00004000 08:03 1966795                    /usr/lib/jvm/java-6-openjdk-amd64/jre/lib/amd64/jli/libjli.so
7f81b5408000-7f81b5420000 r-xp 00000000 08:03 3044455                    /lib/x86_64-linux-gnu/libpthread-2.15.so
7f81b5420000-7f81b561f000 ---p 00018000 08:03 3044455                    /lib/x86_64-linux-gnu/libpthread-2.15.so
7f81b561f000-7f81b5620000 r--p 00017000 08:03 3044455                    /lib/x86_64-linux-gnu/libpthread-2.15.so
7f81b5620000-7f81b5621000 rw-p 00018000 08:03 3044455                    /lib/x86_64-linux-gnu/libpthread-2.15.so
7f81b5621000-7f81b5625000 rw-p 00000000 00:00 0 
7f81b5625000-7f81b5647000 r-xp 00000000 08:03 3044460                    /lib/x86_64-linux-gnu/ld-2.15.so
7f81b5647000-7f81b5648000 r--s 00001000 08:03 6054                       /usr/share/java/ant-javamail-1.8.2.jar
7f81b5648000-7f81b5649000 r--s 00003000 08:03 6060                       /usr/share/java/ant-testutil-1.8.2.jar
7f81b5649000-7f81b564b000 r--s 00008000 08:03 4367                       /usr/share/java/ant-apache-oro-1.8.2.jar
7f81b564b000-7f81b564d000 r--s 00017000 08:03 6058                       /usr/share/java/ant-junit-1.8.2.jar
7f81b564d000-7f81b564e000 r--s 00000000 08:03 4366                       /usr/share/java/ant-apache-log4j-1.8.2.jar
7f81b564e000-7f81b5657000 r--s 00031000 08:03 3887                       /usr/share/java/xml-apis-1.4.01.jar
7f81b5657000-7f81b565e000 r--s 000fc000 08:03 1966589                    /usr/lib/jvm/java-6-openjdk-common/jre/lib/resources.jar
7f81b565e000-7f81b5668000 rw-p 00000000 00:00 0 
7f81b5668000-7f81b571e000 rw-p 00000000 00:00 0 
7f81b571e000-7f81b5721000 ---p 00000000 00:00 0 
7f81b5721000-7f81b5824000 rw-p 00000000 00:00 0 
7f81b5824000-7f81b5825000 r--s 00001000 08:03 4012                       /usr/share/java/ant-antlr-1.8.2.jar
7f81b5825000-7f81b5826000 r--s 00000000 08:03 5725                       /usr/share/java/ant-apache-xalan2-1.8.2.jar
7f81b5826000-7f81b5827000 r--s 00000000 08:03 4610                       /usr/share/java/ant-apache-resolver-1.8.2.jar
7f81b5827000-7f81b582a000 r--s 0007f000 08:03 1966607                    /usr/lib/jvm/java-6-openjdk-common/jre/lib/jsse.jar
7f81b582a000-7f81b582c000 r--s 00002000 08:03 3982                       /usr/share/java/ant-launcher-1.8.2.jar
7f81b582c000-7f81b582e000 r--s 0000f000 08:03 1966577                    /usr/lib/jvm/java-6-openjdk-common/jre/lib/ext/pulse-java.jar
7f81b582e000-7f81b5831000 r--s 00077000 08:03 1966579                    /usr/lib/jvm/java-6-openjdk-common/jre/lib/ext/localedata.jar
7f81b5831000-7f81b5832000 r--s 00007000 08:03 855                        /usr/share/java/java-atk-wrapper.jar
7f81b5832000-7f81b5835000 r--s 00031000 08:03 1966581                    /usr/lib/jvm/java-6-openjdk-common/jre/lib/ext/sunjce_provider.jar
7f81b5835000-7f81b5837000 r--s 00001000 08:03 1966580                    /usr/lib/jvm/java-6-openjdk-common/jre/lib/ext/dnsns.jar
7f81b5837000-7f81b583b000 r--s 00039000 08:03 1966575                    /usr/lib/jvm/java-6-openjdk-common/jre/lib/ext/sunpkcs11.jar
7f81b583b000-7f81b5843000 rw-s 00000000 08:03 2636916                    /tmp/hsperfdata_oleg/6803
7f81b5843000-7f81b5844000 rw-p 00000000 00:00 0 
7f81b5844000-7f81b5845000 r--p 00000000 00:00 0 
7f81b5845000-7f81b5847000 rw-p 00000000 00:00 0 
7f81b5847000-7f81b5848000 r--p 00022000 08:03 3044460                    /lib/x86_64-linux-gnu/ld-2.15.so
7f81b5848000-7f81b584a000 rw-p 00023000 08:03 3044460                    /lib/x86_64-linux-gnu/ld-2.15.so
7fff476b3000-7fff476d4000 rw-p 00000000 00:00 0                          [stack]
7fff47705000-7fff47706000 r-xp 00000000 00:00 0                          [vdso]
ffffffffff600000-ffffffffff601000 r-xp 00000000 00:00 0                  [vsyscall]

VM Arguments:
jvm_args: -Dant.home=/usr/share/ant -Dant.library.dir=/usr/share/ant/lib 
java_command: org.apache.tools.ant.launch.Launcher -cp  debug -f /home/oleg/CordovaMapsSample/platforms/android/build.xml -Dout.dir=ant-build -Dgen.absolute.dir=ant-gen
Launcher Type: SUN_STANDARD

Environment Variables:
PATH=/home/oleg/.rvm/gems/ruby-1.9.3-p327/bin:/home/oleg/.rvm/gems/ruby-1.9.3-p327@global/bin:/home/oleg/.rvm/rubies/ruby-1.9.3-p327/bin:/home/oleg/.rvm/bin:/usr/lib/lightdm/lightdm:/usr/local/sbin:/usr/local/bin:/usr/sbin:/usr/bin:/sbin:/bin:/usr/games:/home/oleg/sdk/platform-tools:/home/oleg/sdk/tools
LD_LIBRARY_PATH=/usr/lib/jvm/java-6-openjdk-amd64/jre/lib/amd64/server:/usr/lib/jvm/java-6-openjdk-amd64/jre/lib/amd64:/usr/lib/jvm/java-6-openjdk-amd64/jre/../lib/amd64
SHELL=/bin/bash
DISPLAY=:1.0

Signal Handlers:
SIGSEGV: [libjvm.so+0x7837c0], sa_mask[0]=0x7ffbfeff, sa_flags=0x10000004
SIGBUS: [libjvm.so+0x7837c0], sa_mask[0]=0x7ffbfeff, sa_flags=0x10000004
SIGFPE: [libjvm.so+0x647740], sa_mask[0]=0x7ffbfeff, sa_flags=0x10000004
SIGPIPE: [libjvm.so+0x647740], sa_mask[0]=0x7ffbfeff, sa_flags=0x10000004
SIGXFSZ: [libjvm.so+0x647740], sa_mask[0]=0x7ffbfeff, sa_flags=0x10000004
SIGILL: [libjvm.so+0x647740], sa_mask[0]=0x7ffbfeff, sa_flags=0x10000004
SIGUSR1: SIG_DFL, sa_mask[0]=0x00000000, sa_flags=0x00000000
SIGUSR2: [libjvm.so+0x647920], sa_mask[0]=0x00000000, sa_flags=0x10000004
SIGHUP: [libjvm.so+0x64a2f0], sa_mask[0]=0x7ffbfeff, sa_flags=0x10000004
SIGINT: [libjvm.so+0x64a2f0], sa_mask[0]=0x7ffbfeff, sa_flags=0x10000004
SIGTERM: [libjvm.so+0x64a2f0], sa_mask[0]=0x7ffbfeff, sa_flags=0x10000004
SIGQUIT: [libjvm.so+0x64a2f0], sa_mask[0]=0x7ffbfeff, sa_flags=0x10000004


---------------  S Y S T E M  ---------------

OS:Ubuntu 12.04 (precise)
uname:Linux 3.2.0-58-generic #88-Ubuntu SMP Tue Dec 3 17:37:58 UTC 2013 x86_64
libc:glibc 2.15 NPTL 2.15 
rlimit: STACK 8192k, CORE 0k, NPROC 79359, NOFILE 4096, AS infinity
load average:3.36 2.40 2.03

/proc/meminfo:
MemTotal:       10241552 kB
MemFree:         3015372 kB
Buffers:          186200 kB
Cached:          2509412 kB
SwapCached:            0 kB
Active:          4255760 kB
Inactive:        2155372 kB
Active(anon):    3717536 kB
Inactive(anon):    30532 kB
Active(file):     538224 kB
Inactive(file):  2124840 kB
Unevictable:          32 kB
Mlocked:              32 kB
SwapTotal:       6894588 kB
SwapFree:        6894588 kB
Dirty:             10216 kB
Writeback:             0 kB
AnonPages:       3715480 kB
Mapped:           553792 kB
Shmem:             32552 kB
Slab:             160920 kB
SReclaimable:     117588 kB
SUnreclaim:        43332 kB
KernelStack:        6816 kB
PageTables:        83376 kB
NFS_Unstable:          0 kB
Bounce:                0 kB
WritebackTmp:          0 kB
CommitLimit:    12015364 kB
Committed_AS:   10702964 kB
VmallocTotal:   34359738367 kB
VmallocUsed:      330348 kB
VmallocChunk:   34359405748 kB
HardwareCorrupted:     0 kB
AnonHugePages:         0 kB
HugePages_Total:       0
HugePages_Free:        0
HugePages_Rsvd:        0
HugePages_Surp:        0
Hugepagesize:       2048 kB
DirectMap4k:      229952 kB
DirectMap2M:     3962880 kB
DirectMap1G:     6291456 kB


CPU:total 2 (2 cores per cpu, 1 threads per core) family 16 model 6 stepping 3, cmov, cx8, fxsr, mmx, sse, sse2, sse3, popcnt, mmxext, 3dnowpref, lzcnt, sse4a

Memory: 4k page, physical 10241552k(3015372k free), swap 6894588k(6894588k free)

vm_info: OpenJDK 64-Bit Server VM (20.0-b12) for linux-amd64 JRE (1.6.0_27-b27), built on Nov 16 2013 15:13:05 by "buildd" with gcc 4.6.3

time: Mon Apr 21 18:32:53 2014
elapsed time: 4 seconds

