#
# A fatal error has been detected by the Java Runtime Environment:
#
#  SIGSEGV (0xb) at pc=0x00007f46f399c153, pid=28844, tid=139942652970752
#
# JRE version: 6.0_27-b27
# Java VM: OpenJDK 64-Bit Server VM (20.0-b12 mixed mode linux-amd64 compressed oops)
# Derivative: IcedTea6 1.12.6
# Distribution: Ubuntu 12.04 LTS, package 6b27-1.12.6-1ubuntu0.12.04.4
# Problematic frame:
# V  [libjvm.so+0x46b153]  PhaseIFG::add_edge(unsigned int, unsigned int)+0x33
#
# If you would like to submit a bug report, please include
# instructions how to reproduce the bug and visit:
#   https://bugs.launchpad.net/ubuntu/+source/openjdk-6/
#

---------------  T H R E A D  ---------------

Current thread (0x00007f46ec096800):  JavaThread "C2 CompilerThread0" daemon [_thread_in_native, id=28854, stack(0x00007f46f00e8000,0x00007f46f01e9000)]

siginfo:si_signo=SIGSEGV: si_errno=0, si_code=128 (), si_addr=0x0000000000000000

Registers:
RAX=0x00a67f46d06f7a70, RBX=0x00007f46d0d8fa30, RCX=0x000000000000000a, RDX=0x0000000000000a67
RSP=0x00007f46f01e4920, RBP=0x00007f46f01e4940, RSI=0x0000000000001591, RDI=0x00007f46f01e4d40
R8 =0x0000000000000000, R9 =0x0000000000000003, R10=0x0000000000000080, R11=0x00007f46d0d96170
R12=0x00007f46f01e6330, R13=0x0000000000001591, R14=0x0000000000001591, R15=0x00007f46d0e0cb48
RIP=0x00007f46f399c153, EFLAGS=0x0000000000010206, CSGSFS=0x0000000000000033, ERR=0x0000000000000000
  TRAPNO=0x000000000000000d

Top of Stack: (sp=0x00007f46f01e4920)
0x00007f46f01e4920:   00000000000000b8 00007f46d0e0cb80
0x00007f46f01e4930:   00007f46f01e6330 00007f46d0e0cb80
0x00007f46f01e4940:   00007f46f01e49b0 00007f46f399cb44
0x00007f46f01e4950:   00000a6a00000000 00007f4600000004
0x00007f46f01e4960:   00007f46d0661a80 00007f460000000b
0x00007f46f01e4970:   00007f46d0661fa0 00007f4600000017
0x00007f46f01e4980:   00007f46f01e4a30 00007f46f01e4a30
0x00007f46f01e4990:   00007f46f01e49b0 00007f46c40bf7b8
0x00007f46f01e49a0:   00007f46f01e6330 00007f46d028add0
0x00007f46f01e49b0:   00007f46f01e4be0 00007f46f399da3d
0x00007f46f01e49c0:   0000000000000001 000000000000000a
0x00007f46f01e49d0:   00007f460000000b 00000000000769d8
0x00007f46f01e49e0:   0000000000001591 00000096d0172118
0x00007f46f01e49f0:   00000013000004b0 0000000200000011
0x00007f46f01e4a00:   407bb28d8931b6bd 0000000000000012
0x00007f46f01e4a10:   00007f46d028add0 0000000c0000000a
0x00007f46f01e4a20:   00007f46c411a660 3f29e6caa8000000
0x00007f46f01e4a30:   00007f460000000d 00007f46d0661fa0
0x00007f46f01e4a40:   00007f46f01e4a60 00007f46f01e4ce0
0x00007f46f01e4a50:   00007f46c4141210 0000000000000000
0x00007f46f01e4a60:   00007f46f01e4b20 0000000100000000
0x00007f46f01e4a70:   0000000000001000 0000000000020000
0x00007f46f01e4a80:   00007f46d012bb68 00007f46d09bef70
0x00007f46f01e4a90:   00007f46f01e4ae0 00007f46f3c7dd56
0x00007f46f01e4aa0:   00007f46f40d61c0 00007f46f3c7ddd7
0x00007f46f01e4ab0:   00007f46f01e4ae0 00007f46f3765c83
0x00007f46f01e4ac0:   00007f4600000017 00007f4600000001
0x00007f46f01e4ad0:   00000a6d00000000 00007f4600000008
0x00007f46f01e4ae0:   00007f46d0660d20 00007f4600000001
0x00007f46f01e4af0:   00007f46d06612c8 00007f4600000001
0x00007f46f01e4b00:   00007f46f01e4a30 00007f46f3765d14
0x00007f46f01e4b10:   0000000a00000000 0000000000000008 

Instructions: (pc=0x00007f46f399c153)
0x00007f46f399c133:   31 c0 85 d2 48 8b 5f 10 74 4c 89 f6 89 d1 48 8d
0x00007f46f399c143:   04 b6 c1 e9 08 48 c1 e0 05 48 01 c3 48 8b 43 08
0x00007f46f399c153:   48 8b 04 c8 48 3b 05 ca e2 70 00 74 38 89 d1 c1
0x00007f46f399c163:   ea 05 be 01 00 00 00 83 e1 1f 83 e2 07 d3 e6 8b 

Register to memory mapping:

RAX=0x00a67f46d06f7a70 is an unknown value
RBX=0x00007f46d0d8fa30 is an unknown value
RCX=0x000000000000000a is an unknown value
RDX=0x0000000000000a67 is an unknown value
RSP=0x00007f46f01e4920 is pointing into the stack for thread: 0x00007f46ec096800
RBP=0x00007f46f01e4940 is pointing into the stack for thread: 0x00007f46ec096800
RSI=0x0000000000001591 is an unknown value
RDI=0x00007f46f01e4d40 is pointing into the stack for thread: 0x00007f46ec096800
R8 =0x0000000000000000 is an unknown value
R9 =0x0000000000000003 is an unknown value
R10=0x0000000000000080 is an unknown value
R11=0x00007f46d0d96170 is an unknown value
R12=0x00007f46f01e6330 is pointing into the stack for thread: 0x00007f46ec096800
R13=0x0000000000001591 is an unknown value
R14=0x0000000000001591 is an unknown value
R15=0x00007f46d0e0cb48 is an unknown value


Stack: [0x00007f46f00e8000,0x00007f46f01e9000],  sp=0x00007f46f01e4920,  free space=1010k
Native frames: (J=compiled Java code, j=interpreted, Vv=VM code, C=native code)
V  [libjvm.so+0x46b153]  PhaseIFG::add_edge(unsigned int, unsigned int)+0x33
V  [libjvm.so+0x46bb44]  PhaseChaitin::interfere_with_live(unsigned int, IndexSet*)+0xf4
V  [libjvm.so+0x46ca3d]  PhaseChaitin::build_ifg_physical(ResourceArea*)+0x80d
V  [libjvm.so+0x31b92d]  PhaseChaitin::Register_Allocate()+0x24d
V  [libjvm.so+0x379abf]  Compile::Code_Gen() [clone .part.263]+0x29f
V  [libjvm.so+0x37bd8a]  Compile::Compile(ciEnv*, C2Compiler*, ciMethod*, int, bool, bool)+0xb2a
V  [libjvm.so+0x3055a0]  C2Compiler::compile_method(ciEnv*, ciMethod*, int)+0xe0
V  [libjvm.so+0x3803f3]  CompileBroker::invoke_compiler_on_method(CompileTask*)+0x2a3
V  [libjvm.so+0x380d3b]  CompileBroker::compiler_thread_loop()+0x45b
V  [libjvm.so+0x74b368]  JavaThread::thread_main_inner()+0x58
V  [libjvm.so+0x64ac92]  java_start(Thread*)+0x112


Current CompileTask:
C2:   5410 197      java.util.Arrays.mergeSort([Ljava/lang/Object;[Ljava/lang/Object;III)V (234 bytes)


---------------  P R O C E S S  ---------------

Java Threads: ( => current thread )
  0x00007f46ec09c000 JavaThread "Low Memory Detector" daemon [_thread_blocked, id=28856, stack(0x00007f46e8dfe000,0x00007f46e8eff000)]
  0x00007f46ec099800 JavaThread "C2 CompilerThread1" daemon [_thread_in_native, id=28855, stack(0x00007f46e8eff000,0x00007f46e9000000)]
=>0x00007f46ec096800 JavaThread "C2 CompilerThread0" daemon [_thread_in_native, id=28854, stack(0x00007f46f00e8000,0x00007f46f01e9000)]
  0x00007f46ec095800 JavaThread "Signal Dispatcher" daemon [_thread_blocked, id=28853, stack(0x00007f46f01e9000,0x00007f46f02ea000)]
  0x00007f46ec074800 JavaThread "Finalizer" daemon [_thread_blocked, id=28852, stack(0x00007f46f09d1000,0x00007f46f0ad2000)]
  0x00007f46ec072800 JavaThread "Reference Handler" daemon [_thread_blocked, id=28851, stack(0x00007f46f0ad2000,0x00007f46f0bd3000)]
  0x00007f46ec008000 JavaThread "main" [_thread_in_native, id=28847, stack(0x00007f46f4dec000,0x00007f46f4eed000)]

Other Threads:
  0x00007f46ec06d800 VMThread [stack: 0x00007f46f0bd3000,0x00007f46f0cd4000] [id=28850]
  0x00007f46ec09e800 WatcherThread [stack: 0x00007f46e8cfd000,0x00007f46e8dfe000] [id=28857]

VM state:not at safepoint (normal execution)

VM Mutex/Monitor currently owned by a thread: None

Heap
 PSYoungGen      total 86656K, used 6323K [0x00000007cbe00000, 0x00000007d1920000, 0x0000000800000000)
  eden space 80000K, 1% used [0x00000007cbe00000,0x00000007cbf713a0,0x00000007d0c20000)
  from space 6656K, 72% used [0x00000007d12a0000,0x00000007d175ba48,0x00000007d1920000)
  to   space 6656K, 0% used [0x00000007d0c20000,0x00000007d0c20000,0x00000007d12a0000)
 PSOldGen        total 106752K, used 0K [0x0000000763a00000, 0x000000076a240000, 0x00000007cbe00000)
  object space 106752K, 0% used [0x0000000763a00000,0x0000000763a00000,0x000000076a240000)
 PSPermGen       total 21248K, used 18789K [0x0000000759400000, 0x000000075a8c0000, 0x0000000763a00000)
  object space 21248K, 88% used [0x0000000759400000,0x000000075a659790,0x000000075a8c0000)

Code Cache  [0x00007f46e9000000, 0x00007f46e9270000, 0x00007f46ec000000)
 total_blobs=473 nmethods=205 adapters=222 free_code_cache=49409856 largest_free_block=10880

Dynamic libraries:
00400000-00409000 r-xp 00000000 08:03 1971074                            /usr/lib/jvm/java-6-openjdk-amd64/jre/bin/java
00608000-00609000 r--p 00008000 08:03 1971074                            /usr/lib/jvm/java-6-openjdk-amd64/jre/bin/java
00609000-0060a000 rw-p 00009000 08:03 1971074                            /usr/lib/jvm/java-6-openjdk-amd64/jre/bin/java
02297000-022b8000 rw-p 00000000 00:00 0                                  [heap]
759400000-75a8c0000 rw-p 00000000 00:00 0 
75a8c0000-763a00000 rw-p 00000000 00:00 0 
763a00000-76a240000 rw-p 00000000 00:00 0 
76a240000-7cbe00000 rw-p 00000000 00:00 0 
7cbe00000-7d1920000 rw-p 00000000 00:00 0 
7d1920000-800000000 rw-p 00000000 00:00 0 
7f46b4000000-7f46b4021000 rw-p 00000000 00:00 0 
7f46b4021000-7f46b8000000 ---p 00000000 00:00 0 
7f46b8000000-7f46b8021000 rw-p 00000000 00:00 0 
7f46b8021000-7f46bc000000 ---p 00000000 00:00 0 
7f46bc000000-7f46bc021000 rw-p 00000000 00:00 0 
7f46bc021000-7f46c0000000 ---p 00000000 00:00 0 
7f46c0000000-7f46c0021000 rw-p 00000000 00:00 0 
7f46c0021000-7f46c4000000 ---p 00000000 00:00 0 
7f46c4000000-7f46c4713000 rw-p 00000000 00:00 0 
7f46c4713000-7f46c8000000 ---p 00000000 00:00 0 
7f46c8000000-7f46c8021000 rw-p 00000000 00:00 0 
7f46c8021000-7f46cc000000 ---p 00000000 00:00 0 
7f46cc000000-7f46cc021000 rw-p 00000000 00:00 0 
7f46cc021000-7f46d0000000 ---p 00000000 00:00 0 
7f46d0000000-7f46d0ec7000 rw-p 00000000 00:00 0 
7f46d0ec7000-7f46d4000000 ---p 00000000 00:00 0 
7f46d4000000-7f46d4021000 rw-p 00000000 00:00 0 
7f46d4021000-7f46d8000000 ---p 00000000 00:00 0 
7f46d8000000-7f46d8021000 rw-p 00000000 00:00 0 
7f46d8021000-7f46dc000000 ---p 00000000 00:00 0 
7f46dc000000-7f46dc021000 rw-p 00000000 00:00 0 
7f46dc021000-7f46e0000000 ---p 00000000 00:00 0 
7f46e0000000-7f46e0021000 rw-p 00000000 00:00 0 
7f46e0021000-7f46e4000000 ---p 00000000 00:00 0 
7f46e4000000-7f46e4021000 rw-p 00000000 00:00 0 
7f46e4021000-7f46e8000000 ---p 00000000 00:00 0 
7f46e89df000-7f46e89e2000 ---p 00000000 00:00 0 
7f46e89e2000-7f46e8ae0000 rw-p 00000000 00:00 0 
7f46e8ae0000-7f46e8ae3000 ---p 00000000 00:00 0 
7f46e8ae3000-7f46e8be1000 rw-p 00000000 00:00 0 
7f46e8be1000-7f46e8be4000 ---p 00000000 00:00 0 
7f46e8be4000-7f46e8ce2000 rw-p 00000000 00:00 0 
7f46e8ce2000-7f46e8ce4000 r--s 00008000 08:03 4341306                    /home/oleg/sdk/tools/lib/emma_ant.jar
7f46e8ce4000-7f46e8cec000 r--s 00061000 08:03 4341305                    /home/oleg/sdk/tools/lib/emma.jar
7f46e8cec000-7f46e8cee000 r--s 0000d000 08:03 4341321                    /home/oleg/sdk/tools/lib/commons-codec-1.4.jar
7f46e8cee000-7f46e8cf0000 r--s 0000d000 08:03 4341280                    /home/oleg/sdk/tools/lib/commons-logging-1.1.1.jar
7f46e8cf0000-7f46e8cf5000 r--s 00028000 08:03 4341340                    /home/oleg/sdk/tools/lib/httpcore-4.1.jar
7f46e8cf5000-7f46e8cfd000 r--s 0004e000 08:03 4341299                    /home/oleg/sdk/tools/lib/httpclient-4.1.1.jar
7f46e8cfd000-7f46e8cfe000 ---p 00000000 00:00 0 
7f46e8cfe000-7f46e8dfe000 rw-p 00000000 00:00 0 
7f46e8dfe000-7f46e8e01000 ---p 00000000 00:00 0 
7f46e8e01000-7f46e8eff000 rw-p 00000000 00:00 0 
7f46e8eff000-7f46e8f02000 ---p 00000000 00:00 0 
7f46e8f02000-7f46e9000000 rw-p 00000000 00:00 0 
7f46e9000000-7f46e9270000 rwxp 00000000 00:00 0 
7f46e9270000-7f46ec3a0000 rw-p 00000000 00:00 0 
7f46ec3a0000-7f46f0000000 ---p 00000000 00:00 0 
7f46f0000000-7f46f0002000 r--s 00005000 08:03 4341325                    /home/oleg/sdk/tools/lib/httpmime-4.1.jar
7f46f0002000-7f46f0006000 r--s 00020000 08:03 4343070                    /home/oleg/sdk/tools/lib/commons-compress-1.0.jar
7f46f0006000-7f46f0007000 r--s 00002000 08:03 4343076                    /home/oleg/sdk/tools/lib/dvlib.jar
7f46f0007000-7f46f0008000 r--s 0000a000 08:03 4341279                    /home/oleg/sdk/tools/lib/kxml2-2.3.0.jar
7f46f0008000-7f46f000b000 r--s 0000e000 08:03 4341293                    /home/oleg/sdk/tools/lib/layoutlib-api.jar
7f46f000b000-7f46f0014000 r--s 0009d000 08:03 4341285                    /home/oleg/sdk/tools/lib/sdklib.jar
7f46f0014000-7f46f003e000 r--s 001e9000 08:03 4341339                    /home/oleg/sdk/tools/lib/guava-15.0.jar
7f46f003e000-7f46f0040000 r--s 0000f000 08:03 4341323                    /home/oleg/sdk/tools/lib/common.jar
7f46f0040000-7f46f0041000 r--s 00008000 08:03 4341281                    /home/oleg/sdk/tools/lib/manifest-merger.jar
7f46f0041000-7f46f0043000 r--s 00017000 08:03 4343072                    /home/oleg/sdk/tools/lib/ant-tasks.jar
7f46f0043000-7f46f00a3000 r--s 00dc1000 08:03 1971635                    /usr/lib/jvm/java-6-openjdk-amd64/lib/tools.jar
7f46f00a3000-7f46f00a5000 r--s 00001000 08:03 6055                       /usr/share/java/ant-jdepend-1.8.2.jar
7f46f00a5000-7f46f00a6000 r--s 00000000 08:03 4436                       /usr/share/java/ant-apache-regexp-1.8.2.jar
7f46f00a6000-7f46f00a7000 r--s 00009000 08:03 6057                       /usr/share/java/ant-jsch-1.8.2.jar
7f46f00a7000-7f46f00a8000 r--s 00000000 08:03 4365                       /usr/share/java/ant-apache-bsf-1.8.2.jar
7f46f00a8000-7f46f00a9000 r--s 00001000 08:03 6059                       /usr/share/java/ant-swing-1.8.2.jar
7f46f00a9000-7f46f00ab000 r--s 00013000 08:03 6053                       /usr/share/java/ant-commons-net-1.8.2.jar
7f46f00ab000-7f46f00ac000 r--s 00001000 08:03 6061                       /usr/share/java/ant-junit4-1.8.2.jar
7f46f00ac000-7f46f00ae000 r--s 00002000 08:03 3982                       /usr/share/java/ant-launcher-1.8.2.jar
7f46f00ae000-7f46f00b0000 r--s 00001000 08:03 4364                       /usr/share/java/ant-apache-bcel-1.8.2.jar
7f46f00b0000-7f46f00b2000 r--s 00008000 08:03 4367                       /usr/share/java/ant-apache-oro-1.8.2.jar
7f46f00b2000-7f46f00cf000 r--s 001bc000 08:03 3981                       /usr/share/java/ant-1.8.2.jar
7f46f00cf000-7f46f00e8000 r--s 00144000 08:03 3918                       /usr/share/java/xercesImpl-2.11.0.jar
7f46f00e8000-7f46f00eb000 ---p 00000000 00:00 0 
7f46f00eb000-7f46f01e9000 rw-p 00000000 00:00 0 
7f46f01e9000-7f46f01ec000 ---p 00000000 00:00 0 
7f46f01ec000-7f46f02ea000 rw-p 00000000 00:00 0 
7f46f02ea000-7f46f09d1000 r--p 00000000 08:03 6167085                    /usr/lib/locale/locale-archive
7f46f09d1000-7f46f09d4000 ---p 00000000 00:00 0 
7f46f09d4000-7f46f0ad2000 rw-p 00000000 00:00 0 
7f46f0ad2000-7f46f0ad5000 ---p 00000000 00:00 0 
7f46f0ad5000-7f46f0bd3000 rw-p 00000000 00:00 0 
7f46f0bd3000-7f46f0bd4000 ---p 00000000 00:00 0 
7f46f0bd4000-7f46f100a000 rw-p 00000000 00:00 0 
7f46f100a000-7f46f119e000 r--s 03822000 08:03 1971068                    /usr/lib/jvm/java-6-openjdk-amd64/jre/lib/rt.jar
7f46f119e000-7f46f11c6000 rw-p 00000000 00:00 0 
7f46f11c6000-7f46f11c7000 ---p 00000000 00:00 0 
7f46f11c7000-7f46f12c7000 rw-p 00000000 00:00 0 
7f46f12c7000-7f46f12c8000 ---p 00000000 00:00 0 
7f46f12c8000-7f46f13d3000 rw-p 00000000 00:00 0 
7f46f13d3000-7f46f141b000 rw-p 00000000 00:00 0 
7f46f141b000-7f46f1450000 rw-p 00000000 00:00 0 
7f46f1450000-7f46f175d000 rw-p 00000000 00:00 0 
7f46f175d000-7f46f1768000 rw-p 00000000 00:00 0 
7f46f1768000-7f46f17b0000 rw-p 00000000 00:00 0 
7f46f17b0000-7f46f17e5000 rw-p 00000000 00:00 0 
7f46f17e5000-7f46f1af2000 rw-p 00000000 00:00 0 
7f46f1af2000-7f46f1b20000 rw-p 00000000 00:00 0 
7f46f1b20000-7f46f1c93000 rw-p 00000000 00:00 0 
7f46f1c93000-7f46f1c94000 rw-p 00000000 00:00 0 
7f46f1c94000-7f46f1c9b000 r-xp 00000000 08:03 1966625                    /usr/lib/jvm/java-6-openjdk-amd64/jre/lib/amd64/libzip.so
7f46f1c9b000-7f46f1e9a000 ---p 00007000 08:03 1966625                    /usr/lib/jvm/java-6-openjdk-amd64/jre/lib/amd64/libzip.so
7f46f1e9a000-7f46f1e9b000 r--p 00006000 08:03 1966625                    /usr/lib/jvm/java-6-openjdk-amd64/jre/lib/amd64/libzip.so
7f46f1e9b000-7f46f1e9c000 rw-p 00007000 08:03 1966625                    /usr/lib/jvm/java-6-openjdk-amd64/jre/lib/amd64/libzip.so
7f46f1e9c000-7f46f1ea8000 r-xp 00000000 08:03 3044450                    /lib/x86_64-linux-gnu/libnss_files-2.15.so
7f46f1ea8000-7f46f20a7000 ---p 0000c000 08:03 3044450                    /lib/x86_64-linux-gnu/libnss_files-2.15.so
7f46f20a7000-7f46f20a8000 r--p 0000b000 08:03 3044450                    /lib/x86_64-linux-gnu/libnss_files-2.15.so
7f46f20a8000-7f46f20a9000 rw-p 0000c000 08:03 3044450                    /lib/x86_64-linux-gnu/libnss_files-2.15.so
7f46f20a9000-7f46f20b3000 r-xp 00000000 08:03 3044454                    /lib/x86_64-linux-gnu/libnss_nis-2.15.so
7f46f20b3000-7f46f22b3000 ---p 0000a000 08:03 3044454                    /lib/x86_64-linux-gnu/libnss_nis-2.15.so
7f46f22b3000-7f46f22b4000 r--p 0000a000 08:03 3044454                    /lib/x86_64-linux-gnu/libnss_nis-2.15.so
7f46f22b4000-7f46f22b5000 rw-p 0000b000 08:03 3044454                    /lib/x86_64-linux-gnu/libnss_nis-2.15.so
7f46f22b5000-7f46f22cc000 r-xp 00000000 08:03 3044470                    /lib/x86_64-linux-gnu/libnsl-2.15.so
7f46f22cc000-7f46f24cb000 ---p 00017000 08:03 3044470                    /lib/x86_64-linux-gnu/libnsl-2.15.so
7f46f24cb000-7f46f24cc000 r--p 00016000 08:03 3044470                    /lib/x86_64-linux-gnu/libnsl-2.15.so
7f46f24cc000-7f46f24cd000 rw-p 00017000 08:03 3044470                    /lib/x86_64-linux-gnu/libnsl-2.15.so
7f46f24cd000-7f46f24cf000 rw-p 00000000 00:00 0 
7f46f24cf000-7f46f24d7000 r-xp 00000000 08:03 3044448                    /lib/x86_64-linux-gnu/libnss_compat-2.15.so
7f46f24d7000-7f46f26d6000 ---p 00008000 08:03 3044448                    /lib/x86_64-linux-gnu/libnss_compat-2.15.so
7f46f26d6000-7f46f26d7000 r--p 00007000 08:03 3044448                    /lib/x86_64-linux-gnu/libnss_compat-2.15.so
7f46f26d7000-7f46f26d8000 rw-p 00008000 08:03 3044448                    /lib/x86_64-linux-gnu/libnss_compat-2.15.so
7f46f26d8000-7f46f2704000 r-xp 00000000 08:03 1966620                    /usr/lib/jvm/java-6-openjdk-amd64/jre/lib/amd64/libjava.so
7f46f2704000-7f46f2903000 ---p 0002c000 08:03 1966620                    /usr/lib/jvm/java-6-openjdk-amd64/jre/lib/amd64/libjava.so
7f46f2903000-7f46f2904000 r--p 0002b000 08:03 1966620                    /usr/lib/jvm/java-6-openjdk-amd64/jre/lib/amd64/libjava.so
7f46f2904000-7f46f2907000 rw-p 0002c000 08:03 1966620                    /usr/lib/jvm/java-6-openjdk-amd64/jre/lib/amd64/libjava.so
7f46f2907000-7f46f2915000 r-xp 00000000 08:03 1966637                    /usr/lib/jvm/java-6-openjdk-amd64/jre/lib/amd64/libverify.so
7f46f2915000-7f46f2b14000 ---p 0000e000 08:03 1966637                    /usr/lib/jvm/java-6-openjdk-amd64/jre/lib/amd64/libverify.so
7f46f2b14000-7f46f2b16000 r--p 0000d000 08:03 1966637                    /usr/lib/jvm/java-6-openjdk-amd64/jre/lib/amd64/libverify.so
7f46f2b16000-7f46f2b17000 rw-p 0000f000 08:03 1966637                    /usr/lib/jvm/java-6-openjdk-amd64/jre/lib/amd64/libverify.so
7f46f2b17000-7f46f2b1e000 r-xp 00000000 08:03 3044453                    /lib/x86_64-linux-gnu/librt-2.15.so
7f46f2b1e000-7f46f2d1d000 ---p 00007000 08:03 3044453                    /lib/x86_64-linux-gnu/librt-2.15.so
7f46f2d1d000-7f46f2d1e000 r--p 00006000 08:03 3044453                    /lib/x86_64-linux-gnu/librt-2.15.so
7f46f2d1e000-7f46f2d1f000 rw-p 00007000 08:03 3044453                    /lib/x86_64-linux-gnu/librt-2.15.so
7f46f2d1f000-7f46f2d34000 r-xp 00000000 08:03 3018368                    /lib/x86_64-linux-gnu/libgcc_s.so.1
7f46f2d34000-7f46f2f33000 ---p 00015000 08:03 3018368                    /lib/x86_64-linux-gnu/libgcc_s.so.1
7f46f2f33000-7f46f2f34000 r--p 00014000 08:03 3018368                    /lib/x86_64-linux-gnu/libgcc_s.so.1
7f46f2f34000-7f46f2f35000 rw-p 00015000 08:03 3018368                    /lib/x86_64-linux-gnu/libgcc_s.so.1
7f46f2f35000-7f46f3030000 r-xp 00000000 08:03 3044459                    /lib/x86_64-linux-gnu/libm-2.15.so
7f46f3030000-7f46f322f000 ---p 000fb000 08:03 3044459                    /lib/x86_64-linux-gnu/libm-2.15.so
7f46f322f000-7f46f3230000 r--p 000fa000 08:03 3044459                    /lib/x86_64-linux-gnu/libm-2.15.so
7f46f3230000-7f46f3231000 rw-p 000fb000 08:03 3044459                    /lib/x86_64-linux-gnu/libm-2.15.so
7f46f3231000-7f46f3313000 r-xp 00000000 08:03 6168267                    /usr/lib/x86_64-linux-gnu/libstdc++.so.6.0.16
7f46f3313000-7f46f3512000 ---p 000e2000 08:03 6168267                    /usr/lib/x86_64-linux-gnu/libstdc++.so.6.0.16
7f46f3512000-7f46f351a000 r--p 000e1000 08:03 6168267                    /usr/lib/x86_64-linux-gnu/libstdc++.so.6.0.16
7f46f351a000-7f46f351c000 rw-p 000e9000 08:03 6168267                    /usr/lib/x86_64-linux-gnu/libstdc++.so.6.0.16
7f46f351c000-7f46f3531000 rw-p 00000000 00:00 0 
7f46f3531000-7f46f3e31000 r-xp 00000000 08:03 1966652                    /usr/lib/jvm/java-6-openjdk-amd64/jre/lib/amd64/server/libjvm.so
7f46f3e31000-7f46f4031000 ---p 00900000 08:03 1966652                    /usr/lib/jvm/java-6-openjdk-amd64/jre/lib/amd64/server/libjvm.so
7f46f4031000-7f46f40b2000 r--p 00900000 08:03 1966652                    /usr/lib/jvm/java-6-openjdk-amd64/jre/lib/amd64/server/libjvm.so
7f46f40b2000-7f46f40cd000 rw-p 00981000 08:03 1966652                    /usr/lib/jvm/java-6-openjdk-amd64/jre/lib/amd64/server/libjvm.so
7f46f40cd000-7f46f40f6000 rw-p 00000000 00:00 0 
7f46f40f6000-7f46f410c000 r-xp 00000000 08:03 3018458                    /lib/x86_64-linux-gnu/libz.so.1.2.3.4
7f46f410c000-7f46f430b000 ---p 00016000 08:03 3018458                    /lib/x86_64-linux-gnu/libz.so.1.2.3.4
7f46f430b000-7f46f430c000 r--p 00015000 08:03 3018458                    /lib/x86_64-linux-gnu/libz.so.1.2.3.4
7f46f430c000-7f46f430d000 rw-p 00016000 08:03 3018458                    /lib/x86_64-linux-gnu/libz.so.1.2.3.4
7f46f430d000-7f46f44c2000 r-xp 00000000 08:03 3044446                    /lib/x86_64-linux-gnu/libc-2.15.so
7f46f44c2000-7f46f46c2000 ---p 001b5000 08:03 3044446                    /lib/x86_64-linux-gnu/libc-2.15.so
7f46f46c2000-7f46f46c6000 r--p 001b5000 08:03 3044446                    /lib/x86_64-linux-gnu/libc-2.15.so
7f46f46c6000-7f46f46c8000 rw-p 001b9000 08:03 3044446                    /lib/x86_64-linux-gnu/libc-2.15.so
7f46f46c8000-7f46f46cd000 rw-p 00000000 00:00 0 
7f46f46cd000-7f46f46cf000 r-xp 00000000 08:03 3044463                    /lib/x86_64-linux-gnu/libdl-2.15.so
7f46f46cf000-7f46f48cf000 ---p 00002000 08:03 3044463                    /lib/x86_64-linux-gnu/libdl-2.15.so
7f46f48cf000-7f46f48d0000 r--p 00002000 08:03 3044463                    /lib/x86_64-linux-gnu/libdl-2.15.so
7f46f48d0000-7f46f48d1000 rw-p 00003000 08:03 3044463                    /lib/x86_64-linux-gnu/libdl-2.15.so
7f46f48d1000-7f46f48d5000 r-xp 00000000 08:03 1966795                    /usr/lib/jvm/java-6-openjdk-amd64/jre/lib/amd64/jli/libjli.so
7f46f48d5000-7f46f4ad4000 ---p 00004000 08:03 1966795                    /usr/lib/jvm/java-6-openjdk-amd64/jre/lib/amd64/jli/libjli.so
7f46f4ad4000-7f46f4ad5000 r--p 00003000 08:03 1966795                    /usr/lib/jvm/java-6-openjdk-amd64/jre/lib/amd64/jli/libjli.so
7f46f4ad5000-7f46f4ad6000 rw-p 00004000 08:03 1966795                    /usr/lib/jvm/java-6-openjdk-amd64/jre/lib/amd64/jli/libjli.so
7f46f4ad6000-7f46f4aee000 r-xp 00000000 08:03 3044455                    /lib/x86_64-linux-gnu/libpthread-2.15.so
7f46f4aee000-7f46f4ced000 ---p 00018000 08:03 3044455                    /lib/x86_64-linux-gnu/libpthread-2.15.so
7f46f4ced000-7f46f4cee000 r--p 00017000 08:03 3044455                    /lib/x86_64-linux-gnu/libpthread-2.15.so
7f46f4cee000-7f46f4cef000 rw-p 00018000 08:03 3044455                    /lib/x86_64-linux-gnu/libpthread-2.15.so
7f46f4cef000-7f46f4cf3000 rw-p 00000000 00:00 0 
7f46f4cf3000-7f46f4d15000 r-xp 00000000 08:03 3044460                    /lib/x86_64-linux-gnu/ld-2.15.so
7f46f4d15000-7f46f4d16000 r--s 00000000 08:03 5726                       /usr/share/java/ant-commons-logging-1.8.2.jar
7f46f4d16000-7f46f4d17000 r--s 00001000 08:03 6056                       /usr/share/java/ant-jmf-1.8.2.jar
7f46f4d17000-7f46f4d18000 r--s 00001000 08:03 6054                       /usr/share/java/ant-javamail-1.8.2.jar
7f46f4d18000-7f46f4d19000 r--s 00003000 08:03 6060                       /usr/share/java/ant-testutil-1.8.2.jar
7f46f4d19000-7f46f4d1b000 r--s 00017000 08:03 6058                       /usr/share/java/ant-junit-1.8.2.jar
7f46f4d1b000-7f46f4d1c000 r--s 00000000 08:03 4366                       /usr/share/java/ant-apache-log4j-1.8.2.jar
7f46f4d1c000-7f46f4d25000 r--s 00031000 08:03 3887                       /usr/share/java/xml-apis-1.4.01.jar
7f46f4d25000-7f46f4d2c000 r--s 000fc000 08:03 1966589                    /usr/lib/jvm/java-6-openjdk-common/jre/lib/resources.jar
7f46f4d2c000-7f46f4d36000 rw-p 00000000 00:00 0 
7f46f4d36000-7f46f4dec000 rw-p 00000000 00:00 0 
7f46f4dec000-7f46f4def000 ---p 00000000 00:00 0 
7f46f4def000-7f46f4ef2000 rw-p 00000000 00:00 0 
7f46f4ef2000-7f46f4ef3000 r--s 00001000 08:03 4012                       /usr/share/java/ant-antlr-1.8.2.jar
7f46f4ef3000-7f46f4ef4000 r--s 00000000 08:03 5725                       /usr/share/java/ant-apache-xalan2-1.8.2.jar
7f46f4ef4000-7f46f4ef5000 r--s 00000000 08:03 4610                       /usr/share/java/ant-apache-resolver-1.8.2.jar
7f46f4ef5000-7f46f4ef8000 r--s 0007f000 08:03 1966607                    /usr/lib/jvm/java-6-openjdk-common/jre/lib/jsse.jar
7f46f4ef8000-7f46f4efa000 r--s 00002000 08:03 3982                       /usr/share/java/ant-launcher-1.8.2.jar
7f46f4efa000-7f46f4efc000 r--s 0000f000 08:03 1966577                    /usr/lib/jvm/java-6-openjdk-common/jre/lib/ext/pulse-java.jar
7f46f4efc000-7f46f4eff000 r--s 00077000 08:03 1966579                    /usr/lib/jvm/java-6-openjdk-common/jre/lib/ext/localedata.jar
7f46f4eff000-7f46f4f00000 r--s 00007000 08:03 855                        /usr/share/java/java-atk-wrapper.jar
7f46f4f00000-7f46f4f03000 r--s 00031000 08:03 1966581                    /usr/lib/jvm/java-6-openjdk-common/jre/lib/ext/sunjce_provider.jar
7f46f4f03000-7f46f4f05000 r--s 00001000 08:03 1966580                    /usr/lib/jvm/java-6-openjdk-common/jre/lib/ext/dnsns.jar
7f46f4f05000-7f46f4f09000 r--s 00039000 08:03 1966575                    /usr/lib/jvm/java-6-openjdk-common/jre/lib/ext/sunpkcs11.jar
7f46f4f09000-7f46f4f11000 rw-s 00000000 08:03 2637365                    /tmp/hsperfdata_oleg/28844
7f46f4f11000-7f46f4f12000 rw-p 00000000 00:00 0 
7f46f4f12000-7f46f4f13000 r--p 00000000 00:00 0 
7f46f4f13000-7f46f4f15000 rw-p 00000000 00:00 0 
7f46f4f15000-7f46f4f16000 r--p 00022000 08:03 3044460                    /lib/x86_64-linux-gnu/ld-2.15.so
7f46f4f16000-7f46f4f18000 rw-p 00023000 08:03 3044460                    /lib/x86_64-linux-gnu/ld-2.15.so
7fffe2f5f000-7fffe2f80000 rw-p 00000000 00:00 0                          [stack]
7fffe2fff000-7fffe3000000 r-xp 00000000 00:00 0                          [vdso]
ffffffffff600000-ffffffffff601000 r-xp 00000000 00:00 0                  [vsyscall]

VM Arguments:
jvm_args: -Dant.home=/usr/share/ant -Dant.library.dir=/usr/share/ant/lib 
java_command: org.apache.tools.ant.launch.Launcher -cp  debug -f /home/oleg/CordovaMapsSample/platforms/android/build.xml -Dout.dir=ant-build -Dgen.absolute.dir=ant-gen
Launcher Type: SUN_STANDARD

Environment Variables:
PATH=/home/oleg/.rvm/gems/ruby-1.9.3-p327/bin:/home/oleg/.rvm/gems/ruby-1.9.3-p327@global/bin:/home/oleg/.rvm/rubies/ruby-1.9.3-p327/bin:/home/oleg/.rvm/bin:/usr/lib/lightdm/lightdm:/usr/local/sbin:/usr/local/bin:/usr/sbin:/usr/bin:/sbin:/bin:/usr/games:/home/oleg/sdk/platform-tools:/home/oleg/sdk/tools
LD_LIBRARY_PATH=/usr/lib/jvm/java-6-openjdk-amd64/jre/lib/amd64/server:/usr/lib/jvm/java-6-openjdk-amd64/jre/lib/amd64:/usr/lib/jvm/java-6-openjdk-amd64/jre/../lib/amd64
SHELL=/bin/bash
DISPLAY=:0.0

Signal Handlers:
SIGSEGV: [libjvm.so+0x7837c0], sa_mask[0]=0x7ffbfeff, sa_flags=0x10000004
SIGBUS: [libjvm.so+0x7837c0], sa_mask[0]=0x7ffbfeff, sa_flags=0x10000004
SIGFPE: [libjvm.so+0x647740], sa_mask[0]=0x7ffbfeff, sa_flags=0x10000004
SIGPIPE: [libjvm.so+0x647740], sa_mask[0]=0x7ffbfeff, sa_flags=0x10000004
SIGXFSZ: [libjvm.so+0x647740], sa_mask[0]=0x7ffbfeff, sa_flags=0x10000004
SIGILL: [libjvm.so+0x647740], sa_mask[0]=0x7ffbfeff, sa_flags=0x10000004
SIGUSR1: SIG_DFL, sa_mask[0]=0x00000000, sa_flags=0x00000000
SIGUSR2: [libjvm.so+0x647920], sa_mask[0]=0x00000000, sa_flags=0x10000004
SIGHUP: [libjvm.so+0x64a2f0], sa_mask[0]=0x7ffbfeff, sa_flags=0x10000004
SIGINT: [libjvm.so+0x64a2f0], sa_mask[0]=0x7ffbfeff, sa_flags=0x10000004
SIGTERM: [libjvm.so+0x64a2f0], sa_mask[0]=0x7ffbfeff, sa_flags=0x10000004
SIGQUIT: [libjvm.so+0x64a2f0], sa_mask[0]=0x7ffbfeff, sa_flags=0x10000004


---------------  S Y S T E M  ---------------

OS:Ubuntu 12.04 (precise)
uname:Linux 3.2.0-58-generic #88-Ubuntu SMP Tue Dec 3 17:37:58 UTC 2013 x86_64
libc:glibc 2.15 NPTL 2.15 
rlimit: STACK 8192k, CORE 0k, NPROC 79359, NOFILE 4096, AS infinity
load average:1.82 1.41 1.98

/proc/meminfo:
MemTotal:       10241552 kB
MemFree:          569460 kB
Buffers:          367064 kB
Cached:          3853572 kB
SwapCached:           16 kB
Active:          6007416 kB
Inactive:        2592356 kB
Active(anon):    3891716 kB
Inactive(anon):   569660 kB
Active(file):    2115700 kB
Inactive(file):  2022696 kB
Unevictable:          48 kB
Mlocked:              48 kB
SwapTotal:       6894588 kB
SwapFree:        6893568 kB
Dirty:              2704 kB
Writeback:             0 kB
AnonPages:       4379168 kB
Mapped:           692360 kB
Shmem:             82240 kB
Slab:             414672 kB
SReclaimable:     369624 kB
SUnreclaim:        45048 kB
KernelStack:        6552 kB
PageTables:        82512 kB
NFS_Unstable:          0 kB
Bounce:                0 kB
WritebackTmp:          0 kB
CommitLimit:    12015364 kB
Committed_AS:   11029828 kB
VmallocTotal:   34359738367 kB
VmallocUsed:      330352 kB
VmallocChunk:   34359405908 kB
HardwareCorrupted:     0 kB
AnonHugePages:         0 kB
HugePages_Total:       0
HugePages_Free:        0
HugePages_Rsvd:        0
HugePages_Surp:        0
Hugepagesize:       2048 kB
DirectMap4k:      248384 kB
DirectMap2M:     9187328 kB
DirectMap1G:     1048576 kB


CPU:total 2 (2 cores per cpu, 1 threads per core) family 16 model 6 stepping 3, cmov, cx8, fxsr, mmx, sse, sse2, sse3, popcnt, mmxext, 3dnowpref, lzcnt, sse4a

Memory: 4k page, physical 10241552k(569460k free), swap 6894588k(6893568k free)

vm_info: OpenJDK 64-Bit Server VM (20.0-b12) for linux-amd64 JRE (1.6.0_27-b27), built on Nov 16 2013 15:13:05 by "buildd" with gcc 4.6.3

time: Mon Apr 21 16:39:26 2014
elapsed time: 5 seconds

