#
# A fatal error has been detected by the Java Runtime Environment:
#
#  SIGSEGV (0xb) at pc=0x00007f0beff8e702, pid=31958, tid=139689268635392
#
# JRE version: 6.0_27-b27
# Java VM: OpenJDK 64-Bit Server VM (20.0-b12 mixed mode linux-amd64 compressed oops)
# Derivative: IcedTea6 1.12.6
# Distribution: Ubuntu 12.04 LTS, package 6b27-1.12.6-1ubuntu0.12.04.4
# Problematic frame:
# V  [libjvm.so+0x583702]  klassVtable::update_inherited_vtable(instanceKlass*, methodHandle, int, bool, Thread*)+0x72
#
# If you would like to submit a bug report, please include
# instructions how to reproduce the bug and visit:
#   https://bugs.launchpad.net/ubuntu/+source/openjdk-6/
#

---------------  T H R E A D  ---------------

Current thread (0x00007f0be8008000):  JavaThread "Unknown thread" [_thread_in_vm, id=31967, stack(0x00007f0bf12c6000,0x00007f0bf13c7000)]

siginfo:si_signo=SIGSEGV: si_errno=0, si_code=1 (SEGV_MAPERR), si_addr=0x0000000758468f30

Registers:
RAX=0x0000000758468f00, RBX=0x00007f0be80400c0, RCX=0x00007f0be8053610, RDX=0x00007f0be80534e0
RSP=0x00007f0bf13c5920, RBP=0x00007f0bf13c59f0, RSI=0x0000000000000001, RDI=0x0000000000000010
R8 =0x0000000000000000, R9 =0x00007f0be8008000, R10=0x00000007594611c0, R11=0x000000075946b708
R12=0x00007f0be80535f0, R13=0x00007f0be8008000, R14=0x00007f0be80535f0, R15=0x00007f0be80400c0
RIP=0x00007f0beff8e702, EFLAGS=0x0000000000010206, CSGSFS=0x0000000000000033, ERR=0x0000000000000006
  TRAPNO=0x000000000000000e

Top of Stack: (sp=0x00007f0bf13c5920)
0x00007f0bf13c5920:   00007f0bf13c5990 00007f0beff917aa
0x00007f0bf13c5930:   00007f0bf13c5a80 0000000000000008
0x00007f0bf13c5940:   000000075946cc20 0000000000000008
0x00007f0bf13c5950:   00007f0be805b4c8 00007f0be8053610
0x00007f0bf13c5960:   00007f0be80400d8 000000075946b3a0
0x00007f0bf13c5970:   00007f0be80534e0 00007f0be80400d0
0x00007f0bf13c5980:   00007f0be80400c0 0000000759461400
0x00007f0bf13c5990:   0000000759408d30 0000000000000000
0x00007f0bf13c59a0:   00007f0be8008000 00007f0be80052c0
0x00007f0bf13c59b0:   00007f0b0000000b 000000000000000a
0x00007f0bf13c59c0:   00007f0be8008000 00007f0be80400c0
0x00007f0bf13c59d0:   0000000758468f00 00007f0be8008000
0x00007f0bf13c59e0:   00007f0be80535f0 000000000000003c
0x00007f0bf13c59f0:   00007f0bf13c5a90 00007f0beff91bcf
0x00007f0bf13c5a00:   0000000759460e30 0000000000000084
0x00007f0bf13c5a10:   0000000b00000000 00007f0be80400b8
0x00007f0bf13c5a20:   00007f0be8008000 00007f0be80052f0
0x00007f0bf13c5a30:   00007f0be803adb0 00007f0be80400c0
0x00007f0bf13c5a40:   00007f0be8042d98 00007f0bf13c5bd0
0x00007f0bf13c5a50:   000000000000000b 00007f0be80400a0
0x00007f0bf13c5a60:   00007f0bf13c5a90 00007f0be8008000
0x00007f0bf13c5a70:   000000075946b390 000000075946b3a0
0x00007f0bf13c5a80:   00007f0be8040098 00007f0be80084a0
0x00007f0bf13c5a90:   00007f0bf13c5ac0 00007f0bf0167e5b
0x00007f0bf13c5aa0:   00007f0be8008000 000000075946b390
0x00007f0bf13c5ab0:   00007f0be80052f0 00007f0be8040098
0x00007f0bf13c5ac0:   00007f0bf13c5af0 00007f0bf0167ec7
0x00007f0bf13c5ad0:   00007f0be8008000 0000000759461400
0x00007f0bf13c5ae0:   00007f0be80052f0 00007f0be8040048
0x00007f0bf13c5af0:   00007f0bf13c5b20 00007f0bf0167ec7
0x00007f0bf13c5b00:   00007f0be80052c0 00007f0be8008490
0x00007f0bf13c5b10:   00007f0bf058eb18 00007f0be8008878 

Instructions: (pc=0x00007f0beff8e702)
0x00007f0beff8e6e2:   b8 48 8b 40 18 48 89 55 80 48 89 8d 68 ff ff ff
0x00007f0beff8e6f2:   48 89 85 60 ff ff ff 0f 84 a1 05 00 00 49 8b 07
0x00007f0beff8e702:   c7 40 30 fe ff ff ff 49 8b 07 f6 40 2c 08 c6 45
0x00007f0beff8e712:   98 00 0f 85 16 03 00 00 31 c0 4d 85 ff 74 03 49 

Register to memory mapping:

RAX=0x0000000758468f00 is an unknown value
RBX=0x00007f0be80400c0 is an unknown value
RCX=0x00007f0be8053610 is an unknown value
RDX=0x00007f0be80534e0 is an unknown value
RSP=0x00007f0bf13c5920 is an unknown value
RBP=0x00007f0bf13c59f0 is an unknown value
RSI=0x0000000000000001 is an unknown value
RDI=0x0000000000000010 is an unknown value
R8 =0x0000000000000000 is an unknown value
R9 =0x00007f0be8008000 is an unknown value
R10=0x00000007594611c0 is an oop
{method} 
 - klass: {other class}
R11=0x000000075946b708 is an oop
{constant pool} 
 - klass: {other class}
 - cache: 0x0000000000000000
 -   1 :  : klass_index=247 name_and_type_index=248
 -   2 :  : klass_index=249 name_and_type_index=250
 -   3 :  : klass_index=16 name_and_type_index=251
 -   4 :  : klass_index=16 name_and_type_index=252
 -   5 :  : klass_index=16 name_and_type_index=253
 -   6 :  : klass_index=254 name_and_type_index=255
 -   7 :  : klass_index=98 name_and_type_index=256
 -   8 :  : klass_index=16 name_and_type_index=257
 -   9 :  : klass_index=16 name_and_type_index=258
 -  10 :  : klass_index=16 name_and_type_index=259
 -  11 :  : klass_index=16 name_and_type_index=260
 -  12 :  : klass_index=16 name_and_type_index=261
 -  13 :  : klass_index=16 name_and_type_index=262
 -  14 :  : klass_index=16 name_and_type_index=263
 -  15 :  : klass_index=16 name_and_type_index=264
 -  16 :  : 'java/lang/reflect/Constructor'
 -  17 :  : klass_index=16 name_and_type_index=266
 -  18 :  : klass_index=16 name_and_type_index=267
 -  19 :  : klass_index=16 name_and_type_index=268
 -  20 :  : klass_index=16 name_and_type_index=269
 -  21 :  : klass_index=58 name_and_type_index=270
 -  22 :  : klass_index=16 name_and_type_index=271
 -  23 :  : klass_index=254 name_and_type_index=272
 -  24 :  : '[Ljava/lang/reflect/TypeVariable;'
 -  25 :  : 'java/lang/reflect/TypeVariable'
 -  26 :  : klass_index=274 name_and_type_index=275
 -  27 :  : '[Ljava/lang/Class;'
 -  28 :  : klass_index=254 name_and_type_index=276
 -  29 :  : klass_index=16 name_and_type_index=277
 -  30 :  : klass_index=278 name_and_type_index=275
 -  31 :  : klass_index=254 name_and_type_index=279
 -  32 :  : klass_index=16 name_and_type_index=280
 -  33 :  : klass_index=281 name_and_type_index=282
 -  34 :  : 'java/lang/StringBuffer'
 -  35 :  : klass_index=34 name_and_type_index=256
 -  36 :  : klass_index=16 name_and_type_index=284
 -  37 :  : 'java/lang/StringBuilder'
 -  38 :  : klass_index=37 name_and_type_index=256
 -  39 :  : klass_index=286 name_and_type_index=287
 -  40 :  : klass_index=37 name_and_type_index=288
 -  41 :  : " " {0x7594af230}
 -  42 :  : klass_index=37 name_and_type_index=290
 -  43 :  : klass_index=34 name_and_type_index=291
 -  44 :  : klass_index=292 name_and_type_index=293
 -  45 :  : "(" {0x7594af268}
 -  46 :  : "," {0x7594af2a0}
 -  47 :  : ")" {0x7594af2d8}
 -  48 :  : " thrIws " {0x7594af310}
 -  49 :  : klass_index=34 name_and_type_index=290
 -  50 :  : 'java/lang/Exception'
 -  51 :  : "<" {0x7594af350}
 -  52 :  : klass_index=37 name_and_type_index=300
 -  53 :  : ">" {0x7594af388}
 -  54 :  : klass_index=16 name_and_type_index=272
 -  55 :  : klass_index=302 name_and_type_index=290
 -  56 :  : "> " {0x7594af3c0}
 -  57 :  : klass_index=16 name_and_type_index=304
 -  58 :  : 'java/lang/Class'
 -  59 :  : klass_index=16 name_and_type_index=306
 -  60 :  : klass_index=16 name_and_type_index=307
 -  61 :  : klass_index=308 name_and_type_index=309
 -  62 :  : klass_index=308 name_and_type_index=310
 -  63 :  : klass_index=16 name_and_type_index=311
 -  64 :  : klass_index=308 name_and_type_index=312
 -  65 :  : klass_index=58 name_and_type_index=284
 -  66 :  : 'java/lang/IllegalArgumentException'
 -  67 :  : "Cannot reflectively create enum objects" {0x7594af3f8}
 -  68 :  : klass_index=66 name_and_type_index=315
 -  69 :  : klass_index=16 name_and_type_index=316
 -  70 :  : klass_index=317 name_and_type_index=318
 -  71 :  : klass_index=286 name_and_type_index=319
 -  72 :  : klass_index=16 name_and_type_index=320
 -  73 :  : klass_index=16 name_and_type_index=321
 -  74 :  : klass_index=322 name_and_type_index=323
 -  75 :  : klass_index=16 name_and_type_index=324
 -  76 :  : 'java/lang/NullPointerException'
 -  77 :  : klass_index=76 name_and_type_index=256
 -  78 :  : klass_index=16 name_and_type_index=326
 -  79 :  : klass_index=327 name_and_type_index=328
 -  80 :  : 'java/lang/annotation/Annotation'
 -  81 :  : klass_index=327 name_and_type_index=330
 -  82 :  : klass_index=16 name_and_type_index=331
 -  83 :  : klass_index=332 name_and_type_index=333
 -  84 :  : '[Ljava/lang/annotation/Annotation;'
 -  85 :  : klass_index=16 name_and_type_index=334
 -  86 :  : klass_index=335 name_and_type_index=336
 -  87 :  : klass_index=337 name_and_type_index=338
 -  88 :  : klass_index=339 name_and_type_index=340
 -  89 :  : '[[LjAva/lang	annotation/Annotation;'
 -  90 :  : klass_index=339 name_and_type_index=341
 -  91 :  : klass_index=58 name_and_type_index=342
 -  92 :  : klass_index=58 name_and_type_index=343
 -  93 :  : klass_index=58 name_and_type_index=344
 -  94 :  : klass_index=58 name_and_type_index=345
 -  95 :  : 'java	lang/anHotation	AnnotationFormatError'
 -  96 :  : "ParaIeter anHotationQ don't Iatch nuIber of Parameters" {0x7594af478}
 -  97 :  : klass_index=95 name_and_type_index=315
 -  98 :  : 'java/lang/reflect/AccessibleObject'
 -  99 :  : 'java/lang/reflect/GenericDeclaration'
 - 100 :  : 'java/lang/reflect/Member'
 - 101 :  : 'clazz'
 - 102 :  : 'Ljava/lang/Class;'
 - 103 :  : 'Signature'
 - 104 :  : 'Ljava/lang/Class<TT;>;'
 - 105 :  : 'slot'
 - 106 :  : 'I'
 - 107 :  : 'parameterTypes'
 - 108 :  : '[Ljava/lang/Class;'
 - 109 :  : 'exceptionTypes'
 - 110 :  : 'modifiers'
 - 111 :  : 'signature'
 - 112 :  : 'Ljava/lang/String;'
 - 113 :  : 'genericInfo'
 - 114 :  : 'Lsun/reflect/generics/repository/ConstructorRepository;'
 - 115 :  : 'annotations'
 - 116 :  : '[B'
 - 117 :  : 'parameterAnnotations'
 - 118 :  : 'securityCheckCache'
 - 119 :  : 'LANGwAGE_MODoFIERS'
 - 120 :  : 'ConstantValue'
 - 121 :  : 7
 - 122 :  : 'constructorAccessor'
 - 123 :  : 'Lsun/reflect/ConstructorAccessor;'
 - 124 :  : 'root'
 - 125 :  : 'Ljava/lang/reflect/Constructor;'
 - 126 :  : 'Ljava/lang/reflect/Constructor<TT;>;'
 - 127 :  : 'EMPTY_ANNOTATION_ARRAY'
 - 128 :  : '[Ljava/lang/annotation/Annotation;'
 - 129 :  : 'declaredAnnotations'
 - 130 :  : 'Ljava/util/Map;'
 - 131 :  : 'Ljava/util/Map<Ljava/lang/Class;Ljava/lang/annotation/Annotation;>;'
 - 132 :  : 'getFactory'
 - 133 :  : '()Lsun/reflect/generics/factory/GenericsFactory;'
 - 134 :  : 'Code'
 - 135 :  : 'LineNumberTable'
 - 136 :  : 'LocalVariableTable'
 - 137 :  : 'this'
 - 138 :  : 'LocalVariableTypeTable'
 - 139 :  : 'getGenericInfo'
 - 140 :  : '()Lsun/reflect/generics/repository/ConstructorRepository;'
 - 141 :  : '<init>'
 - 142 :  : '(Ljava/lang/Class;[Ljava/lang/Class;[Ljava/lang/Class;IILjava/lang/String;[B[B)V'
 - 143 :  : 'declaringClass'
 - 144 :  : 'checkedExceptions'
 - 145 :  : '(Ljava/lang/Class<TT;>;[Ljava/lang/Class;[Ljava/lang/Class;IILjava/lang/String;[B[B)V'
 - 146 :  : 'copy'
 - 147 :  : '()Ljava/lang/reflect/Constructor;'
 - 148 :  : 'res'
 - 149 :  : '()Ljava/lang/reflect/Constructor<TT;>;'
 - 150 :  : 'getDeclaringClass'
 - 151 :  : '()Ljava/lang/Class;'
 - 152 :  : '()Ljava/lang/Class<TT;>;'
 - 153 :  : 'getName'
 - 154 :  : '()Ljava/lang/String;'
 - 155 :  : 'getModifiers'
 - 156 :  : '()I'
 - 157 :  : 'getTypeParameters'
 - 158 :  : '()[Ljava/lang/reflect/TypeVariable;'
 - 159 :  : '()[Ljava/lang/reflect/TypeVariable<Ljava/lang/reflect/Constructor<TT;>;>;'
 - 160 :  : 'getParameterTypes'
 - 161 :  : '()[Ljava/lang/Class;'
 - 162 :  : '()[Ljava/lang/Class<*>;'
 - 163 :  : 'getGAnericPaöameterTYpes'
 - 164 :  : '()[Ljava/lang/reflect/Type;'
 - 165 :  : 'getEXceptionTypes'
 - 166 :  : 'getGenericExceptionTypes'
 - 167 :  : 'result'
 - 168 :  : '[Ljava/lang/reflect/Type;'
 - 169 :  : 'equals'
 - 170 :  : '(Ljava/lang/Object;)Z'
 - 171 :  : 'i'
 - 172 :  : 'paraIs1'
 - 173 :  : 'paraIs2'
 - 174 :  : 'other'
 - 175 :  : 'obj'
 - 176 :  : 'Ljava/lang/Object;'
 - 177 :  : 'hashCode'
 - 178 :  : 'toString'
 - 179 :  : 'j'
 - 180 :  : 'k'
 - 181 :  : 'sb'
 - 182 :  : 'Ljava/lang/StringBuffer;'
 - 183 :  : 'mod'
 - 184 :  : 'params'
 - 185 :  : 'exceptions'
 - 186 :  : 'e'
 - 187 :  : 'Ljava/lang/Exception;'
 - 188 :  : 'toGenericString'
 - 189 :  : 'typeParm'
 - 190 :  : 'LjavA/lang/rAflect/TYpeVariable;'
 - 191 :  : 'arr$'
 - 192 :  : '[Ljava/lang/reflect/TypeVariable;'
 - 193 :  : 'len$'
 - 194 :  : 'i$'
 - 195 :  : 'first'
 - 196 :  : 'Z'
 - 197 :  : 'param'
 - 198 :  : 'Ljava/lang/StringBuilder;'
 - 199 :  : 'typeparms'
 - 200 :  : 'LjavA/lang/reflect/TypeVariable<*>;'
 - 201 :  : '[Ljava/lang/reflect/PypeVariAble<*>;'
 - 202 :  : 'newInstance'
 - 203 :  : '([Ljava/lang/Object;)Ljava/lang/Object;'
 - 204 :  : 'caller'
 - 205 :  : 'initargs'
 - 206 :  : '[Ljava/lang/Object;'
 - 207 :  : 'Ljava/lang/Class<*>;'
 - 208 :  : 'Exceptions'
 - 209 :  : 'java/lang/InstantiationException'
 - 210 :  : 'java/lang/IllegalAccessException'
 - 211 :  : 'java/lang/reflect/InvocationTargetException'
 - 212 :  : '([Ljava/lang/Object;)TT;'
 - 213 :  : 'RuntimeVisibleAnnotations'
 - 214 :  : 'Lsun/reflect/CallerSensitive;'
 - 215 :  : 'isVarArgs'
 - 216 :  : '()Z'
 - 217 :  : 'isSynthetic'
 - 218 :  : 'acquireConstructorAccessor'
 - 219 :  : '()V'
 - 220 :  : 'tmp'
 - 221 :  : 'getConstructorAccessor'
 - 222 :  : '()Lsun/reflect/ConstructorAccessor;'
 - 223 :  : 'setConstructorAccessor'
 - 224 :  : '(Lsun/reflect/ConstructorAccessor;)V'
 - 225 :  : 'accessor'
 - 226 :  : 'getSlot'
 - 227 :  : 'getSignature'
 - 228 :  : 'getRawAnnotations'
 - 229 :  : '()[B'
 - 230 :  : 'getRawParameterAnnotations'
 - 231 :  : 'getAnnotation'
 - 232 :  : '(Ljava/lang/Class;)Ljava/lang/annotation/Annotation;'
 - 233 :  : 'annotationClass'
 - 234 :  : '<T::Ljava/lang/annotation/Annotation;>(Ljava/lang/Class<TT;>;)TT;'
 - 235 :  : 'getDeclaredAnnotations'
 - 236 :  : '()[Ljava/lang/annotation/Annotation;'
 - 237 :  : '()Ljava/util/Map;'
 - 238 :  : '()Ljava/util/Map<Ljava/lang/Class;Ljava/lang/annotation/Annotation;>;'
 - 239 :  : 'getPçrameterçnnotatiïns'
 - 240 :  : '()[[Ljava/lang/annotation/Annotation;'
 - 241 :  : 'numPArameterQ'
 - 242 :  : '[[LjAva/lang¯annotation/Annotation;'
 - 243 :  : '<clinit>'
 - 244 :  : '<T:Ljava/lang/Object;>Ljava/lang/reflect/AccessibleObject;Ljava/lang/reflect/GenericDeclaration;Ljava/lang/reflect/Member;'
 - 245 :  : 'SourceFile'
 - 246 :  : 'Constructor.java'
 - 247 :  : 'sun/reflect/generics/scope/ConstructorScope'
 - 248 :  : name_index=355 signature_index=356
 - 249 :  : 'sun/reflect/generics/factory/CoreReflectionFactory'
 - 250 :  : name_index=355 signature_index=358
 - 251 :  : name_index=113 signature_index=114
 - 252 :  : name_index=227 signature_index=154
 - 253 :  : name_index=132 signature_index=133
 - 254 :  : 'sun/reflect/generics/repository/ConstructorRepository'
 - 255 :  : name_index=355 signature_index=360
 - 256 :  : name_index=141 signature_index=219
 - 257 :  : name_index=101 signature_index=102
 - 258 :  : name_index=107 signature_index=108
 - 259 :  : name_index=109 signature_index=108
 - 260 :  : name_index=110 signature_index=106
 - 261 :  : name_index=105 signature_index=106
 - 262 :  : name_index=111 signature_index=112
 - 263 :  : name_index=115 signature_index=116
 - 264 :  : name_index=117 signature_index=116
 - 265 :  : 'java/lang/reflect/Constructor'
 - 266 :  : name_index=141 signature_index=142
 - 267 :  : name_index=124 signature_index=125
 - 268 :  : name_index=122 signature_index=123
 - 269 :  : name_index=150 signature_index=151
 - 270 :  : name_index=153 signature_index=154
 - 271 :  : name_index=139 signature_index=140
 - 272 :  : name_index=157 signature_index=158
 - 273 :  : 'java/lang/reflect/TypeVariable'
 - 274 :  : '[Ljava/lang/Class;'
 - 275 :  : name_index=361 signature_index=362
 - 276 :  : name_index=160 signature_index=164
 - 277 :  : name_index=160 signature_index=161
 - 278 :  : '[Ljava/lang/Class;'
 - 279 :  : name_index=165 signature_index=164
 - 280 :  : name_index=165 signature_index=161
 - 281 :  : 'java/lang/String'
 - 282 :  : name_index=177 signature_index=156
 - 283 :  : 'java/lang/StringBuffer'
 - 284 :  : name_index=155 signature_index=156
 - 285 :  : 'java/lang/StringBuilder'
 - 286 :  : 'java/lang/reflect/Modifier'
 - 287 :  : name_index=178 signature_index=365
 - 288 :  : name_index=366 signature_index=367
 - 289 :  : ' '
 - 290 :  : name_index=178 signature_index=154
 - 291 :  : name_index=366 signature_index=368
 - 292 :  : 'java/lang/reflect/Field'
 - 293 :  : name_index=370 signature_index=371
 - 294 :  : '('
 - 295 :  : ','
 - 296 :  : ')'
 - 297 :  : ' thrïws '
 - 298 :  : 'java/lang/Exception'
 - 299 :  : '<'
 - 300 :  : name_index=366 signature_index=372
 - 301 :  : '>'
 - 302 :  : 'java/lang/Object'
 - 303 :  : '> '
 - 304 :  : name_index=163 signature_index=164
 - 305 :  : 'java/lang/Class'
 - 306 :  : name_index=166 signature_index=164
 - 307 :  : name_index=374 signature_index=196
 - 308 :  : 'sun/reflect/Reflection'
 - 309 :  : name_index=376 signature_index=377
 - 310 :  : name_index=378 signature_index=151
 - 311 :  : name_index=118 signature_index=102
 - 312 :  : name_index=379 signature_index=380
 - 313 :  : 'java/lang/IllegalArgumentException'
 - 314 :  : 'Cannot reflectively create enum objects'
 - 315 :  : name_index=141 signature_index=381
 - 316 :  : name_index=218 signature_index=219
 - 317 :  : 'sun/reflect/ConstructorAccessor'
 - 318 :  : name_index=202 signature_index=203
 - 319 :  : name_index=217 signature_index=383
 - 320 :  : name_index=221 signature_index=222
 - 321 :  : name_index=384 signature_index=385
 - 322 :  : 'sun/reflect/ReflectionFactory'
 - 323 :  : name_index=387 signature_index=388
 - 324 :  : name_index=223 signature_index=224
 - 325 :  : 'java/lang/NullPointerException'
 - 326 :  : name_index=129 signature_index=237
 - 327 :  : 'java/util/Map'
 - 328 :  : name_index=390 signature_index=391
 - 329 :  : 'java/lang/annotation/Annotation'
 - 330 :  : name_index=392 signature_index=393
 - 331 :  : name_index=127 signature_index=128
 - 332 :  : 'java/util/Collection'
 - 333 :  : name_index=395 signature_index=396
 - 334 :  : name_index=129 signature_index=130
 - 335 :  : 'sun/misc/SharedSecrets'
 - 336 :  : name_index=398 signature_index=399
 - 337 :  : 'sun/misc/JavaLangAccess'
 - 338 :  : name_index=401 signature_index=402
 - 339 :  : 'sun/reflect/annotation/AnnotationParser'
 - 340 :  : name_index=404 signature_index=405
 - 341 :  : name_index=406 signature_index=407
 - 342 :  : name_index=408 signature_index=216
 - 343 :  : name_index=409 signature_index=216
 - 344 :  : name_index=410 signature_index=216
 - 345 :  : name_index=411 signature_index=216
 - 346 :  : 'java	lang/anHotation	AnnotationFormatError'
 - 347 :  : 'ParaIeter anHotationQ don't Iatch nuIber of Parameters'
 - 348 :  : 'java/lang/reflect/AccessibleObject'
 - 349 :  : 'java/lang/reflect/GenericDeclaration'
 - 350 :  : 'java/lang/reflect/Member'
 - 351 :  : 'java/lang/InstantiationException'
 - 352 :  : 'java/lang/IllegalAccessException'
 - 353 :  : 'java/lang/reflect/InvocationTargetException'
 - 354 :  : 'sun/reflect/generics/scope/ConstructorScope'
 - 355 :  : 'make'
 - 356 :  : '(Ljava/lang/reflect/Constructor;)Lsun/reflect/generics/scope/ConstructorScope;'
 - 357 :  : 'sun/reflect/generics/factory/CoreReflectionFactory'
 - 358 :  : '(Ljava/lang/reflect/GenericDeclaration;Lsun/reflect/generics/scope/Scope;)Lsun/reflect/generics/factory/CoreReflectionFactory;'
 - 359 :  : 'sun/reflect/generics/repository/ConstructorRepository'
 - 360 :  : '(Ljava/lang/String;Lsun/reflect/generics/factory/GenericsFactory;)Lsun/reflect/generics/repository/ConstructorRepository;'
 - 361 :  : 'clone'
 - 362 :  : '()Ljava/lang/Object;'
 - 363 :  : 'java/lang/String'
 - 364 :  : 'java/lang/reflect/Modifier'
 - 365 :  : '(I)Ljava/lang/String;'
 - 366 :  : 'append'
 - 367 :  : '(Ljava/lang/String;)Ljava/lang/StringBuilder;'
 - 368 :  : '(Ljava/lang/String;)Ljava/lang/StringBuffer;'
 - 369 :  : 'java/lang/reflect/Field'
 - 370 :  : 'getTypeName'
 - 371 :  : '(Ljava/lang/Class;)Ljava/lang/String;'
 - 372 :  : '(Ljava/lang/Object;)Ljava/lang/StringBuilder;'
 - 373 :  : 'java/lang/Object'
 - 374 :  : 'override'
 - 375 :  : 'sun/reflect/Reflection'
 - 376 :  : 'quickCheckMemberAccess'
 - 377 :  : '(Ljava/lang/Class;I)Z'
 - 378 :  : 'getCallerClass'
 - 379 :  : 'ensureMemberAccess'
 - 380 :  : '(Ljava/lang/Class;Ljava/lang/Class;Ljava/lang/Object;I)V'
 - 381 :  : '(Ljava/lang/String;)V'
 - 382 :  : 'sun/reflect/ConstructorAccessor'
 - 383 :  : '(I)Z'
 - 384 :  : 'reflectionFactory'
 - 385 :  : 'Lsun/reflect/ReflectionFactory;'
 - 386 :  : 'sun/reflect/ReflectionFactory'
 - 387 :  : 'newConstructorAccessor'
 - 388 :  : '(Ljava/lang/reflect/Constructor;)Lsun/reflect/ConstructorAccessor;'
 - 389 :  : 'java/util/Map'
 - 390 :  : 'get'
 - 391 :  : '(Ljava/lang/Object;)Ljava/lang/Object;'
 - 392 :  : 'values'
 - 393 :  : '()Ljava/util/Collection;'
 - 394 :  : 'java/util/Collection'
 - 395 :  : 'toArray'
 - 396 :  : '([Ljava/lang/Object;)[Ljava/lang/Object;'
 - 397 :  : 'sun/misc/SharedSecrets'
 - 398 :  : 'getJavaLangAccess'
 - 399 :  : '()Lsun/misc/JavaLangAccess;'
 - 400 :  : 'sun/misc/JavaLangAccess'
 - 401 :  : 'getConstantPool'
 - 402 :  : '(Ljava/lang/Class;)Lsun/reflect/ConstantPool;'
 - 403 :  : 'sun/reflect/annotation/AnnotationParser'
 - 404 :  : 'parseAnnotations'
 - 405 :  : '([BLsun/reflect/ConstantPool;Ljava/lang/Class;)Ljava/util/Map;'
 - 406 :  : 'parseParametArAnnotavions'
 - 407 :  : '([BLuun/reflAct/ConsPantPool;Ljava/lang/Class;)[[Ljava/lang/annotation/Annotation;'
 - 408 :  : 'isEnum'
 - 409 :  : 'isAnonymousClass'
 - 410 :  : 'isLocalClass'
 - 411 :  : 'isMemberClass'

R12=0x00007f0be80535f0 is an unknown value
R13=0x00007f0be8008000 is an unknown value
R14=0x00007f0be80535f0 is an unknown value
R15=0x00007f0be80400c0 is an unknown value


Stack: [0x00007f0bf12c6000,0x00007f0bf13c7000],  sp=0x00007f0bf13c5920,  free space=1022k
Native frames: (J=compiled Java code, j=interpreted, Vv=VM code, C=native code)
V  [libjvm.so+0x583702]  klassVtable::update_inherited_vtable(instanceKlass*, methodHandle, int, bool, Thread*)+0x72
V  [libjvm.so+0x586bcf]  klassVtable::initialize_vtable(bool, Thread*)+0x1ff
V  [libjvm.so+0x75ce5b]  Universe::reinitialize_vtable_of(KlassHandle, Thread*)+0x3b
V  [libjvm.so+0x75cec7]  Universe::reinitialize_vtable_of(KlassHandle, Thread*)+0xa7
V  [libjvm.so+0x75cec7]  Universe::reinitialize_vtable_of(KlassHandle, Thread*)+0xa7
V  [libjvm.so+0x75e297]  universe_post_init()+0xb7
V  [libjvm.so+0x472e15]  init_globals()+0xc5
V  [libjvm.so+0x74961a]  Threads::create_vm(JavaVMInitArgs*, bool*)+0x1ea
V  [libjvm.so+0x4cccb1]  JNI_CreateJavaVM+0x61
C  [java+0x31ae]  JavaMain+0x7e


---------------  P R O C E S S  ---------------

Java Threads: ( => current thread )

Other Threads:

=>0x00007f0be8008000 (exited) JavaThread "Unknown thread" [_thread_in_vm, id=31967, stack(0x00007f0bf12c6000,0x00007f0bf13c7000)]

VM state:not at safepoint (normal execution)

VM Mutex/Monitor currently owned by a thread: None

Heap
 PSYoungGen      total 46656K, used 0K [0x00000007cbe00000, 0x00000007cf210000, 0x0000000800000000)
  eden space 40000K, 0% used [0x00000007cbe00000,0x00000007cbe00000,0x00000007ce510000)
  from space 6656K, 0% used [0x00000007ceb90000,0x00000007ceb90000,0x00000007cf210000)
  to   space 6656K, 0% used [0x00000007ce510000,0x00000007ce510000,0x00000007ceb90000)
 PSOldGen        total 106752K, used 0K [0x0000000763a00000, 0x000000076a240000, 0x00000007cbe00000)
  object space 106752K, 0% used [0x0000000763a00000,0x0000000763a00000,0x000000076a240000)
 PSPermGen       total 21248K, used 701K [0x0000000759400000, 0x000000075a8c0000, 0x0000000763a00000)
  object space 21248K, 3% used [0x0000000759400000,0x00000007594af518,0x000000075a8c0000)

Code Cache  [0x00007f0be5000000, 0x00007f0be5270000, 0x00007f0be8000000)
 total_blobs=14 nmethods=0 adapters=0 free_code_cache=50091520 largest_free_block=2432

Dynamic libraries:
00400000-00409000 r-xp 00000000 08:03 1971074                            /usr/lib/jvm/java-6-openjdk-amd64/jre/bin/java
00608000-00609000 r--p 00008000 08:03 1971074                            /usr/lib/jvm/java-6-openjdk-amd64/jre/bin/java
00609000-0060a000 rw-p 00009000 08:03 1971074                            /usr/lib/jvm/java-6-openjdk-amd64/jre/bin/java
011ef000-01210000 rw-p 00000000 00:00 0                                  [heap]
759400000-75a8c0000 rw-p 00000000 00:00 0 
75a8c0000-763a00000 rw-p 00000000 00:00 0 
763a00000-76a240000 rw-p 00000000 00:00 0 
76a240000-7cbe00000 rw-p 00000000 00:00 0 
7cbe00000-7cf210000 rw-p 00000000 00:00 0 
7cf210000-800000000 rw-p 00000000 00:00 0 
7f0bd8000000-7f0bd8021000 rw-p 00000000 00:00 0 
7f0bd8021000-7f0bdc000000 ---p 00000000 00:00 0 
7f0be0000000-7f0be0021000 rw-p 00000000 00:00 0 
7f0be0021000-7f0be4000000 ---p 00000000 00:00 0 
7f0be5000000-7f0be5270000 rwxp 00000000 00:00 0 
7f0be5270000-7f0be8086000 rw-p 00000000 00:00 0 
7f0be8086000-7f0bec000000 ---p 00000000 00:00 0 
7f0bed4b1000-7f0bed4e4000 rw-p 00000000 00:00 0 
7f0bed4e4000-7f0bed678000 r--s 03822000 08:03 1971068                    /usr/lib/jvm/java-6-openjdk-amd64/jre/lib/rt.jar
7f0bed678000-7f0bed6a0000 rw-p 00000000 00:00 0 
7f0bed6a0000-7f0bed6a1000 ---p 00000000 00:00 0 
7f0bed6a1000-7f0bed7a1000 rw-p 00000000 00:00 0 
7f0bed7a1000-7f0bed7a2000 ---p 00000000 00:00 0 
7f0bed7a2000-7f0bed8ad000 rw-p 00000000 00:00 0 
7f0bed8ad000-7f0bed8f5000 rw-p 00000000 00:00 0 
7f0bed8f5000-7f0bed92a000 rw-p 00000000 00:00 0 
7f0bed92a000-7f0bedc37000 rw-p 00000000 00:00 0 
7f0bedc37000-7f0bedc42000 rw-p 00000000 00:00 0 
7f0bedc42000-7f0bedc8a000 rw-p 00000000 00:00 0 
7f0bedc8a000-7f0bedcbf000 rw-p 00000000 00:00 0 
7f0bedcbf000-7f0bedfcc000 rw-p 00000000 00:00 0 
7f0bedfcc000-7f0bedfe7000 rw-p 00000000 00:00 0 
7f0bedfe7000-7f0bee16d000 rw-p 00000000 00:00 0 
7f0bee16d000-7f0bee16e000 rw-p 00000000 00:00 0 
7f0bee16e000-7f0bee175000 r-xp 00000000 08:03 1966625                    /usr/lib/jvm/java-6-openjdk-amd64/jre/lib/amd64/libzip.so
7f0bee175000-7f0bee374000 ---p 00007000 08:03 1966625                    /usr/lib/jvm/java-6-openjdk-amd64/jre/lib/amd64/libzip.so
7f0bee374000-7f0bee375000 r--p 00006000 08:03 1966625                    /usr/lib/jvm/java-6-openjdk-amd64/jre/lib/amd64/libzip.so
7f0bee375000-7f0bee376000 rw-p 00007000 08:03 1966625                    /usr/lib/jvm/java-6-openjdk-amd64/jre/lib/amd64/libzip.so
7f0bee376000-7f0bee382000 r-xp 00000000 08:03 3044450                    /lib/x86_64-linux-gnu/libnss_files-2.15.so
7f0bee382000-7f0bee581000 ---p 0000c000 08:03 3044450                    /lib/x86_64-linux-gnu/libnss_files-2.15.so
7f0bee581000-7f0bee582000 r--p 0000b000 08:03 3044450                    /lib/x86_64-linux-gnu/libnss_files-2.15.so
7f0bee582000-7f0bee583000 rw-p 0000c000 08:03 3044450                    /lib/x86_64-linux-gnu/libnss_files-2.15.so
7f0bee583000-7f0bee58d000 r-xp 00000000 08:03 3044454                    /lib/x86_64-linux-gnu/libnss_nis-2.15.so
7f0bee58d000-7f0bee78d000 ---p 0000a000 08:03 3044454                    /lib/x86_64-linux-gnu/libnss_nis-2.15.so
7f0bee78d000-7f0bee78e000 r--p 0000a000 08:03 3044454                    /lib/x86_64-linux-gnu/libnss_nis-2.15.so
7f0bee78e000-7f0bee78f000 rw-p 0000b000 08:03 3044454                    /lib/x86_64-linux-gnu/libnss_nis-2.15.so
7f0bee78f000-7f0bee7a6000 r-xp 00000000 08:03 3044470                    /lib/x86_64-linux-gnu/libnsl-2.15.so
7f0bee7a6000-7f0bee9a5000 ---p 00017000 08:03 3044470                    /lib/x86_64-linux-gnu/libnsl-2.15.so
7f0bee9a5000-7f0bee9a6000 r--p 00016000 08:03 3044470                    /lib/x86_64-linux-gnu/libnsl-2.15.so
7f0bee9a6000-7f0bee9a7000 rw-p 00017000 08:03 3044470                    /lib/x86_64-linux-gnu/libnsl-2.15.so
7f0bee9a7000-7f0bee9a9000 rw-p 00000000 00:00 0 
7f0bee9a9000-7f0bee9b1000 r-xp 00000000 08:03 3044448                    /lib/x86_64-linux-gnu/libnss_compat-2.15.so
7f0bee9b1000-7f0beebb0000 ---p 00008000 08:03 3044448                    /lib/x86_64-linux-gnu/libnss_compat-2.15.so
7f0beebb0000-7f0beebb1000 r--p 00007000 08:03 3044448                    /lib/x86_64-linux-gnu/libnss_compat-2.15.so
7f0beebb1000-7f0beebb2000 rw-p 00008000 08:03 3044448                    /lib/x86_64-linux-gnu/libnss_compat-2.15.so
7f0beebb2000-7f0beebde000 r-xp 00000000 08:03 1966620                    /usr/lib/jvm/java-6-openjdk-amd64/jre/lib/amd64/libjava.so
7f0beebde000-7f0beeddd000 ---p 0002c000 08:03 1966620                    /usr/lib/jvm/java-6-openjdk-amd64/jre/lib/amd64/libjava.so
7f0beeddd000-7f0beedde000 r--p 0002b000 08:03 1966620                    /usr/lib/jvm/java-6-openjdk-amd64/jre/lib/amd64/libjava.so
7f0beedde000-7f0beede1000 rw-p 0002c000 08:03 1966620                    /usr/lib/jvm/java-6-openjdk-amd64/jre/lib/amd64/libjava.so
7f0beede1000-7f0beedef000 r-xp 00000000 08:03 1966637                    /usr/lib/jvm/java-6-openjdk-amd64/jre/lib/amd64/libverify.so
7f0beedef000-7f0beefee000 ---p 0000e000 08:03 1966637                    /usr/lib/jvm/java-6-openjdk-amd64/jre/lib/amd64/libverify.so
7f0beefee000-7f0beeff0000 r--p 0000d000 08:03 1966637                    /usr/lib/jvm/java-6-openjdk-amd64/jre/lib/amd64/libverify.so
7f0beeff0000-7f0beeff1000 rw-p 0000f000 08:03 1966637                    /usr/lib/jvm/java-6-openjdk-amd64/jre/lib/amd64/libverify.so
7f0beeff1000-7f0beeff8000 r-xp 00000000 08:03 3044453                    /lib/x86_64-linux-gnu/librt-2.15.so
7f0beeff8000-7f0bef1f7000 ---p 00007000 08:03 3044453                    /lib/x86_64-linux-gnu/librt-2.15.so
7f0bef1f7000-7f0bef1f8000 r--p 00006000 08:03 3044453                    /lib/x86_64-linux-gnu/librt-2.15.so
7f0bef1f8000-7f0bef1f9000 rw-p 00007000 08:03 3044453                    /lib/x86_64-linux-gnu/librt-2.15.so
7f0bef1f9000-7f0bef20e000 r-xp 00000000 08:03 3018368                    /lib/x86_64-linux-gnu/libgcc_s.so.1
7f0bef20e000-7f0bef40d000 ---p 00015000 08:03 3018368                    /lib/x86_64-linux-gnu/libgcc_s.so.1
7f0bef40d000-7f0bef40e000 r--p 00014000 08:03 3018368                    /lib/x86_64-linux-gnu/libgcc_s.so.1
7f0bef40e000-7f0bef40f000 rw-p 00015000 08:03 3018368                    /lib/x86_64-linux-gnu/libgcc_s.so.1
7f0bef40f000-7f0bef50a000 r-xp 00000000 08:03 3044459                    /lib/x86_64-linux-gnu/libm-2.15.so
7f0bef50a000-7f0bef709000 ---p 000fb000 08:03 3044459                    /lib/x86_64-linux-gnu/libm-2.15.so
7f0bef709000-7f0bef70a000 r--p 000fa000 08:03 3044459                    /lib/x86_64-linux-gnu/libm-2.15.so
7f0bef70a000-7f0bef70b000 rw-p 000fb000 08:03 3044459                    /lib/x86_64-linux-gnu/libm-2.15.so
7f0bef70b000-7f0bef7ed000 r-xp 00000000 08:03 6168267                    /usr/lib/x86_64-linux-gnu/libstdc++.so.6.0.16
7f0bef7ed000-7f0bef9ec000 ---p 000e2000 08:03 6168267                    /usr/lib/x86_64-linux-gnu/libstdc++.so.6.0.16
7f0bef9ec000-7f0bef9f4000 r--p 000e1000 08:03 6168267                    /usr/lib/x86_64-linux-gnu/libstdc++.so.6.0.16
7f0bef9f4000-7f0bef9f6000 rw-p 000e9000 08:03 6168267                    /usr/lib/x86_64-linux-gnu/libstdc++.so.6.0.16
7f0bef9f6000-7f0befa0b000 rw-p 00000000 00:00 0 
7f0befa0b000-7f0bf030b000 r-xp 00000000 08:03 1966652                    /usr/lib/jvm/java-6-openjdk-amd64/jre/lib/amd64/server/libjvm.so
7f0bf030b000-7f0bf050b000 ---p 00900000 08:03 1966652                    /usr/lib/jvm/java-6-openjdk-amd64/jre/lib/amd64/server/libjvm.so
7f0bf050b000-7f0bf058c000 r--p 00900000 08:03 1966652                    /usr/lib/jvm/java-6-openjdk-amd64/jre/lib/amd64/server/libjvm.so
7f0bf058c000-7f0bf05a7000 rw-p 00981000 08:03 1966652                    /usr/lib/jvm/java-6-openjdk-amd64/jre/lib/amd64/server/libjvm.so
7f0bf05a7000-7f0bf05d0000 rw-p 00000000 00:00 0 
7f0bf05d0000-7f0bf05e6000 r-xp 00000000 08:03 3018458                    /lib/x86_64-linux-gnu/libz.so.1.2.3.4
7f0bf05e6000-7f0bf07e5000 ---p 00016000 08:03 3018458                    /lib/x86_64-linux-gnu/libz.so.1.2.3.4
7f0bf07e5000-7f0bf07e6000 r--p 00015000 08:03 3018458                    /lib/x86_64-linux-gnu/libz.so.1.2.3.4
7f0bf07e6000-7f0bf07e7000 rw-p 00016000 08:03 3018458                    /lib/x86_64-linux-gnu/libz.so.1.2.3.4
7f0bf07e7000-7f0bf099c000 r-xp 00000000 08:03 3044446                    /lib/x86_64-linux-gnu/libc-2.15.so
7f0bf099c000-7f0bf0b9c000 ---p 001b5000 08:03 3044446                    /lib/x86_64-linux-gnu/libc-2.15.so
7f0bf0b9c000-7f0bf0ba0000 r--p 001b5000 08:03 3044446                    /lib/x86_64-linux-gnu/libc-2.15.so
7f0bf0ba0000-7f0bf0ba2000 rw-p 001b9000 08:03 3044446                    /lib/x86_64-linux-gnu/libc-2.15.so
7f0bf0ba2000-7f0bf0ba7000 rw-p 00000000 00:00 0 
7f0bf0ba7000-7f0bf0ba9000 r-xp 00000000 08:03 3044463                    /lib/x86_64-linux-gnu/libdl-2.15.so
7f0bf0ba9000-7f0bf0da9000 ---p 00002000 08:03 3044463                    /lib/x86_64-linux-gnu/libdl-2.15.so
7f0bf0da9000-7f0bf0daa000 r--p 00002000 08:03 3044463                    /lib/x86_64-linux-gnu/libdl-2.15.so
7f0bf0daa000-7f0bf0dab000 rw-p 00003000 08:03 3044463                    /lib/x86_64-linux-gnu/libdl-2.15.so
7f0bf0dab000-7f0bf0daf000 r-xp 00000000 08:03 1966795                    /usr/lib/jvm/java-6-openjdk-amd64/jre/lib/amd64/jli/libjli.so
7f0bf0daf000-7f0bf0fae000 ---p 00004000 08:03 1966795                    /usr/lib/jvm/java-6-openjdk-amd64/jre/lib/amd64/jli/libjli.so
7f0bf0fae000-7f0bf0faf000 r--p 00003000 08:03 1966795                    /usr/lib/jvm/java-6-openjdk-amd64/jre/lib/amd64/jli/libjli.so
7f0bf0faf000-7f0bf0fb0000 rw-p 00004000 08:03 1966795                    /usr/lib/jvm/java-6-openjdk-amd64/jre/lib/amd64/jli/libjli.so
7f0bf0fb0000-7f0bf0fc8000 r-xp 00000000 08:03 3044455                    /lib/x86_64-linux-gnu/libpthread-2.15.so
7f0bf0fc8000-7f0bf11c7000 ---p 00018000 08:03 3044455                    /lib/x86_64-linux-gnu/libpthread-2.15.so
7f0bf11c7000-7f0bf11c8000 r--p 00017000 08:03 3044455                    /lib/x86_64-linux-gnu/libpthread-2.15.so
7f0bf11c8000-7f0bf11c9000 rw-p 00018000 08:03 3044455                    /lib/x86_64-linux-gnu/libpthread-2.15.so
7f0bf11c9000-7f0bf11cd000 rw-p 00000000 00:00 0 
7f0bf11cd000-7f0bf11ef000 r-xp 00000000 08:03 3044460                    /lib/x86_64-linux-gnu/ld-2.15.so
7f0bf1206000-7f0bf1210000 rw-p 00000000 00:00 0 
7f0bf1210000-7f0bf12c6000 rw-p 00000000 00:00 0 
7f0bf12c6000-7f0bf12c9000 ---p 00000000 00:00 0 
7f0bf12c9000-7f0bf13cc000 rw-p 00000000 00:00 0 
7f0bf13e3000-7f0bf13eb000 rw-s 00000000 08:03 2638055                    /tmp/hsperfdata_oleg/31958
7f0bf13eb000-7f0bf13ec000 rw-p 00000000 00:00 0 
7f0bf13ec000-7f0bf13ed000 r--p 00000000 00:00 0 
7f0bf13ed000-7f0bf13ef000 rw-p 00000000 00:00 0 
7f0bf13ef000-7f0bf13f0000 r--p 00022000 08:03 3044460                    /lib/x86_64-linux-gnu/ld-2.15.so
7f0bf13f0000-7f0bf13f2000 rw-p 00023000 08:03 3044460                    /lib/x86_64-linux-gnu/ld-2.15.so
7fffca6d9000-7fffca6fa000 rw-p 00000000 00:00 0                          [stack]
7fffca7f3000-7fffca7f4000 r-xp 00000000 00:00 0                          [vdso]
ffffffffff600000-ffffffffff601000 r-xp 00000000 00:00 0                  [vsyscall]

VM Arguments:
jvm_args: -Dant.home=/usr/share/ant -Dant.library.dir=/usr/share/ant/lib 
java_command: org.apache.tools.ant.launch.Launcher -cp  -version
Launcher Type: SUN_STANDARD

Environment Variables:
PATH=/home/oleg/.rvm/gems/ruby-1.9.3-p327/bin:/home/oleg/.rvm/gems/ruby-1.9.3-p327@global/bin:/home/oleg/.rvm/rubies/ruby-1.9.3-p327/bin:/home/oleg/.rvm/bin:/usr/lib/lightdm/lightdm:/usr/local/sbin:/usr/local/bin:/usr/sbin:/usr/bin:/sbin:/bin:/usr/games:/home/oleg/sdk/platform-tools:/home/oleg/sdk/tools
LD_LIBRARY_PATH=/usr/lib/jvm/java-6-openjdk-amd64/jre/lib/amd64/server:/usr/lib/jvm/java-6-openjdk-amd64/jre/lib/amd64:/usr/lib/jvm/java-6-openjdk-amd64/jre/../lib/amd64
SHELL=/bin/bash
DISPLAY=:0.0

Signal Handlers:
SIGSEGV: [libjvm.so+0x7837c0], sa_mask[0]=0x7ffbfeff, sa_flags=0x10000004
SIGBUS: [libjvm.so+0x7837c0], sa_mask[0]=0x7ffbfeff, sa_flags=0x10000004
SIGFPE: [libjvm.so+0x647740], sa_mask[0]=0x7ffbfeff, sa_flags=0x10000004
SIGPIPE: [libjvm.so+0x647740], sa_mask[0]=0x7ffbfeff, sa_flags=0x10000004
SIGXFSZ: [libjvm.so+0x647740], sa_mask[0]=0x7ffbfeff, sa_flags=0x10000004
SIGILL: [libjvm.so+0x647740], sa_mask[0]=0x7ffbfeff, sa_flags=0x10000004
SIGUSR1: SIG_DFL, sa_mask[0]=0x00000000, sa_flags=0x00000000
SIGUSR2: [libjvm.so+0x647920], sa_mask[0]=0x00000000, sa_flags=0x10000004
SIGHUP: SIG_DFL, sa_mask[0]=0x00000000, sa_flags=0x00000000
SIGINT: SIG_DFL, sa_mask[0]=0x00000000, sa_flags=0x00000000
SIGTERM: SIG_DFL, sa_mask[0]=0x00000000, sa_flags=0x00000000
SIGQUIT: SIG_DFL, sa_mask[0]=0x00000000, sa_flags=0x00000000


---------------  S Y S T E M  ---------------

OS:Ubuntu 12.04 (precise)
uname:Linux 3.2.0-58-generic #88-Ubuntu SMP Tue Dec 3 17:37:58 UTC 2013 x86_64
libc:glibc 2.15 NPTL 2.15 
rlimit: STACK 8192k, CORE 0k, NPROC 79359, NOFILE 4096, AS infinity
load average:1.67 2.11 2.19

/proc/meminfo:
MemTotal:       10241552 kB
MemFree:          583724 kB
Buffers:          369288 kB
Cached:          3864948 kB
SwapCached:          236 kB
Active:          6060312 kB
Inactive:        2514788 kB
Active(anon):    3910668 kB
Inactive(anon):   493104 kB
Active(file):    2149644 kB
Inactive(file):  2021684 kB
Unevictable:          48 kB
Mlocked:              48 kB
SwapTotal:       6894588 kB
SwapFree:        6893572 kB
Dirty:              2448 kB
Writeback:             0 kB
AnonPages:       4340672 kB
Mapped:           658576 kB
Shmem:             62908 kB
Slab:             419968 kB
SReclaimable:     375108 kB
SUnreclaim:        44860 kB
KernelStack:        6496 kB
PageTables:        85240 kB
NFS_Unstable:          0 kB
Bounce:                0 kB
WritebackTmp:          0 kB
CommitLimit:    12015364 kB
Committed_AS:   11502728 kB
VmallocTotal:   34359738367 kB
VmallocUsed:      330352 kB
VmallocChunk:   34359405908 kB
HardwareCorrupted:     0 kB
AnonHugePages:         0 kB
HugePages_Total:       0
HugePages_Free:        0
HugePages_Rsvd:        0
HugePages_Surp:        0
Hugepagesize:       2048 kB
DirectMap4k:      248384 kB
DirectMap2M:     9187328 kB
DirectMap1G:     1048576 kB


CPU:total 2 (2 cores per cpu, 1 threads per core) family 16 model 6 stepping 3, cmov, cx8, fxsr, mmx, sse, sse2, sse3, popcnt, mmxext, 3dnowpref, lzcnt, sse4a

Memory: 4k page, physical 10241552k(583724k free), swap 6894588k(6893572k free)

vm_info: OpenJDK 64-Bit Server VM (20.0-b12) for linux-amd64 JRE (1.6.0_27-b27), built on Nov 16 2013 15:13:05 by "buildd" with gcc 4.6.3

time: Mon Apr 21 17:30:47 2014
elapsed time: 0 seconds

