#
# A fatal error has been detected by the Java Runtime Environment:
#
#  SIGSEGV (0xb) at pc=0x00007f030d0ab900, pid=11558, tid=139651257059072
#
# JRE version: 6.0_27-b27
# Java VM: OpenJDK 64-Bit Server VM (20.0-b12 mixed mode linux-amd64 compressed oops)
# Derivative: IcedTea6 1.12.6
# Distribution: Ubuntu 12.04 LTS, package 6b27-1.12.6-1ubuntu0.12.04.4
# Problematic frame:
# J  java.util.HashMap.get(Ljava/lang/Object;)Ljava/lang/Object;
#
# If you would like to submit a bug report, please include
# instructions how to reproduce the bug and visit:
#   https://bugs.launchpad.net/ubuntu/+source/openjdk-6/
#

---------------  T H R E A D  ---------------

Current thread (0x00007f0310008000):  JavaThread "main" [_thread_in_Java, id=11561, stack(0x00007f031781c000,0x00007f031791d000)]

siginfo:si_signo=SIGSEGV: si_errno=0, si_code=1 (SEGV_MAPERR), si_addr=0x0000000000000238

Registers:
RAX=0x00000007594c8958, RBX=0x00000007594c8958, RCX=0x00000007ce0a2430, RDX=0x00000007ca033b78
RSP=0x00007f0317919130, RBP=0x00000007ce0a2430, RSI=0x00000007ce0a2430, RDI=0x00007f030d0059b3
R8 =0x0000000040000000, R9 =0x0000000000002d65, R10=0x0000000000000000, R11=0x00007f030d0ab8e0
R12=0x0000000000000000, R13=0x00007f0317919170, R14=0x00007f03179191e8, R15=0x00007f0310008000
RIP=0x00007f030d0ab900, EFLAGS=0x0000000000010206, CSGSFS=0x0000000000000033, ERR=0x0000000000000004
  TRAPNO=0x000000000000000e

Top of Stack: (sp=0x00007f0317919130)
0x00007f0317919130:   00000007ca033b78 00000000003667e5
0x00007f0317919140:   000000075a32b708 0000000000000000
0x00007f0317919150:   00007f03179191c0 00007f030d005e8d
0x00007f0317919160:   00007f03179191c0 00007f030d005e8d
0x00007f0317919170:   00000007ca033b78 00000007ce0a2430
0x00007f0317919180:   00007f0317919180 000000075a62352d
0x00007f0317919190:   00007f03179191e8 000000075a626ea0
0x00007f03179191a0:   0000000000000000 000000075a6235b0
0x00007f03179191b0:   00007f0317919170 00007f03179191e0
0x00007f03179191c0:   00007f0317919230 00007f030d0059b3
0x00007f03179191d0:   0000000000000000 0000000000000000
0x00007f03179191e0:   00000007ca033b78 00000007ce0a23b8
0x00007f03179191f0:   00007f03179191f0 000000075a623a02
0x00007f0317919200:   00007f0317919248 000000075a626ea0
0x00007f0317919210:   0000000000000000 000000075a623a28
0x00007f0317919220:   00007f03179191e0 00007f0317919240
0x00007f0317919230:   00007f0317919290 00007f030d0059b3
0x00007f0317919240:   00000007ca033b78 00000007ce0a23b8
0x00007f0317919250:   00007f0317919250 000000075a6293c8
0x00007f0317919260:   00007f03179192e0 000000075a629d08
0x00007f0317919270:   000000075a62ea90 000000075a6294b8
0x00007f0317919280:   00007f0317919240 00007f03179192e0
0x00007f0317919290:   00007f0317919328 00007f030d00585a
0x00007f03179192a0:   00000007ce4291a8 00000007ce429188
0x00007f03179192b0:   00000007ce24a190 00000007ce233b20
0x00007f03179192c0:   00000007ce425b80 00000000000d649a
0x00007f03179192d0:   00000007ce0a7a10 000000000000265b
0x00007f03179192e0:   00000007ce0a7558 00007f03179192e8
0x00007f03179192f0:   000000075a629961 00007f0317919338
0x00007f0317919300:   000000075a629d08 0000000000000000
0x00007f0317919310:   000000075a629980 00007f03179192e0
0x00007f0317919320:   00007f0317919338 00007f0317919380 

Instructions: (pc=0x00007f030d0ab900)
0x00007f030d0ab8e0:   89 84 24 00 a0 ff ff 55 48 83 ec 20 48 8b ee 48
0x00007f030d0ab8f0:   89 14 24 48 85 d2 0f 84 21 01 00 00 44 8b 52 08
0x00007f030d0ab900:   4f 8b 94 d4 38 02 00 00 49 bb a0 83 40 59 07 00
0x00007f030d0ab910:   00 00 4d 3b d3 0f 85 ea 00 00 00 4c 8b 12 4d 8b 

Register to memory mapping:

RAX=0x00000007594c8958 is an oop
{method} 
 - klass: {other class}
RBX=0x00000007594c8958 is an oop
{method} 
 - klass: {other class}
RCX=0x00000007ce0a2430 is an oop
java.util.HashMap 
 - klass: 'java/util/HashMap'
RDX=0x00000007ca033b78 is an unallocated location in the heap
RSP=0x00007f0317919130 is pointing into the stack for thread: 0x00007f0310008000
RBP=0x00000007ce0a2430 is an oop
java.util.HashMap 
 - klass: 'java/util/HashMap'
RSI=0x00000007ce0a2430 is an oop
java.util.HashMap 
 - klass: 'java/util/HashMap'
RDI=0x00007f030d0059b3 is an Interpreter codelet
return entry points  [0x00007f030d005140, 0x00007f030d006700]  5568 bytes
R8 =0x0000000040000000 is an unknown value
R9 =0x0000000000002d65 is an unknown value
R10=0x0000000000000000 is an unknown value
R11=0x00007f030d0ab750 [CodeBlob (0x00007f030d0ab750)]
Framesize: 6
R12=0x0000000000000000 is an unknown value
R13=0x00007f0317919170 is pointing into the stack for thread: 0x00007f0310008000
R14=0x00007f03179191e8 is pointing into the stack for thread: 0x00007f0310008000
R15=0x00007f0310008000 is a thread


Stack: [0x00007f031781c000,0x00007f031791d000],  sp=0x00007f0317919130,  free space=1012k
Native frames: (J=compiled Java code, j=interpreted, Vv=VM code, C=native code)
J  java.util.HashMap.get(Ljava/lang/Object;)Ljava/lang/Object;


---------------  P R O C E S S  ---------------

Java Threads: ( => current thread )
  0x00007f031009b800 JavaThread "Low Memory Detector" daemon [_thread_blocked, id=11570, stack(0x00007f02ff818000,0x00007f02ff919000)]
  0x00007f0310099800 JavaThread "C2 CompilerThread1" daemon [_thread_in_native, id=11569, stack(0x00007f030c0ed000,0x00007f030c1ee000)]
  0x00007f0310096800 JavaThread "C2 CompilerThread0" daemon [_thread_in_native, id=11568, stack(0x00007f030c1ee000,0x00007f030c2ef000)]
  0x00007f0310095800 JavaThread "Signal Dispatcher" daemon [_thread_blocked, id=11567, stack(0x00007f030c2ef000,0x00007f030c3f0000)]
  0x00007f0310074800 JavaThread "Finalizer" daemon [_thread_blocked, id=11566, stack(0x00007f030c3f0000,0x00007f030c4f1000)]
  0x00007f0310072800 JavaThread "Reference Handler" daemon [_thread_blocked, id=11565, stack(0x00007f030c4f1000,0x00007f030c5f2000)]
=>0x00007f0310008000 JavaThread "main" [_thread_in_Java, id=11561, stack(0x00007f031781c000,0x00007f031791d000)]

Other Threads:
  0x00007f031006d800 VMThread [stack: 0x00007f030c5f2000,0x00007f030c6f3000] [id=11564]
  0x00007f031009e800 WatcherThread [stack: 0x00007f02ff717000,0x00007f02ff818000] [id=11571]

VM state:not at safepoint (normal execution)

VM Mutex/Monitor currently owned by a thread: None

Heap
 PSYoungGen      total 46656K, used 42057K [0x00000007cbe00000, 0x00000007cf210000, 0x0000000800000000)
  eden space 40000K, 98% used [0x00000007cbe00000,0x00000007ce4a6428,0x00000007ce510000)
  from space 6656K, 37% used [0x00000007ce510000,0x00000007ce77c040,0x00000007ceb90000)
  to   space 6656K, 0% used [0x00000007ceb90000,0x00000007ceb90000,0x00000007cf210000)
 PSOldGen        total 106752K, used 0K [0x0000000763a00000, 0x000000076a240000, 0x00000007cbe00000)
  object space 106752K, 0% used [0x0000000763a00000,0x0000000763a00000,0x000000076a240000)
 PSPermGen       total 21248K, used 18620K [0x0000000759400000, 0x000000075a8c0000, 0x0000000763a00000)
  object space 21248K, 87% used [0x0000000759400000,0x000000075a62f108,0x000000075a8c0000)

Code Cache  [0x00007f030d000000, 0x00007f030d270000, 0x00007f0310000000)
 total_blobs=461 nmethods=191 adapters=224 free_code_cache=49480640 largest_free_block=6592

Dynamic libraries:
00400000-00409000 r-xp 00000000 08:03 1971074                            /usr/lib/jvm/java-6-openjdk-amd64/jre/bin/java
00608000-00609000 r--p 00008000 08:03 1971074                            /usr/lib/jvm/java-6-openjdk-amd64/jre/bin/java
00609000-0060a000 rw-p 00009000 08:03 1971074                            /usr/lib/jvm/java-6-openjdk-amd64/jre/bin/java
0208c000-020ad000 rw-p 00000000 00:00 0                                  [heap]
759400000-75a8c0000 rw-p 00000000 00:00 0 
75a8c0000-763a00000 rw-p 00000000 00:00 0 
763a00000-76a240000 rw-p 00000000 00:00 0 
76a240000-7cbe00000 rw-p 00000000 00:00 0 
7cbe00000-7cf210000 rw-p 00000000 00:00 0 
7cf210000-800000000 rw-p 00000000 00:00 0 
7f02d4000000-7f02d4021000 rw-p 00000000 00:00 0 
7f02d4021000-7f02d8000000 ---p 00000000 00:00 0 
7f02d8000000-7f02d8021000 rw-p 00000000 00:00 0 
7f02d8021000-7f02dc000000 ---p 00000000 00:00 0 
7f02dc000000-7f02dc021000 rw-p 00000000 00:00 0 
7f02dc021000-7f02e0000000 ---p 00000000 00:00 0 
7f02e0000000-7f02e0021000 rw-p 00000000 00:00 0 
7f02e0021000-7f02e4000000 ---p 00000000 00:00 0 
7f02e4000000-7f02e45fe000 rw-p 00000000 00:00 0 
7f02e45fe000-7f02e8000000 ---p 00000000 00:00 0 
7f02e8000000-7f02e8021000 rw-p 00000000 00:00 0 
7f02e8021000-7f02ec000000 ---p 00000000 00:00 0 
7f02ec000000-7f02ec021000 rw-p 00000000 00:00 0 
7f02ec021000-7f02f0000000 ---p 00000000 00:00 0 
7f02f0000000-7f02f073b000 rw-p 00000000 00:00 0 
7f02f073b000-7f02f4000000 ---p 00000000 00:00 0 
7f02f4000000-7f02f4021000 rw-p 00000000 00:00 0 
7f02f4021000-7f02f8000000 ---p 00000000 00:00 0 
7f02f8000000-7f02f8021000 rw-p 00000000 00:00 0 
7f02f8021000-7f02fc000000 ---p 00000000 00:00 0 
7f02ff40c000-7f02ff40f000 ---p 00000000 00:00 0 
7f02ff40f000-7f02ff50d000 rw-p 00000000 00:00 0 
7f02ff50d000-7f02ff510000 ---p 00000000 00:00 0 
7f02ff510000-7f02ff60e000 rw-p 00000000 00:00 0 
7f02ff60e000-7f02ff611000 ---p 00000000 00:00 0 
7f02ff611000-7f02ff70f000 rw-p 00000000 00:00 0 
7f02ff70f000-7f02ff717000 r--s 00061000 08:03 4341305                    /home/oleg/sdk/tools/lib/emma.jar
7f02ff717000-7f02ff718000 ---p 00000000 00:00 0 
7f02ff718000-7f02ff818000 rw-p 00000000 00:00 0 
7f02ff818000-7f02ff81b000 ---p 00000000 00:00 0 
7f02ff81b000-7f02ff919000 rw-p 00000000 00:00 0 
7f02ff919000-7f0300000000 r--p 00000000 08:03 6167085                    /usr/lib/locale/locale-archive
7f0300000000-7f0300021000 rw-p 00000000 00:00 0 
7f0300021000-7f0304000000 ---p 00000000 00:00 0 
7f0304000000-7f0304021000 rw-p 00000000 00:00 0 
7f0304021000-7f0308000000 ---p 00000000 00:00 0 
7f0308000000-7f0308021000 rw-p 00000000 00:00 0 
7f0308021000-7f030c000000 ---p 00000000 00:00 0 
7f030c001000-7f030c003000 r--s 0000d000 08:03 4341321                    /home/oleg/sdk/tools/lib/commons-codec-1.4.jar
7f030c003000-7f030c005000 r--s 0000d000 08:03 4341280                    /home/oleg/sdk/tools/lib/commons-logging-1.1.1.jar
7f030c005000-7f030c00a000 r--s 00028000 08:03 4341340                    /home/oleg/sdk/tools/lib/httpcore-4.1.jar
7f030c00a000-7f030c00c000 r--s 00005000 08:03 4341325                    /home/oleg/sdk/tools/lib/httpmime-4.1.jar
7f030c00c000-7f030c014000 r--s 0004e000 08:03 4341299                    /home/oleg/sdk/tools/lib/httpclient-4.1.1.jar
7f030c014000-7f030c018000 r--s 00020000 08:03 4343070                    /home/oleg/sdk/tools/lib/commons-compress-1.0.jar
7f030c018000-7f030c019000 r--s 00002000 08:03 4343076                    /home/oleg/sdk/tools/lib/dvlib.jar
7f030c019000-7f030c01a000 r--s 0000a000 08:03 4341279                    /home/oleg/sdk/tools/lib/kxml2-2.3.0.jar
7f030c01a000-7f030c01d000 r--s 0000e000 08:03 4341293                    /home/oleg/sdk/tools/lib/layoutlib-api.jar
7f030c01d000-7f030c026000 r--s 0009d000 08:03 4341285                    /home/oleg/sdk/tools/lib/sdklib.jar
7f030c026000-7f030c050000 r--s 001e9000 08:03 4341339                    /home/oleg/sdk/tools/lib/guava-15.0.jar
7f030c050000-7f030c052000 r--s 0000f000 08:03 4341323                    /home/oleg/sdk/tools/lib/common.jar
7f030c052000-7f030c053000 r--s 00008000 08:03 4341281                    /home/oleg/sdk/tools/lib/manifest-merger.jar
7f030c053000-7f030c055000 r--s 00017000 08:03 4343072                    /home/oleg/sdk/tools/lib/ant-tasks.jar
7f030c055000-7f030c0b5000 r--s 00dc1000 08:03 1971635                    /usr/lib/jvm/java-6-openjdk-amd64/lib/tools.jar
7f030c0b5000-7f030c0b7000 r--s 00008000 08:03 4367                       /usr/share/java/ant-apache-oro-1.8.2.jar
7f030c0b7000-7f030c0d4000 r--s 001bc000 08:03 3981                       /usr/share/java/ant-1.8.2.jar
7f030c0d4000-7f030c0ed000 r--s 00144000 08:03 3918                       /usr/share/java/xercesImpl-2.11.0.jar
7f030c0ed000-7f030c0f0000 ---p 00000000 00:00 0 
7f030c0f0000-7f030c1ee000 rw-p 00000000 00:00 0 
7f030c1ee000-7f030c1f1000 ---p 00000000 00:00 0 
7f030c1f1000-7f030c2ef000 rw-p 00000000 00:00 0 
7f030c2ef000-7f030c2f2000 ---p 00000000 00:00 0 
7f030c2f2000-7f030c3f0000 rw-p 00000000 00:00 0 
7f030c3f0000-7f030c3f3000 ---p 00000000 00:00 0 
7f030c3f3000-7f030c4f1000 rw-p 00000000 00:00 0 
7f030c4f1000-7f030c4f4000 ---p 00000000 00:00 0 
7f030c4f4000-7f030c5f2000 rw-p 00000000 00:00 0 
7f030c5f2000-7f030c5f3000 ---p 00000000 00:00 0 
7f030c5f3000-7f030ca29000 rw-p 00000000 00:00 0 
7f030ca29000-7f030cbbd000 r--s 03822000 08:03 1971068                    /usr/lib/jvm/java-6-openjdk-amd64/jre/lib/rt.jar
7f030cbbd000-7f030cbbe000 ---p 00000000 00:00 0 
7f030cbbe000-7f030ccf3000 rw-p 00000000 00:00 0 
7f030ccf3000-7f030d000000 rw-p 00000000 00:00 0 
7f030d000000-7f030d270000 rwxp 00000000 00:00 0 
7f030d270000-7f031041f000 rw-p 00000000 00:00 0 
7f031041f000-7f0314000000 ---p 00000000 00:00 0 
7f0314002000-7f0314004000 r--s 00008000 08:03 4341306                    /home/oleg/sdk/tools/lib/emma_ant.jar
7f0314004000-7f0314006000 r--s 00001000 08:03 6055                       /usr/share/java/ant-jdepend-1.8.2.jar
7f0314006000-7f0314007000 r--s 00000000 08:03 4436                       /usr/share/java/ant-apache-regexp-1.8.2.jar
7f0314007000-7f0314008000 r--s 00009000 08:03 6057                       /usr/share/java/ant-jsch-1.8.2.jar
7f0314008000-7f0314009000 r--s 00000000 08:03 4365                       /usr/share/java/ant-apache-bsf-1.8.2.jar
7f0314009000-7f031400a000 r--s 00001000 08:03 6059                       /usr/share/java/ant-swing-1.8.2.jar
7f031400a000-7f031400c000 r--s 00013000 08:03 6053                       /usr/share/java/ant-commons-net-1.8.2.jar
7f031400c000-7f031400d000 r--s 00001000 08:03 6061                       /usr/share/java/ant-junit4-1.8.2.jar
7f031400d000-7f031400f000 r--s 00002000 08:03 3982                       /usr/share/java/ant-launcher-1.8.2.jar
7f031400f000-7f0314011000 r--s 00001000 08:03 4364                       /usr/share/java/ant-apache-bcel-1.8.2.jar
7f0314011000-7f0314039000 rw-p 00000000 00:00 0 
7f0314039000-7f031403a000 ---p 00000000 00:00 0 
7f031403a000-7f0314145000 rw-p 00000000 00:00 0 
7f0314145000-7f031418d000 rw-p 00000000 00:00 0 
7f031418d000-7f0314198000 rw-p 00000000 00:00 0 
7f0314198000-7f03141e0000 rw-p 00000000 00:00 0 
7f03141e0000-7f0314215000 rw-p 00000000 00:00 0 
7f0314215000-7f0314522000 rw-p 00000000 00:00 0 
7f0314522000-7f031453d000 rw-p 00000000 00:00 0 
7f031453d000-7f03146c3000 rw-p 00000000 00:00 0 
7f03146c3000-7f03146c4000 rw-p 00000000 00:00 0 
7f03146c4000-7f03146cb000 r-xp 00000000 08:03 1966625                    /usr/lib/jvm/java-6-openjdk-amd64/jre/lib/amd64/libzip.so
7f03146cb000-7f03148ca000 ---p 00007000 08:03 1966625                    /usr/lib/jvm/java-6-openjdk-amd64/jre/lib/amd64/libzip.so
7f03148ca000-7f03148cb000 r--p 00006000 08:03 1966625                    /usr/lib/jvm/java-6-openjdk-amd64/jre/lib/amd64/libzip.so
7f03148cb000-7f03148cc000 rw-p 00007000 08:03 1966625                    /usr/lib/jvm/java-6-openjdk-amd64/jre/lib/amd64/libzip.so
7f03148cc000-7f03148d8000 r-xp 00000000 08:03 3044450                    /lib/x86_64-linux-gnu/libnss_files-2.15.so
7f03148d8000-7f0314ad7000 ---p 0000c000 08:03 3044450                    /lib/x86_64-linux-gnu/libnss_files-2.15.so
7f0314ad7000-7f0314ad8000 r--p 0000b000 08:03 3044450                    /lib/x86_64-linux-gnu/libnss_files-2.15.so
7f0314ad8000-7f0314ad9000 rw-p 0000c000 08:03 3044450                    /lib/x86_64-linux-gnu/libnss_files-2.15.so
7f0314ad9000-7f0314ae3000 r-xp 00000000 08:03 3044454                    /lib/x86_64-linux-gnu/libnss_nis-2.15.so
7f0314ae3000-7f0314ce3000 ---p 0000a000 08:03 3044454                    /lib/x86_64-linux-gnu/libnss_nis-2.15.so
7f0314ce3000-7f0314ce4000 r--p 0000a000 08:03 3044454                    /lib/x86_64-linux-gnu/libnss_nis-2.15.so
7f0314ce4000-7f0314ce5000 rw-p 0000b000 08:03 3044454                    /lib/x86_64-linux-gnu/libnss_nis-2.15.so
7f0314ce5000-7f0314cfc000 r-xp 00000000 08:03 3044470                    /lib/x86_64-linux-gnu/libnsl-2.15.so
7f0314cfc000-7f0314efb000 ---p 00017000 08:03 3044470                    /lib/x86_64-linux-gnu/libnsl-2.15.so
7f0314efb000-7f0314efc000 r--p 00016000 08:03 3044470                    /lib/x86_64-linux-gnu/libnsl-2.15.so
7f0314efc000-7f0314efd000 rw-p 00017000 08:03 3044470                    /lib/x86_64-linux-gnu/libnsl-2.15.so
7f0314efd000-7f0314eff000 rw-p 00000000 00:00 0 
7f0314eff000-7f0314f07000 r-xp 00000000 08:03 3044448                    /lib/x86_64-linux-gnu/libnss_compat-2.15.so
7f0314f07000-7f0315106000 ---p 00008000 08:03 3044448                    /lib/x86_64-linux-gnu/libnss_compat-2.15.so
7f0315106000-7f0315107000 r--p 00007000 08:03 3044448                    /lib/x86_64-linux-gnu/libnss_compat-2.15.so
7f0315107000-7f0315108000 rw-p 00008000 08:03 3044448                    /lib/x86_64-linux-gnu/libnss_compat-2.15.so
7f0315108000-7f0315134000 r-xp 00000000 08:03 1966620                    /usr/lib/jvm/java-6-openjdk-amd64/jre/lib/amd64/libjava.so
7f0315134000-7f0315333000 ---p 0002c000 08:03 1966620                    /usr/lib/jvm/java-6-openjdk-amd64/jre/lib/amd64/libjava.so
7f0315333000-7f0315334000 r--p 0002b000 08:03 1966620                    /usr/lib/jvm/java-6-openjdk-amd64/jre/lib/amd64/libjava.so
7f0315334000-7f0315337000 rw-p 0002c000 08:03 1966620                    /usr/lib/jvm/java-6-openjdk-amd64/jre/lib/amd64/libjava.so
7f0315337000-7f0315345000 r-xp 00000000 08:03 1966637                    /usr/lib/jvm/java-6-openjdk-amd64/jre/lib/amd64/libverify.so
7f0315345000-7f0315544000 ---p 0000e000 08:03 1966637                    /usr/lib/jvm/java-6-openjdk-amd64/jre/lib/amd64/libverify.so
7f0315544000-7f0315546000 r--p 0000d000 08:03 1966637                    /usr/lib/jvm/java-6-openjdk-amd64/jre/lib/amd64/libverify.so
7f0315546000-7f0315547000 rw-p 0000f000 08:03 1966637                    /usr/lib/jvm/java-6-openjdk-amd64/jre/lib/amd64/libverify.so
7f0315547000-7f031554e000 r-xp 00000000 08:03 3044453                    /lib/x86_64-linux-gnu/librt-2.15.so
7f031554e000-7f031574d000 ---p 00007000 08:03 3044453                    /lib/x86_64-linux-gnu/librt-2.15.so
7f031574d000-7f031574e000 r--p 00006000 08:03 3044453                    /lib/x86_64-linux-gnu/librt-2.15.so
7f031574e000-7f031574f000 rw-p 00007000 08:03 3044453                    /lib/x86_64-linux-gnu/librt-2.15.so
7f031574f000-7f0315764000 r-xp 00000000 08:03 3018368                    /lib/x86_64-linux-gnu/libgcc_s.so.1
7f0315764000-7f0315963000 ---p 00015000 08:03 3018368                    /lib/x86_64-linux-gnu/libgcc_s.so.1
7f0315963000-7f0315964000 r--p 00014000 08:03 3018368                    /lib/x86_64-linux-gnu/libgcc_s.so.1
7f0315964000-7f0315965000 rw-p 00015000 08:03 3018368                    /lib/x86_64-linux-gnu/libgcc_s.so.1
7f0315965000-7f0315a60000 r-xp 00000000 08:03 3044459                    /lib/x86_64-linux-gnu/libm-2.15.so
7f0315a60000-7f0315c5f000 ---p 000fb000 08:03 3044459                    /lib/x86_64-linux-gnu/libm-2.15.so
7f0315c5f000-7f0315c60000 r--p 000fa000 08:03 3044459                    /lib/x86_64-linux-gnu/libm-2.15.so
7f0315c60000-7f0315c61000 rw-p 000fb000 08:03 3044459                    /lib/x86_64-linux-gnu/libm-2.15.so
7f0315c61000-7f0315d43000 r-xp 00000000 08:03 6168267                    /usr/lib/x86_64-linux-gnu/libstdc++.so.6.0.16
7f0315d43000-7f0315f42000 ---p 000e2000 08:03 6168267                    /usr/lib/x86_64-linux-gnu/libstdc++.so.6.0.16
7f0315f42000-7f0315f4a000 r--p 000e1000 08:03 6168267                    /usr/lib/x86_64-linux-gnu/libstdc++.so.6.0.16
7f0315f4a000-7f0315f4c000 rw-p 000e9000 08:03 6168267                    /usr/lib/x86_64-linux-gnu/libstdc++.so.6.0.16
7f0315f4c000-7f0315f61000 rw-p 00000000 00:00 0 
7f0315f61000-7f0316861000 r-xp 00000000 08:03 1966652                    /usr/lib/jvm/java-6-openjdk-amd64/jre/lib/amd64/server/libjvm.so
7f0316861000-7f0316a61000 ---p 00900000 08:03 1966652                    /usr/lib/jvm/java-6-openjdk-amd64/jre/lib/amd64/server/libjvm.so
7f0316a61000-7f0316ae2000 r--p 00900000 08:03 1966652                    /usr/lib/jvm/java-6-openjdk-amd64/jre/lib/amd64/server/libjvm.so
7f0316ae2000-7f0316afd000 rw-p 00981000 08:03 1966652                    /usr/lib/jvm/java-6-openjdk-amd64/jre/lib/amd64/server/libjvm.so
7f0316afd000-7f0316b26000 rw-p 00000000 00:00 0 
7f0316b26000-7f0316b3c000 r-xp 00000000 08:03 3018458                    /lib/x86_64-linux-gnu/libz.so.1.2.3.4
7f0316b3c000-7f0316d3b000 ---p 00016000 08:03 3018458                    /lib/x86_64-linux-gnu/libz.so.1.2.3.4
7f0316d3b000-7f0316d3c000 r--p 00015000 08:03 3018458                    /lib/x86_64-linux-gnu/libz.so.1.2.3.4
7f0316d3c000-7f0316d3d000 rw-p 00016000 08:03 3018458                    /lib/x86_64-linux-gnu/libz.so.1.2.3.4
7f0316d3d000-7f0316ef2000 r-xp 00000000 08:03 3044446                    /lib/x86_64-linux-gnu/libc-2.15.so
7f0316ef2000-7f03170f2000 ---p 001b5000 08:03 3044446                    /lib/x86_64-linux-gnu/libc-2.15.so
7f03170f2000-7f03170f6000 r--p 001b5000 08:03 3044446                    /lib/x86_64-linux-gnu/libc-2.15.so
7f03170f6000-7f03170f8000 rw-p 001b9000 08:03 3044446                    /lib/x86_64-linux-gnu/libc-2.15.so
7f03170f8000-7f03170fd000 rw-p 00000000 00:00 0 
7f03170fd000-7f03170ff000 r-xp 00000000 08:03 3044463                    /lib/x86_64-linux-gnu/libdl-2.15.so
7f03170ff000-7f03172ff000 ---p 00002000 08:03 3044463                    /lib/x86_64-linux-gnu/libdl-2.15.so
7f03172ff000-7f0317300000 r--p 00002000 08:03 3044463                    /lib/x86_64-linux-gnu/libdl-2.15.so
7f0317300000-7f0317301000 rw-p 00003000 08:03 3044463                    /lib/x86_64-linux-gnu/libdl-2.15.so
7f0317301000-7f0317305000 r-xp 00000000 08:03 1966795                    /usr/lib/jvm/java-6-openjdk-amd64/jre/lib/amd64/jli/libjli.so
7f0317305000-7f0317504000 ---p 00004000 08:03 1966795                    /usr/lib/jvm/java-6-openjdk-amd64/jre/lib/amd64/jli/libjli.so
7f0317504000-7f0317505000 r--p 00003000 08:03 1966795                    /usr/lib/jvm/java-6-openjdk-amd64/jre/lib/amd64/jli/libjli.so
7f0317505000-7f0317506000 rw-p 00004000 08:03 1966795                    /usr/lib/jvm/java-6-openjdk-amd64/jre/lib/amd64/jli/libjli.so
7f0317506000-7f031751e000 r-xp 00000000 08:03 3044455                    /lib/x86_64-linux-gnu/libpthread-2.15.so
7f031751e000-7f031771d000 ---p 00018000 08:03 3044455                    /lib/x86_64-linux-gnu/libpthread-2.15.so
7f031771d000-7f031771e000 r--p 00017000 08:03 3044455                    /lib/x86_64-linux-gnu/libpthread-2.15.so
7f031771e000-7f031771f000 rw-p 00018000 08:03 3044455                    /lib/x86_64-linux-gnu/libpthread-2.15.so
7f031771f000-7f0317723000 rw-p 00000000 00:00 0 
7f0317723000-7f0317745000 r-xp 00000000 08:03 3044460                    /lib/x86_64-linux-gnu/ld-2.15.so
7f0317745000-7f0317746000 r--s 00000000 08:03 5726                       /usr/share/java/ant-commons-logging-1.8.2.jar
7f0317746000-7f0317747000 r--s 00001000 08:03 6056                       /usr/share/java/ant-jmf-1.8.2.jar
7f0317747000-7f0317748000 r--s 00001000 08:03 6054                       /usr/share/java/ant-javamail-1.8.2.jar
7f0317748000-7f0317749000 r--s 00003000 08:03 6060                       /usr/share/java/ant-testutil-1.8.2.jar
7f0317749000-7f031774b000 r--s 00017000 08:03 6058                       /usr/share/java/ant-junit-1.8.2.jar
7f031774b000-7f031774c000 r--s 00000000 08:03 4366                       /usr/share/java/ant-apache-log4j-1.8.2.jar
7f031774c000-7f0317755000 r--s 00031000 08:03 3887                       /usr/share/java/xml-apis-1.4.01.jar
7f0317755000-7f031775c000 r--s 000fc000 08:03 1966589                    /usr/lib/jvm/java-6-openjdk-common/jre/lib/resources.jar
7f031775c000-7f0317766000 rw-p 00000000 00:00 0 
7f0317766000-7f031781c000 rw-p 00000000 00:00 0 
7f031781c000-7f031781f000 ---p 00000000 00:00 0 
7f031781f000-7f0317922000 rw-p 00000000 00:00 0 
7f0317922000-7f0317923000 r--s 00001000 08:03 4012                       /usr/share/java/ant-antlr-1.8.2.jar
7f0317923000-7f0317924000 r--s 00000000 08:03 5725                       /usr/share/java/ant-apache-xalan2-1.8.2.jar
7f0317924000-7f0317925000 r--s 00000000 08:03 4610                       /usr/share/java/ant-apache-resolver-1.8.2.jar
7f0317925000-7f0317928000 r--s 0007f000 08:03 1966607                    /usr/lib/jvm/java-6-openjdk-common/jre/lib/jsse.jar
7f0317928000-7f031792a000 r--s 00002000 08:03 3982                       /usr/share/java/ant-launcher-1.8.2.jar
7f031792a000-7f031792c000 r--s 0000f000 08:03 1966577                    /usr/lib/jvm/java-6-openjdk-common/jre/lib/ext/pulse-java.jar
7f031792c000-7f031792f000 r--s 00077000 08:03 1966579                    /usr/lib/jvm/java-6-openjdk-common/jre/lib/ext/localedata.jar
7f031792f000-7f0317930000 r--s 00007000 08:03 855                        /usr/share/java/java-atk-wrapper.jar
7f0317930000-7f0317933000 r--s 00031000 08:03 1966581                    /usr/lib/jvm/java-6-openjdk-common/jre/lib/ext/sunjce_provider.jar
7f0317933000-7f0317935000 r--s 00001000 08:03 1966580                    /usr/lib/jvm/java-6-openjdk-common/jre/lib/ext/dnsns.jar
7f0317935000-7f0317939000 r--s 00039000 08:03 1966575                    /usr/lib/jvm/java-6-openjdk-common/jre/lib/ext/sunpkcs11.jar
7f0317939000-7f0317941000 rw-s 00000000 08:03 2636913                    /tmp/hsperfdata_oleg/11558
7f0317941000-7f0317942000 rw-p 00000000 00:00 0 
7f0317942000-7f0317943000 r--p 00000000 00:00 0 
7f0317943000-7f0317945000 rw-p 00000000 00:00 0 
7f0317945000-7f0317946000 r--p 00022000 08:03 3044460                    /lib/x86_64-linux-gnu/ld-2.15.so
7f0317946000-7f0317948000 rw-p 00023000 08:03 3044460                    /lib/x86_64-linux-gnu/ld-2.15.so
7fff8eda1000-7fff8edc2000 rw-p 00000000 00:00 0                          [stack]
7fff8edff000-7fff8ee00000 r-xp 00000000 00:00 0                          [vdso]
ffffffffff600000-ffffffffff601000 r-xp 00000000 00:00 0                  [vsyscall]

VM Arguments:
jvm_args: -Dant.home=/usr/share/ant -Dant.library.dir=/usr/share/ant/lib 
java_command: org.apache.tools.ant.launch.Launcher -cp  debug -f /home/oleg/CordovaMapsSample/platforms/android/build.xml -Dout.dir=ant-build -Dgen.absolute.dir=ant-gen
Launcher Type: SUN_STANDARD

Environment Variables:
PATH=/home/oleg/.rvm/gems/ruby-1.9.3-p327/bin:/home/oleg/.rvm/gems/ruby-1.9.3-p327@global/bin:/home/oleg/.rvm/rubies/ruby-1.9.3-p327/bin:/home/oleg/.rvm/bin:/usr/lib/lightdm/lightdm:/usr/local/sbin:/usr/local/bin:/usr/sbin:/usr/bin:/sbin:/bin:/usr/games:/home/oleg/sdk/platform-tools:/home/oleg/sdk/tools
LD_LIBRARY_PATH=/usr/lib/jvm/java-6-openjdk-amd64/jre/lib/amd64/server:/usr/lib/jvm/java-6-openjdk-amd64/jre/lib/amd64:/usr/lib/jvm/java-6-openjdk-amd64/jre/../lib/amd64
SHELL=/bin/bash
DISPLAY=:1.0

Signal Handlers:
SIGSEGV: [libjvm.so+0x7837c0], sa_mask[0]=0x7ffbfeff, sa_flags=0x10000004
SIGBUS: [libjvm.so+0x7837c0], sa_mask[0]=0x7ffbfeff, sa_flags=0x10000004
SIGFPE: [libjvm.so+0x647740], sa_mask[0]=0x7ffbfeff, sa_flags=0x10000004
SIGPIPE: [libjvm.so+0x647740], sa_mask[0]=0x7ffbfeff, sa_flags=0x10000004
SIGXFSZ: [libjvm.so+0x647740], sa_mask[0]=0x7ffbfeff, sa_flags=0x10000004
SIGILL: [libjvm.so+0x647740], sa_mask[0]=0x7ffbfeff, sa_flags=0x10000004
SIGUSR1: SIG_DFL, sa_mask[0]=0x00000000, sa_flags=0x00000000
SIGUSR2: [libjvm.so+0x647920], sa_mask[0]=0x00000000, sa_flags=0x10000004
SIGHUP: [libjvm.so+0x64a2f0], sa_mask[0]=0x7ffbfeff, sa_flags=0x10000004
SIGINT: [libjvm.so+0x64a2f0], sa_mask[0]=0x7ffbfeff, sa_flags=0x10000004
SIGTERM: [libjvm.so+0x64a2f0], sa_mask[0]=0x7ffbfeff, sa_flags=0x10000004
SIGQUIT: [libjvm.so+0x64a2f0], sa_mask[0]=0x7ffbfeff, sa_flags=0x10000004


---------------  S Y S T E M  ---------------

OS:Ubuntu 12.04 (precise)
uname:Linux 3.2.0-58-generic #88-Ubuntu SMP Tue Dec 3 17:37:58 UTC 2013 x86_64
libc:glibc 2.15 NPTL 2.15 
rlimit: STACK 8192k, CORE 0k, NPROC 79359, NOFILE 4096, AS infinity
load average:3.18 2.49 2.22

/proc/meminfo:
MemTotal:       10241552 kB
MemFree:         2864832 kB
Buffers:          199496 kB
Cached:          2585692 kB
SwapCached:            0 kB
Active:          4368412 kB
Inactive:        2157908 kB
Active(anon):    3743520 kB
Inactive(anon):    41148 kB
Active(file):     624892 kB
Inactive(file):  2116760 kB
Unevictable:          32 kB
Mlocked:              32 kB
SwapTotal:       6894588 kB
SwapFree:        6894588 kB
Dirty:              3908 kB
Writeback:             0 kB
AnonPages:       3741152 kB
Mapped:           533560 kB
Shmem:             43540 kB
Slab:             170296 kB
SReclaimable:     126336 kB
SUnreclaim:        43960 kB
KernelStack:        6728 kB
PageTables:        84820 kB
NFS_Unstable:          0 kB
Bounce:                0 kB
WritebackTmp:          0 kB
CommitLimit:    12015364 kB
Committed_AS:   10490312 kB
VmallocTotal:   34359738367 kB
VmallocUsed:      330348 kB
VmallocChunk:   34359405748 kB
HardwareCorrupted:     0 kB
AnonHugePages:         0 kB
HugePages_Total:       0
HugePages_Free:        0
HugePages_Rsvd:        0
HugePages_Surp:        0
Hugepagesize:       2048 kB
DirectMap4k:      268864 kB
DirectMap2M:     4972544 kB
DirectMap1G:     5242880 kB


CPU:total 2 (2 cores per cpu, 1 threads per core) family 16 model 6 stepping 3, cmov, cx8, fxsr, mmx, sse, sse2, sse3, popcnt, mmxext, 3dnowpref, lzcnt, sse4a

Memory: 4k page, physical 10241552k(2864832k free), swap 6894588k(6894588k free)

vm_info: OpenJDK 64-Bit Server VM (20.0-b12) for linux-amd64 JRE (1.6.0_27-b27), built on Nov 16 2013 15:13:05 by "buildd" with gcc 4.6.3

time: Mon Apr 21 19:05:05 2014
elapsed time: 5 seconds

