#
# A fatal error has been detected by the Java Runtime Environment:
#
#  SIGSEGV (0xb) at pc=0x00007f74cc22c737, pid=32449, tid=140139638966016
#
# JRE version: 6.0_27-b27
# Java VM: OpenJDK 64-Bit Server VM (20.0-b12 mixed mode linux-amd64 compressed oops)
# Derivative: IcedTea6 1.12.6
# Distribution: Ubuntu 12.04 LTS, package 6b27-1.12.6-1ubuntu0.12.04.4
# Problematic frame:
# V  [libjvm.so+0x583737]  klassVtable::update_inherited_vtable(instanceKlass*, methodHandle, int, bool, Thread*)+0xa7
#
# If you would like to submit a bug report, please include
# instructions how to reproduce the bug and visit:
#   https://bugs.launchpad.net/ubuntu/+source/openjdk-6/
#

---------------  T H R E A D  ---------------

Current thread (0x00007f74c4008000):  JavaThread "Unknown thread" [_thread_in_vm, id=32455, stack(0x00007f74cd564000,0x00007f74cd665000)]

siginfo:si_signo=SIGSEGV: si_errno=0, si_code=128 (), si_addr=0x0000000000000000

Registers:
RAX=0x0000000759490ad8, RBX=0x00007f74c403fdc8, RCX=0x00007f74cc86ad00, RDX=0x00a60007594922b8
RSP=0x00007f74cd663950, RBP=0x00007f74cd663a20, RSI=0x0000000000000001, RDI=0x0000000000000010
R8 =0x0000000000000000, R9 =0x00007f74c4008000, R10=0x0000000759493040, R11=0x0000000000000000
R12=0x00007f74c4008710, R13=0x00007f74c4008000, R14=0x00007f74c4008710, R15=0x00007f74c403fdc8
RIP=0x00007f74cc22c737, EFLAGS=0x0000000000010202, CSGSFS=0x0000000000000033, ERR=0x0000000000000000
  TRAPNO=0x000000000000000d

Top of Stack: (sp=0x00007f74cd663950)
0x00007f74cd663950:   00007f74cd6639c0 00007f74cc22f7aa
0x00007f74cd663960:   00007f74c403fd68 0000000000000008
0x00007f74cd663970:   0000000759493600 0000000000000008
0x00007f74cd663980:   00007f74c4008878 00007f74c4008730
0x00007f74cd663990:   00007f74c403fde0 0000000759492d28
0x00007f74cd6639a0:   00007f74c4008490 00007f74c403fdd8
0x00007f74cd6639b0:   00007f74c403fdc8 0000000759408d00
0x00007f74cd6639c0:   0000000000000005 0000000000000000
0x00007f74cd6639d0:   00007f74c4008000 00007f74c40052c0
0x00007f74cd6639e0:   00007f7400000005 0000000000000004
0x00007f74cd6639f0:   00007f74c4008000 00007f74c403fdc8
0x00007f74cd663a00:   0000000759492300 00007f74c4008000
0x00007f74cd663a10:   00007f74c4008710 0000000000000034
0x00007f74cd663a20:   00007f74cd663ac0 00007f74cc22fbcf
0x00007f74cd663a30:   00007f74c403adb0 000000000000006c
0x00007f74cd663a40:   0000000500000000 00007f74c403fdc0
0x00007f74cd663a50:   00007f74c4008000 00007f74c40052f0
0x00007f74cd663a60:   00007f74c403adb0 00007f74c403fdc8
0x00007f74cd663a70:   00007f74c4042d98 00007f74cd663bd0
0x00007f74cd663a80:   0000000000000008 00007f74c403fda8
0x00007f74cd663a90:   00007f74cd663ac0 00007f74c4008000
0x00007f74cd663aa0:   0000000759492d18 0000000759492d28
0x00007f74cd663ab0:   00007f74c403fda0 00007f74c40084a0
0x00007f74cd663ac0:   00007f74cd663af0 00007f74cc405e5b
0x00007f74cd663ad0:   00007f74c4008000 0000000759492d18
0x00007f74cd663ae0:   00007f74c40052f0 00007f74c403fda0
0x00007f74cd663af0:   00007f74cd663b20 00007f74cc405ec7
0x00007f74cd663b00:   00007f74c40052c0 00007f74c4008490
0x00007f74cd663b10:   00007f74cc82cb18 00007f74c4008878
0x00007f74cd663b20:   00007f74cd663bc0 00007f74cc407297
0x00007f74cd663b30:   00007f74cc481cd3 00007f74cc481cd8
0x00007f74cd663b40:   00007f74c4008000 00007f74cc481ce2 

Instructions: (pc=0x00007f74cc22c737)
0x00007f74cc22c717:   03 00 00 31 c0 4d 85 ff 74 03 49 8b 07 48 8b 50
0x00007f74cc22c727:   10 48 8b 0d 61 6a 5f 00 48 8b 40 18 c6 45 98 00
0x00007f74cc22c737:   0f b7 52 40 48 8b 89 20 06 00 00 48 39 4c d0 40
0x00007f74cc22c747:   0f 84 e3 02 00 00 48 8b 85 78 ff ff ff f6 80 8c 

Register to memory mapping:

RAX=0x0000000759490ad8 is an oop
{constant pool} 
 - klass: {other class}
 - cache: 0x0000000000000000
 -   1 :  : klass_index=29 name_and_type_index=84
 -   2 :  : klass_index=28 name_and_type_index=85
 -   3 :  : klass_index=28 name_and_type_index=86
 -   4 :  : 'java/lang/IllegalArgumentException'
 -   5 :  : 'java/lang/StringBuilder'
 -   6 :  : klass_index=5 name_and_type_index=84
 -   7 :  : "Negative capacity: " {0x7594af230}
 -   8 :  : klass_index=5 name_and_type_index=90
 -   9 :  : klass_index=5 name_and_type_index=91
 -  10 :  : klass_index=5 name_and_type_index=92
 -  11 :  : klass_index=4 name_and_type_index=93
 -  12 :  : klass_index=28 name_and_type_index=94
 -  13 :  : klass_index=28 name_and_type_index=95
 -  14 :  : klass_index=28 name_and_type_index=96
 -  15 :  : "mark> positIon: (" {0x7594af288}
 -  16 :  : " > " {0x7594af2e0}
 -  17 :  : ")" {0x7594af318}
 -  18 :  : klass_index=28 name_and_type_index=100
 -  19 :  : klass_index=4 name_and_type_index=84
 -  20 :  : 'java/nio/InvalidMarkException'
 -  21 :  : klass_index=20 name_and_type_index=84
 -  22 :  : 'java	nio/Buf@erUnder@lowExcePtion'
 -  23 :  : klass_index=22 name_and_type_index=84
 -  24 :  : 'java	nio/BufferOverflowException'
 -  25 :  : klass_index=24 name_and_type_index=84
 -  26 :  : 'java/lang/IndexOutOfBoundsException'
 -  27 :  : klass_index=26 name_and_type_index=84
 -  28 :  : 'java/nio/Buffer'
 -  29 :  : 'java/lang/Object'
 -  30 :  : 'mark'
 -  31 :  : 'I'
 -  32 :  : 'position'
 -  33 :  : 'limit'
 -  34 :  : 'capacity'
 -  35 :  : 'address'
 -  36 :  : 'J'
 -  37 :  : '<init>'
 -  38 :  : '(IIII)V'
 -  39 :  : 'Code'
 -  40 :  : 'LineNumberTable'
 -  41 :  : 'LocalVariableTable'
 -  42 :  : 'this'
 -  43 :  : 'Ljava/nio/Buffer;'
 -  44 :  : 'pos'
 -  45 :  : 'lim'
 -  46 :  : 'cap'
 -  47 :  : '()I'
 -  48 :  : '(I)Ljava/nio/Buffer;'
 -  49 :  : 'newPïsition'
 -  50 :  : 'newLïmit'
 -  51 :  : '()Ljava/nio/Buffer;'
 -  52 :  : 'reset'
 -  53 :  : 'm'
 -  54 :  : 'clear'
 -  55 :  : 'flip'
 -  56 :  : 'rewiîd'
 -  57 :  : 'remaining'
 -  58 :  : 'hasRemaining'
 -  59 :  : '()Z'
 -  60 :  : 'isReadOnly'
 -  61 :  : 'hasArray'
 -  62 :  : 'array'
 -  63 :  : '()Ljava/lang/Object;'
 -  64 :  : 'arrayOffset'
 -  65 :  : 'isDirect'
 -  66 :  : 'nextçetIndex'
 -  67 :  : '(I)I'
 -  68 :  : 'nb'
 -  69 :  : 'p'
 -  70 :  : 'nextPutIndex'
 -  71 :  : 'checkIndex'
 -  72 :  : 'i'
 -  73 :  : '(II)I'
 -  74 :  : 'markValue'
 -  75 :  : 'discçrdMark'
 -  76 :  : '()V'
 -  77 :  : 'checkBounds'
 -  78 :  : '(III¯V'
 -  79 :  : 'off'
 -  80 :  : 'len'
 -  81 :  : 'size'
 -  82 :  : 'SourceFile'
 -  83 :  : 'Buffer.java'
 -  84 :  : name_index=37 signature_index=76
 -  85 :  : name_index=30 signature_index=31
 -  86 :  : name_index=32 signature_index=31
 -  87 :  : 'java/lang/IllegalArgumentException'
 -  88 :  : 'java/lang/StringBuilder'
 -  89 :  : 'Negative capacity: '
 -  90 :  : name_index=107 signature_index=108
 -  91 :  : name_index=107 signature_index=109
 -  92 :  : name_index=110 signature_index=111
 -  93 :  : name_index=37 signature_index=112
 -  94 :  : name_index=34 signature_index=31
 -  95 :  : name_index=33 signature_index=48
 -  96 :  : name_index=32 signature_index=48
 -  97 :  : 'mark> positIon: ('
 -  98 :  : ' > '
 -  99 :  : ')'
 - 100 :  : name_index=33 signature_index=31
 - 101 :  : 'java/nio/InvalidMarkException'
 - 102 :  : 'java	nio/Buf@erUnder@lowExcePtion'
 - 103 :  : 'java	nio/BufferOverflowException'
 - 104 :  : 'java/lang/IndexOutOfBoundsException'
 - 105 :  : 'java/nio/Buffer'
 - 106 :  : 'java/lang/Object'
 - 107 :  : 'append'
 - 108 :  : '(Ljava/lang/String;)Ljava/lang/StringBuilder;'
 - 109 :  : '(I)Ljava/lang/StringBuilder;'
 - 110 :  : 'toString'
 - 111 :  : '()Ljava/lang/String;'
 - 112 :  : '(Ljava/lang/String;)V'

RBX=0x00007f74c403fdc8 is an unknown value
RCX=0x00007f74cc86ad00: <offset 0xbc1d00> in /usr/lib/jvm/java-6-openjdk-amd64/jre/lib/amd64/server/libjvm.so at 0x00007f74cbca9000
RDX=0x00a60007594922b8 is an unknown value
RSP=0x00007f74cd663950 is an unknown value
RBP=0x00007f74cd663a20 is an unknown value
RSI=0x0000000000000001 is an unknown value
RDI=0x0000000000000010 is an unknown value
R8 =0x0000000000000000 is an unknown value
R9 =0x00007f74c4008000 is an unknown value
R10=0x0000000759493040 is an oop
{constant pool} 
 - klass: {other class}
 - cache: 0x00a6000000000000
 -   1 : 
[error occurred during error reporting (printing register info), id 0xb]

Stack: [0x00007f74cd564000,0x00007f74cd665000],  sp=0x00007f74cd663950,  free space=1022k
Native frames: (J=compiled Java code, j=interpreted, Vv=VM code, C=native code)
V  [libjvm.so+0x583737]  klassVtable::update_inherited_vtable(instanceKlass*, methodHandle, int, bool, Thread*)+0xa7
V  [libjvm.so+0x586bcf]  klassVtable::initialize_vtable(bool, Thread*)+0x1ff
V  [libjvm.so+0x75ce5b]  Universe::reinitialize_vtable_of(KlassHandle, Thread*)+0x3b
V  [libjvm.so+0x75cec7]  Universe::reinitialize_vtable_of(KlassHandle, Thread*)+0xa7
V  [libjvm.so+0x75e297]  universe_post_init()+0xb7
V  [libjvm.so+0x472e15]  init_globals()+0xc5
V  [libjvm.so+0x74961a]  Threads::create_vm(JavaVMInitArgs*, bool*)+0x1ea
V  [libjvm.so+0x4cccb1]  JNI_CreateJavaVM+0x61
C  [java+0x31ae]  JavaMain+0x7e


---------------  P R O C E S S  ---------------

Java Threads: ( => current thread )

Other Threads:

=>0x00007f74c4008000 (exited) JavaThread "Unknown thread" [_thread_in_vm, id=32455, stack(0x00007f74cd564000,0x00007f74cd665000)]

VM state:not at safepoint (normal execution)

VM Mutex/Monitor currently owned by a thread: None

Heap
 PSYoungGen      total 46656K, used 0K [0x00000007cbe00000, 0x00000007cf210000, 0x0000000800000000)
  eden space 40000K, 0% used [0x00000007cbe00000,0x00000007cbe00000,0x00000007ce510000)
  from space 6656K, 0% used [0x00000007ceb90000,0x00000007ceb90000,0x00000007cf210000)
  to   space 6656K, 0% used [0x00000007ce510000,0x00000007ce510000,0x00000007ceb90000)
 PSOldGen        total 106752K, used 0K [0x0000000763a00000, 0x000000076a240000, 0x00000007cbe00000)
  object space 106752K, 0% used [0x0000000763a00000,0x0000000763a00000,0x000000076a240000)
 PSPermGen       total 21248K, used 700K [0x0000000759400000, 0x000000075a8c0000, 0x0000000763a00000)
  object space 21248K, 3% used [0x0000000759400000,0x00000007594af350,0x000000075a8c0000)

Code Cache  [0x00007f74c1000000, 0x00007f74c1270000, 0x00007f74c4000000)
 total_blobs=14 nmethods=0 adapters=0 free_code_cache=50091520 largest_free_block=2432

Dynamic libraries:
00400000-00409000 r-xp 00000000 08:03 1971074                            /usr/lib/jvm/java-6-openjdk-amd64/jre/bin/java
00608000-00609000 r--p 00008000 08:03 1971074                            /usr/lib/jvm/java-6-openjdk-amd64/jre/bin/java
00609000-0060a000 rw-p 00009000 08:03 1971074                            /usr/lib/jvm/java-6-openjdk-amd64/jre/bin/java
00cb1000-00cd2000 rw-p 00000000 00:00 0                                  [heap]
759400000-75a8c0000 rw-p 00000000 00:00 0 
75a8c0000-763a00000 rw-p 00000000 00:00 0 
763a00000-76a240000 rw-p 00000000 00:00 0 
76a240000-7cbe00000 rw-p 00000000 00:00 0 
7cbe00000-7cf210000 rw-p 00000000 00:00 0 
7cf210000-800000000 rw-p 00000000 00:00 0 
7f74b4000000-7f74b4021000 rw-p 00000000 00:00 0 
7f74b4021000-7f74b8000000 ---p 00000000 00:00 0 
7f74bc000000-7f74bc021000 rw-p 00000000 00:00 0 
7f74bc021000-7f74c0000000 ---p 00000000 00:00 0 
7f74c1000000-7f74c1270000 rwxp 00000000 00:00 0 
7f74c1270000-7f74c4086000 rw-p 00000000 00:00 0 
7f74c4086000-7f74c8000000 ---p 00000000 00:00 0 
7f74c974f000-7f74c9782000 rw-p 00000000 00:00 0 
7f74c9782000-7f74c9916000 r--s 03822000 08:03 1971068                    /usr/lib/jvm/java-6-openjdk-amd64/jre/lib/rt.jar
7f74c9916000-7f74c993e000 rw-p 00000000 00:00 0 
7f74c993e000-7f74c993f000 ---p 00000000 00:00 0 
7f74c993f000-7f74c9a3f000 rw-p 00000000 00:00 0 
7f74c9a3f000-7f74c9a40000 ---p 00000000 00:00 0 
7f74c9a40000-7f74c9b4b000 rw-p 00000000 00:00 0 
7f74c9b4b000-7f74c9b93000 rw-p 00000000 00:00 0 
7f74c9b93000-7f74c9bc8000 rw-p 00000000 00:00 0 
7f74c9bc8000-7f74c9ed5000 rw-p 00000000 00:00 0 
7f74c9ed5000-7f74c9ee0000 rw-p 00000000 00:00 0 
7f74c9ee0000-7f74c9f28000 rw-p 00000000 00:00 0 
7f74c9f28000-7f74c9f5d000 rw-p 00000000 00:00 0 
7f74c9f5d000-7f74ca26a000 rw-p 00000000 00:00 0 
7f74ca26a000-7f74ca285000 rw-p 00000000 00:00 0 
7f74ca285000-7f74ca40b000 rw-p 00000000 00:00 0 
7f74ca40b000-7f74ca40c000 rw-p 00000000 00:00 0 
7f74ca40c000-7f74ca413000 r-xp 00000000 08:03 1966625                    /usr/lib/jvm/java-6-openjdk-amd64/jre/lib/amd64/libzip.so
7f74ca413000-7f74ca612000 ---p 00007000 08:03 1966625                    /usr/lib/jvm/java-6-openjdk-amd64/jre/lib/amd64/libzip.so
7f74ca612000-7f74ca613000 r--p 00006000 08:03 1966625                    /usr/lib/jvm/java-6-openjdk-amd64/jre/lib/amd64/libzip.so
7f74ca613000-7f74ca614000 rw-p 00007000 08:03 1966625                    /usr/lib/jvm/java-6-openjdk-amd64/jre/lib/amd64/libzip.so
7f74ca614000-7f74ca620000 r-xp 00000000 08:03 3044450                    /lib/x86_64-linux-gnu/libnss_files-2.15.so
7f74ca620000-7f74ca81f000 ---p 0000c000 08:03 3044450                    /lib/x86_64-linux-gnu/libnss_files-2.15.so
7f74ca81f000-7f74ca820000 r--p 0000b000 08:03 3044450                    /lib/x86_64-linux-gnu/libnss_files-2.15.so
7f74ca820000-7f74ca821000 rw-p 0000c000 08:03 3044450                    /lib/x86_64-linux-gnu/libnss_files-2.15.so
7f74ca821000-7f74ca82b000 r-xp 00000000 08:03 3044454                    /lib/x86_64-linux-gnu/libnss_nis-2.15.so
7f74ca82b000-7f74caa2b000 ---p 0000a000 08:03 3044454                    /lib/x86_64-linux-gnu/libnss_nis-2.15.so
7f74caa2b000-7f74caa2c000 r--p 0000a000 08:03 3044454                    /lib/x86_64-linux-gnu/libnss_nis-2.15.so
7f74caa2c000-7f74caa2d000 rw-p 0000b000 08:03 3044454                    /lib/x86_64-linux-gnu/libnss_nis-2.15.so
7f74caa2d000-7f74caa44000 r-xp 00000000 08:03 3044470                    /lib/x86_64-linux-gnu/libnsl-2.15.so
7f74caa44000-7f74cac43000 ---p 00017000 08:03 3044470                    /lib/x86_64-linux-gnu/libnsl-2.15.so
7f74cac43000-7f74cac44000 r--p 00016000 08:03 3044470                    /lib/x86_64-linux-gnu/libnsl-2.15.so
7f74cac44000-7f74cac45000 rw-p 00017000 08:03 3044470                    /lib/x86_64-linux-gnu/libnsl-2.15.so
7f74cac45000-7f74cac47000 rw-p 00000000 00:00 0 
7f74cac47000-7f74cac4f000 r-xp 00000000 08:03 3044448                    /lib/x86_64-linux-gnu/libnss_compat-2.15.so
7f74cac4f000-7f74cae4e000 ---p 00008000 08:03 3044448                    /lib/x86_64-linux-gnu/libnss_compat-2.15.so
7f74cae4e000-7f74cae4f000 r--p 00007000 08:03 3044448                    /lib/x86_64-linux-gnu/libnss_compat-2.15.so
7f74cae4f000-7f74cae50000 rw-p 00008000 08:03 3044448                    /lib/x86_64-linux-gnu/libnss_compat-2.15.so
7f74cae50000-7f74cae7c000 r-xp 00000000 08:03 1966620                    /usr/lib/jvm/java-6-openjdk-amd64/jre/lib/amd64/libjava.so
7f74cae7c000-7f74cb07b000 ---p 0002c000 08:03 1966620                    /usr/lib/jvm/java-6-openjdk-amd64/jre/lib/amd64/libjava.so
7f74cb07b000-7f74cb07c000 r--p 0002b000 08:03 1966620                    /usr/lib/jvm/java-6-openjdk-amd64/jre/lib/amd64/libjava.so
7f74cb07c000-7f74cb07f000 rw-p 0002c000 08:03 1966620                    /usr/lib/jvm/java-6-openjdk-amd64/jre/lib/amd64/libjava.so
7f74cb07f000-7f74cb08d000 r-xp 00000000 08:03 1966637                    /usr/lib/jvm/java-6-openjdk-amd64/jre/lib/amd64/libverify.so
7f74cb08d000-7f74cb28c000 ---p 0000e000 08:03 1966637                    /usr/lib/jvm/java-6-openjdk-amd64/jre/lib/amd64/libverify.so
7f74cb28c000-7f74cb28e000 r--p 0000d000 08:03 1966637                    /usr/lib/jvm/java-6-openjdk-amd64/jre/lib/amd64/libverify.so
7f74cb28e000-7f74cb28f000 rw-p 0000f000 08:03 1966637                    /usr/lib/jvm/java-6-openjdk-amd64/jre/lib/amd64/libverify.so
7f74cb28f000-7f74cb296000 r-xp 00000000 08:03 3044453                    /lib/x86_64-linux-gnu/librt-2.15.so
7f74cb296000-7f74cb495000 ---p 00007000 08:03 3044453                    /lib/x86_64-linux-gnu/librt-2.15.so
7f74cb495000-7f74cb496000 r--p 00006000 08:03 3044453                    /lib/x86_64-linux-gnu/librt-2.15.so
7f74cb496000-7f74cb497000 rw-p 00007000 08:03 3044453                    /lib/x86_64-linux-gnu/librt-2.15.so
7f74cb497000-7f74cb4ac000 r-xp 00000000 08:03 3018368                    /lib/x86_64-linux-gnu/libgcc_s.so.1
7f74cb4ac000-7f74cb6ab000 ---p 00015000 08:03 3018368                    /lib/x86_64-linux-gnu/libgcc_s.so.1
7f74cb6ab000-7f74cb6ac000 r--p 00014000 08:03 3018368                    /lib/x86_64-linux-gnu/libgcc_s.so.1
7f74cb6ac000-7f74cb6ad000 rw-p 00015000 08:03 3018368                    /lib/x86_64-linux-gnu/libgcc_s.so.1
7f74cb6ad000-7f74cb7a8000 r-xp 00000000 08:03 3044459                    /lib/x86_64-linux-gnu/libm-2.15.so
7f74cb7a8000-7f74cb9a7000 ---p 000fb000 08:03 3044459                    /lib/x86_64-linux-gnu/libm-2.15.so
7f74cb9a7000-7f74cb9a8000 r--p 000fa000 08:03 3044459                    /lib/x86_64-linux-gnu/libm-2.15.so
7f74cb9a8000-7f74cb9a9000 rw-p 000fb000 08:03 3044459                    /lib/x86_64-linux-gnu/libm-2.15.so
7f74cb9a9000-7f74cba8b000 r-xp 00000000 08:03 6168267                    /usr/lib/x86_64-linux-gnu/libstdc++.so.6.0.16
7f74cba8b000-7f74cbc8a000 ---p 000e2000 08:03 6168267                    /usr/lib/x86_64-linux-gnu/libstdc++.so.6.0.16
7f74cbc8a000-7f74cbc92000 r--p 000e1000 08:03 6168267                    /usr/lib/x86_64-linux-gnu/libstdc++.so.6.0.16
7f74cbc92000-7f74cbc94000 rw-p 000e9000 08:03 6168267                    /usr/lib/x86_64-linux-gnu/libstdc++.so.6.0.16
7f74cbc94000-7f74cbca9000 rw-p 00000000 00:00 0 
7f74cbca9000-7f74cc5a9000 r-xp 00000000 08:03 1966652                    /usr/lib/jvm/java-6-openjdk-amd64/jre/lib/amd64/server/libjvm.so
7f74cc5a9000-7f74cc7a9000 ---p 00900000 08:03 1966652                    /usr/lib/jvm/java-6-openjdk-amd64/jre/lib/amd64/server/libjvm.so
7f74cc7a9000-7f74cc82a000 r--p 00900000 08:03 1966652                    /usr/lib/jvm/java-6-openjdk-amd64/jre/lib/amd64/server/libjvm.so
7f74cc82a000-7f74cc845000 rw-p 00981000 08:03 1966652                    /usr/lib/jvm/java-6-openjdk-amd64/jre/lib/amd64/server/libjvm.so
7f74cc845000-7f74cc86e000 rw-p 00000000 00:00 0 
7f74cc86e000-7f74cc884000 r-xp 00000000 08:03 3018458                    /lib/x86_64-linux-gnu/libz.so.1.2.3.4
7f74cc884000-7f74cca83000 ---p 00016000 08:03 3018458                    /lib/x86_64-linux-gnu/libz.so.1.2.3.4
7f74cca83000-7f74cca84000 r--p 00015000 08:03 3018458                    /lib/x86_64-linux-gnu/libz.so.1.2.3.4
7f74cca84000-7f74cca85000 rw-p 00016000 08:03 3018458                    /lib/x86_64-linux-gnu/libz.so.1.2.3.4
7f74cca85000-7f74ccc3a000 r-xp 00000000 08:03 3044446                    /lib/x86_64-linux-gnu/libc-2.15.so
7f74ccc3a000-7f74cce3a000 ---p 001b5000 08:03 3044446                    /lib/x86_64-linux-gnu/libc-2.15.so
7f74cce3a000-7f74cce3e000 r--p 001b5000 08:03 3044446                    /lib/x86_64-linux-gnu/libc-2.15.so
7f74cce3e000-7f74cce40000 rw-p 001b9000 08:03 3044446                    /lib/x86_64-linux-gnu/libc-2.15.so
7f74cce40000-7f74cce45000 rw-p 00000000 00:00 0 
7f74cce45000-7f74cce47000 r-xp 00000000 08:03 3044463                    /lib/x86_64-linux-gnu/libdl-2.15.so
7f74cce47000-7f74cd047000 ---p 00002000 08:03 3044463                    /lib/x86_64-linux-gnu/libdl-2.15.so
7f74cd047000-7f74cd048000 r--p 00002000 08:03 3044463                    /lib/x86_64-linux-gnu/libdl-2.15.so
7f74cd048000-7f74cd049000 rw-p 00003000 08:03 3044463                    /lib/x86_64-linux-gnu/libdl-2.15.so
7f74cd049000-7f74cd04d000 r-xp 00000000 08:03 1966795                    /usr/lib/jvm/java-6-openjdk-amd64/jre/lib/amd64/jli/libjli.so
7f74cd04d000-7f74cd24c000 ---p 00004000 08:03 1966795                    /usr/lib/jvm/java-6-openjdk-amd64/jre/lib/amd64/jli/libjli.so
7f74cd24c000-7f74cd24d000 r--p 00003000 08:03 1966795                    /usr/lib/jvm/java-6-openjdk-amd64/jre/lib/amd64/jli/libjli.so
7f74cd24d000-7f74cd24e000 rw-p 00004000 08:03 1966795                    /usr/lib/jvm/java-6-openjdk-amd64/jre/lib/amd64/jli/libjli.so
7f74cd24e000-7f74cd266000 r-xp 00000000 08:03 3044455                    /lib/x86_64-linux-gnu/libpthread-2.15.so
7f74cd266000-7f74cd465000 ---p 00018000 08:03 3044455                    /lib/x86_64-linux-gnu/libpthread-2.15.so
7f74cd465000-7f74cd466000 r--p 00017000 08:03 3044455                    /lib/x86_64-linux-gnu/libpthread-2.15.so
7f74cd466000-7f74cd467000 rw-p 00018000 08:03 3044455                    /lib/x86_64-linux-gnu/libpthread-2.15.so
7f74cd467000-7f74cd46b000 rw-p 00000000 00:00 0 
7f74cd46b000-7f74cd48d000 r-xp 00000000 08:03 3044460                    /lib/x86_64-linux-gnu/ld-2.15.so
7f74cd4a4000-7f74cd4ae000 rw-p 00000000 00:00 0 
7f74cd4ae000-7f74cd564000 rw-p 00000000 00:00 0 
7f74cd564000-7f74cd567000 ---p 00000000 00:00 0 
7f74cd567000-7f74cd66a000 rw-p 00000000 00:00 0 
7f74cd681000-7f74cd689000 rw-s 00000000 08:03 2638055                    /tmp/hsperfdata_oleg/32449
7f74cd689000-7f74cd68a000 rw-p 00000000 00:00 0 
7f74cd68a000-7f74cd68b000 r--p 00000000 00:00 0 
7f74cd68b000-7f74cd68d000 rw-p 00000000 00:00 0 
7f74cd68d000-7f74cd68e000 r--p 00022000 08:03 3044460                    /lib/x86_64-linux-gnu/ld-2.15.so
7f74cd68e000-7f74cd690000 rw-p 00023000 08:03 3044460                    /lib/x86_64-linux-gnu/ld-2.15.so
7fff88820000-7fff88841000 rw-p 00000000 00:00 0                          [stack]
7fff889ca000-7fff889cb000 r-xp 00000000 00:00 0                          [vdso]
ffffffffff600000-ffffffffff601000 r-xp 00000000 00:00 0                  [vsyscall]

VM Arguments:
jvm_args: -Dant.home=/usr/share/ant -Dant.library.dir=/usr/share/ant/lib 
java_command: org.apache.tools.ant.launch.Launcher -cp  -version
Launcher Type: SUN_STANDARD

Environment Variables:
PATH=/home/oleg/.rvm/gems/ruby-1.9.3-p327/bin:/home/oleg/.rvm/gems/ruby-1.9.3-p327@global/bin:/home/oleg/.rvm/rubies/ruby-1.9.3-p327/bin:/home/oleg/.rvm/bin:/usr/lib/lightdm/lightdm:/usr/local/sbin:/usr/local/bin:/usr/sbin:/usr/bin:/sbin:/bin:/usr/games:/home/oleg/sdk/platform-tools:/home/oleg/sdk/tools
LD_LIBRARY_PATH=/usr/lib/jvm/java-6-openjdk-amd64/jre/lib/amd64/server:/usr/lib/jvm/java-6-openjdk-amd64/jre/lib/amd64:/usr/lib/jvm/java-6-openjdk-amd64/jre/../lib/amd64
SHELL=/bin/bash
DISPLAY=:0.0

Signal Handlers:
SIGSEGV: [libjvm.so+0x7837c0], sa_mask[0]=0x7ffbfeff, sa_flags=0x10000004
SIGBUS: [libjvm.so+0x7837c0], sa_mask[0]=0x7ffbfeff, sa_flags=0x10000004
SIGFPE: [libjvm.so+0x647740], sa_mask[0]=0x7ffbfeff, sa_flags=0x10000004
SIGPIPE: [libjvm.so+0x647740], sa_mask[0]=0x7ffbfeff, sa_flags=0x10000004
SIGXFSZ: [libjvm.so+0x647740], sa_mask[0]=0x7ffbfeff, sa_flags=0x10000004
SIGILL: [libjvm.so+0x647740], sa_mask[0]=0x7ffbfeff, sa_flags=0x10000004
SIGUSR1: SIG_DFL, sa_mask[0]=0x00000000, sa_flags=0x00000000
SIGUSR2: [libjvm.so+0x647920], sa_mask[0]=0x00000000, sa_flags=0x10000004
SIGHUP: SIG_DFL, sa_mask[0]=0x00000000, sa_flags=0x00000000
SIGINT: SIG_DFL, sa_mask[0]=0x00000000, sa_flags=0x00000000
SIGTERM: SIG_DFL, sa_mask[0]=0x00000000, sa_flags=0x00000000
SIGQUIT: SIG_DFL, sa_mask[0]=0x00000000, sa_flags=0x00000000


---------------  S Y S T E M  ---------------

OS:Ubuntu 12.04 (precise)
uname:Linux 3.2.0-58-generic #88-Ubuntu SMP Tue Dec 3 17:37:58 UTC 2013 x86_64
libc:glibc 2.15 NPTL 2.15 
rlimit: STACK 8192k, CORE 0k, NPROC 79359, NOFILE 4096, AS infinity
load average:2.57 2.25 2.22

/proc/meminfo:
MemTotal:       10241552 kB
MemFree:          576608 kB
Buffers:          369360 kB
Cached:          3866756 kB
SwapCached:          236 kB
Active:          6066104 kB
Inactive:        2516092 kB
Active(anon):    3915836 kB
Inactive(anon):   494584 kB
Active(file):    2150268 kB
Inactive(file):  2021508 kB
Unevictable:          48 kB
Mlocked:              48 kB
SwapTotal:       6894588 kB
SwapFree:        6893572 kB
Dirty:              3108 kB
Writeback:             0 kB
AnonPages:       4345856 kB
Mapped:           653472 kB
Shmem:             64388 kB
Slab:             419760 kB
SReclaimable:     374908 kB
SUnreclaim:        44852 kB
KernelStack:        6512 kB
PageTables:        84972 kB
NFS_Unstable:          0 kB
Bounce:                0 kB
WritebackTmp:          0 kB
CommitLimit:    12015364 kB
Committed_AS:   11334856 kB
VmallocTotal:   34359738367 kB
VmallocUsed:      330352 kB
VmallocChunk:   34359405908 kB
HardwareCorrupted:     0 kB
AnonHugePages:         0 kB
HugePages_Total:       0
HugePages_Free:        0
HugePages_Rsvd:        0
HugePages_Surp:        0
Hugepagesize:       2048 kB
DirectMap4k:      248384 kB
DirectMap2M:     9187328 kB
DirectMap1G:     1048576 kB


CPU:total 2 (2 cores per cpu, 1 threads per core) family 16 model 6 stepping 3, cmov, cx8, fxsr, mmx, sse, sse2, sse3, popcnt, mmxext, 3dnowpref, lzcnt, sse4a

Memory: 4k page, physical 10241552k(576608k free), swap 6894588k(6893572k free)

vm_info: OpenJDK 64-Bit Server VM (20.0-b12) for linux-amd64 JRE (1.6.0_27-b27), built on Nov 16 2013 15:13:05 by "buildd" with gcc 4.6.3

time: Mon Apr 21 17:34:30 2014
elapsed time: 0 seconds

