#
# A fatal error has been detected by the Java Runtime Environment:
#
#  SIGSEGV (0xb) at pc=0x00007fe7669c0172, pid=7319, tid=140631187912448
#
# JRE version: 6.0_27-b27
# Java VM: OpenJDK 64-Bit Server VM (20.0-b12 mixed mode linux-amd64 compressed oops)
# Derivative: IcedTea6 1.12.6
# Distribution: Ubuntu 12.04 LTS, package 6b27-1.12.6-1ubuntu0.12.04.4
# Problematic frame:
# V  [libjvm.so+0x46b172]  PhaseIFG::add_edge(unsigned int, unsigned int)+0x52
#
# If you would like to submit a bug report, please include
# instructions how to reproduce the bug and visit:
#   https://bugs.launchpad.net/ubuntu/+source/openjdk-6/
#

---------------  T H R E A D  ---------------

Current thread (0x00007fe760099800):  JavaThread "C2 CompilerThread1" daemon [_thread_in_native, id=7330, stack(0x00007fe73feff000,0x00007fe740000000)]

siginfo:si_signo=SIGSEGV: si_errno=0, si_code=128 (), si_addr=0x0000000000000000

Registers:
RAX=0x00a67fe7670fa1c0, RBX=0x00007fe73951d800, RCX=0x0000000000000018, RDX=0x0000000000000000
RSP=0x00007fe73fffba20, RBP=0x00007fe73fffba40, RSI=0x0000000001000000, RDI=0x00007fe73fffbe40
R8 =0x0000000000000000, R9 =0x0000000000000004, R10=0x00007fe7384e38c0, R11=0x00007fe738d339f0
R12=0x00007fe73fffd430, R13=0x000000000000049c, R14=0x000000000000049c, R15=0x00007fe738d4cf90
RIP=0x00007fe7669c0172, EFLAGS=0x0000000000010216, CSGSFS=0x0000000000000033, ERR=0x0000000000000000
  TRAPNO=0x000000000000000d

Top of Stack: (sp=0x00007fe73fffba20)
0x00007fe73fffba20:   00007fe73fffba50 00007fe738d4cfc8
0x00007fe73fffba30:   00007fe73fffd430 00007fe738d4cfc8
0x00007fe73fffba40:   00007fe73fffbab0 00007fe7669c0b44
0x00007fe73fffba50:   0000021d00000000 00007fe700000001
0x00007fe73fffba60:   00007fe7384e3900 00007fe700000003
0x00007fe73fffba70:   00007fe73fffbb40 00007fe700000006
0x00007fe73fffba80:   00007fe73fffbb30 00007fe766745d64
0x00007fe73fffba90:   00007fe73fffbab0 00007fe738b286c0
0x00007fe73fffbaa0:   00007fe73fffd430 00007fe744b7bb40
0x00007fe73fffbab0:   00007fe73fffbce0 00007fe7669c1a3d
0x00007fe73fffbac0:   0000000000000001 0000000000000002
0x00007fe73fffbad0:   00007fe700000001 00000000000195a0
0x00007fe73fffbae0:   000000000000049c 00000000384e5dc0
0x00007fe73fffbaf0:   00000010000000f3 000000020000000e
0x00007fe73fffbb00:   406045f134000000 000000000000000f
0x00007fe73fffbb10:   00007fe744b7bb40 0000000200000000
0x00007fe73fffbb20:   0000000000000000 0000000000000000
0x00007fe73fffbb30:   00007fe700000008 00007fe73fffbb40
0x00007fe73fffbb40:   00007fe7384e3920 00007fe7670fa1c0
0x00007fe73fffbb50:   00007fe7384e3900 00007fe7384e38e0
0x00007fe73fffbb60:   00007fe7384e38c0 00007fe7670fa1c0
0x00007fe73fffbb70:   0000000000001000 0000000000020000
0x00007fe73fffbb80:   00007fe7384e3e50 00007fe73869b5a0
0x00007fe73fffbb90:   00007fe73fffbbe0 00007fe766ca1d56
0x00007fe73fffbba0:   00007fe7670fa1c0 00007fe766ca1dd7
0x00007fe73fffbbb0:   00007fe73fffbbe0 00007fe766789c83
0x00007fe73fffbbc0:   00007fe700000006 00007fe700000001
0x00007fe73fffbbd0:   000004a100000000 00007fe700000008
0x00007fe73fffbbe0:   00007fe7384e38c0 00007fe700000006
0x00007fe73fffbbf0:   00007fe73fffbb40 00007fe700000006
0x00007fe73fffbc00:   00007fe73fffbb30 00007fe766789d14
0x00007fe73fffbc10:   000004a100000000 0000000000000008 

Instructions: (pc=0x00007fe7669c0172)
0x00007fe7669c0152:   08 48 8b 04 c8 48 3b 05 ca e2 70 00 74 38 89 d1
0x00007fe7669c0162:   c1 ea 05 be 01 00 00 00 83 e1 1f 83 e2 07 d3 e6
0x00007fe7669c0172:   8b 0c 90 89 cf 09 f7 85 f1 89 3c 90 0f 95 c0 74
0x00007fe7669c0182:   0d 83 f0 01 0f b6 c0 48 83 c4 18 5b 5d c3 83 03 

Register to memory mapping:

RAX=0x00a67fe7670fa1c0 is an unknown value
RBX=0x00007fe73951d800 is an unknown value
RCX=0x0000000000000018 is an unknown value
RDX=0x0000000000000000 is an unknown value
RSP=0x00007fe73fffba20 is pointing into the stack for thread: 0x00007fe760099800
RBP=0x00007fe73fffba40 is pointing into the stack for thread: 0x00007fe760099800
RSI=0x0000000001000000 is an unknown value
RDI=0x00007fe73fffbe40 is pointing into the stack for thread: 0x00007fe760099800
R8 =0x0000000000000000 is an unknown value
R9 =0x0000000000000004 is an unknown value
R10=0x00007fe7384e38c0 is an unknown value
R11=0x00007fe738d339f0 is an unknown value
R12=0x00007fe73fffd430 is pointing into the stack for thread: 0x00007fe760099800
R13=0x000000000000049c is an unknown value
R14=0x000000000000049c is an unknown value
R15=0x00007fe738d4cf90 is an unknown value


Stack: [0x00007fe73feff000,0x00007fe740000000],  sp=0x00007fe73fffba20,  free space=1010k
Native frames: (J=compiled Java code, j=interpreted, Vv=VM code, C=native code)
V  [libjvm.so+0x46b172]  PhaseIFG::add_edge(unsigned int, unsigned int)+0x52
V  [libjvm.so+0x46bb44]  PhaseChaitin::interfere_with_live(unsigned int, IndexSet*)+0xf4
V  [libjvm.so+0x46ca3d]  PhaseChaitin::build_ifg_physical(ResourceArea*)+0x80d
V  [libjvm.so+0x31bb37]  PhaseChaitin::Register_Allocate()+0x457
V  [libjvm.so+0x379abf]  Compile::Code_Gen() [clone .part.263]+0x29f
V  [libjvm.so+0x37bd8a]  Compile::Compile(ciEnv*, C2Compiler*, ciMethod*, int, bool, bool)+0xb2a
V  [libjvm.so+0x3055a0]  C2Compiler::compile_method(ciEnv*, ciMethod*, int)+0xe0
V  [libjvm.so+0x3803f3]  CompileBroker::invoke_compiler_on_method(CompileTask*)+0x2a3
V  [libjvm.so+0x380d3b]  CompileBroker::compiler_thread_loop()+0x45b
V  [libjvm.so+0x74b368]  JavaThread::thread_main_inner()+0x58
V  [libjvm.so+0x64ac92]  java_start(Thread*)+0x112


Current CompileTask:
C2:   8094 213      com.sun.tools.javac.file.ZipFileIndex$ZipDirectory.buildIndex()V (204 bytes)


---------------  P R O C E S S  ---------------

Java Threads: ( => current thread )
  0x00007fe76009c000 JavaThread "Low Memory Detector" daemon [_thread_blocked, id=7331, stack(0x00007fe73fdfe000,0x00007fe73feff000)]
=>0x00007fe760099800 JavaThread "C2 CompilerThread1" daemon [_thread_in_native, id=7330, stack(0x00007fe73feff000,0x00007fe740000000)]
  0x00007fe760096800 JavaThread "C2 CompilerThread0" daemon [_thread_in_native, id=7329, stack(0x00007fe75c0de000,0x00007fe75c1df000)]
  0x00007fe760095800 JavaThread "Signal Dispatcher" daemon [_thread_blocked, id=7328, stack(0x00007fe75c1df000,0x00007fe75c2e0000)]
  0x00007fe760074800 JavaThread "Finalizer" daemon [_thread_blocked, id=7327, stack(0x00007fe75c9c7000,0x00007fe75cac8000)]
  0x00007fe760072800 JavaThread "Reference Handler" daemon [_thread_blocked, id=7326, stack(0x00007fe75cac8000,0x00007fe75cbc9000)]
  0x00007fe760008000 JavaThread "main" [_thread_in_vm, id=7322, stack(0x00007fe767e10000,0x00007fe767f11000)]

Other Threads:
  0x00007fe76006d800 VMThread [stack: 0x00007fe75cbc9000,0x00007fe75ccca000] [id=7325]
  0x00007fe76009e800 WatcherThread [stack: 0x00007fe73fcfd000,0x00007fe73fdfe000] [id=7332]

VM state:not at safepoint (normal execution)

VM Mutex/Monitor currently owned by a thread: None

Heap
 PSYoungGen      total 86656K, used 8177K [0x00000007cbe00000, 0x00000007d1920000, 0x0000000800000000)
  eden space 80000K, 1% used [0x00000007cbe00000,0x00000007cbf7f4b0,0x00000007d0c20000)
  from space 6656K, 99% used [0x00000007d12a0000,0x00000007d191d2f8,0x00000007d1920000)
  to   space 6656K, 0% used [0x00000007d0c20000,0x00000007d0c20000,0x00000007d12a0000)
 PSOldGen        total 106752K, used 6543K [0x0000000763a00000, 0x000000076a240000, 0x00000007cbe00000)
  object space 106752K, 6% used [0x0000000763a00000,0x0000000764063db8,0x000000076a240000)
 PSPermGen       total 21248K, used 17509K [0x0000000759400000, 0x000000075a8c0000, 0x0000000763a00000)
  object space 21248K, 82% used [0x0000000759400000,0x000000075a5194f8,0x000000075a8c0000)

Code Cache  [0x00007fe75d000000, 0x00007fe75d270000, 0x00007fe760000000)
 total_blobs=473 nmethods=216 adapters=211 free_code_cache=49214144 largest_free_block=39488

Dynamic libraries:
00400000-00409000 r-xp 00000000 08:03 1971074                            /usr/lib/jvm/java-6-openjdk-amd64/jre/bin/java
00608000-00609000 r--p 00008000 08:03 1971074                            /usr/lib/jvm/java-6-openjdk-amd64/jre/bin/java
00609000-0060a000 rw-p 00009000 08:03 1971074                            /usr/lib/jvm/java-6-openjdk-amd64/jre/bin/java
01d9f000-01dc0000 rw-p 00000000 00:00 0                                  [heap]
759400000-75a8c0000 rw-p 00000000 00:00 0 
75a8c0000-763a00000 rw-p 00000000 00:00 0 
763a00000-76a240000 rw-p 00000000 00:00 0 
76a240000-7cbe00000 rw-p 00000000 00:00 0 
7cbe00000-7d1920000 rw-p 00000000 00:00 0 
7d1920000-800000000 rw-p 00000000 00:00 0 
7fe720000000-7fe720021000 rw-p 00000000 00:00 0 
7fe720021000-7fe724000000 ---p 00000000 00:00 0 
7fe728000000-7fe728021000 rw-p 00000000 00:00 0 
7fe728021000-7fe72c000000 ---p 00000000 00:00 0 
7fe72c000000-7fe72c021000 rw-p 00000000 00:00 0 
7fe72c021000-7fe730000000 ---p 00000000 00:00 0 
7fe730000000-7fe730021000 rw-p 00000000 00:00 0 
7fe730021000-7fe734000000 ---p 00000000 00:00 0 
7fe734000000-7fe734021000 rw-p 00000000 00:00 0 
7fe734021000-7fe738000000 ---p 00000000 00:00 0 
7fe738000000-7fe73a3e8000 rw-p 00000000 00:00 0 
7fe73a3e8000-7fe73c000000 ---p 00000000 00:00 0 
7fe73f9fa000-7fe73f9fd000 ---p 00000000 00:00 0 
7fe73f9fd000-7fe73fafb000 rw-p 00000000 00:00 0 
7fe73fafb000-7fe73fafe000 ---p 00000000 00:00 0 
7fe73fafe000-7fe73fbfc000 rw-p 00000000 00:00 0 
7fe73fbfc000-7fe73fbff000 ---p 00000000 00:00 0 
7fe73fbff000-7fe73fcfd000 rw-p 00000000 00:00 0 
7fe73fcfd000-7fe73fcfe000 ---p 00000000 00:00 0 
7fe73fcfe000-7fe73fdfe000 rw-p 00000000 00:00 0 
7fe73fdfe000-7fe73fe01000 ---p 00000000 00:00 0 
7fe73fe01000-7fe73feff000 rw-p 00000000 00:00 0 
7fe73feff000-7fe73ff02000 ---p 00000000 00:00 0 
7fe73ff02000-7fe740000000 rw-p 00000000 00:00 0 
7fe740000000-7fe740021000 rw-p 00000000 00:00 0 
7fe740021000-7fe744000000 ---p 00000000 00:00 0 
7fe744000000-7fe745ac2000 rw-p 00000000 00:00 0 
7fe745ac2000-7fe748000000 ---p 00000000 00:00 0 
7fe748000000-7fe748021000 rw-p 00000000 00:00 0 
7fe748021000-7fe74c000000 ---p 00000000 00:00 0 
7fe74c000000-7fe74c021000 rw-p 00000000 00:00 0 
7fe74c021000-7fe750000000 ---p 00000000 00:00 0 
7fe750000000-7fe750021000 rw-p 00000000 00:00 0 
7fe750021000-7fe754000000 ---p 00000000 00:00 0 
7fe754000000-7fe754021000 rw-p 00000000 00:00 0 
7fe754021000-7fe758000000 ---p 00000000 00:00 0 
7fe758000000-7fe758021000 rw-p 00000000 00:00 0 
7fe758021000-7fe75c000000 ---p 00000000 00:00 0 
7fe75c003000-7fe75c005000 r--s 00008000 08:03 4341306                    /home/oleg/sdk/tools/lib/emma_ant.jar
7fe75c005000-7fe75c00d000 r--s 00061000 08:03 4341305                    /home/oleg/sdk/tools/lib/emma.jar
7fe75c00d000-7fe75c00f000 r--s 0000d000 08:03 4341321                    /home/oleg/sdk/tools/lib/commons-codec-1.4.jar
7fe75c00f000-7fe75c011000 r--s 0000d000 08:03 4341280                    /home/oleg/sdk/tools/lib/commons-logging-1.1.1.jar
7fe75c011000-7fe75c016000 r--s 00028000 08:03 4341340                    /home/oleg/sdk/tools/lib/httpcore-4.1.jar
7fe75c016000-7fe75c018000 r--s 00005000 08:03 4341325                    /home/oleg/sdk/tools/lib/httpmime-4.1.jar
7fe75c018000-7fe75c020000 r--s 0004e000 08:03 4341299                    /home/oleg/sdk/tools/lib/httpclient-4.1.1.jar
7fe75c020000-7fe75c024000 r--s 00020000 08:03 4343070                    /home/oleg/sdk/tools/lib/commons-compress-1.0.jar
7fe75c024000-7fe75c025000 r--s 00002000 08:03 4343076                    /home/oleg/sdk/tools/lib/dvlib.jar
7fe75c025000-7fe75c026000 r--s 0000a000 08:03 4341279                    /home/oleg/sdk/tools/lib/kxml2-2.3.0.jar
7fe75c026000-7fe75c029000 r--s 0000e000 08:03 4341293                    /home/oleg/sdk/tools/lib/layoutlib-api.jar
7fe75c029000-7fe75c032000 r--s 0009d000 08:03 4341285                    /home/oleg/sdk/tools/lib/sdklib.jar
7fe75c032000-7fe75c05c000 r--s 001e9000 08:03 4341339                    /home/oleg/sdk/tools/lib/guava-15.0.jar
7fe75c05c000-7fe75c05e000 r--s 0000f000 08:03 4341323                    /home/oleg/sdk/tools/lib/common.jar
7fe75c05e000-7fe75c05f000 r--s 00008000 08:03 4341281                    /home/oleg/sdk/tools/lib/manifest-merger.jar
7fe75c05f000-7fe75c061000 r--s 00017000 08:03 4343072                    /home/oleg/sdk/tools/lib/ant-tasks.jar
7fe75c061000-7fe75c0c1000 r--s 00dc1000 08:03 1971635                    /usr/lib/jvm/java-6-openjdk-amd64/lib/tools.jar
7fe75c0c1000-7fe75c0de000 r--s 001bc000 08:03 3981                       /usr/share/java/ant-1.8.2.jar
7fe75c0de000-7fe75c0e1000 ---p 00000000 00:00 0 
7fe75c0e1000-7fe75c1df000 rw-p 00000000 00:00 0 
7fe75c1df000-7fe75c1e2000 ---p 00000000 00:00 0 
7fe75c1e2000-7fe75c2e0000 rw-p 00000000 00:00 0 
7fe75c2e0000-7fe75c9c7000 r--p 00000000 08:03 6167085                    /usr/lib/locale/locale-archive
7fe75c9c7000-7fe75c9ca000 ---p 00000000 00:00 0 
7fe75c9ca000-7fe75cac8000 rw-p 00000000 00:00 0 
7fe75cac8000-7fe75cacb000 ---p 00000000 00:00 0 
7fe75cacb000-7fe75cbc9000 rw-p 00000000 00:00 0 
7fe75cbc9000-7fe75cbca000 ---p 00000000 00:00 0 
7fe75cbca000-7fe75d000000 rw-p 00000000 00:00 0 
7fe75d000000-7fe75d270000 rwxp 00000000 00:00 0 
7fe75d270000-7fe760437000 rw-p 00000000 00:00 0 
7fe760437000-7fe764000000 ---p 00000000 00:00 0 
7fe764006000-7fe764008000 r--s 00001000 08:03 6055                       /usr/share/java/ant-jdepend-1.8.2.jar
7fe764008000-7fe764009000 r--s 00000000 08:03 4436                       /usr/share/java/ant-apache-regexp-1.8.2.jar
7fe764009000-7fe76400a000 r--s 00009000 08:03 6057                       /usr/share/java/ant-jsch-1.8.2.jar
7fe76400a000-7fe76400b000 r--s 00000000 08:03 4365                       /usr/share/java/ant-apache-bsf-1.8.2.jar
7fe76400b000-7fe76400c000 r--s 00001000 08:03 6059                       /usr/share/java/ant-swing-1.8.2.jar
7fe76400c000-7fe764015000 r--s 00031000 08:03 3887                       /usr/share/java/xml-apis-1.4.01.jar
7fe764015000-7fe76402e000 r--s 00144000 08:03 3918                       /usr/share/java/xercesImpl-2.11.0.jar
7fe76402e000-7fe7641c2000 r--s 03822000 08:03 1971068                    /usr/lib/jvm/java-6-openjdk-amd64/jre/lib/rt.jar
7fe7641c2000-7fe7641ea000 rw-p 00000000 00:00 0 
7fe7641ea000-7fe7641eb000 ---p 00000000 00:00 0 
7fe7641eb000-7fe7642eb000 rw-p 00000000 00:00 0 
7fe7642eb000-7fe7642ec000 ---p 00000000 00:00 0 
7fe7642ec000-7fe7643f7000 rw-p 00000000 00:00 0 
7fe7643f7000-7fe76443f000 rw-p 00000000 00:00 0 
7fe76443f000-7fe764474000 rw-p 00000000 00:00 0 
7fe764474000-7fe764781000 rw-p 00000000 00:00 0 
7fe764781000-7fe76478c000 rw-p 00000000 00:00 0 
7fe76478c000-7fe7647d4000 rw-p 00000000 00:00 0 
7fe7647d4000-7fe764809000 rw-p 00000000 00:00 0 
7fe764809000-7fe764b16000 rw-p 00000000 00:00 0 
7fe764b16000-7fe764b44000 rw-p 00000000 00:00 0 
7fe764b44000-7fe764cb7000 rw-p 00000000 00:00 0 
7fe764cb7000-7fe764cb8000 rw-p 00000000 00:00 0 
7fe764cb8000-7fe764cbf000 r-xp 00000000 08:03 1966625                    /usr/lib/jvm/java-6-openjdk-amd64/jre/lib/amd64/libzip.so
7fe764cbf000-7fe764ebe000 ---p 00007000 08:03 1966625                    /usr/lib/jvm/java-6-openjdk-amd64/jre/lib/amd64/libzip.so
7fe764ebe000-7fe764ebf000 r--p 00006000 08:03 1966625                    /usr/lib/jvm/java-6-openjdk-amd64/jre/lib/amd64/libzip.so
7fe764ebf000-7fe764ec0000 rw-p 00007000 08:03 1966625                    /usr/lib/jvm/java-6-openjdk-amd64/jre/lib/amd64/libzip.so
7fe764ec0000-7fe764ecc000 r-xp 00000000 08:03 3044450                    /lib/x86_64-linux-gnu/libnss_files-2.15.so
7fe764ecc000-7fe7650cb000 ---p 0000c000 08:03 3044450                    /lib/x86_64-linux-gnu/libnss_files-2.15.so
7fe7650cb000-7fe7650cc000 r--p 0000b000 08:03 3044450                    /lib/x86_64-linux-gnu/libnss_files-2.15.so
7fe7650cc000-7fe7650cd000 rw-p 0000c000 08:03 3044450                    /lib/x86_64-linux-gnu/libnss_files-2.15.so
7fe7650cd000-7fe7650d7000 r-xp 00000000 08:03 3044454                    /lib/x86_64-linux-gnu/libnss_nis-2.15.so
7fe7650d7000-7fe7652d7000 ---p 0000a000 08:03 3044454                    /lib/x86_64-linux-gnu/libnss_nis-2.15.so
7fe7652d7000-7fe7652d8000 r--p 0000a000 08:03 3044454                    /lib/x86_64-linux-gnu/libnss_nis-2.15.so
7fe7652d8000-7fe7652d9000 rw-p 0000b000 08:03 3044454                    /lib/x86_64-linux-gnu/libnss_nis-2.15.so
7fe7652d9000-7fe7652f0000 r-xp 00000000 08:03 3044470                    /lib/x86_64-linux-gnu/libnsl-2.15.so
7fe7652f0000-7fe7654ef000 ---p 00017000 08:03 3044470                    /lib/x86_64-linux-gnu/libnsl-2.15.so
7fe7654ef000-7fe7654f0000 r--p 00016000 08:03 3044470                    /lib/x86_64-linux-gnu/libnsl-2.15.so
7fe7654f0000-7fe7654f1000 rw-p 00017000 08:03 3044470                    /lib/x86_64-linux-gnu/libnsl-2.15.so
7fe7654f1000-7fe7654f3000 rw-p 00000000 00:00 0 
7fe7654f3000-7fe7654fb000 r-xp 00000000 08:03 3044448                    /lib/x86_64-linux-gnu/libnss_compat-2.15.so
7fe7654fb000-7fe7656fa000 ---p 00008000 08:03 3044448                    /lib/x86_64-linux-gnu/libnss_compat-2.15.so
7fe7656fa000-7fe7656fb000 r--p 00007000 08:03 3044448                    /lib/x86_64-linux-gnu/libnss_compat-2.15.so
7fe7656fb000-7fe7656fc000 rw-p 00008000 08:03 3044448                    /lib/x86_64-linux-gnu/libnss_compat-2.15.so
7fe7656fc000-7fe765728000 r-xp 00000000 08:03 1966620                    /usr/lib/jvm/java-6-openjdk-amd64/jre/lib/amd64/libjava.so
7fe765728000-7fe765927000 ---p 0002c000 08:03 1966620                    /usr/lib/jvm/java-6-openjdk-amd64/jre/lib/amd64/libjava.so
7fe765927000-7fe765928000 r--p 0002b000 08:03 1966620                    /usr/lib/jvm/java-6-openjdk-amd64/jre/lib/amd64/libjava.so
7fe765928000-7fe76592b000 rw-p 0002c000 08:03 1966620                    /usr/lib/jvm/java-6-openjdk-amd64/jre/lib/amd64/libjava.so
7fe76592b000-7fe765939000 r-xp 00000000 08:03 1966637                    /usr/lib/jvm/java-6-openjdk-amd64/jre/lib/amd64/libverify.so
7fe765939000-7fe765b38000 ---p 0000e000 08:03 1966637                    /usr/lib/jvm/java-6-openjdk-amd64/jre/lib/amd64/libverify.so
7fe765b38000-7fe765b3a000 r--p 0000d000 08:03 1966637                    /usr/lib/jvm/java-6-openjdk-amd64/jre/lib/amd64/libverify.so
7fe765b3a000-7fe765b3b000 rw-p 0000f000 08:03 1966637                    /usr/lib/jvm/java-6-openjdk-amd64/jre/lib/amd64/libverify.so
7fe765b3b000-7fe765b42000 r-xp 00000000 08:03 3044453                    /lib/x86_64-linux-gnu/librt-2.15.so
7fe765b42000-7fe765d41000 ---p 00007000 08:03 3044453                    /lib/x86_64-linux-gnu/librt-2.15.so
7fe765d41000-7fe765d42000 r--p 00006000 08:03 3044453                    /lib/x86_64-linux-gnu/librt-2.15.so
7fe765d42000-7fe765d43000 rw-p 00007000 08:03 3044453                    /lib/x86_64-linux-gnu/librt-2.15.so
7fe765d43000-7fe765d58000 r-xp 00000000 08:03 3018368                    /lib/x86_64-linux-gnu/libgcc_s.so.1
7fe765d58000-7fe765f57000 ---p 00015000 08:03 3018368                    /lib/x86_64-linux-gnu/libgcc_s.so.1
7fe765f57000-7fe765f58000 r--p 00014000 08:03 3018368                    /lib/x86_64-linux-gnu/libgcc_s.so.1
7fe765f58000-7fe765f59000 rw-p 00015000 08:03 3018368                    /lib/x86_64-linux-gnu/libgcc_s.so.1
7fe765f59000-7fe766054000 r-xp 00000000 08:03 3044459                    /lib/x86_64-linux-gnu/libm-2.15.so
7fe766054000-7fe766253000 ---p 000fb000 08:03 3044459                    /lib/x86_64-linux-gnu/libm-2.15.so
7fe766253000-7fe766254000 r--p 000fa000 08:03 3044459                    /lib/x86_64-linux-gnu/libm-2.15.so
7fe766254000-7fe766255000 rw-p 000fb000 08:03 3044459                    /lib/x86_64-linux-gnu/libm-2.15.so
7fe766255000-7fe766337000 r-xp 00000000 08:03 6168267                    /usr/lib/x86_64-linux-gnu/libstdc++.so.6.0.16
7fe766337000-7fe766536000 ---p 000e2000 08:03 6168267                    /usr/lib/x86_64-linux-gnu/libstdc++.so.6.0.16
7fe766536000-7fe76653e000 r--p 000e1000 08:03 6168267                    /usr/lib/x86_64-linux-gnu/libstdc++.so.6.0.16
7fe76653e000-7fe766540000 rw-p 000e9000 08:03 6168267                    /usr/lib/x86_64-linux-gnu/libstdc++.so.6.0.16
7fe766540000-7fe766555000 rw-p 00000000 00:00 0 
7fe766555000-7fe766e55000 r-xp 00000000 08:03 1966652                    /usr/lib/jvm/java-6-openjdk-amd64/jre/lib/amd64/server/libjvm.so
7fe766e55000-7fe767055000 ---p 00900000 08:03 1966652                    /usr/lib/jvm/java-6-openjdk-amd64/jre/lib/amd64/server/libjvm.so
7fe767055000-7fe7670d6000 r--p 00900000 08:03 1966652                    /usr/lib/jvm/java-6-openjdk-amd64/jre/lib/amd64/server/libjvm.so
7fe7670d6000-7fe7670f1000 rw-p 00981000 08:03 1966652                    /usr/lib/jvm/java-6-openjdk-amd64/jre/lib/amd64/server/libjvm.so
7fe7670f1000-7fe76711a000 rw-p 00000000 00:00 0 
7fe76711a000-7fe767130000 r-xp 00000000 08:03 3018458                    /lib/x86_64-linux-gnu/libz.so.1.2.3.4
7fe767130000-7fe76732f000 ---p 00016000 08:03 3018458                    /lib/x86_64-linux-gnu/libz.so.1.2.3.4
7fe76732f000-7fe767330000 r--p 00015000 08:03 3018458                    /lib/x86_64-linux-gnu/libz.so.1.2.3.4
7fe767330000-7fe767331000 rw-p 00016000 08:03 3018458                    /lib/x86_64-linux-gnu/libz.so.1.2.3.4
7fe767331000-7fe7674e6000 r-xp 00000000 08:03 3044446                    /lib/x86_64-linux-gnu/libc-2.15.so
7fe7674e6000-7fe7676e6000 ---p 001b5000 08:03 3044446                    /lib/x86_64-linux-gnu/libc-2.15.so
7fe7676e6000-7fe7676ea000 r--p 001b5000 08:03 3044446                    /lib/x86_64-linux-gnu/libc-2.15.so
7fe7676ea000-7fe7676ec000 rw-p 001b9000 08:03 3044446                    /lib/x86_64-linux-gnu/libc-2.15.so
7fe7676ec000-7fe7676f1000 rw-p 00000000 00:00 0 
7fe7676f1000-7fe7676f3000 r-xp 00000000 08:03 3044463                    /lib/x86_64-linux-gnu/libdl-2.15.so
7fe7676f3000-7fe7678f3000 ---p 00002000 08:03 3044463                    /lib/x86_64-linux-gnu/libdl-2.15.so
7fe7678f3000-7fe7678f4000 r--p 00002000 08:03 3044463                    /lib/x86_64-linux-gnu/libdl-2.15.so
7fe7678f4000-7fe7678f5000 rw-p 00003000 08:03 3044463                    /lib/x86_64-linux-gnu/libdl-2.15.so
7fe7678f5000-7fe7678f9000 r-xp 00000000 08:03 1966795                    /usr/lib/jvm/java-6-openjdk-amd64/jre/lib/amd64/jli/libjli.so
7fe7678f9000-7fe767af8000 ---p 00004000 08:03 1966795                    /usr/lib/jvm/java-6-openjdk-amd64/jre/lib/amd64/jli/libjli.so
7fe767af8000-7fe767af9000 r--p 00003000 08:03 1966795                    /usr/lib/jvm/java-6-openjdk-amd64/jre/lib/amd64/jli/libjli.so
7fe767af9000-7fe767afa000 rw-p 00004000 08:03 1966795                    /usr/lib/jvm/java-6-openjdk-amd64/jre/lib/amd64/jli/libjli.so
7fe767afa000-7fe767b12000 r-xp 00000000 08:03 3044455                    /lib/x86_64-linux-gnu/libpthread-2.15.so
7fe767b12000-7fe767d11000 ---p 00018000 08:03 3044455                    /lib/x86_64-linux-gnu/libpthread-2.15.so
7fe767d11000-7fe767d12000 r--p 00017000 08:03 3044455                    /lib/x86_64-linux-gnu/libpthread-2.15.so
7fe767d12000-7fe767d13000 rw-p 00018000 08:03 3044455                    /lib/x86_64-linux-gnu/libpthread-2.15.so
7fe767d13000-7fe767d17000 rw-p 00000000 00:00 0 
7fe767d17000-7fe767d39000 r-xp 00000000 08:03 3044460                    /lib/x86_64-linux-gnu/ld-2.15.so
7fe767d39000-7fe767d3b000 r--s 00013000 08:03 6053                       /usr/share/java/ant-commons-net-1.8.2.jar
7fe767d3b000-7fe767d3c000 r--s 00001000 08:03 6061                       /usr/share/java/ant-junit4-1.8.2.jar
7fe767d3c000-7fe767d3d000 r--s 00000000 08:03 5726                       /usr/share/java/ant-commons-logging-1.8.2.jar
7fe767d3d000-7fe767d3f000 r--s 00002000 08:03 3982                       /usr/share/java/ant-launcher-1.8.2.jar
7fe767d3f000-7fe767d41000 r--s 00001000 08:03 4364                       /usr/share/java/ant-apache-bcel-1.8.2.jar
7fe767d41000-7fe767d42000 r--s 00001000 08:03 6056                       /usr/share/java/ant-jmf-1.8.2.jar
7fe767d42000-7fe767d43000 r--s 00001000 08:03 6054                       /usr/share/java/ant-javamail-1.8.2.jar
7fe767d43000-7fe767d44000 r--s 00003000 08:03 6060                       /usr/share/java/ant-testutil-1.8.2.jar
7fe767d44000-7fe767d46000 r--s 00008000 08:03 4367                       /usr/share/java/ant-apache-oro-1.8.2.jar
7fe767d46000-7fe767d48000 r--s 00017000 08:03 6058                       /usr/share/java/ant-junit-1.8.2.jar
7fe767d48000-7fe767d49000 r--s 00000000 08:03 4366                       /usr/share/java/ant-apache-log4j-1.8.2.jar
7fe767d49000-7fe767d50000 r--s 000fc000 08:03 1966589                    /usr/lib/jvm/java-6-openjdk-common/jre/lib/resources.jar
7fe767d50000-7fe767d5a000 rw-p 00000000 00:00 0 
7fe767d5a000-7fe767e10000 rw-p 00000000 00:00 0 
7fe767e10000-7fe767e13000 ---p 00000000 00:00 0 
7fe767e13000-7fe767f16000 rw-p 00000000 00:00 0 
7fe767f16000-7fe767f17000 r--s 00001000 08:03 4012                       /usr/share/java/ant-antlr-1.8.2.jar
7fe767f17000-7fe767f18000 r--s 00000000 08:03 5725                       /usr/share/java/ant-apache-xalan2-1.8.2.jar
7fe767f18000-7fe767f19000 r--s 00000000 08:03 4610                       /usr/share/java/ant-apache-resolver-1.8.2.jar
7fe767f19000-7fe767f1c000 r--s 0007f000 08:03 1966607                    /usr/lib/jvm/java-6-openjdk-common/jre/lib/jsse.jar
7fe767f1c000-7fe767f1e000 r--s 00002000 08:03 3982                       /usr/share/java/ant-launcher-1.8.2.jar
7fe767f1e000-7fe767f20000 r--s 0000f000 08:03 1966577                    /usr/lib/jvm/java-6-openjdk-common/jre/lib/ext/pulse-java.jar
7fe767f20000-7fe767f23000 r--s 00077000 08:03 1966579                    /usr/lib/jvm/java-6-openjdk-common/jre/lib/ext/localedata.jar
7fe767f23000-7fe767f24000 r--s 00007000 08:03 855                        /usr/share/java/java-atk-wrapper.jar
7fe767f24000-7fe767f27000 r--s 00031000 08:03 1966581                    /usr/lib/jvm/java-6-openjdk-common/jre/lib/ext/sunjce_provider.jar
7fe767f27000-7fe767f29000 r--s 00001000 08:03 1966580                    /usr/lib/jvm/java-6-openjdk-common/jre/lib/ext/dnsns.jar
7fe767f29000-7fe767f2d000 r--s 00039000 08:03 1966575                    /usr/lib/jvm/java-6-openjdk-common/jre/lib/ext/sunpkcs11.jar
7fe767f2d000-7fe767f35000 rw-s 00000000 08:03 2636916                    /tmp/hsperfdata_oleg/7319
7fe767f35000-7fe767f36000 rw-p 00000000 00:00 0 
7fe767f36000-7fe767f37000 r--p 00000000 00:00 0 
7fe767f37000-7fe767f39000 rw-p 00000000 00:00 0 
7fe767f39000-7fe767f3a000 r--p 00022000 08:03 3044460                    /lib/x86_64-linux-gnu/ld-2.15.so
7fe767f3a000-7fe767f3c000 rw-p 00023000 08:03 3044460                    /lib/x86_64-linux-gnu/ld-2.15.so
7fffe00fb000-7fffe011c000 rw-p 00000000 00:00 0                          [stack]
7fffe019c000-7fffe019d000 r-xp 00000000 00:00 0                          [vdso]
ffffffffff600000-ffffffffff601000 r-xp 00000000 00:00 0                  [vsyscall]

VM Arguments:
jvm_args: -Dant.home=/usr/share/ant -Dant.library.dir=/usr/share/ant/lib 
java_command: org.apache.tools.ant.launch.Launcher -cp  debug -f /home/oleg/CordovaMapsSample/platforms/android/build.xml -Dout.dir=ant-build -Dgen.absolute.dir=ant-gen
Launcher Type: SUN_STANDARD

Environment Variables:
PATH=/home/oleg/.rvm/gems/ruby-1.9.3-p327/bin:/home/oleg/.rvm/gems/ruby-1.9.3-p327@global/bin:/home/oleg/.rvm/rubies/ruby-1.9.3-p327/bin:/home/oleg/.rvm/bin:/usr/lib/lightdm/lightdm:/usr/local/sbin:/usr/local/bin:/usr/sbin:/usr/bin:/sbin:/bin:/usr/games:/home/oleg/sdk/platform-tools:/home/oleg/sdk/tools
LD_LIBRARY_PATH=/usr/lib/jvm/java-6-openjdk-amd64/jre/lib/amd64/server:/usr/lib/jvm/java-6-openjdk-amd64/jre/lib/amd64:/usr/lib/jvm/java-6-openjdk-amd64/jre/../lib/amd64
SHELL=/bin/bash
DISPLAY=:1.0

Signal Handlers:
SIGSEGV: [libjvm.so+0x7837c0], sa_mask[0]=0x7ffbfeff, sa_flags=0x10000004
SIGBUS: [libjvm.so+0x7837c0], sa_mask[0]=0x7ffbfeff, sa_flags=0x10000004
SIGFPE: [libjvm.so+0x647740], sa_mask[0]=0x7ffbfeff, sa_flags=0x10000004
SIGPIPE: [libjvm.so+0x647740], sa_mask[0]=0x7ffbfeff, sa_flags=0x10000004
SIGXFSZ: [libjvm.so+0x647740], sa_mask[0]=0x7ffbfeff, sa_flags=0x10000004
SIGILL: [libjvm.so+0x647740], sa_mask[0]=0x7ffbfeff, sa_flags=0x10000004
SIGUSR1: SIG_DFL, sa_mask[0]=0x00000000, sa_flags=0x00000000
SIGUSR2: [libjvm.so+0x647920], sa_mask[0]=0x00000000, sa_flags=0x10000004
SIGHUP: [libjvm.so+0x64a2f0], sa_mask[0]=0x7ffbfeff, sa_flags=0x10000004
SIGINT: [libjvm.so+0x64a2f0], sa_mask[0]=0x7ffbfeff, sa_flags=0x10000004
SIGTERM: [libjvm.so+0x64a2f0], sa_mask[0]=0x7ffbfeff, sa_flags=0x10000004
SIGQUIT: [libjvm.so+0x64a2f0], sa_mask[0]=0x7ffbfeff, sa_flags=0x10000004


---------------  S Y S T E M  ---------------

OS:Ubuntu 12.04 (precise)
uname:Linux 3.2.0-58-generic #88-Ubuntu SMP Tue Dec 3 17:37:58 UTC 2013 x86_64
libc:glibc 2.15 NPTL 2.15 
rlimit: STACK 8192k, CORE 0k, NPROC 79359, NOFILE 4096, AS infinity
load average:3.37 2.51 2.10

/proc/meminfo:
MemTotal:       10241552 kB
MemFree:         3024476 kB
Buffers:          187364 kB
Cached:          2504688 kB
SwapCached:            0 kB
Active:          4249780 kB
Inactive:        2154512 kB
Active(anon):    3714260 kB
Inactive(anon):    31804 kB
Active(file):     535520 kB
Inactive(file):  2122708 kB
Unevictable:          32 kB
Mlocked:              32 kB
SwapTotal:       6894588 kB
SwapFree:        6894588 kB
Dirty:              4628 kB
Writeback:             0 kB
AnonPages:       3712276 kB
Mapped:           555428 kB
Shmem:             33824 kB
Slab:             159964 kB
SReclaimable:     117024 kB
SUnreclaim:        42940 kB
KernelStack:        6800 kB
PageTables:        82412 kB
NFS_Unstable:          0 kB
Bounce:                0 kB
WritebackTmp:          0 kB
CommitLimit:    12015364 kB
Committed_AS:   10511068 kB
VmallocTotal:   34359738367 kB
VmallocUsed:      330348 kB
VmallocChunk:   34359405748 kB
HardwareCorrupted:     0 kB
AnonHugePages:         0 kB
HugePages_Total:       0
HugePages_Free:        0
HugePages_Rsvd:        0
HugePages_Surp:        0
Hugepagesize:       2048 kB
DirectMap4k:      229952 kB
DirectMap2M:     3962880 kB
DirectMap1G:     6291456 kB


CPU:total 2 (2 cores per cpu, 1 threads per core) family 16 model 6 stepping 3, cmov, cx8, fxsr, mmx, sse, sse2, sse3, popcnt, mmxext, 3dnowpref, lzcnt, sse4a

Memory: 4k page, physical 10241552k(3024476k free), swap 6894588k(6894588k free)

vm_info: OpenJDK 64-Bit Server VM (20.0-b12) for linux-amd64 JRE (1.6.0_27-b27), built on Nov 16 2013 15:13:05 by "buildd" with gcc 4.6.3

time: Mon Apr 21 18:34:47 2014
elapsed time: 8 seconds

