#
# A fatal error has been detected by the Java Runtime Environment:
#
#  SIGSEGV (0xb) at pc=0x00007f82c603288a, pid=30552, tid=140199265920768
#
# JRE version: 6.0_27-b27
# Java VM: OpenJDK 64-Bit Server VM (20.0-b12 mixed mode linux-amd64 compressed oops)
# Derivative: IcedTea6 1.12.6
# Distribution: Ubuntu 12.04 LTS, package 6b27-1.12.6-1ubuntu0.12.04.4
# Problematic frame:
# V  [libjvm.so+0x46b88a]  PhaseIFG::remove_node(unsigned int)+0x10a
#
# If you would like to submit a bug report, please include
# instructions how to reproduce the bug and visit:
#   https://bugs.launchpad.net/ubuntu/+source/openjdk-6/
#

---------------  T H R E A D  ---------------

Current thread (0x00007f82c0096800):  JavaThread "C2 CompilerThread0" daemon [_thread_in_native, id=30562, stack(0x00007f82af616000,0x00007f82af717000)]

siginfo:si_signo=SIGSEGV: si_errno=0, si_code=128 (), si_addr=0x0000000000000000

Registers:
RAX=0x0000000000001ce4, RBX=0x00007f82af712b40, RCX=0x00a67f829d7030b0, RDX=0x00007f82aef9dea0
RSP=0x00007f82af712870, RBP=0x00007f82af712900, RSI=0x0000000000000010, RDI=0x0000000000000130
R8 =0x0000000000000000, R9 =0x0000000000000000, R10=0x0000000000000000, R11=0x0000000000000000
R12=0x0000000000000004, R13=0x0000000000000008, R14=0x00007f8298bcf658, R15=0x00000000fffffff7
RIP=0x00007f82c603288a, EFLAGS=0x0000000000010206, CSGSFS=0x0000000000000033, ERR=0x0000000000000000
  TRAPNO=0x000000000000000d

Top of Stack: (sp=0x00007f82af712870)
0x00007f82af712870:   00007f82aefcbe40 0000000000090238
0x00007f82af712880:   00000000001811e0 0000000000000130
0x00007f82af712890:   00001ce500000003 00007f8200000008
0x00007f82af7128a0:   00007f829c481000 00007f820000001d
0x00007f82af7128b0:   00007f829886b3f0 00007f8200000029
0x00007f82af7128c0:   00007f82aeffe200 00007f8200000004
0x00007f82af7128d0:   00007f82aefcbe00 00007f82af714130
0x00007f82af7128e0:   0000000000002683 00007f82af712b80
0x00007f82af7128f0:   00007f82af712ae0 00007f82c676c1c0
0x00007f82af712900:   00007f82af7129e0 00007f82c5ee07bf
0x00007f82af712910:   00007f82af712940 00007f82c5e45586
0x00007f82af712920:   000000000000171d 00007f829c157560
0x00007f82af712930:   0000000000000001 00007f82af712a20
0x00007f82af712940:   00007f82af712980 00007f82c5e45639
0x00007f82af712950:   00007f823c75c28f 0000000000000003
0x00007f82af712960:   00007f82981b1620 0000001eaf714298
0x00007f82af712970:   00001ab900000000 00007f8200000008
0x00007f82af712980:   00007f8299135460 00007f8200000029
0x00007f82af712990:   00007f829886b538 0000000000000029
0x00007f82af7129a0:   00007f82aeffe2a0 00007f82c5ee0505
0x00007f82af7129b0:   00007f82af7129e0 00007f82af714130
0x00007f82af7129c0:   00007f8298155ea0 00007f82af712b80
0x00007f82af7129d0:   00007f82af712ae0 00007f82c676c1c0
0x00007f82af7129e0:   00007f82af712bd0 00007f82c5ee29d0
0x00007f82af7129f0:   0000000000000000 00007f82af714250
0x00007f82af712a00:   00007f82c674a580 0000000000000044
0x00007f82af712a10:   00007f8298156288 00007f8298155eb0
0x00007f82af712a20:   00007f82c6727bd0 000002520000000c
0x00007f82af712a30:   00007f82af714f70 00007f82af714130
0x00007f82af712a40:   00007f8200000006 00007f829c032820
0x00007f82af712a50:   00007f82af712ae0 0000000000008890
0x00007f82af712a60:   0000000000000000 00007f82987d00d0 

Instructions: (pc=0x00007f82c603288a)
0x00007f82c603286a:   0f b6 14 32 01 d0 85 c0 74 77 89 c0 48 8b 7d 88
0x00007f82c603287a:   48 8d 14 80 48 c1 e2 05 48 03 53 10 48 8b 4a 08
0x00007f82c603288a:   48 8b 34 39 44 89 ff 42 8b 0c a6 21 cf 44 85 e9
0x00007f82c603289a:   42 89 3c a6 74 03 83 2a 01 48 8d 14 80 4c 89 f7 

Register to memory mapping:

RAX=0x0000000000001ce4 is an unknown value
RBX=0x00007f82af712b40 is pointing into the stack for thread: 0x00007f82c0096800
RCX=0x00a67f829d7030b0 is an unknown value
RDX=0x00007f82aef9dea0 is an unknown value
RSP=0x00007f82af712870 is pointing into the stack for thread: 0x00007f82c0096800
RBP=0x00007f82af712900 is pointing into the stack for thread: 0x00007f82c0096800
RSI=0x0000000000000010 is an unknown value
RDI=0x0000000000000130 is an unknown value
R8 =0x0000000000000000 is an unknown value
R9 =0x0000000000000000 is an unknown value
R10=0x0000000000000000 is an unknown value
R11=0x0000000000000000 is an unknown value
R12=0x0000000000000004 is an unknown value
R13=0x0000000000000008 is an unknown value
R14=0x00007f8298bcf658 is an unknown value
R15=0x00000000fffffff7 is an unknown value


Stack: [0x00007f82af616000,0x00007f82af717000],  sp=0x00007f82af712870,  free space=1010k
Native frames: (J=compiled Java code, j=interpreted, Vv=VM code, C=native code)
V  [libjvm.so+0x46b88a]  PhaseIFG::remove_node(unsigned int)+0x10a
V  [libjvm.so+0x3197bf]  PhaseChaitin::Simplify()+0x8f
V  [libjvm.so+0x31b9d0]  PhaseChaitin::Register_Allocate()+0x2f0
V  [libjvm.so+0x379abf]  Compile::Code_Gen() [clone .part.263]+0x29f
V  [libjvm.so+0x37bd8a]  Compile::Compile(ciEnv*, C2Compiler*, ciMethod*, int, bool, bool)+0xb2a
V  [libjvm.so+0x3055a0]  C2Compiler::compile_method(ciEnv*, ciMethod*, int)+0xe0
V  [libjvm.so+0x3803f3]  CompileBroker::invoke_compiler_on_method(CompileTask*)+0x2a3
V  [libjvm.so+0x380d3b]  CompileBroker::compiler_thread_loop()+0x45b
V  [libjvm.so+0x74b368]  JavaThread::thread_main_inner()+0x58
V  [libjvm.so+0x64ac92]  java_start(Thread*)+0x112


Current CompileTask:
C2:   5312 196      java.util.Arrays.mergeSort([Ljava/lang/Object;[Ljava/lang/Object;III)V (234 bytes)


---------------  P R O C E S S  ---------------

Java Threads: ( => current thread )
  0x00007f82c0296800 JavaThread "Thread-6" daemon [_thread_blocked, id=30582, stack(0x00007f82af111000,0x00007f82af212000)]
  0x00007f82c0287000 JavaThread "Thread-5" daemon [_thread_blocked, id=30581, stack(0x00007f82af010000,0x00007f82af111000)]
  0x00007f82c009c000 JavaThread "Low Memory Detector" daemon [_thread_blocked, id=30564, stack(0x00007f82af414000,0x00007f82af515000)]
  0x00007f82c0099800 JavaThread "C2 CompilerThread1" daemon [_thread_blocked, id=30563, stack(0x00007f82af515000,0x00007f82af616000)]
=>0x00007f82c0096800 JavaThread "C2 CompilerThread0" daemon [_thread_in_native, id=30562, stack(0x00007f82af616000,0x00007f82af717000)]
  0x00007f82c0095800 JavaThread "Signal Dispatcher" daemon [_thread_blocked, id=30561, stack(0x00007f82af717000,0x00007f82af818000)]
  0x00007f82c0074800 JavaThread "Finalizer" daemon [_thread_blocked, id=30560, stack(0x00007f82afeff000,0x00007f82b0000000)]
  0x00007f82c0072800 JavaThread "Reference Handler" daemon [_thread_blocked, id=30559, stack(0x00007f82bc0ee000,0x00007f82bc1ef000)]
  0x00007f82c0008000 JavaThread "main" [_thread_blocked, id=30555, stack(0x00007f82c7482000,0x00007f82c7583000)]

Other Threads:
  0x00007f82c006d800 VMThread [stack: 0x00007f82bc1ef000,0x00007f82bc2f0000] [id=30558]
  0x00007f82c009e800 WatcherThread [stack: 0x00007f82af313000,0x00007f82af414000] [id=30565]

VM state:not at safepoint (normal execution)

VM Mutex/Monitor currently owned by a thread: None

Heap
 PSYoungGen      total 46656K, used 4718K [0x00000007cbe00000, 0x00000007d1920000, 0x0000000800000000)
  eden space 40000K, 1% used [0x00000007cbe00000,0x00000007cbe66138,0x00000007ce510000)
  from space 6656K, 64% used [0x00000007ceb90000,0x00000007cefc59e0,0x00000007cf210000)
  to   space 6656K, 0% used [0x00000007ce510000,0x00000007ce510000,0x00000007ceb90000)
 PSOldGen        total 106752K, used 0K [0x0000000763a00000, 0x000000076a240000, 0x00000007cbe00000)
  object space 106752K, 0% used [0x0000000763a00000,0x0000000763a00000,0x000000076a240000)
 PSPermGen       total 21248K, used 19033K [0x0000000759400000, 0x000000075a8c0000, 0x0000000763a00000)
  object space 21248K, 89% used [0x0000000759400000,0x000000075a696668,0x000000075a8c0000)

Code Cache  [0x00007f82bd000000, 0x00007f82bd270000, 0x00007f82c0000000)
 total_blobs=482 nmethods=212 adapters=224 free_code_cache=49400320 largest_free_block=18048

Dynamic libraries:
00400000-00409000 r-xp 00000000 08:03 1971074                            /usr/lib/jvm/java-6-openjdk-amd64/jre/bin/java
00608000-00609000 r--p 00008000 08:03 1971074                            /usr/lib/jvm/java-6-openjdk-amd64/jre/bin/java
00609000-0060a000 rw-p 00009000 08:03 1971074                            /usr/lib/jvm/java-6-openjdk-amd64/jre/bin/java
0174e000-0176f000 rw-p 00000000 00:00 0                                  [heap]
759400000-75a8c0000 rw-p 00000000 00:00 0 
75a8c0000-763a00000 rw-p 00000000 00:00 0 
763a00000-76a240000 rw-p 00000000 00:00 0 
76a240000-7cbe00000 rw-p 00000000 00:00 0 
7cbe00000-7d1920000 rw-p 00000000 00:00 0 
7d1920000-800000000 rw-p 00000000 00:00 0 
7f8280000000-7f8280021000 rw-p 00000000 00:00 0 
7f8280021000-7f8284000000 ---p 00000000 00:00 0 
7f8288000000-7f8288021000 rw-p 00000000 00:00 0 
7f8288021000-7f828c000000 ---p 00000000 00:00 0 
7f828c000000-7f828c021000 rw-p 00000000 00:00 0 
7f828c021000-7f8290000000 ---p 00000000 00:00 0 
7f8290000000-7f8290021000 rw-p 00000000 00:00 0 
7f8290021000-7f8294000000 ---p 00000000 00:00 0 
7f8294000000-7f8294021000 rw-p 00000000 00:00 0 
7f8294021000-7f8298000000 ---p 00000000 00:00 0 
7f8298000000-7f8299306000 rw-p 00000000 00:00 0 
7f8299306000-7f829c000000 ---p 00000000 00:00 0 
7f829c000000-7f829daa0000 rw-p 00000000 00:00 0 
7f829daa0000-7f82a0000000 ---p 00000000 00:00 0 
7f82a0000000-7f82a0021000 rw-p 00000000 00:00 0 
7f82a0021000-7f82a4000000 ---p 00000000 00:00 0 
7f82a4000000-7f82a4021000 rw-p 00000000 00:00 0 
7f82a4021000-7f82a8000000 ---p 00000000 00:00 0 
7f82a8000000-7f82a8021000 rw-p 00000000 00:00 0 
7f82a8021000-7f82ac000000 ---p 00000000 00:00 0 
7f82aee7d000-7f82af010000 rw-p 00000000 00:00 0 
7f82af010000-7f82af013000 ---p 00000000 00:00 0 
7f82af013000-7f82af111000 rw-p 00000000 00:00 0 
7f82af111000-7f82af114000 ---p 00000000 00:00 0 
7f82af114000-7f82af212000 rw-p 00000000 00:00 0 
7f82af212000-7f82af215000 ---p 00000000 00:00 0 
7f82af215000-7f82af313000 rw-p 00000000 00:00 0 
7f82af313000-7f82af314000 ---p 00000000 00:00 0 
7f82af314000-7f82af414000 rw-p 00000000 00:00 0 
7f82af414000-7f82af417000 ---p 00000000 00:00 0 
7f82af417000-7f82af515000 rw-p 00000000 00:00 0 
7f82af515000-7f82af518000 ---p 00000000 00:00 0 
7f82af518000-7f82af616000 rw-p 00000000 00:00 0 
7f82af616000-7f82af619000 ---p 00000000 00:00 0 
7f82af619000-7f82af717000 rw-p 00000000 00:00 0 
7f82af717000-7f82af71a000 ---p 00000000 00:00 0 
7f82af71a000-7f82af818000 rw-p 00000000 00:00 0 
7f82af818000-7f82afeff000 r--p 00000000 08:03 6167085                    /usr/lib/locale/locale-archive
7f82afeff000-7f82aff02000 ---p 00000000 00:00 0 
7f82aff02000-7f82b0000000 rw-p 00000000 00:00 0 
7f82b0000000-7f82b0021000 rw-p 00000000 00:00 0 
7f82b0021000-7f82b4000000 ---p 00000000 00:00 0 
7f82b4000000-7f82b4029000 rw-p 00000000 00:00 0 
7f82b4029000-7f82b8000000 ---p 00000000 00:00 0 
7f82b8000000-7f82b8021000 rw-p 00000000 00:00 0 
7f82b8021000-7f82bc000000 ---p 00000000 00:00 0 
7f82bc05f000-7f82bc061000 r--s 00008000 08:03 4341306                    /home/oleg/sdk/tools/lib/emma_ant.jar
7f82bc061000-7f82bc069000 r--s 00061000 08:03 4341305                    /home/oleg/sdk/tools/lib/emma.jar
7f82bc069000-7f82bc06b000 r--s 0000d000 08:03 4341321                    /home/oleg/sdk/tools/lib/commons-codec-1.4.jar
7f82bc06b000-7f82bc06d000 r--s 0000d000 08:03 4341280                    /home/oleg/sdk/tools/lib/commons-logging-1.1.1.jar
7f82bc06d000-7f82bc072000 r--s 00028000 08:03 4341340                    /home/oleg/sdk/tools/lib/httpcore-4.1.jar
7f82bc072000-7f82bc074000 r--s 00005000 08:03 4341325                    /home/oleg/sdk/tools/lib/httpmime-4.1.jar
7f82bc074000-7f82bc07c000 r--s 0004e000 08:03 4341299                    /home/oleg/sdk/tools/lib/httpclient-4.1.1.jar
7f82bc07c000-7f82bc080000 r--s 00020000 08:03 4343070                    /home/oleg/sdk/tools/lib/commons-compress-1.0.jar
7f82bc080000-7f82bc081000 r--s 00002000 08:03 4343076                    /home/oleg/sdk/tools/lib/dvlib.jar
7f82bc081000-7f82bc082000 r--s 0000a000 08:03 4341279                    /home/oleg/sdk/tools/lib/kxml2-2.3.0.jar
7f82bc082000-7f82bc085000 r--s 0000e000 08:03 4341293                    /home/oleg/sdk/tools/lib/layoutlib-api.jar
7f82bc085000-7f82bc08e000 r--s 0009d000 08:03 4341285                    /home/oleg/sdk/tools/lib/sdklib.jar
7f82bc08e000-7f82bc0ee000 r--s 00dc1000 08:03 1971635                    /usr/lib/jvm/java-6-openjdk-amd64/lib/tools.jar
7f82bc0ee000-7f82bc0f1000 ---p 00000000 00:00 0 
7f82bc0f1000-7f82bc1ef000 rw-p 00000000 00:00 0 
7f82bc1ef000-7f82bc1f0000 ---p 00000000 00:00 0 
7f82bc1f0000-7f82bc5f3000 rw-p 00000000 00:00 0 
7f82bc5f3000-7f82bc787000 r--s 03822000 08:03 1971068                    /usr/lib/jvm/java-6-openjdk-amd64/jre/lib/rt.jar
7f82bc787000-7f82bc7bc000 rw-p 00000000 00:00 0 
7f82bc7bc000-7f82bcac9000 rw-p 00000000 00:00 0 
7f82bcac9000-7f82bcad4000 rw-p 00000000 00:00 0 
7f82bcad4000-7f82bcb1c000 rw-p 00000000 00:00 0 
7f82bcb1c000-7f82bcb51000 rw-p 00000000 00:00 0 
7f82bcb51000-7f82bce5e000 rw-p 00000000 00:00 0 
7f82bce5e000-7f82bce8c000 rw-p 00000000 00:00 0 
7f82bce8c000-7f82bcfff000 rw-p 00000000 00:00 0 
7f82bcfff000-7f82bd000000 rw-p 00000000 00:00 0 
7f82bd000000-7f82bd270000 rwxp 00000000 00:00 0 
7f82bd270000-7f82c03cc000 rw-p 00000000 00:00 0 
7f82c03cc000-7f82c4000000 ---p 00000000 00:00 0 
7f82c4006000-7f82c4030000 r--s 001e9000 08:03 4341339                    /home/oleg/sdk/tools/lib/guava-15.0.jar
7f82c4030000-7f82c4032000 r--s 0000f000 08:03 4341323                    /home/oleg/sdk/tools/lib/common.jar
7f82c4032000-7f82c4033000 r--s 00008000 08:03 4341281                    /home/oleg/sdk/tools/lib/manifest-merger.jar
7f82c4033000-7f82c4035000 r--s 00017000 08:03 4343072                    /home/oleg/sdk/tools/lib/ant-tasks.jar
7f82c4035000-7f82c4037000 r--s 00001000 08:03 6055                       /usr/share/java/ant-jdepend-1.8.2.jar
7f82c4037000-7f82c4038000 r--s 00000000 08:03 4436                       /usr/share/java/ant-apache-regexp-1.8.2.jar
7f82c4038000-7f82c4039000 r--s 00009000 08:03 6057                       /usr/share/java/ant-jsch-1.8.2.jar
7f82c4039000-7f82c403a000 r--s 00000000 08:03 4365                       /usr/share/java/ant-apache-bsf-1.8.2.jar
7f82c403a000-7f82c403b000 r--s 00001000 08:03 6059                       /usr/share/java/ant-swing-1.8.2.jar
7f82c403b000-7f82c4058000 r--s 001bc000 08:03 3981                       /usr/share/java/ant-1.8.2.jar
7f82c4058000-7f82c4061000 r--s 00031000 08:03 3887                       /usr/share/java/xml-apis-1.4.01.jar
7f82c4061000-7f82c407a000 r--s 00144000 08:03 3918                       /usr/share/java/xercesImpl-2.11.0.jar
7f82c407a000-7f82c40d5000 rw-p 00000000 00:00 0 
7f82c40d5000-7f82c40d6000 ---p 00000000 00:00 0 
7f82c40d6000-7f82c41d6000 rw-p 00000000 00:00 0 
7f82c41d6000-7f82c41d7000 ---p 00000000 00:00 0 
7f82c41d7000-7f82c42e2000 rw-p 00000000 00:00 0 
7f82c42e2000-7f82c432a000 rw-p 00000000 00:00 0 
7f82c432a000-7f82c4331000 r-xp 00000000 08:03 1966625                    /usr/lib/jvm/java-6-openjdk-amd64/jre/lib/amd64/libzip.so
7f82c4331000-7f82c4530000 ---p 00007000 08:03 1966625                    /usr/lib/jvm/java-6-openjdk-amd64/jre/lib/amd64/libzip.so
7f82c4530000-7f82c4531000 r--p 00006000 08:03 1966625                    /usr/lib/jvm/java-6-openjdk-amd64/jre/lib/amd64/libzip.so
7f82c4531000-7f82c4532000 rw-p 00007000 08:03 1966625                    /usr/lib/jvm/java-6-openjdk-amd64/jre/lib/amd64/libzip.so
7f82c4532000-7f82c453e000 r-xp 00000000 08:03 3044450                    /lib/x86_64-linux-gnu/libnss_files-2.15.so
7f82c453e000-7f82c473d000 ---p 0000c000 08:03 3044450                    /lib/x86_64-linux-gnu/libnss_files-2.15.so
7f82c473d000-7f82c473e000 r--p 0000b000 08:03 3044450                    /lib/x86_64-linux-gnu/libnss_files-2.15.so
7f82c473e000-7f82c473f000 rw-p 0000c000 08:03 3044450                    /lib/x86_64-linux-gnu/libnss_files-2.15.so
7f82c473f000-7f82c4749000 r-xp 00000000 08:03 3044454                    /lib/x86_64-linux-gnu/libnss_nis-2.15.so
7f82c4749000-7f82c4949000 ---p 0000a000 08:03 3044454                    /lib/x86_64-linux-gnu/libnss_nis-2.15.so
7f82c4949000-7f82c494a000 r--p 0000a000 08:03 3044454                    /lib/x86_64-linux-gnu/libnss_nis-2.15.so
7f82c494a000-7f82c494b000 rw-p 0000b000 08:03 3044454                    /lib/x86_64-linux-gnu/libnss_nis-2.15.so
7f82c494b000-7f82c4962000 r-xp 00000000 08:03 3044470                    /lib/x86_64-linux-gnu/libnsl-2.15.so
7f82c4962000-7f82c4b61000 ---p 00017000 08:03 3044470                    /lib/x86_64-linux-gnu/libnsl-2.15.so
7f82c4b61000-7f82c4b62000 r--p 00016000 08:03 3044470                    /lib/x86_64-linux-gnu/libnsl-2.15.so
7f82c4b62000-7f82c4b63000 rw-p 00017000 08:03 3044470                    /lib/x86_64-linux-gnu/libnsl-2.15.so
7f82c4b63000-7f82c4b65000 rw-p 00000000 00:00 0 
7f82c4b65000-7f82c4b6d000 r-xp 00000000 08:03 3044448                    /lib/x86_64-linux-gnu/libnss_compat-2.15.so
7f82c4b6d000-7f82c4d6c000 ---p 00008000 08:03 3044448                    /lib/x86_64-linux-gnu/libnss_compat-2.15.so
7f82c4d6c000-7f82c4d6d000 r--p 00007000 08:03 3044448                    /lib/x86_64-linux-gnu/libnss_compat-2.15.so
7f82c4d6d000-7f82c4d6e000 rw-p 00008000 08:03 3044448                    /lib/x86_64-linux-gnu/libnss_compat-2.15.so
7f82c4d6e000-7f82c4d9a000 r-xp 00000000 08:03 1966620                    /usr/lib/jvm/java-6-openjdk-amd64/jre/lib/amd64/libjava.so
7f82c4d9a000-7f82c4f99000 ---p 0002c000 08:03 1966620                    /usr/lib/jvm/java-6-openjdk-amd64/jre/lib/amd64/libjava.so
7f82c4f99000-7f82c4f9a000 r--p 0002b000 08:03 1966620                    /usr/lib/jvm/java-6-openjdk-amd64/jre/lib/amd64/libjava.so
7f82c4f9a000-7f82c4f9d000 rw-p 0002c000 08:03 1966620                    /usr/lib/jvm/java-6-openjdk-amd64/jre/lib/amd64/libjava.so
7f82c4f9d000-7f82c4fab000 r-xp 00000000 08:03 1966637                    /usr/lib/jvm/java-6-openjdk-amd64/jre/lib/amd64/libverify.so
7f82c4fab000-7f82c51aa000 ---p 0000e000 08:03 1966637                    /usr/lib/jvm/java-6-openjdk-amd64/jre/lib/amd64/libverify.so
7f82c51aa000-7f82c51ac000 r--p 0000d000 08:03 1966637                    /usr/lib/jvm/java-6-openjdk-amd64/jre/lib/amd64/libverify.so
7f82c51ac000-7f82c51ad000 rw-p 0000f000 08:03 1966637                    /usr/lib/jvm/java-6-openjdk-amd64/jre/lib/amd64/libverify.so
7f82c51ad000-7f82c51b4000 r-xp 00000000 08:03 3044453                    /lib/x86_64-linux-gnu/librt-2.15.so
7f82c51b4000-7f82c53b3000 ---p 00007000 08:03 3044453                    /lib/x86_64-linux-gnu/librt-2.15.so
7f82c53b3000-7f82c53b4000 r--p 00006000 08:03 3044453                    /lib/x86_64-linux-gnu/librt-2.15.so
7f82c53b4000-7f82c53b5000 rw-p 00007000 08:03 3044453                    /lib/x86_64-linux-gnu/librt-2.15.so
7f82c53b5000-7f82c53ca000 r-xp 00000000 08:03 3018368                    /lib/x86_64-linux-gnu/libgcc_s.so.1
7f82c53ca000-7f82c55c9000 ---p 00015000 08:03 3018368                    /lib/x86_64-linux-gnu/libgcc_s.so.1
7f82c55c9000-7f82c55ca000 r--p 00014000 08:03 3018368                    /lib/x86_64-linux-gnu/libgcc_s.so.1
7f82c55ca000-7f82c55cb000 rw-p 00015000 08:03 3018368                    /lib/x86_64-linux-gnu/libgcc_s.so.1
7f82c55cb000-7f82c56c6000 r-xp 00000000 08:03 3044459                    /lib/x86_64-linux-gnu/libm-2.15.so
7f82c56c6000-7f82c58c5000 ---p 000fb000 08:03 3044459                    /lib/x86_64-linux-gnu/libm-2.15.so
7f82c58c5000-7f82c58c6000 r--p 000fa000 08:03 3044459                    /lib/x86_64-linux-gnu/libm-2.15.so
7f82c58c6000-7f82c58c7000 rw-p 000fb000 08:03 3044459                    /lib/x86_64-linux-gnu/libm-2.15.so
7f82c58c7000-7f82c59a9000 r-xp 00000000 08:03 6168267                    /usr/lib/x86_64-linux-gnu/libstdc++.so.6.0.16
7f82c59a9000-7f82c5ba8000 ---p 000e2000 08:03 6168267                    /usr/lib/x86_64-linux-gnu/libstdc++.so.6.0.16
7f82c5ba8000-7f82c5bb0000 r--p 000e1000 08:03 6168267                    /usr/lib/x86_64-linux-gnu/libstdc++.so.6.0.16
7f82c5bb0000-7f82c5bb2000 rw-p 000e9000 08:03 6168267                    /usr/lib/x86_64-linux-gnu/libstdc++.so.6.0.16
7f82c5bb2000-7f82c5bc7000 rw-p 00000000 00:00 0 
7f82c5bc7000-7f82c64c7000 r-xp 00000000 08:03 1966652                    /usr/lib/jvm/java-6-openjdk-amd64/jre/lib/amd64/server/libjvm.so
7f82c64c7000-7f82c66c7000 ---p 00900000 08:03 1966652                    /usr/lib/jvm/java-6-openjdk-amd64/jre/lib/amd64/server/libjvm.so
7f82c66c7000-7f82c6748000 r--p 00900000 08:03 1966652                    /usr/lib/jvm/java-6-openjdk-amd64/jre/lib/amd64/server/libjvm.so
7f82c6748000-7f82c6763000 rw-p 00981000 08:03 1966652                    /usr/lib/jvm/java-6-openjdk-amd64/jre/lib/amd64/server/libjvm.so
7f82c6763000-7f82c678c000 rw-p 00000000 00:00 0 
7f82c678c000-7f82c67a2000 r-xp 00000000 08:03 3018458                    /lib/x86_64-linux-gnu/libz.so.1.2.3.4
7f82c67a2000-7f82c69a1000 ---p 00016000 08:03 3018458                    /lib/x86_64-linux-gnu/libz.so.1.2.3.4
7f82c69a1000-7f82c69a2000 r--p 00015000 08:03 3018458                    /lib/x86_64-linux-gnu/libz.so.1.2.3.4
7f82c69a2000-7f82c69a3000 rw-p 00016000 08:03 3018458                    /lib/x86_64-linux-gnu/libz.so.1.2.3.4
7f82c69a3000-7f82c6b58000 r-xp 00000000 08:03 3044446                    /lib/x86_64-linux-gnu/libc-2.15.so
7f82c6b58000-7f82c6d58000 ---p 001b5000 08:03 3044446                    /lib/x86_64-linux-gnu/libc-2.15.so
7f82c6d58000-7f82c6d5c000 r--p 001b5000 08:03 3044446                    /lib/x86_64-linux-gnu/libc-2.15.so
7f82c6d5c000-7f82c6d5e000 rw-p 001b9000 08:03 3044446                    /lib/x86_64-linux-gnu/libc-2.15.so
7f82c6d5e000-7f82c6d63000 rw-p 00000000 00:00 0 
7f82c6d63000-7f82c6d65000 r-xp 00000000 08:03 3044463                    /lib/x86_64-linux-gnu/libdl-2.15.so
7f82c6d65000-7f82c6f65000 ---p 00002000 08:03 3044463                    /lib/x86_64-linux-gnu/libdl-2.15.so
7f82c6f65000-7f82c6f66000 r--p 00002000 08:03 3044463                    /lib/x86_64-linux-gnu/libdl-2.15.so
7f82c6f66000-7f82c6f67000 rw-p 00003000 08:03 3044463                    /lib/x86_64-linux-gnu/libdl-2.15.so
7f82c6f67000-7f82c6f6b000 r-xp 00000000 08:03 1966795                    /usr/lib/jvm/java-6-openjdk-amd64/jre/lib/amd64/jli/libjli.so
7f82c6f6b000-7f82c716a000 ---p 00004000 08:03 1966795                    /usr/lib/jvm/java-6-openjdk-amd64/jre/lib/amd64/jli/libjli.so
7f82c716a000-7f82c716b000 r--p 00003000 08:03 1966795                    /usr/lib/jvm/java-6-openjdk-amd64/jre/lib/amd64/jli/libjli.so
7f82c716b000-7f82c716c000 rw-p 00004000 08:03 1966795                    /usr/lib/jvm/java-6-openjdk-amd64/jre/lib/amd64/jli/libjli.so
7f82c716c000-7f82c7184000 r-xp 00000000 08:03 3044455                    /lib/x86_64-linux-gnu/libpthread-2.15.so
7f82c7184000-7f82c7383000 ---p 00018000 08:03 3044455                    /lib/x86_64-linux-gnu/libpthread-2.15.so
7f82c7383000-7f82c7384000 r--p 00017000 08:03 3044455                    /lib/x86_64-linux-gnu/libpthread-2.15.so
7f82c7384000-7f82c7385000 rw-p 00018000 08:03 3044455                    /lib/x86_64-linux-gnu/libpthread-2.15.so
7f82c7385000-7f82c7389000 rw-p 00000000 00:00 0 
7f82c7389000-7f82c73ab000 r-xp 00000000 08:03 3044460                    /lib/x86_64-linux-gnu/ld-2.15.so
7f82c73ab000-7f82c73ad000 r--s 00013000 08:03 6053                       /usr/share/java/ant-commons-net-1.8.2.jar
7f82c73ad000-7f82c73ae000 r--s 00001000 08:03 6061                       /usr/share/java/ant-junit4-1.8.2.jar
7f82c73ae000-7f82c73af000 r--s 00000000 08:03 5726                       /usr/share/java/ant-commons-logging-1.8.2.jar
7f82c73af000-7f82c73b1000 r--s 00002000 08:03 3982                       /usr/share/java/ant-launcher-1.8.2.jar
7f82c73b1000-7f82c73b3000 r--s 00001000 08:03 4364                       /usr/share/java/ant-apache-bcel-1.8.2.jar
7f82c73b3000-7f82c73b4000 r--s 00001000 08:03 6056                       /usr/share/java/ant-jmf-1.8.2.jar
7f82c73b4000-7f82c73b5000 r--s 00001000 08:03 6054                       /usr/share/java/ant-javamail-1.8.2.jar
7f82c73b5000-7f82c73b6000 r--s 00003000 08:03 6060                       /usr/share/java/ant-testutil-1.8.2.jar
7f82c73b6000-7f82c73b8000 r--s 00008000 08:03 4367                       /usr/share/java/ant-apache-oro-1.8.2.jar
7f82c73b8000-7f82c73ba000 r--s 00017000 08:03 6058                       /usr/share/java/ant-junit-1.8.2.jar
7f82c73ba000-7f82c73bb000 r--s 00000000 08:03 4366                       /usr/share/java/ant-apache-log4j-1.8.2.jar
7f82c73bb000-7f82c73c2000 r--s 000fc000 08:03 1966589                    /usr/lib/jvm/java-6-openjdk-common/jre/lib/resources.jar
7f82c73c2000-7f82c73cc000 rw-p 00000000 00:00 0 
7f82c73cc000-7f82c7482000 rw-p 00000000 00:00 0 
7f82c7482000-7f82c7485000 ---p 00000000 00:00 0 
7f82c7485000-7f82c7588000 rw-p 00000000 00:00 0 
7f82c7588000-7f82c7589000 r--s 00001000 08:03 4012                       /usr/share/java/ant-antlr-1.8.2.jar
7f82c7589000-7f82c758a000 r--s 00000000 08:03 5725                       /usr/share/java/ant-apache-xalan2-1.8.2.jar
7f82c758a000-7f82c758b000 r--s 00000000 08:03 4610                       /usr/share/java/ant-apache-resolver-1.8.2.jar
7f82c758b000-7f82c758e000 r--s 0007f000 08:03 1966607                    /usr/lib/jvm/java-6-openjdk-common/jre/lib/jsse.jar
7f82c758e000-7f82c7590000 r--s 00002000 08:03 3982                       /usr/share/java/ant-launcher-1.8.2.jar
7f82c7590000-7f82c7592000 r--s 0000f000 08:03 1966577                    /usr/lib/jvm/java-6-openjdk-common/jre/lib/ext/pulse-java.jar
7f82c7592000-7f82c7595000 r--s 00077000 08:03 1966579                    /usr/lib/jvm/java-6-openjdk-common/jre/lib/ext/localedata.jar
7f82c7595000-7f82c7596000 r--s 00007000 08:03 855                        /usr/share/java/java-atk-wrapper.jar
7f82c7596000-7f82c7599000 r--s 00031000 08:03 1966581                    /usr/lib/jvm/java-6-openjdk-common/jre/lib/ext/sunjce_provider.jar
7f82c7599000-7f82c759b000 r--s 00001000 08:03 1966580                    /usr/lib/jvm/java-6-openjdk-common/jre/lib/ext/dnsns.jar
7f82c759b000-7f82c759f000 r--s 00039000 08:03 1966575                    /usr/lib/jvm/java-6-openjdk-common/jre/lib/ext/sunpkcs11.jar
7f82c759f000-7f82c75a7000 rw-s 00000000 08:03 2636939                    /tmp/hsperfdata_oleg/30552
7f82c75a7000-7f82c75a8000 rw-p 00000000 00:00 0 
7f82c75a8000-7f82c75a9000 r--p 00000000 00:00 0 
7f82c75a9000-7f82c75ab000 rw-p 00000000 00:00 0 
7f82c75ab000-7f82c75ac000 r--p 00022000 08:03 3044460                    /lib/x86_64-linux-gnu/ld-2.15.so
7f82c75ac000-7f82c75ae000 rw-p 00023000 08:03 3044460                    /lib/x86_64-linux-gnu/ld-2.15.so
7fff88706000-7fff88727000 rw-p 00000000 00:00 0                          [stack]
7fff887ff000-7fff88800000 r-xp 00000000 00:00 0                          [vdso]
ffffffffff600000-ffffffffff601000 r-xp 00000000 00:00 0                  [vsyscall]

VM Arguments:
jvm_args: -Dant.home=/usr/share/ant -Dant.library.dir=/usr/share/ant/lib 
java_command: org.apache.tools.ant.launch.Launcher -cp  debug -f /home/oleg/CordovaMapsSample/platforms/android/build.xml -Dout.dir=ant-build -Dgen.absolute.dir=ant-gen
Launcher Type: SUN_STANDARD

Environment Variables:
PATH=/home/oleg/.rvm/gems/ruby-1.9.3-p327/bin:/home/oleg/.rvm/gems/ruby-1.9.3-p327@global/bin:/home/oleg/.rvm/rubies/ruby-1.9.3-p327/bin:/home/oleg/.rvm/bin:/usr/lib/lightdm/lightdm:/usr/local/sbin:/usr/local/bin:/usr/sbin:/usr/bin:/sbin:/bin:/usr/games:/home/oleg/sdk/platform-tools:/home/oleg/sdk/tools
LD_LIBRARY_PATH=/usr/lib/jvm/java-6-openjdk-amd64/jre/lib/amd64/server:/usr/lib/jvm/java-6-openjdk-amd64/jre/lib/amd64:/usr/lib/jvm/java-6-openjdk-amd64/jre/../lib/amd64
SHELL=/bin/bash
DISPLAY=:0.0

Signal Handlers:
SIGSEGV: [libjvm.so+0x7837c0], sa_mask[0]=0x7ffbfeff, sa_flags=0x10000004
SIGBUS: [libjvm.so+0x7837c0], sa_mask[0]=0x7ffbfeff, sa_flags=0x10000004
SIGFPE: [libjvm.so+0x647740], sa_mask[0]=0x7ffbfeff, sa_flags=0x10000004
SIGPIPE: [libjvm.so+0x647740], sa_mask[0]=0x7ffbfeff, sa_flags=0x10000004
SIGXFSZ: [libjvm.so+0x647740], sa_mask[0]=0x7ffbfeff, sa_flags=0x10000004
SIGILL: [libjvm.so+0x647740], sa_mask[0]=0x7ffbfeff, sa_flags=0x10000004
SIGUSR1: SIG_DFL, sa_mask[0]=0x00000000, sa_flags=0x00000000
SIGUSR2: [libjvm.so+0x647920], sa_mask[0]=0x00000000, sa_flags=0x10000004
SIGHUP: [libjvm.so+0x64a2f0], sa_mask[0]=0x7ffbfeff, sa_flags=0x10000004
SIGINT: [libjvm.so+0x64a2f0], sa_mask[0]=0x7ffbfeff, sa_flags=0x10000004
SIGTERM: [libjvm.so+0x64a2f0], sa_mask[0]=0x7ffbfeff, sa_flags=0x10000004
SIGQUIT: [libjvm.so+0x64a2f0], sa_mask[0]=0x7ffbfeff, sa_flags=0x10000004


---------------  S Y S T E M  ---------------

OS:Ubuntu 12.04 (precise)
uname:Linux 3.2.0-58-generic #88-Ubuntu SMP Tue Dec 3 17:37:58 UTC 2013 x86_64
libc:glibc 2.15 NPTL 2.15 
rlimit: STACK 8192k, CORE 0k, NPROC 79359, NOFILE 4096, AS infinity
load average:2.62 2.08 2.09

/proc/meminfo:
MemTotal:       10241552 kB
MemFree:          548552 kB
Buffers:          368644 kB
Cached:          3844368 kB
SwapCached:          236 kB
Active:          6111412 kB
Inactive:        2504052 kB
Active(anon):    3972436 kB
Inactive(anon):   484688 kB
Active(file):    2138976 kB
Inactive(file):  2019364 kB
Unevictable:          48 kB
Mlocked:              48 kB
SwapTotal:       6894588 kB
SwapFree:        6893572 kB
Dirty:              2352 kB
Writeback:             0 kB
AnonPages:       4402264 kB
Mapped:           659176 kB
Shmem:             54672 kB
Slab:             415464 kB
SReclaimable:     370372 kB
SUnreclaim:        45092 kB
KernelStack:        6648 kB
PageTables:        85208 kB
NFS_Unstable:          0 kB
Bounce:                0 kB
WritebackTmp:          0 kB
CommitLimit:    12015364 kB
Committed_AS:   11143680 kB
VmallocTotal:   34359738367 kB
VmallocUsed:      330352 kB
VmallocChunk:   34359405908 kB
HardwareCorrupted:     0 kB
AnonHugePages:         0 kB
HugePages_Total:       0
HugePages_Free:        0
HugePages_Rsvd:        0
HugePages_Surp:        0
Hugepagesize:       2048 kB
DirectMap4k:      248384 kB
DirectMap2M:     9187328 kB
DirectMap1G:     1048576 kB


CPU:total 2 (2 cores per cpu, 1 threads per core) family 16 model 6 stepping 3, cmov, cx8, fxsr, mmx, sse, sse2, sse3, popcnt, mmxext, 3dnowpref, lzcnt, sse4a

Memory: 4k page, physical 10241552k(548552k free), swap 6894588k(6893572k free)

vm_info: OpenJDK 64-Bit Server VM (20.0-b12) for linux-amd64 JRE (1.6.0_27-b27), built on Nov 16 2013 15:13:05 by "buildd" with gcc 4.6.3

time: Mon Apr 21 17:06:42 2014
elapsed time: 5 seconds

