#
# A fatal error has been detected by the Java Runtime Environment:
#
#  SIGSEGV (0xb) at pc=0x00007fb90cb7412d, pid=32214, tid=140432778954496
#
# JRE version: 6.0_27-b27
# Java VM: OpenJDK 64-Bit Server VM (20.0-b12 mixed mode linux-amd64 compressed oops)
# Derivative: IcedTea6 1.12.6
# Distribution: Ubuntu 12.04 LTS, package 6b27-1.12.6-1ubuntu0.12.04.4
# Problematic frame:
# V  [libjvm.so+0x6b712d]  Rewriter::scan_method(methodOopDesc*)+0x1d
#
# If you would like to submit a bug report, please include
# instructions how to reproduce the bug and visit:
#   https://bugs.launchpad.net/ubuntu/+source/openjdk-6/
#

---------------  T H R E A D  ---------------

Current thread (0x00007fb904008000):  JavaThread "main" [_thread_in_vm, id=32221, stack(0x00007fb90dd78000,0x00007fb90de79000)]

siginfo:si_signo=SIGSEGV: si_errno=0, si_code=128 (), si_addr=0x0000000000000000

Registers:
RAX=0x0002000759758af8, RBX=0x0000000000000020, RCX=0x0000000000000003, RDX=0x0000000759757bd8
RSP=0x00007fb90de778a0, RBP=0x00007fb90de77900, RSI=0x0000000759758c00, RDI=0x00007fb90de779a0
R8 =0x0000000000000070, R9 =0x0000000759755c08, R10=0x0000000000000001, R11=0x00007fb9040092c0
R12=0x00007fb90de779a0, R13=0xfffffffffffffff8, R14=0x0000000000000040, R15=0x00007fb90d060faa
RIP=0x00007fb90cb7412d, EFLAGS=0x0000000000010206, CSGSFS=0x0000000000000033, ERR=0x0000000000000000
  TRAPNO=0x000000000000000d

Top of Stack: (sp=0x00007fb90de778a0)
0x00007fb90de778a0:   00007fb90de77940 00007fb90cc2d9f3
0x00007fb90de778b0:   0000000759758c00 0000000000c09d56
0x00007fb90de778c0:   00007fb90de779a0 0000000759758de8
0x00007fb90de778d0:   00007fb90de77900 0000000000000020
0x00007fb90de778e0:   00007fb90de779a0 fffffffffffffff8
0x00007fb90de778f0:   0000000000000040 00007fb90d060faa
0x00007fb90de77900:   00007fb90de77970 00007fb90cb74564
0x00007fb90de77910:   00007fb90de77940 00007fb904008490
0x00007fb90de77920:   00007fb90de77940 00007fb90c6f1d14
0x00007fb90de77930:   00007fb904008000 00007fb90000000b
0x00007fb90de77940:   00007fb90de77a50 00007fb9040052c0
0x00007fb90de77950:   00007fb904008940 00007fb904008000
0x00007fb90de77960:   00007fb904008490 00007fb9040084a0
0x00007fb90de77970:   00007fb90de77a20 00007fb90cb74b3b
0x00007fb90de77980:   0000000759666028 0000000759755c08
0x00007fb90de77990:   00007fb904008948 00007fb904008878
0x00007fb90de779a0:   00007fb904008940 00007fb904008950
0x00007fb90de779b0:   00007fb904008948 00007fff000001b0
0x00007fb90de779c0:   00007fb904018eb0 00007fb900000042
0x00007fb90de779d0:   00007fb904019570 00007fff000000d8
0x00007fb90de779e0:   00007fb90de77a00 0000000000000000
0x00007fb90de779f0:   00007fb90de77a10 00007fb904008000
0x00007fb90de77a00:   00007fb90de77b30 00007fb904008928
0x00007fb90de77a10:   0000000000000001 00007fb9040081d0
0x00007fb90de77a20:   00007fb90de77a50 00007fb90c93758c
0x00007fb90de77a30:   00007fb904008940 00007fb90c81191f
0x00007fb90de77a40:   00007fb904008000 00007fb904008000
0x00007fb90de77a50:   00007fb90de77bb0 00007fb90c937b29
0x00007fb90de77a60:   00007fb90de77aa0 00007fb90de77aa0
0x00007fb90de77a70:   00007fb90de77a90 00007fff8b5ffa1b
0x00007fb90de77a80:   00007fb90de77b40 0000000000000000
0x00007fb90de77a90:   0000000000000000 0000000000055073 

Instructions: (pc=0x00007fb90cb7412d)
0x00007fb90cb7410d:   02 5d c3 55 48 89 e5 41 57 41 56 41 55 41 54 53
0x00007fb90cb7411d:   48 83 ec 38 48 8b 46 10 48 89 7d c0 48 89 75 b0
0x00007fb90cb7412d:   44 0f b7 78 3e 48 8d 50 48 48 89 55 c8 45 85 ff
0x00007fb90cb7413d:   0f 84 f5 01 00 00 4c 8b 35 b6 31 4c 00 31 db c6 

Register to memory mapping:

RAX=0x0002000759758af8 is an unknown value
RBX=0x0000000000000020 is an unknown value
RCX=0x0000000000000003 is an unknown value
RDX=0x0000000759757bd8 is an oop
[[I 
 - klass: 'java/lang/Object'[]
 - length: 11
RSP=0x00007fb90de778a0 is pointing into the stack for thread: 0x00007fb904008000
RBP=0x00007fb90de77900 is pointing into the stack for thread: 0x00007fb904008000
RSI=0x0000000759758c00 is an oop
{method} 
 - klass: {other class}
RDI=0x00007fb90de779a0 is pointing into the stack for thread: 0x00007fb904008000
R8 =0x0000000000000070 is an unknown value
R9 =0x0000000759755c08 is an oop
{constant pool} 
 - klass: {other class}
 - cache: 0x0000000000000000
 -   1 :  : klass_index=122 name_and_type_index=233
 -   2 :  : 'org/apache/tools/ant/launch/Launcher'
 -   3 :  : klass_index=2 name_and_type_index=233
 -   4 :  : klass_index=2 name_and_type_index=235
 -   5 :  : 'org/apache/tools/ant/launch/LaunchException'
 -   6 :  : klass_index=237 name_and_type_index=238
 -   7 :  : klass_index=5 name_and_type_index=239
 -   8 :  : klass_index=240 name_and_type_index=241
 -   9 :  : 'java/lang/Throwable'
 -  10 :  : klass_index=9 name_and_type_index=243
 -  11 :  : klass_index=2 name_and_type_index=244
 -  12 :  : klass_index=237 name_and_type_index=245
 -  13 :  : 'java/lang/StringBuffer'
 -  14 :  : klass_index=13 name_and_type_index=233
 -  15 :  : "Exit code: " {0x75975a4e0}
 -  16 :  : klass_index=13 name_and_type_index=248
 -  17 :  : klass_index=13 name_and_type_index=249
 -  18 :  : klass_index=13 name_and_type_index=250
 -  19 :  : klass_index=237 name_and_type_index=251
 -  20 :  : 'java/util/StringTokenizer'
 -  21 :  : klass_index=25 name_and_type_index=253
 -  22 :  : klass_index=20 name_and_type_index=254
 -  23 :  : klass_index=20 name_and_type_index=255
 -  24 :  : klass_index=20 name_and_type_index=256
 -  25 :  : 'java/io/File'
 -  26 :  : klass_index=25 name_and_type_index=258
 -  27 :  : klass_index=67 name_and_type_index=259
 -  28 :  : klass_index=25 name_and_type_index=260
 -  29 :  : klass_index=25 name_and_type_index=261
 -  30 :  : klass_index=262 name_and_type_index=263
 -  31 :  : "adding library JAR: " {0x75975a528}
 -  32 :  : klass_index=13 name_and_type_index=265
 -  33 :  : klass_index=266 name_and_type_index=267
 -  34 :  : klass_index=262 name_and_type_index=268
 -  35 :  : "adding library URL: " {0x75975a580}
 -  36 :  : "ant®homA" {0x7597592d0}
 -  37 :  : klass_index=237 name_and_type_index=271
 -  38 :  : klass_index=122 name_and_type_index=272
 -  39 :  : klass_index=262 name_and_type_index=273
 -  40 :  : klass_index=25 name_and_type_index=274
 -  41 :  : "
[error occurred during error reporting (printing register info), id 0xb]

Stack: [0x00007fb90dd78000,0x00007fb90de79000],  sp=0x00007fb90de778a0,  free space=1022k
Native frames: (J=compiled Java code, j=interpreted, Vv=VM code, C=native code)
V  [libjvm.so+0x6b712d]  Rewriter::scan_method(methodOopDesc*)+0x1d
V  [libjvm.so+0x6b7564]  Rewriter::Rewriter(instanceKlassHandle, constantPoolHandle, objArrayHandle, Thread*)+0xf4
V  [libjvm.so+0x6b7b3b]  Rewriter::rewrite(instanceKlassHandle, Thread*)+0x11b
V  [libjvm.so+0x47a58c]  instanceKlass::rewrite_class(Thread*)+0x4c
V  [libjvm.so+0x47ab29]  instanceKlass::link_class_impl(instanceKlassHandle, bool, Thread*)+0x579
V  [libjvm.so+0x47ac23]  instanceKlass::link_class(Thread*)+0x33
V  [libjvm.so+0x47bd28]  instanceKlass::initialize_impl(instanceKlassHandle, Thread*)+0x38
V  [libjvm.so+0x47c2f9]  instanceKlass::initialize(Thread*)+0x49
V  [libjvm.so+0x4f29f0]  find_class_from_class_loader(JNIEnv_*, symbolHandle, unsigned char, Handle, Handle, unsigned char, Thread*)+0x90
V  [libjvm.so+0x4c0289]  jni_FindClass+0x1e9
C  [java+0x3c50]  JavaMain+0xb20


---------------  P R O C E S S  ---------------

Java Threads: ( => current thread )
  0x00007fb90409c000 JavaThread "Low Memory Detector" daemon [_thread_blocked, id=32261, stack(0x00007fb908e72000,0x00007fb908f73000)]
  0x00007fb904099800 JavaThread "C2 CompilerThread1" daemon [_thread_blocked, id=32260, stack(0x00007fb908f73000,0x00007fb909074000)]
  0x00007fb904096800 JavaThread "C2 CompilerThread0" daemon [_thread_blocked, id=32256, stack(0x00007fb909074000,0x00007fb909175000)]
  0x00007fb904095800 JavaThread "Signal Dispatcher" daemon [_thread_blocked, id=32253, stack(0x00007fb909175000,0x00007fb909276000)]
  0x00007fb904074800 JavaThread "Finalizer" daemon [_thread_blocked, id=32241, stack(0x00007fb90995d000,0x00007fb909a5e000)]
  0x00007fb904072800 JavaThread "Reference Handler" daemon [_thread_blocked, id=32236, stack(0x00007fb909a5e000,0x00007fb909b5f000)]
=>0x00007fb904008000 JavaThread "main" [_thread_in_vm, id=32221, stack(0x00007fb90dd78000,0x00007fb90de79000)]

Other Threads:
  0x00007fb90406d800 VMThread [stack: 0x00007fb909b5f000,0x00007fb909c60000] [id=32235]
  0x00007fb90409e800 WatcherThread [stack: 0x00007fb908d71000,0x00007fb908e72000] [id=32262]

VM state:not at safepoint (normal execution)

VM Mutex/Monitor currently owned by a thread: None

Heap
 PSYoungGen      total 46656K, used 800K [0x00000007cbe00000, 0x00000007cf210000, 0x0000000800000000)
  eden space 40000K, 2% used [0x00000007cbe00000,0x00000007cbec8010,0x00000007ce510000)
  from space 6656K, 0% used [0x00000007ceb90000,0x00000007ceb90000,0x00000007cf210000)
  to   space 6656K, 0% used [0x00000007ce510000,0x00000007ce510000,0x00000007ceb90000)
 PSOldGen        total 106752K, used 0K [0x0000000763a00000, 0x000000076a240000, 0x00000007cbe00000)
  object space 106752K, 0% used [0x0000000763a00000,0x0000000763a00000,0x000000076a240000)
 PSPermGen       total 21248K, used 3433K [0x0000000759400000, 0x000000075a8c0000, 0x0000000763a00000)
  object space 21248K, 16% used [0x0000000759400000,0x000000075975a5d8,0x000000075a8c0000)

Code Cache  [0x00007fb901000000, 0x00007fb901270000, 0x00007fb904000000)
 total_blobs=157 nmethods=0 adapters=125 free_code_cache=49950016 largest_free_block=0

Dynamic libraries:
00400000-00409000 r-xp 00000000 08:03 1971074                            /usr/lib/jvm/java-6-openjdk-amd64/jre/bin/java
00608000-00609000 r--p 00008000 08:03 1971074                            /usr/lib/jvm/java-6-openjdk-amd64/jre/bin/java
00609000-0060a000 rw-p 00009000 08:03 1971074                            /usr/lib/jvm/java-6-openjdk-amd64/jre/bin/java
0149e000-014bf000 rw-p 00000000 00:00 0                                  [heap]
759400000-75a8c0000 rw-p 00000000 00:00 0 
75a8c0000-763a00000 rw-p 00000000 00:00 0 
763a00000-76a240000 rw-p 00000000 00:00 0 
76a240000-7cbe00000 rw-p 00000000 00:00 0 
7cbe00000-7cf210000 rw-p 00000000 00:00 0 
7cf210000-800000000 rw-p 00000000 00:00 0 
7fb8d4000000-7fb8d4021000 rw-p 00000000 00:00 0 
7fb8d4021000-7fb8d8000000 ---p 00000000 00:00 0 
7fb8dc000000-7fb8dc021000 rw-p 00000000 00:00 0 
7fb8dc021000-7fb8e0000000 ---p 00000000 00:00 0 
7fb8e0000000-7fb8e0021000 rw-p 00000000 00:00 0 
7fb8e0021000-7fb8e4000000 ---p 00000000 00:00 0 
7fb8e4000000-7fb8e4021000 rw-p 00000000 00:00 0 
7fb8e4021000-7fb8e8000000 ---p 00000000 00:00 0 
7fb8e8000000-7fb8e8021000 rw-p 00000000 00:00 0 
7fb8e8021000-7fb8ec000000 ---p 00000000 00:00 0 
7fb8ec000000-7fb8ec021000 rw-p 00000000 00:00 0 
7fb8ec021000-7fb8f0000000 ---p 00000000 00:00 0 
7fb8f0000000-7fb8f0021000 rw-p 00000000 00:00 0 
7fb8f0021000-7fb8f4000000 ---p 00000000 00:00 0 
7fb8f4000000-7fb8f4021000 rw-p 00000000 00:00 0 
7fb8f4021000-7fb8f8000000 ---p 00000000 00:00 0 
7fb8f8000000-7fb8f8021000 rw-p 00000000 00:00 0 
7fb8f8021000-7fb8fc000000 ---p 00000000 00:00 0 
7fb8fc000000-7fb8fc021000 rw-p 00000000 00:00 0 
7fb8fc021000-7fb900000000 ---p 00000000 00:00 0 
7fb901000000-7fb901270000 rwxp 00000000 00:00 0 
7fb901270000-7fb9040fd000 rw-p 00000000 00:00 0 
7fb9040fd000-7fb908000000 ---p 00000000 00:00 0 
7fb908d71000-7fb908d72000 ---p 00000000 00:00 0 
7fb908d72000-7fb908e72000 rw-p 00000000 00:00 0 
7fb908e72000-7fb908e75000 ---p 00000000 00:00 0 
7fb908e75000-7fb908f73000 rw-p 00000000 00:00 0 
7fb908f73000-7fb908f76000 ---p 00000000 00:00 0 
7fb908f76000-7fb909074000 rw-p 00000000 00:00 0 
7fb909074000-7fb909077000 ---p 00000000 00:00 0 
7fb909077000-7fb909175000 rw-p 00000000 00:00 0 
7fb909175000-7fb909178000 ---p 00000000 00:00 0 
7fb909178000-7fb909276000 rw-p 00000000 00:00 0 
7fb909276000-7fb90995d000 r--p 00000000 08:03 6167085                    /usr/lib/locale/locale-archive
7fb90995d000-7fb909960000 ---p 00000000 00:00 0 
7fb909960000-7fb909a5e000 rw-p 00000000 00:00 0 
7fb909a5e000-7fb909a61000 ---p 00000000 00:00 0 
7fb909a61000-7fb909b5f000 rw-p 00000000 00:00 0 
7fb909b5f000-7fb909b60000 ---p 00000000 00:00 0 
7fb909b60000-7fb909f96000 rw-p 00000000 00:00 0 
7fb909f96000-7fb90a12a000 r--s 03822000 08:03 1971068                    /usr/lib/jvm/java-6-openjdk-amd64/jre/lib/rt.jar
7fb90a12a000-7fb90a152000 rw-p 00000000 00:00 0 
7fb90a152000-7fb90a153000 ---p 00000000 00:00 0 
7fb90a153000-7fb90a253000 rw-p 00000000 00:00 0 
7fb90a253000-7fb90a254000 ---p 00000000 00:00 0 
7fb90a254000-7fb90a35f000 rw-p 00000000 00:00 0 
7fb90a35f000-7fb90a3a7000 rw-p 00000000 00:00 0 
7fb90a3a7000-7fb90a3dc000 rw-p 00000000 00:00 0 
7fb90a3dc000-7fb90a6e9000 rw-p 00000000 00:00 0 
7fb90a6e9000-7fb90a6f4000 rw-p 00000000 00:00 0 
7fb90a6f4000-7fb90a73c000 rw-p 00000000 00:00 0 
7fb90a73c000-7fb90a771000 rw-p 00000000 00:00 0 
7fb90a771000-7fb90aa7e000 rw-p 00000000 00:00 0 
7fb90aa7e000-7fb90aa99000 rw-p 00000000 00:00 0 
7fb90aa99000-7fb90ac1f000 rw-p 00000000 00:00 0 
7fb90ac1f000-7fb90ac20000 rw-p 00000000 00:00 0 
7fb90ac20000-7fb90ac27000 r-xp 00000000 08:03 1966625                    /usr/lib/jvm/java-6-openjdk-amd64/jre/lib/amd64/libzip.so
7fb90ac27000-7fb90ae26000 ---p 00007000 08:03 1966625                    /usr/lib/jvm/java-6-openjdk-amd64/jre/lib/amd64/libzip.so
7fb90ae26000-7fb90ae27000 r--p 00006000 08:03 1966625                    /usr/lib/jvm/java-6-openjdk-amd64/jre/lib/amd64/libzip.so
7fb90ae27000-7fb90ae28000 rw-p 00007000 08:03 1966625                    /usr/lib/jvm/java-6-openjdk-amd64/jre/lib/amd64/libzip.so
7fb90ae28000-7fb90ae34000 r-xp 00000000 08:03 3044450                    /lib/x86_64-linux-gnu/libnss_files-2.15.so
7fb90ae34000-7fb90b033000 ---p 0000c000 08:03 3044450                    /lib/x86_64-linux-gnu/libnss_files-2.15.so
7fb90b033000-7fb90b034000 r--p 0000b000 08:03 3044450                    /lib/x86_64-linux-gnu/libnss_files-2.15.so
7fb90b034000-7fb90b035000 rw-p 0000c000 08:03 3044450                    /lib/x86_64-linux-gnu/libnss_files-2.15.so
7fb90b035000-7fb90b03f000 r-xp 00000000 08:03 3044454                    /lib/x86_64-linux-gnu/libnss_nis-2.15.so
7fb90b03f000-7fb90b23f000 ---p 0000a000 08:03 3044454                    /lib/x86_64-linux-gnu/libnss_nis-2.15.so
7fb90b23f000-7fb90b240000 r--p 0000a000 08:03 3044454                    /lib/x86_64-linux-gnu/libnss_nis-2.15.so
7fb90b240000-7fb90b241000 rw-p 0000b000 08:03 3044454                    /lib/x86_64-linux-gnu/libnss_nis-2.15.so
7fb90b241000-7fb90b258000 r-xp 00000000 08:03 3044470                    /lib/x86_64-linux-gnu/libnsl-2.15.so
7fb90b258000-7fb90b457000 ---p 00017000 08:03 3044470                    /lib/x86_64-linux-gnu/libnsl-2.15.so
7fb90b457000-7fb90b458000 r--p 00016000 08:03 3044470                    /lib/x86_64-linux-gnu/libnsl-2.15.so
7fb90b458000-7fb90b459000 rw-p 00017000 08:03 3044470                    /lib/x86_64-linux-gnu/libnsl-2.15.so
7fb90b459000-7fb90b45b000 rw-p 00000000 00:00 0 
7fb90b45b000-7fb90b463000 r-xp 00000000 08:03 3044448                    /lib/x86_64-linux-gnu/libnss_compat-2.15.so
7fb90b463000-7fb90b662000 ---p 00008000 08:03 3044448                    /lib/x86_64-linux-gnu/libnss_compat-2.15.so
7fb90b662000-7fb90b663000 r--p 00007000 08:03 3044448                    /lib/x86_64-linux-gnu/libnss_compat-2.15.so
7fb90b663000-7fb90b664000 rw-p 00008000 08:03 3044448                    /lib/x86_64-linux-gnu/libnss_compat-2.15.so
7fb90b664000-7fb90b690000 r-xp 00000000 08:03 1966620                    /usr/lib/jvm/java-6-openjdk-amd64/jre/lib/amd64/libjava.so
7fb90b690000-7fb90b88f000 ---p 0002c000 08:03 1966620                    /usr/lib/jvm/java-6-openjdk-amd64/jre/lib/amd64/libjava.so
7fb90b88f000-7fb90b890000 r--p 0002b000 08:03 1966620                    /usr/lib/jvm/java-6-openjdk-amd64/jre/lib/amd64/libjava.so
7fb90b890000-7fb90b893000 rw-p 0002c000 08:03 1966620                    /usr/lib/jvm/java-6-openjdk-amd64/jre/lib/amd64/libjava.so
7fb90b893000-7fb90b8a1000 r-xp 00000000 08:03 1966637                    /usr/lib/jvm/java-6-openjdk-amd64/jre/lib/amd64/libverify.so
7fb90b8a1000-7fb90baa0000 ---p 0000e000 08:03 1966637                    /usr/lib/jvm/java-6-openjdk-amd64/jre/lib/amd64/libverify.so
7fb90baa0000-7fb90baa2000 r--p 0000d000 08:03 1966637                    /usr/lib/jvm/java-6-openjdk-amd64/jre/lib/amd64/libverify.so
7fb90baa2000-7fb90baa3000 rw-p 0000f000 08:03 1966637                    /usr/lib/jvm/java-6-openjdk-amd64/jre/lib/amd64/libverify.so
7fb90baa3000-7fb90baaa000 r-xp 00000000 08:03 3044453                    /lib/x86_64-linux-gnu/librt-2.15.so
7fb90baaa000-7fb90bca9000 ---p 00007000 08:03 3044453                    /lib/x86_64-linux-gnu/librt-2.15.so
7fb90bca9000-7fb90bcaa000 r--p 00006000 08:03 3044453                    /lib/x86_64-linux-gnu/librt-2.15.so
7fb90bcaa000-7fb90bcab000 rw-p 00007000 08:03 3044453                    /lib/x86_64-linux-gnu/librt-2.15.so
7fb90bcab000-7fb90bcc0000 r-xp 00000000 08:03 3018368                    /lib/x86_64-linux-gnu/libgcc_s.so.1
7fb90bcc0000-7fb90bebf000 ---p 00015000 08:03 3018368                    /lib/x86_64-linux-gnu/libgcc_s.so.1
7fb90bebf000-7fb90bec0000 r--p 00014000 08:03 3018368                    /lib/x86_64-linux-gnu/libgcc_s.so.1
7fb90bec0000-7fb90bec1000 rw-p 00015000 08:03 3018368                    /lib/x86_64-linux-gnu/libgcc_s.so.1
7fb90bec1000-7fb90bfbc000 r-xp 00000000 08:03 3044459                    /lib/x86_64-linux-gnu/libm-2.15.so
7fb90bfbc000-7fb90c1bb000 ---p 000fb000 08:03 3044459                    /lib/x86_64-linux-gnu/libm-2.15.so
7fb90c1bb000-7fb90c1bc000 r--p 000fa000 08:03 3044459                    /lib/x86_64-linux-gnu/libm-2.15.so
7fb90c1bc000-7fb90c1bd000 rw-p 000fb000 08:03 3044459                    /lib/x86_64-linux-gnu/libm-2.15.so
7fb90c1bd000-7fb90c29f000 r-xp 00000000 08:03 6168267                    /usr/lib/x86_64-linux-gnu/libstdc++.so.6.0.16
7fb90c29f000-7fb90c49e000 ---p 000e2000 08:03 6168267                    /usr/lib/x86_64-linux-gnu/libstdc++.so.6.0.16
7fb90c49e000-7fb90c4a6000 r--p 000e1000 08:03 6168267                    /usr/lib/x86_64-linux-gnu/libstdc++.so.6.0.16
7fb90c4a6000-7fb90c4a8000 rw-p 000e9000 08:03 6168267                    /usr/lib/x86_64-linux-gnu/libstdc++.so.6.0.16
7fb90c4a8000-7fb90c4bd000 rw-p 00000000 00:00 0 
7fb90c4bd000-7fb90cdbd000 r-xp 00000000 08:03 1966652                    /usr/lib/jvm/java-6-openjdk-amd64/jre/lib/amd64/server/libjvm.so
7fb90cdbd000-7fb90cfbd000 ---p 00900000 08:03 1966652                    /usr/lib/jvm/java-6-openjdk-amd64/jre/lib/amd64/server/libjvm.so
7fb90cfbd000-7fb90d03e000 r--p 00900000 08:03 1966652                    /usr/lib/jvm/java-6-openjdk-amd64/jre/lib/amd64/server/libjvm.so
7fb90d03e000-7fb90d059000 rw-p 00981000 08:03 1966652                    /usr/lib/jvm/java-6-openjdk-amd64/jre/lib/amd64/server/libjvm.so
7fb90d059000-7fb90d082000 rw-p 00000000 00:00 0 
7fb90d082000-7fb90d098000 r-xp 00000000 08:03 3018458                    /lib/x86_64-linux-gnu/libz.so.1.2.3.4
7fb90d098000-7fb90d297000 ---p 00016000 08:03 3018458                    /lib/x86_64-linux-gnu/libz.so.1.2.3.4
7fb90d297000-7fb90d298000 r--p 00015000 08:03 3018458                    /lib/x86_64-linux-gnu/libz.so.1.2.3.4
7fb90d298000-7fb90d299000 rw-p 00016000 08:03 3018458                    /lib/x86_64-linux-gnu/libz.so.1.2.3.4
7fb90d299000-7fb90d44e000 r-xp 00000000 08:03 3044446                    /lib/x86_64-linux-gnu/libc-2.15.so
7fb90d44e000-7fb90d64e000 ---p 001b5000 08:03 3044446                    /lib/x86_64-linux-gnu/libc-2.15.so
7fb90d64e000-7fb90d652000 r--p 001b5000 08:03 3044446                    /lib/x86_64-linux-gnu/libc-2.15.so
7fb90d652000-7fb90d654000 rw-p 001b9000 08:03 3044446                    /lib/x86_64-linux-gnu/libc-2.15.so
7fb90d654000-7fb90d659000 rw-p 00000000 00:00 0 
7fb90d659000-7fb90d65b000 r-xp 00000000 08:03 3044463                    /lib/x86_64-linux-gnu/libdl-2.15.so
7fb90d65b000-7fb90d85b000 ---p 00002000 08:03 3044463                    /lib/x86_64-linux-gnu/libdl-2.15.so
7fb90d85b000-7fb90d85c000 r--p 00002000 08:03 3044463                    /lib/x86_64-linux-gnu/libdl-2.15.so
7fb90d85c000-7fb90d85d000 rw-p 00003000 08:03 3044463                    /lib/x86_64-linux-gnu/libdl-2.15.so
7fb90d85d000-7fb90d861000 r-xp 00000000 08:03 1966795                    /usr/lib/jvm/java-6-openjdk-amd64/jre/lib/amd64/jli/libjli.so
7fb90d861000-7fb90da60000 ---p 00004000 08:03 1966795                    /usr/lib/jvm/java-6-openjdk-amd64/jre/lib/amd64/jli/libjli.so
7fb90da60000-7fb90da61000 r--p 00003000 08:03 1966795                    /usr/lib/jvm/java-6-openjdk-amd64/jre/lib/amd64/jli/libjli.so
7fb90da61000-7fb90da62000 rw-p 00004000 08:03 1966795                    /usr/lib/jvm/java-6-openjdk-amd64/jre/lib/amd64/jli/libjli.so
7fb90da62000-7fb90da7a000 r-xp 00000000 08:03 3044455                    /lib/x86_64-linux-gnu/libpthread-2.15.so
7fb90da7a000-7fb90dc79000 ---p 00018000 08:03 3044455                    /lib/x86_64-linux-gnu/libpthread-2.15.so
7fb90dc79000-7fb90dc7a000 r--p 00017000 08:03 3044455                    /lib/x86_64-linux-gnu/libpthread-2.15.so
7fb90dc7a000-7fb90dc7b000 rw-p 00018000 08:03 3044455                    /lib/x86_64-linux-gnu/libpthread-2.15.so
7fb90dc7b000-7fb90dc7f000 rw-p 00000000 00:00 0 
7fb90dc7f000-7fb90dca1000 r-xp 00000000 08:03 3044460                    /lib/x86_64-linux-gnu/ld-2.15.so
7fb90dcb8000-7fb90dcc2000 rw-p 00000000 00:00 0 
7fb90dcc2000-7fb90dd78000 rw-p 00000000 00:00 0 
7fb90dd78000-7fb90dd7b000 ---p 00000000 00:00 0 
7fb90dd7b000-7fb90de7e000 rw-p 00000000 00:00 0 
7fb90de81000-7fb90de84000 r--s 0007f000 08:03 1966607                    /usr/lib/jvm/java-6-openjdk-common/jre/lib/jsse.jar
7fb90de84000-7fb90de86000 r--s 00002000 08:03 3982                       /usr/share/java/ant-launcher-1.8.2.jar
7fb90de86000-7fb90de88000 r--s 0000f000 08:03 1966577                    /usr/lib/jvm/java-6-openjdk-common/jre/lib/ext/pulse-java.jar
7fb90de88000-7fb90de8b000 r--s 00077000 08:03 1966579                    /usr/lib/jvm/java-6-openjdk-common/jre/lib/ext/localedata.jar
7fb90de8b000-7fb90de8c000 r--s 00007000 08:03 855                        /usr/share/java/java-atk-wrapper.jar
7fb90de8c000-7fb90de8f000 r--s 00031000 08:03 1966581                    /usr/lib/jvm/java-6-openjdk-common/jre/lib/ext/sunjce_provider.jar
7fb90de8f000-7fb90de91000 r--s 00001000 08:03 1966580                    /usr/lib/jvm/java-6-openjdk-common/jre/lib/ext/dnsns.jar
7fb90de91000-7fb90de95000 r--s 00039000 08:03 1966575                    /usr/lib/jvm/java-6-openjdk-common/jre/lib/ext/sunpkcs11.jar
7fb90de95000-7fb90de9d000 rw-s 00000000 08:03 2638055                    /tmp/hsperfdata_oleg/32214
7fb90de9d000-7fb90de9e000 rw-p 00000000 00:00 0 
7fb90de9e000-7fb90de9f000 r--p 00000000 00:00 0 
7fb90de9f000-7fb90dea1000 rw-p 00000000 00:00 0 
7fb90dea1000-7fb90dea2000 r--p 00022000 08:03 3044460                    /lib/x86_64-linux-gnu/ld-2.15.so
7fb90dea2000-7fb90dea4000 rw-p 00023000 08:03 3044460                    /lib/x86_64-linux-gnu/ld-2.15.so
7fff8b4da000-7fff8b4fb000 rw-p 00000000 00:00 0                          [stack]
7fff8b5ff000-7fff8b600000 r-xp 00000000 00:00 0                          [vdso]
ffffffffff600000-ffffffffff601000 r-xp 00000000 00:00 0                  [vsyscall]

VM Arguments:
jvm_args: -Dant.home=/usr/share/ant -Dant.library.dir=/usr/share/ant/lib 
java_command: org.apache.tools.ant.launch.Launcher -cp  -version
Launcher Type: SUN_STANDARD

Environment Variables:
PATH=/home/oleg/.rvm/gems/ruby-1.9.3-p327/bin:/home/oleg/.rvm/gems/ruby-1.9.3-p327@global/bin:/home/oleg/.rvm/rubies/ruby-1.9.3-p327/bin:/home/oleg/.rvm/bin:/usr/lib/lightdm/lightdm:/usr/local/sbin:/usr/local/bin:/usr/sbin:/usr/bin:/sbin:/bin:/usr/games:/home/oleg/sdk/platform-tools:/home/oleg/sdk/tools
LD_LIBRARY_PATH=/usr/lib/jvm/java-6-openjdk-amd64/jre/lib/amd64/server:/usr/lib/jvm/java-6-openjdk-amd64/jre/lib/amd64:/usr/lib/jvm/java-6-openjdk-amd64/jre/../lib/amd64
SHELL=/bin/bash
DISPLAY=:0.0

Signal Handlers:
SIGSEGV: [libjvm.so+0x7837c0], sa_mask[0]=0x7ffbfeff, sa_flags=0x10000004
SIGBUS: [libjvm.so+0x7837c0], sa_mask[0]=0x7ffbfeff, sa_flags=0x10000004
SIGFPE: [libjvm.so+0x647740], sa_mask[0]=0x7ffbfeff, sa_flags=0x10000004
SIGPIPE: [libjvm.so+0x647740], sa_mask[0]=0x7ffbfeff, sa_flags=0x10000004
SIGXFSZ: [libjvm.so+0x647740], sa_mask[0]=0x7ffbfeff, sa_flags=0x10000004
SIGILL: [libjvm.so+0x647740], sa_mask[0]=0x7ffbfeff, sa_flags=0x10000004
SIGUSR1: SIG_DFL, sa_mask[0]=0x00000000, sa_flags=0x00000000
SIGUSR2: [libjvm.so+0x647920], sa_mask[0]=0x00000000, sa_flags=0x10000004
SIGHUP: [libjvm.so+0x64a2f0], sa_mask[0]=0x7ffbfeff, sa_flags=0x10000004
SIGINT: [libjvm.so+0x64a2f0], sa_mask[0]=0x7ffbfeff, sa_flags=0x10000004
SIGTERM: [libjvm.so+0x64a2f0], sa_mask[0]=0x7ffbfeff, sa_flags=0x10000004
SIGQUIT: [libjvm.so+0x64a2f0], sa_mask[0]=0x7ffbfeff, sa_flags=0x10000004


---------------  S Y S T E M  ---------------

OS:Ubuntu 12.04 (precise)
uname:Linux 3.2.0-58-generic #88-Ubuntu SMP Tue Dec 3 17:37:58 UTC 2013 x86_64
libc:glibc 2.15 NPTL 2.15 
rlimit: STACK 8192k, CORE 0k, NPROC 79359, NOFILE 4096, AS infinity
load average:2.87 2.26 2.22

/proc/meminfo:
MemTotal:       10241552 kB
MemFree:          559912 kB
Buffers:          369296 kB
Cached:          3867264 kB
SwapCached:          236 kB
Active:          6083652 kB
Inactive:        2516156 kB
Active(anon):    3933052 kB
Inactive(anon):   494516 kB
Active(file):    2150600 kB
Inactive(file):  2021640 kB
Unevictable:          48 kB
Mlocked:              48 kB
SwapTotal:       6894588 kB
SwapFree:        6893572 kB
Dirty:              2832 kB
Writeback:             0 kB
AnonPages:       4363152 kB
Mapped:           654216 kB
Shmem:             64320 kB
Slab:             419752 kB
SReclaimable:     374908 kB
SUnreclaim:        44844 kB
KernelStack:        6768 kB
PageTables:        85188 kB
NFS_Unstable:          0 kB
Bounce:                0 kB
WritebackTmp:          0 kB
CommitLimit:    12015364 kB
Committed_AS:   11361356 kB
VmallocTotal:   34359738367 kB
VmallocUsed:      330352 kB
VmallocChunk:   34359405908 kB
HardwareCorrupted:     0 kB
AnonHugePages:         0 kB
HugePages_Total:       0
HugePages_Free:        0
HugePages_Rsvd:        0
HugePages_Surp:        0
Hugepagesize:       2048 kB
DirectMap4k:      248384 kB
DirectMap2M:     9187328 kB
DirectMap1G:     1048576 kB


CPU:total 2 (2 cores per cpu, 1 threads per core) family 16 model 6 stepping 3, cmov, cx8, fxsr, mmx, sse, sse2, sse3, popcnt, mmxext, 3dnowpref, lzcnt, sse4a

Memory: 4k page, physical 10241552k(559912k free), swap 6894588k(6893572k free)

vm_info: OpenJDK 64-Bit Server VM (20.0-b12) for linux-amd64 JRE (1.6.0_27-b27), built on Nov 16 2013 15:13:05 by "buildd" with gcc 4.6.3

time: Mon Apr 21 17:34:04 2014
elapsed time: 0 seconds

