#
# A fatal error has been detected by the Java Runtime Environment:
#
#  SIGSEGV (0xb) at pc=0x00007fbc2897dcbd, pid=8292, tid=140446054303488
#
# JRE version: 6.0_27-b27
# Java VM: OpenJDK 64-Bit Server VM (20.0-b12 mixed mode linux-amd64 compressed oops)
# Derivative: IcedTea6 1.12.6
# Distribution: Ubuntu 12.04 LTS, package 6b27-1.12.6-1ubuntu0.12.04.4
# Problematic frame:
# V  [libjvm.so+0x360cbd]  PhaseConservativeCoalesce::update_ifg(unsigned int, unsigned int, IndexSet*, IndexSet*)+0x2ed
#
# If you would like to submit a bug report, please include
# instructions how to reproduce the bug and visit:
#   https://bugs.launchpad.net/ubuntu/+source/openjdk-6/
#

---------------  T H R E A D  ---------------

Current thread (0x00007fbc20096800):  JavaThread "C2 CompilerThread0" daemon [_thread_in_native, id=8302, stack(0x00007fbc251d4000,0x00007fbc252d5000)]

siginfo:si_signo=SIGSEGV: si_errno=0, si_code=128 (), si_addr=0x0000000000000000

Registers:
RAX=0x00000000000006f6, RBX=0x00007fbc252d0c20, RCX=0x00007fbc051014b0, RDX=0x00007fbc2499d9e0
RSP=0x00007fbc252d0980, RBP=0x00007fbc252d0aa0, RSI=0x00a27fbbf8d6f0c0, RDI=0x00000000000022ce
R8 =0x00000000ffbfffff, R9 =0x0000000000000000, R10=0x0000000000000000, R11=0x0000000000000000
R12=0x0000000000001734, R13=0x0000000000000002, R14=0x0000000000000001, R15=0x0000000000100000
RIP=0x00007fbc2897dcbd, EFLAGS=0x0000000000010202, CSGSFS=0x0000000000000033, ERR=0x0000000000000000
  TRAPNO=0x000000000000000d

Top of Stack: (sp=0x00007fbc252d0980)
0x00007fbc252d0980:   000000000001e8d0 00007fbc04988be0
0x00007fbc252d0990:   00007fbc049b5790 00000000000000b8
0x00007fbc252d09a0:   00000000000000f8 00400000ffbfffff
0x00007fbc252d09b0:   000024fa00000000 00007fbc00000008
0x00007fbc252d09c0:   00007fbc040547c0 0000000000000026
0x00007fbc252d09d0:   00007fbc041e59c0 00007fbc00000026
0x00007fbc252d09e0:   00007fbc24a400a0 0000023e000f42a9
0x00007fbc252d09f0:   000006f900000014 0000000000000008
0x00007fbc252d0a00:   00007fbc04c52dc0 0000000000000007
0x00007fbc252d0a10:   00007fbc041c0c60 00007fbc00000026
0x00007fbc252d0a20:   00007fbc24a915e0 0000000000000008
0x00007fbc252d0a30:   000024fa00000000 00007fbc00000008
0x00007fbc252d0a40:   00007fbc040547c0 00007fbc00000026
0x00007fbc252d0a50:   00007fbc041e59c0 00007fbc00000026
0x00007fbc252d0a60:   00007fbc24a400a0 0000173600000026
0x00007fbc252d0a70:   00007fbc24a401e0 00007fbc046c5d30
0x00007fbc252d0a80:   00007fbc046c5d30 00007fbc252d0c20
0x00007fbc252d0a90:   0000000000000004 00007fbc048f1230
0x00007fbc252d0aa0:   00007fbc252d0b80 00007fbc2897e34f
0x00007fbc252d0ab0:   00007fbc046c5e60 00007fbc046c5e60
0x00007fbc252d0ac0:   00007fbc048f1230 00007fbc00000003
0x00007fbc252d0ad0:   00007fbc24a400a0 0000000000001f56
0x00007fbc252d0ae0:   00007fbc00001734 00007fbc252d0c40
0x00007fbc252d0af0:   00007fbc046c54f8 00007fbc046c5d30
0x00007fbc252d0b00:   000f42a900002505 00000000000ac590
0x00007fbc252d0b10:   000000000007f9e0 0000000000001734
0x00007fbc252d0b20:   00007fbc24a915e0 00007fbc046c54f8
0x00007fbc252d0b30:   0000000005001000 fffffffffc000000
0x00007fbc252d0b40:   ffffffffffffffff 00007fbc2889b639
0x00007fbc252d0b50:   00007fbc3c75c28f 0000000000000004
0x00007fbc252d0b60:   00007fbc048f1230 00007fbc252d0c20
0x00007fbc252d0b70:   0000000000000017 00007fbc048812e0 

Instructions: (pc=0x00007fbc2897dcbd)
0x00007fbc2897dc9d:   3c 80 48 8b 4a 78 48 89 fa 48 c1 e2 05 48 03 51
0x00007fbc2897dcad:   10 48 8b 4a 08 4a 8b 34 01 44 8b 85 08 ff ff ff
0x00007fbc2897dcbd:   42 8b 0c ae 41 21 c8 85 8d 0c ff ff ff 46 89 04
0x00007fbc2897dccd:   ae 0f 84 5c ff ff ff 83 2a 01 48 8d 14 78 48 8b 

Register to memory mapping:

RAX=0x00000000000006f6 is an unknown value
RBX=0x00007fbc252d0c20 is pointing into the stack for thread: 0x00007fbc20096800
RCX=0x00007fbc051014b0 is an unknown value
RDX=0x00007fbc2499d9e0 is an unknown value
RSP=0x00007fbc252d0980 is pointing into the stack for thread: 0x00007fbc20096800
RBP=0x00007fbc252d0aa0 is pointing into the stack for thread: 0x00007fbc20096800
RSI=0x00a27fbbf8d6f0c0 is an unknown value
RDI=0x00000000000022ce is an unknown value
R8 =0x00000000ffbfffff is an unknown value
R9 =0x0000000000000000 is an unknown value
R10=0x0000000000000000 is an unknown value
R11=0x0000000000000000 is an unknown value
R12=0x0000000000001734 is an unknown value
R13=0x0000000000000002 is an unknown value
R14=0x0000000000000001 is an unknown value
R15=0x0000000000100000 is an unknown value


Stack: [0x00007fbc251d4000,0x00007fbc252d5000],  sp=0x00007fbc252d0980,  free space=1010k
Native frames: (J=compiled Java code, j=interpreted, Vv=VM code, C=native code)
V  [libjvm.so+0x360cbd]  PhaseConservativeCoalesce::update_ifg(unsigned int, unsigned int, IndexSet*, IndexSet*)+0x2ed
V  [libjvm.so+0x36134f]  PhaseConservativeCoalesce::copy_copy(Node*, Node*, Block*, unsigned int)+0x4bf
V  [libjvm.so+0x3615e5]  PhaseConservativeCoalesce::coalesce(Block*)+0xa5
V  [libjvm.so+0x35ee82]  PhaseCoalesce::coalesce_driver()+0x42
V  [libjvm.so+0x31bb64]  PhaseChaitin::Register_Allocate()+0x484
V  [libjvm.so+0x379abf]  Compile::Code_Gen() [clone .part.263]+0x29f
V  [libjvm.so+0x37bd8a]  Compile::Compile(ciEnv*, C2Compiler*, ciMethod*, int, bool, bool)+0xb2a
V  [libjvm.so+0x3055a0]  C2Compiler::compile_method(ciEnv*, ciMethod*, int)+0xe0
V  [libjvm.so+0x3803f3]  CompileBroker::invoke_compiler_on_method(CompileTask*)+0x2a3
V  [libjvm.so+0x380d3b]  CompileBroker::compiler_thread_loop()+0x45b
V  [libjvm.so+0x74b368]  JavaThread::thread_main_inner()+0x58
V  [libjvm.so+0x64ac92]  java_start(Thread*)+0x112


Current CompileTask:
C2:   5155 201      java.util.Arrays.mergeSort([Ljava/lang/Object;[Ljava/lang/Object;III)V (234 bytes)


---------------  P R O C E S S  ---------------

Java Threads: ( => current thread )
  0x00007fbc202fb000 JavaThread "Thread-8" daemon [_thread_blocked, id=8324, stack(0x00007fbc24bcc000,0x00007fbc24ccd000)]
  0x00007fbc202ed800 JavaThread "Thread-7" daemon [_thread_blocked, id=8323, stack(0x00007fbc24acb000,0x00007fbc24bcc000)]
  0x00007fbc202e9000 JavaThread "process reaper" daemon [_thread_in_native, id=8321, stack(0x00007fbc24ccd000,0x00007fbc24dce000)]
  0x00007fbc2009c000 JavaThread "Low Memory Detector" daemon [_thread_blocked, id=8304, stack(0x00007fbc24fd2000,0x00007fbc250d3000)]
  0x00007fbc20099800 JavaThread "C2 CompilerThread1" daemon [_thread_in_native, id=8303, stack(0x00007fbc250d3000,0x00007fbc251d4000)]
=>0x00007fbc20096800 JavaThread "C2 CompilerThread0" daemon [_thread_in_native, id=8302, stack(0x00007fbc251d4000,0x00007fbc252d5000)]
  0x00007fbc20095800 JavaThread "Signal Dispatcher" daemon [_thread_blocked, id=8301, stack(0x00007fbc252d5000,0x00007fbc253d6000)]
  0x00007fbc20074800 JavaThread "Finalizer" daemon [_thread_blocked, id=8300, stack(0x00007fbc25abd000,0x00007fbc25bbe000)]
  0x00007fbc20072800 JavaThread "Reference Handler" daemon [_thread_blocked, id=8299, stack(0x00007fbc25bbe000,0x00007fbc25cbf000)]
  0x00007fbc20008000 JavaThread "main" [_thread_blocked, id=8295, stack(0x00007fbc29ed8000,0x00007fbc29fd9000)]

Other Threads:
  0x00007fbc2006d800 VMThread [stack: 0x00007fbc25cbf000,0x00007fbc25dc0000] [id=8298]
  0x00007fbc200a6800 WatcherThread [stack: 0x00007fbc24ed1000,0x00007fbc24fd2000] [id=8305]

VM state:not at safepoint (normal execution)

VM Mutex/Monitor currently owned by a thread: None

Heap
 PSYoungGen      total 46656K, used 7388K [0x00000007cbe00000, 0x00000007cf210000, 0x0000000800000000)
  eden space 40000K, 7% used [0x00000007cbe00000,0x00000007cc115900,0x00000007ce510000)
  from space 6656K, 63% used [0x00000007ceb90000,0x00000007cefb19d0,0x00000007cf210000)
  to   space 6656K, 0% used [0x00000007ce510000,0x00000007ce510000,0x00000007ceb90000)
 PSOldGen        total 106752K, used 0K [0x0000000763a00000, 0x000000076a240000, 0x00000007cbe00000)
  object space 106752K, 0% used [0x0000000763a00000,0x0000000763a00000,0x000000076a240000)
 PSPermGen       total 21248K, used 19035K [0x0000000759400000, 0x000000075a8c0000, 0x0000000763a00000)
  object space 21248K, 89% used [0x0000000759400000,0x000000075a696c98,0x000000075a8c0000)

Code Cache  [0x00007fbc1d000000, 0x00007fbc1d270000, 0x00007fbc20000000)
 total_blobs=481 nmethods=211 adapters=224 free_code_cache=49399104 largest_free_block=15552

Dynamic libraries:
00400000-00409000 r-xp 00000000 08:03 1971074                            /usr/lib/jvm/java-6-openjdk-amd64/jre/bin/java
00608000-00609000 r--p 00008000 08:03 1971074                            /usr/lib/jvm/java-6-openjdk-amd64/jre/bin/java
00609000-0060a000 rw-p 00009000 08:03 1971074                            /usr/lib/jvm/java-6-openjdk-amd64/jre/bin/java
02268000-02289000 rw-p 00000000 00:00 0                                  [heap]
759400000-75a8c0000 rw-p 00000000 00:00 0 
75a8c0000-763a00000 rw-p 00000000 00:00 0 
763a00000-76a240000 rw-p 00000000 00:00 0 
76a240000-7cbe00000 rw-p 00000000 00:00 0 
7cbe00000-7cf210000 rw-p 00000000 00:00 0 
7cf210000-800000000 rw-p 00000000 00:00 0 
7fbbe8000000-7fbbe8021000 rw-p 00000000 00:00 0 
7fbbe8021000-7fbbec000000 ---p 00000000 00:00 0 
7fbbec000000-7fbbec021000 rw-p 00000000 00:00 0 
7fbbec021000-7fbbf0000000 ---p 00000000 00:00 0 
7fbbf0000000-7fbbf0021000 rw-p 00000000 00:00 0 
7fbbf0021000-7fbbf4000000 ---p 00000000 00:00 0 
7fbbf4000000-7fbbf4021000 rw-p 00000000 00:00 0 
7fbbf4021000-7fbbf8000000 ---p 00000000 00:00 0 
7fbbf8000000-7fbbf9ab9000 rw-p 00000000 00:00 0 
7fbbf9ab9000-7fbbfc000000 ---p 00000000 00:00 0 
7fbbfc000000-7fbbfc021000 rw-p 00000000 00:00 0 
7fbbfc021000-7fbc00000000 ---p 00000000 00:00 0 
7fbc00000000-7fbc00021000 rw-p 00000000 00:00 0 
7fbc00021000-7fbc04000000 ---p 00000000 00:00 0 
7fbc04000000-7fbc052c3000 rw-p 00000000 00:00 0 
7fbc052c3000-7fbc08000000 ---p 00000000 00:00 0 
7fbc08000000-7fbc08021000 rw-p 00000000 00:00 0 
7fbc08021000-7fbc0c000000 ---p 00000000 00:00 0 
7fbc0c000000-7fbc0c021000 rw-p 00000000 00:00 0 
7fbc0c021000-7fbc10000000 ---p 00000000 00:00 0 
7fbc10000000-7fbc10021000 rw-p 00000000 00:00 0 
7fbc10021000-7fbc14000000 ---p 00000000 00:00 0 
7fbc14000000-7fbc14021000 rw-p 00000000 00:00 0 
7fbc14021000-7fbc18000000 ---p 00000000 00:00 0 
7fbc18000000-7fbc18021000 rw-p 00000000 00:00 0 
7fbc18021000-7fbc1c000000 ---p 00000000 00:00 0 
7fbc1d000000-7fbc1d270000 rwxp 00000000 00:00 0 
7fbc1d270000-7fbc2042f000 rw-p 00000000 00:00 0 
7fbc2042f000-7fbc24000000 ---p 00000000 00:00 0 
7fbc24958000-7fbc24acb000 rw-p 00000000 00:00 0 
7fbc24acb000-7fbc24ace000 ---p 00000000 00:00 0 
7fbc24ace000-7fbc24bcc000 rw-p 00000000 00:00 0 
7fbc24bcc000-7fbc24bcf000 ---p 00000000 00:00 0 
7fbc24bcf000-7fbc24ccd000 rw-p 00000000 00:00 0 
7fbc24ccd000-7fbc24cd0000 ---p 00000000 00:00 0 
7fbc24cd0000-7fbc24dce000 rw-p 00000000 00:00 0 
7fbc24dce000-7fbc24dd0000 r--s 00008000 08:03 4341306                    /home/oleg/sdk/tools/lib/emma_ant.jar
7fbc24dd0000-7fbc24dd8000 r--s 00061000 08:03 4341305                    /home/oleg/sdk/tools/lib/emma.jar
7fbc24dd8000-7fbc24dda000 r--s 0000d000 08:03 4341321                    /home/oleg/sdk/tools/lib/commons-codec-1.4.jar
7fbc24dda000-7fbc24ddc000 r--s 0000d000 08:03 4341280                    /home/oleg/sdk/tools/lib/commons-logging-1.1.1.jar
7fbc24ddc000-7fbc24de1000 r--s 00028000 08:03 4341340                    /home/oleg/sdk/tools/lib/httpcore-4.1.jar
7fbc24de1000-7fbc24de3000 r--s 00005000 08:03 4341325                    /home/oleg/sdk/tools/lib/httpmime-4.1.jar
7fbc24de3000-7fbc24deb000 r--s 0004e000 08:03 4341299                    /home/oleg/sdk/tools/lib/httpclient-4.1.1.jar
7fbc24deb000-7fbc24def000 r--s 00020000 08:03 4343070                    /home/oleg/sdk/tools/lib/commons-compress-1.0.jar
7fbc24def000-7fbc24df0000 r--s 00002000 08:03 4343076                    /home/oleg/sdk/tools/lib/dvlib.jar
7fbc24df0000-7fbc24df1000 r--s 0000a000 08:03 4341279                    /home/oleg/sdk/tools/lib/kxml2-2.3.0.jar
7fbc24df1000-7fbc24df4000 r--s 0000e000 08:03 4341293                    /home/oleg/sdk/tools/lib/layoutlib-api.jar
7fbc24df4000-7fbc24dfd000 r--s 0009d000 08:03 4341285                    /home/oleg/sdk/tools/lib/sdklib.jar
7fbc24dfd000-7fbc24e27000 r--s 001e9000 08:03 4341339                    /home/oleg/sdk/tools/lib/guava-15.0.jar
7fbc24e27000-7fbc24e29000 r--s 0000f000 08:03 4341323                    /home/oleg/sdk/tools/lib/common.jar
7fbc24e29000-7fbc24e2a000 r--s 00008000 08:03 4341281                    /home/oleg/sdk/tools/lib/manifest-merger.jar
7fbc24e2a000-7fbc24e2c000 r--s 00017000 08:03 4343072                    /home/oleg/sdk/tools/lib/ant-tasks.jar
7fbc24e2c000-7fbc24e8c000 r--s 00dc1000 08:03 1971635                    /usr/lib/jvm/java-6-openjdk-amd64/lib/tools.jar
7fbc24e8c000-7fbc24e8e000 r--s 00001000 08:03 6055                       /usr/share/java/ant-jdepend-1.8.2.jar
7fbc24e8e000-7fbc24e8f000 r--s 00000000 08:03 4436                       /usr/share/java/ant-apache-regexp-1.8.2.jar
7fbc24e8f000-7fbc24e90000 r--s 00009000 08:03 6057                       /usr/share/java/ant-jsch-1.8.2.jar
7fbc24e90000-7fbc24e91000 r--s 00000000 08:03 4365                       /usr/share/java/ant-apache-bsf-1.8.2.jar
7fbc24e91000-7fbc24e92000 r--s 00001000 08:03 6059                       /usr/share/java/ant-swing-1.8.2.jar
7fbc24e92000-7fbc24e94000 r--s 00013000 08:03 6053                       /usr/share/java/ant-commons-net-1.8.2.jar
7fbc24e94000-7fbc24e95000 r--s 00001000 08:03 6061                       /usr/share/java/ant-junit4-1.8.2.jar
7fbc24e95000-7fbc24e96000 r--s 00000000 08:03 5726                       /usr/share/java/ant-commons-logging-1.8.2.jar
7fbc24e96000-7fbc24e98000 r--s 00002000 08:03 3982                       /usr/share/java/ant-launcher-1.8.2.jar
7fbc24e98000-7fbc24e9a000 r--s 00001000 08:03 4364                       /usr/share/java/ant-apache-bcel-1.8.2.jar
7fbc24e9a000-7fbc24e9b000 r--s 00001000 08:03 6056                       /usr/share/java/ant-jmf-1.8.2.jar
7fbc24e9b000-7fbc24eb8000 r--s 001bc000 08:03 3981                       /usr/share/java/ant-1.8.2.jar
7fbc24eb8000-7fbc24ed1000 r--s 00144000 08:03 3918                       /usr/share/java/xercesImpl-2.11.0.jar
7fbc24ed1000-7fbc24ed2000 ---p 00000000 00:00 0 
7fbc24ed2000-7fbc24fd2000 rw-p 00000000 00:00 0 
7fbc24fd2000-7fbc24fd5000 ---p 00000000 00:00 0 
7fbc24fd5000-7fbc250d3000 rw-p 00000000 00:00 0 
7fbc250d3000-7fbc250d6000 ---p 00000000 00:00 0 
7fbc250d6000-7fbc251d4000 rw-p 00000000 00:00 0 
7fbc251d4000-7fbc251d7000 ---p 00000000 00:00 0 
7fbc251d7000-7fbc252d5000 rw-p 00000000 00:00 0 
7fbc252d5000-7fbc252d8000 ---p 00000000 00:00 0 
7fbc252d8000-7fbc253d6000 rw-p 00000000 00:00 0 
7fbc253d6000-7fbc25abd000 r--p 00000000 08:03 6167085                    /usr/lib/locale/locale-archive
7fbc25abd000-7fbc25ac0000 ---p 00000000 00:00 0 
7fbc25ac0000-7fbc25bbe000 rw-p 00000000 00:00 0 
7fbc25bbe000-7fbc25bc1000 ---p 00000000 00:00 0 
7fbc25bc1000-7fbc25cbf000 rw-p 00000000 00:00 0 
7fbc25cbf000-7fbc25cc0000 ---p 00000000 00:00 0 
7fbc25cc0000-7fbc260f6000 rw-p 00000000 00:00 0 
7fbc260f6000-7fbc2628a000 r--s 03822000 08:03 1971068                    /usr/lib/jvm/java-6-openjdk-amd64/jre/lib/rt.jar
7fbc2628a000-7fbc262b2000 rw-p 00000000 00:00 0 
7fbc262b2000-7fbc262b3000 ---p 00000000 00:00 0 
7fbc262b3000-7fbc263b3000 rw-p 00000000 00:00 0 
7fbc263b3000-7fbc263b4000 ---p 00000000 00:00 0 
7fbc263b4000-7fbc264bf000 rw-p 00000000 00:00 0 
7fbc264bf000-7fbc26507000 rw-p 00000000 00:00 0 
7fbc26507000-7fbc2653c000 rw-p 00000000 00:00 0 
7fbc2653c000-7fbc26849000 rw-p 00000000 00:00 0 
7fbc26849000-7fbc26854000 rw-p 00000000 00:00 0 
7fbc26854000-7fbc2689c000 rw-p 00000000 00:00 0 
7fbc2689c000-7fbc268d1000 rw-p 00000000 00:00 0 
7fbc268d1000-7fbc26bde000 rw-p 00000000 00:00 0 
7fbc26bde000-7fbc26bf9000 rw-p 00000000 00:00 0 
7fbc26bf9000-7fbc26d7f000 rw-p 00000000 00:00 0 
7fbc26d7f000-7fbc26d80000 rw-p 00000000 00:00 0 
7fbc26d80000-7fbc26d87000 r-xp 00000000 08:03 1966625                    /usr/lib/jvm/java-6-openjdk-amd64/jre/lib/amd64/libzip.so
7fbc26d87000-7fbc26f86000 ---p 00007000 08:03 1966625                    /usr/lib/jvm/java-6-openjdk-amd64/jre/lib/amd64/libzip.so
7fbc26f86000-7fbc26f87000 r--p 00006000 08:03 1966625                    /usr/lib/jvm/java-6-openjdk-amd64/jre/lib/amd64/libzip.so
7fbc26f87000-7fbc26f88000 rw-p 00007000 08:03 1966625                    /usr/lib/jvm/java-6-openjdk-amd64/jre/lib/amd64/libzip.so
7fbc26f88000-7fbc26f94000 r-xp 00000000 08:03 3044450                    /lib/x86_64-linux-gnu/libnss_files-2.15.so
7fbc26f94000-7fbc27193000 ---p 0000c000 08:03 3044450                    /lib/x86_64-linux-gnu/libnss_files-2.15.so
7fbc27193000-7fbc27194000 r--p 0000b000 08:03 3044450                    /lib/x86_64-linux-gnu/libnss_files-2.15.so
7fbc27194000-7fbc27195000 rw-p 0000c000 08:03 3044450                    /lib/x86_64-linux-gnu/libnss_files-2.15.so
7fbc27195000-7fbc2719f000 r-xp 00000000 08:03 3044454                    /lib/x86_64-linux-gnu/libnss_nis-2.15.so
7fbc2719f000-7fbc2739f000 ---p 0000a000 08:03 3044454                    /lib/x86_64-linux-gnu/libnss_nis-2.15.so
7fbc2739f000-7fbc273a0000 r--p 0000a000 08:03 3044454                    /lib/x86_64-linux-gnu/libnss_nis-2.15.so
7fbc273a0000-7fbc273a1000 rw-p 0000b000 08:03 3044454                    /lib/x86_64-linux-gnu/libnss_nis-2.15.so
7fbc273a1000-7fbc273b8000 r-xp 00000000 08:03 3044470                    /lib/x86_64-linux-gnu/libnsl-2.15.so
7fbc273b8000-7fbc275b7000 ---p 00017000 08:03 3044470                    /lib/x86_64-linux-gnu/libnsl-2.15.so
7fbc275b7000-7fbc275b8000 r--p 00016000 08:03 3044470                    /lib/x86_64-linux-gnu/libnsl-2.15.so
7fbc275b8000-7fbc275b9000 rw-p 00017000 08:03 3044470                    /lib/x86_64-linux-gnu/libnsl-2.15.so
7fbc275b9000-7fbc275bb000 rw-p 00000000 00:00 0 
7fbc275bb000-7fbc275c3000 r-xp 00000000 08:03 3044448                    /lib/x86_64-linux-gnu/libnss_compat-2.15.so
7fbc275c3000-7fbc277c2000 ---p 00008000 08:03 3044448                    /lib/x86_64-linux-gnu/libnss_compat-2.15.so
7fbc277c2000-7fbc277c3000 r--p 00007000 08:03 3044448                    /lib/x86_64-linux-gnu/libnss_compat-2.15.so
7fbc277c3000-7fbc277c4000 rw-p 00008000 08:03 3044448                    /lib/x86_64-linux-gnu/libnss_compat-2.15.so
7fbc277c4000-7fbc277f0000 r-xp 00000000 08:03 1966620                    /usr/lib/jvm/java-6-openjdk-amd64/jre/lib/amd64/libjava.so
7fbc277f0000-7fbc279ef000 ---p 0002c000 08:03 1966620                    /usr/lib/jvm/java-6-openjdk-amd64/jre/lib/amd64/libjava.so
7fbc279ef000-7fbc279f0000 r--p 0002b000 08:03 1966620                    /usr/lib/jvm/java-6-openjdk-amd64/jre/lib/amd64/libjava.so
7fbc279f0000-7fbc279f3000 rw-p 0002c000 08:03 1966620                    /usr/lib/jvm/java-6-openjdk-amd64/jre/lib/amd64/libjava.so
7fbc279f3000-7fbc27a01000 r-xp 00000000 08:03 1966637                    /usr/lib/jvm/java-6-openjdk-amd64/jre/lib/amd64/libverify.so
7fbc27a01000-7fbc27c00000 ---p 0000e000 08:03 1966637                    /usr/lib/jvm/java-6-openjdk-amd64/jre/lib/amd64/libverify.so
7fbc27c00000-7fbc27c02000 r--p 0000d000 08:03 1966637                    /usr/lib/jvm/java-6-openjdk-amd64/jre/lib/amd64/libverify.so
7fbc27c02000-7fbc27c03000 rw-p 0000f000 08:03 1966637                    /usr/lib/jvm/java-6-openjdk-amd64/jre/lib/amd64/libverify.so
7fbc27c03000-7fbc27c0a000 r-xp 00000000 08:03 3044453                    /lib/x86_64-linux-gnu/librt-2.15.so
7fbc27c0a000-7fbc27e09000 ---p 00007000 08:03 3044453                    /lib/x86_64-linux-gnu/librt-2.15.so
7fbc27e09000-7fbc27e0a000 r--p 00006000 08:03 3044453                    /lib/x86_64-linux-gnu/librt-2.15.so
7fbc27e0a000-7fbc27e0b000 rw-p 00007000 08:03 3044453                    /lib/x86_64-linux-gnu/librt-2.15.so
7fbc27e0b000-7fbc27e20000 r-xp 00000000 08:03 3018368                    /lib/x86_64-linux-gnu/libgcc_s.so.1
7fbc27e20000-7fbc2801f000 ---p 00015000 08:03 3018368                    /lib/x86_64-linux-gnu/libgcc_s.so.1
7fbc2801f000-7fbc28020000 r--p 00014000 08:03 3018368                    /lib/x86_64-linux-gnu/libgcc_s.so.1
7fbc28020000-7fbc28021000 rw-p 00015000 08:03 3018368                    /lib/x86_64-linux-gnu/libgcc_s.so.1
7fbc28021000-7fbc2811c000 r-xp 00000000 08:03 3044459                    /lib/x86_64-linux-gnu/libm-2.15.so
7fbc2811c000-7fbc2831b000 ---p 000fb000 08:03 3044459                    /lib/x86_64-linux-gnu/libm-2.15.so
7fbc2831b000-7fbc2831c000 r--p 000fa000 08:03 3044459                    /lib/x86_64-linux-gnu/libm-2.15.so
7fbc2831c000-7fbc2831d000 rw-p 000fb000 08:03 3044459                    /lib/x86_64-linux-gnu/libm-2.15.so
7fbc2831d000-7fbc283ff000 r-xp 00000000 08:03 6168267                    /usr/lib/x86_64-linux-gnu/libstdc++.so.6.0.16
7fbc283ff000-7fbc285fe000 ---p 000e2000 08:03 6168267                    /usr/lib/x86_64-linux-gnu/libstdc++.so.6.0.16
7fbc285fe000-7fbc28606000 r--p 000e1000 08:03 6168267                    /usr/lib/x86_64-linux-gnu/libstdc++.so.6.0.16
7fbc28606000-7fbc28608000 rw-p 000e9000 08:03 6168267                    /usr/lib/x86_64-linux-gnu/libstdc++.so.6.0.16
7fbc28608000-7fbc2861d000 rw-p 00000000 00:00 0 
7fbc2861d000-7fbc28f1d000 r-xp 00000000 08:03 1966652                    /usr/lib/jvm/java-6-openjdk-amd64/jre/lib/amd64/server/libjvm.so
7fbc28f1d000-7fbc2911d000 ---p 00900000 08:03 1966652                    /usr/lib/jvm/java-6-openjdk-amd64/jre/lib/amd64/server/libjvm.so
7fbc2911d000-7fbc2919e000 r--p 00900000 08:03 1966652                    /usr/lib/jvm/java-6-openjdk-amd64/jre/lib/amd64/server/libjvm.so
7fbc2919e000-7fbc291b9000 rw-p 00981000 08:03 1966652                    /usr/lib/jvm/java-6-openjdk-amd64/jre/lib/amd64/server/libjvm.so
7fbc291b9000-7fbc291e2000 rw-p 00000000 00:00 0 
7fbc291e2000-7fbc291f8000 r-xp 00000000 08:03 3018458                    /lib/x86_64-linux-gnu/libz.so.1.2.3.4
7fbc291f8000-7fbc293f7000 ---p 00016000 08:03 3018458                    /lib/x86_64-linux-gnu/libz.so.1.2.3.4
7fbc293f7000-7fbc293f8000 r--p 00015000 08:03 3018458                    /lib/x86_64-linux-gnu/libz.so.1.2.3.4
7fbc293f8000-7fbc293f9000 rw-p 00016000 08:03 3018458                    /lib/x86_64-linux-gnu/libz.so.1.2.3.4
7fbc293f9000-7fbc295ae000 r-xp 00000000 08:03 3044446                    /lib/x86_64-linux-gnu/libc-2.15.so
7fbc295ae000-7fbc297ae000 ---p 001b5000 08:03 3044446                    /lib/x86_64-linux-gnu/libc-2.15.so
7fbc297ae000-7fbc297b2000 r--p 001b5000 08:03 3044446                    /lib/x86_64-linux-gnu/libc-2.15.so
7fbc297b2000-7fbc297b4000 rw-p 001b9000 08:03 3044446                    /lib/x86_64-linux-gnu/libc-2.15.so
7fbc297b4000-7fbc297b9000 rw-p 00000000 00:00 0 
7fbc297b9000-7fbc297bb000 r-xp 00000000 08:03 3044463                    /lib/x86_64-linux-gnu/libdl-2.15.so
7fbc297bb000-7fbc299bb000 ---p 00002000 08:03 3044463                    /lib/x86_64-linux-gnu/libdl-2.15.so
7fbc299bb000-7fbc299bc000 r--p 00002000 08:03 3044463                    /lib/x86_64-linux-gnu/libdl-2.15.so
7fbc299bc000-7fbc299bd000 rw-p 00003000 08:03 3044463                    /lib/x86_64-linux-gnu/libdl-2.15.so
7fbc299bd000-7fbc299c1000 r-xp 00000000 08:03 1966795                    /usr/lib/jvm/java-6-openjdk-amd64/jre/lib/amd64/jli/libjli.so
7fbc299c1000-7fbc29bc0000 ---p 00004000 08:03 1966795                    /usr/lib/jvm/java-6-openjdk-amd64/jre/lib/amd64/jli/libjli.so
7fbc29bc0000-7fbc29bc1000 r--p 00003000 08:03 1966795                    /usr/lib/jvm/java-6-openjdk-amd64/jre/lib/amd64/jli/libjli.so
7fbc29bc1000-7fbc29bc2000 rw-p 00004000 08:03 1966795                    /usr/lib/jvm/java-6-openjdk-amd64/jre/lib/amd64/jli/libjli.so
7fbc29bc2000-7fbc29bda000 r-xp 00000000 08:03 3044455                    /lib/x86_64-linux-gnu/libpthread-2.15.so
7fbc29bda000-7fbc29dd9000 ---p 00018000 08:03 3044455                    /lib/x86_64-linux-gnu/libpthread-2.15.so
7fbc29dd9000-7fbc29dda000 r--p 00017000 08:03 3044455                    /lib/x86_64-linux-gnu/libpthread-2.15.so
7fbc29dda000-7fbc29ddb000 rw-p 00018000 08:03 3044455                    /lib/x86_64-linux-gnu/libpthread-2.15.so
7fbc29ddb000-7fbc29ddf000 rw-p 00000000 00:00 0 
7fbc29ddf000-7fbc29e01000 r-xp 00000000 08:03 3044460                    /lib/x86_64-linux-gnu/ld-2.15.so
7fbc29e01000-7fbc29e02000 r--s 00001000 08:03 6054                       /usr/share/java/ant-javamail-1.8.2.jar
7fbc29e02000-7fbc29e03000 r--s 00003000 08:03 6060                       /usr/share/java/ant-testutil-1.8.2.jar
7fbc29e03000-7fbc29e05000 r--s 00008000 08:03 4367                       /usr/share/java/ant-apache-oro-1.8.2.jar
7fbc29e05000-7fbc29e07000 r--s 00017000 08:03 6058                       /usr/share/java/ant-junit-1.8.2.jar
7fbc29e07000-7fbc29e08000 r--s 00000000 08:03 4366                       /usr/share/java/ant-apache-log4j-1.8.2.jar
7fbc29e08000-7fbc29e11000 r--s 00031000 08:03 3887                       /usr/share/java/xml-apis-1.4.01.jar
7fbc29e11000-7fbc29e18000 r--s 000fc000 08:03 1966589                    /usr/lib/jvm/java-6-openjdk-common/jre/lib/resources.jar
7fbc29e18000-7fbc29e22000 rw-p 00000000 00:00 0 
7fbc29e22000-7fbc29ed8000 rw-p 00000000 00:00 0 
7fbc29ed8000-7fbc29edb000 ---p 00000000 00:00 0 
7fbc29edb000-7fbc29fde000 rw-p 00000000 00:00 0 
7fbc29fde000-7fbc29fdf000 r--s 00001000 08:03 4012                       /usr/share/java/ant-antlr-1.8.2.jar
7fbc29fdf000-7fbc29fe0000 r--s 00000000 08:03 5725                       /usr/share/java/ant-apache-xalan2-1.8.2.jar
7fbc29fe0000-7fbc29fe1000 r--s 00000000 08:03 4610                       /usr/share/java/ant-apache-resolver-1.8.2.jar
7fbc29fe1000-7fbc29fe4000 r--s 0007f000 08:03 1966607                    /usr/lib/jvm/java-6-openjdk-common/jre/lib/jsse.jar
7fbc29fe4000-7fbc29fe6000 r--s 00002000 08:03 3982                       /usr/share/java/ant-launcher-1.8.2.jar
7fbc29fe6000-7fbc29fe8000 r--s 0000f000 08:03 1966577                    /usr/lib/jvm/java-6-openjdk-common/jre/lib/ext/pulse-java.jar
7fbc29fe8000-7fbc29feb000 r--s 00077000 08:03 1966579                    /usr/lib/jvm/java-6-openjdk-common/jre/lib/ext/localedata.jar
7fbc29feb000-7fbc29fec000 r--s 00007000 08:03 855                        /usr/share/java/java-atk-wrapper.jar
7fbc29fec000-7fbc29fef000 r--s 00031000 08:03 1966581                    /usr/lib/jvm/java-6-openjdk-common/jre/lib/ext/sunjce_provider.jar
7fbc29fef000-7fbc29ff1000 r--s 00001000 08:03 1966580                    /usr/lib/jvm/java-6-openjdk-common/jre/lib/ext/dnsns.jar
7fbc29ff1000-7fbc29ff5000 r--s 00039000 08:03 1966575                    /usr/lib/jvm/java-6-openjdk-common/jre/lib/ext/sunpkcs11.jar
7fbc29ff5000-7fbc29ffd000 rw-s 00000000 08:03 2636919                    /tmp/hsperfdata_oleg/8292
7fbc29ffd000-7fbc29ffe000 rw-p 00000000 00:00 0 
7fbc29ffe000-7fbc29fff000 r--p 00000000 00:00 0 
7fbc29fff000-7fbc2a001000 rw-p 00000000 00:00 0 
7fbc2a001000-7fbc2a002000 r--p 00022000 08:03 3044460                    /lib/x86_64-linux-gnu/ld-2.15.so
7fbc2a002000-7fbc2a004000 rw-p 00023000 08:03 3044460                    /lib/x86_64-linux-gnu/ld-2.15.so
7fff384c7000-7fff384e8000 rw-p 00000000 00:00 0                          [stack]
7fff38577000-7fff38578000 r-xp 00000000 00:00 0                          [vdso]
ffffffffff600000-ffffffffff601000 r-xp 00000000 00:00 0                  [vsyscall]

VM Arguments:
jvm_args: -Dant.home=/usr/share/ant -Dant.library.dir=/usr/share/ant/lib 
java_command: org.apache.tools.ant.launch.Launcher -cp  debug -f /home/oleg/CordovaMapsSample/platforms/android/build.xml -Dout.dir=ant-build -Dgen.absolute.dir=ant-gen
Launcher Type: SUN_STANDARD

Environment Variables:
PATH=/home/oleg/.rvm/gems/ruby-1.9.3-p327/bin:/home/oleg/.rvm/gems/ruby-1.9.3-p327@global/bin:/home/oleg/.rvm/rubies/ruby-1.9.3-p327/bin:/home/oleg/.rvm/bin:/usr/lib/lightdm/lightdm:/usr/local/sbin:/usr/local/bin:/usr/sbin:/usr/bin:/sbin:/bin:/usr/games:/home/oleg/sdk/platform-tools:/home/oleg/sdk/tools
LD_LIBRARY_PATH=/usr/lib/jvm/java-6-openjdk-amd64/jre/lib/amd64/server:/usr/lib/jvm/java-6-openjdk-amd64/jre/lib/amd64:/usr/lib/jvm/java-6-openjdk-amd64/jre/../lib/amd64
SHELL=/bin/bash
DISPLAY=:1.0

Signal Handlers:
SIGSEGV: [libjvm.so+0x7837c0], sa_mask[0]=0x7ffbfeff, sa_flags=0x10000004
SIGBUS: [libjvm.so+0x7837c0], sa_mask[0]=0x7ffbfeff, sa_flags=0x10000004
SIGFPE: [libjvm.so+0x647740], sa_mask[0]=0x7ffbfeff, sa_flags=0x10000004
SIGPIPE: [libjvm.so+0x647740], sa_mask[0]=0x7ffbfeff, sa_flags=0x10000004
SIGXFSZ: [libjvm.so+0x647740], sa_mask[0]=0x7ffbfeff, sa_flags=0x10000004
SIGILL: [libjvm.so+0x647740], sa_mask[0]=0x7ffbfeff, sa_flags=0x10000004
SIGUSR1: SIG_DFL, sa_mask[0]=0x00000000, sa_flags=0x00000000
SIGUSR2: [libjvm.so+0x647920], sa_mask[0]=0x00000000, sa_flags=0x10000004
SIGHUP: [libjvm.so+0x64a2f0], sa_mask[0]=0x7ffbfeff, sa_flags=0x10000004
SIGINT: [libjvm.so+0x64a2f0], sa_mask[0]=0x7ffbfeff, sa_flags=0x10000004
SIGTERM: [libjvm.so+0x64a2f0], sa_mask[0]=0x7ffbfeff, sa_flags=0x10000004
SIGQUIT: [libjvm.so+0x64a2f0], sa_mask[0]=0x7ffbfeff, sa_flags=0x10000004


---------------  S Y S T E M  ---------------

OS:Ubuntu 12.04 (precise)
uname:Linux 3.2.0-58-generic #88-Ubuntu SMP Tue Dec 3 17:37:58 UTC 2013 x86_64
libc:glibc 2.15 NPTL 2.15 
rlimit: STACK 8192k, CORE 0k, NPROC 79359, NOFILE 4096, AS infinity
load average:1.57 1.64 1.88

/proc/meminfo:
MemTotal:       10241552 kB
MemFree:         3040992 kB
Buffers:          190308 kB
Cached:          2517328 kB
SwapCached:            0 kB
Active:          4250960 kB
Inactive:        2147556 kB
Active(anon):    3693232 kB
Inactive(anon):    32816 kB
Active(file):     557728 kB
Inactive(file):  2114740 kB
Unevictable:          32 kB
Mlocked:              32 kB
SwapTotal:       6894588 kB
SwapFree:        6894588 kB
Dirty:              5996 kB
Writeback:             0 kB
AnonPages:       3690952 kB
Mapped:           547984 kB
Shmem:             35172 kB
Slab:             166144 kB
SReclaimable:     123236 kB
SUnreclaim:        42908 kB
KernelStack:        6776 kB
PageTables:        82060 kB
NFS_Unstable:          0 kB
Bounce:                0 kB
WritebackTmp:          0 kB
CommitLimit:    12015364 kB
Committed_AS:   10594472 kB
VmallocTotal:   34359738367 kB
VmallocUsed:      330348 kB
VmallocChunk:   34359405748 kB
HardwareCorrupted:     0 kB
AnonHugePages:         0 kB
HugePages_Total:       0
HugePages_Free:        0
HugePages_Rsvd:        0
HugePages_Surp:        0
Hugepagesize:       2048 kB
DirectMap4k:      229952 kB
DirectMap2M:     3962880 kB
DirectMap1G:     6291456 kB


CPU:total 2 (2 cores per cpu, 1 threads per core) family 16 model 6 stepping 3, cmov, cx8, fxsr, mmx, sse, sse2, sse3, popcnt, mmxext, 3dnowpref, lzcnt, sse4a

Memory: 4k page, physical 10241552k(3040992k free), swap 6894588k(6894588k free)

vm_info: OpenJDK 64-Bit Server VM (20.0-b12) for linux-amd64 JRE (1.6.0_27-b27), built on Nov 16 2013 15:13:05 by "buildd" with gcc 4.6.3

time: Mon Apr 21 18:43:14 2014
elapsed time: 5 seconds

