#
# A fatal error has been detected by the Java Runtime Environment:
#
#  SIGSEGV (0xb) at pc=0x00007fd1a38832f5, pid=30395, tid=140538189698816
#
# JRE version: 6.0_27-b27
# Java VM: OpenJDK 64-Bit Server VM (20.0-b12 mixed mode linux-amd64 compressed oops)
# Derivative: IcedTea6 1.12.6
# Distribution: Ubuntu 12.04 LTS, package 6b27-1.12.6-1ubuntu0.12.04.4
# Problematic frame:
# V  [libjvm.so+0x5e52f5]  Matcher::xform(Node*, int)+0x145
#
# If you would like to submit a bug report, please include
# instructions how to reproduce the bug and visit:
#   https://bugs.launchpad.net/ubuntu/+source/openjdk-6/
#

---------------  T H R E A D  ---------------

Current thread (0x00007fd19c099800):  JavaThread "C2 CompilerThread1" daemon [_thread_in_native, id=30406, stack(0x00007fd198cfd000,0x00007fd198dfe000)]

siginfo:si_signo=SIGSEGV: si_errno=0, si_code=128 (), si_addr=0x0000000000000000

Registers:
RAX=0x000000000000001c, RBX=0x00007fd1741a6e78, RCX=0x00007fd174235888, RDX=0x00007fd1742adc60
RSP=0x00007fd198df9b90, RBP=0x00007fd198df9c20, RSI=0x00a67fd17402a6a0, RDI=0x0000000000000000
R8 =0x0000000000000082, R9 =0x00007fd1741a6038, R10=0x00007fd198df9bd0, R11=0x00000000000000d2
R12=0x00007fd198df9ce0, R13=0x0000000000000001, R14=0x00007fd198dfa670, R15=0x00007fd174235770
RIP=0x00007fd1a38832f5, EFLAGS=0x0000000000010206, CSGSFS=0x0000000000000033, ERR=0x0000000000000000
  TRAPNO=0x000000000000000d

Top of Stack: (sp=0x00007fd198df9b90)
0x00007fd198df9b90:   00007fd17424d710 00007fd1800666d0
0x00007fd198df9ba0:   00007fd19c00f510 0000000000007fd8
0x00007fd198df9bb0:   00007fd180078510 00007fd198df9d00
0x00007fd198df9bc0:   0000000198df9c00 00007fd198df9bd0
0x00007fd198df9bd0:   00007fd1742ae000 00007fd1742e6220
0x00007fd198df9be0:   00007fd1742adc60 00007fd19c00f510
0x00007fd198df9bf0:   00007fd198dfc1b8 00007fd198df9ce0
0x00007fd198df9c00:   0000000000000e17 00007fd17426d760
0x00007fd198df9c10:   00007fd198dfc1b8 00007fd174245b50
0x00007fd198df9c20:   00007fd198df9cd0 00007fd1a3883fa5
0x00007fd198df9c30:   00007fd198df9c70 0000000000000010
0x00007fd198df9c40:   0000000000000004 00007fd17401a9a0
0x00007fd198df9c50:   0000000000000020 0000000000000060
0x00007fd198df9c60:   0000000000000000 0000000000100000
0x00007fd198df9c70:   0000000000000000 00007fd198df9ce0
0x00007fd198df9c80:   0000000000100000 0000000000000000
0x00007fd198df9c90:   0000000000000000 00007fd1a3a4a350
0x00007fd198df9ca0:   00007fd198df9cd0 00007fd198dfc070
0x00007fd198df9cb0:   00007fd198df9ce0 00007fd198dfbf00
0x00007fd198df9cc0:   00007fd198dfc8c0 00007fd19c00f510
0x00007fd198df9cd0:   00007fd198dfb420 00007fd1a3617904
0x00007fd198df9ce0:   00007fd1a3e0c5b0 0000000000000005
0x00007fd198df9cf0:   00007fd198dfc070 00007fd19c00f510
0x00007fd198df9d00:   00007fd19c00f510 0000000000001000
0x00007fd198df9d10:   00007fd174225720 00007fd19c00f510
0x00007fd198df9d20:   0000000000001000 00007fd174198830
0x00007fd198df9d30:   0000000000000000 0000000000000000
0x00007fd198df9d40:   0000000000000000 0000000000000000
0x00007fd198df9d50:   0000000000000000 0000000000000000
0x00007fd198df9d60:   0000000000000000 0000000000000000
0x00007fd198df9d70:   0000000000000000 0000000000000000
0x00007fd198df9d80:   0000000000000000 0000000000000000 

Instructions: (pc=0x00007fd1a38832f5)
0x00007fd1a38832d5:   00 8b 41 f8 85 c0 0f 88 d7 00 00 00 48 8d 0c c5
0x00007fd1a38832e5:   00 00 00 00 49 03 4f 08 48 8b 31 48 85 f6 74 37
0x00007fd1a38832f5:   48 8b 7e 10 48 85 ff 74 2e 44 8b 46 20 44 89 c0
0x00007fd1a3883305:   48 8d 04 c7 eb 08 0f 1f 44 00 00 48 89 d0 4c 3b 

Register to memory mapping:

RAX=0x000000000000001c is an unknown value
RBX=0x00007fd1741a6e78 is an unknown value
RCX=0x00007fd174235888 is an unknown value
RDX=0x00007fd1742adc60 is an unknown value
RSP=0x00007fd198df9b90 is pointing into the stack for thread: 0x00007fd19c099800
RBP=0x00007fd198df9c20 is pointing into the stack for thread: 0x00007fd19c099800
RSI=0x00a67fd17402a6a0 is an unknown value
RDI=0x0000000000000000 is an unknown value
R8 =0x0000000000000082 is an unknown value
R9 =0x00007fd1741a6038 is an unknown value
R10=0x00007fd198df9bd0 is pointing into the stack for thread: 0x00007fd19c099800
R11=0x00000000000000d2 is an unknown value
R12=0x00007fd198df9ce0 is pointing into the stack for thread: 0x00007fd19c099800
R13=0x0000000000000001 is an unknown value
R14=0x00007fd198dfa670 is pointing into the stack for thread: 0x00007fd19c099800
R15=0x00007fd174235770 is an unknown value


Stack: [0x00007fd198cfd000,0x00007fd198dfe000],  sp=0x00007fd198df9b90,  free space=1010k
Native frames: (J=compiled Java code, j=interpreted, Vv=VM code, C=native code)
V  [libjvm.so+0x5e52f5]  Matcher::xform(Node*, int)+0x145
V  [libjvm.so+0x5e5fa5]  Matcher::match()+0x615
V  [libjvm.so+0x379904]  Compile::Code_Gen() [clone .part.263]+0xe4
V  [libjvm.so+0x37bd8a]  Compile::Compile(ciEnv*, C2Compiler*, ciMethod*, int, bool, bool)+0xb2a
V  [libjvm.so+0x3055a0]  C2Compiler::compile_method(ciEnv*, ciMethod*, int)+0xe0
V  [libjvm.so+0x3803f3]  CompileBroker::invoke_compiler_on_method(CompileTask*)+0x2a3
V  [libjvm.so+0x380d3b]  CompileBroker::compiler_thread_loop()+0x45b
V  [libjvm.so+0x74b368]  JavaThread::thread_main_inner()+0x58
V  [libjvm.so+0x64ac92]  java_start(Thread*)+0x112


Current CompileTask:
C2:    636  22      org.apache.xerces.impl.io.UTF8Reader.read([CII)I (1402 bytes)


---------------  P R O C E S S  ---------------

Java Threads: ( => current thread )
  0x00007fd19c09c000 JavaThread "Low Memory Detector" daemon [_thread_blocked, id=30407, stack(0x00007fd198bfc000,0x00007fd198cfd000)]
=>0x00007fd19c099800 JavaThread "C2 CompilerThread1" daemon [_thread_in_native, id=30406, stack(0x00007fd198cfd000,0x00007fd198dfe000)]
  0x00007fd19c096800 JavaThread "C2 CompilerThread0" daemon [_thread_blocked, id=30405, stack(0x00007fd198dfe000,0x00007fd198eff000)]
  0x00007fd19c095800 JavaThread "Signal Dispatcher" daemon [_thread_blocked, id=30404, stack(0x00007fd198eff000,0x00007fd199000000)]
  0x00007fd19c074800 JavaThread "Finalizer" daemon [_thread_blocked, id=30403, stack(0x00007fd1a073e000,0x00007fd1a083f000)]
  0x00007fd19c072800 JavaThread "Reference Handler" daemon [_thread_blocked, id=30402, stack(0x00007fd1a083f000,0x00007fd1a0940000)]
  0x00007fd19c008000 JavaThread "main" [_thread_in_Java, id=30398, stack(0x00007fd1a4b59000,0x00007fd1a4c5a000)]

Other Threads:
  0x00007fd19c06d800 VMThread [stack: 0x00007fd1a0940000,0x00007fd1a0a41000] [id=30401]
  0x00007fd19c09e800 WatcherThread [stack: 0x00007fd198afb000,0x00007fd198bfc000] [id=30408]

VM state:not at safepoint (normal execution)

VM Mutex/Monitor currently owned by a thread: None

Heap
 PSYoungGen      total 46656K, used 9634K [0x00000007cbe00000, 0x00000007cf210000, 0x0000000800000000)
  eden space 40000K, 24% used [0x00000007cbe00000,0x00000007cc7689c0,0x00000007ce510000)
  from space 6656K, 0% used [0x00000007ceb90000,0x00000007ceb90000,0x00000007cf210000)
  to   space 6656K, 0% used [0x00000007ce510000,0x00000007ce510000,0x00000007ceb90000)
 PSOldGen        total 106752K, used 0K [0x0000000763a00000, 0x000000076a240000, 0x00000007cbe00000)
  object space 106752K, 0% used [0x0000000763a00000,0x0000000763a00000,0x000000076a240000)
 PSPermGen       total 21248K, used 6738K [0x0000000759400000, 0x000000075a8c0000, 0x0000000763a00000)
  object space 21248K, 31% used [0x0000000759400000,0x0000000759a94808,0x000000075a8c0000)

Code Cache  [0x00007fd199000000, 0x00007fd199270000, 0x00007fd19c000000)
 total_blobs=230 nmethods=22 adapters=163 free_code_cache=49879936 largest_free_block=6400

Dynamic libraries:
00400000-00409000 r-xp 00000000 08:03 1971074                            /usr/lib/jvm/java-6-openjdk-amd64/jre/bin/java
00608000-00609000 r--p 00008000 08:03 1971074                            /usr/lib/jvm/java-6-openjdk-amd64/jre/bin/java
00609000-0060a000 rw-p 00009000 08:03 1971074                            /usr/lib/jvm/java-6-openjdk-amd64/jre/bin/java
00f0e000-00f2f000 rw-p 00000000 00:00 0                                  [heap]
759400000-75a8c0000 rw-p 00000000 00:00 0 
75a8c0000-763a00000 rw-p 00000000 00:00 0 
763a00000-76a240000 rw-p 00000000 00:00 0 
76a240000-7cbe00000 rw-p 00000000 00:00 0 
7cbe00000-7cf210000 rw-p 00000000 00:00 0 
7cf210000-800000000 rw-p 00000000 00:00 0 
7fd16c000000-7fd16c021000 rw-p 00000000 00:00 0 
7fd16c021000-7fd170000000 ---p 00000000 00:00 0 
7fd174000000-7fd1742e7000 rw-p 00000000 00:00 0 
7fd1742e7000-7fd178000000 ---p 00000000 00:00 0 
7fd178000000-7fd178021000 rw-p 00000000 00:00 0 
7fd178021000-7fd17c000000 ---p 00000000 00:00 0 
7fd17c000000-7fd17c021000 rw-p 00000000 00:00 0 
7fd17c021000-7fd180000000 ---p 00000000 00:00 0 
7fd180000000-7fd1801eb000 rw-p 00000000 00:00 0 
7fd1801eb000-7fd184000000 ---p 00000000 00:00 0 
7fd184000000-7fd184021000 rw-p 00000000 00:00 0 
7fd184021000-7fd188000000 ---p 00000000 00:00 0 
7fd188000000-7fd188021000 rw-p 00000000 00:00 0 
7fd188021000-7fd18c000000 ---p 00000000 00:00 0 
7fd18c000000-7fd18c021000 rw-p 00000000 00:00 0 
7fd18c021000-7fd190000000 ---p 00000000 00:00 0 
7fd190000000-7fd190021000 rw-p 00000000 00:00 0 
7fd190021000-7fd194000000 ---p 00000000 00:00 0 
7fd194000000-7fd194021000 rw-p 00000000 00:00 0 
7fd194021000-7fd198000000 ---p 00000000 00:00 0 
7fd198a9b000-7fd198afb000 r--s 00dc1000 08:03 1971635                    /usr/lib/jvm/java-6-openjdk-amd64/lib/tools.jar
7fd198afb000-7fd198afc000 ---p 00000000 00:00 0 
7fd198afc000-7fd198bfc000 rw-p 00000000 00:00 0 
7fd198bfc000-7fd198bff000 ---p 00000000 00:00 0 
7fd198bff000-7fd198cfd000 rw-p 00000000 00:00 0 
7fd198cfd000-7fd198d00000 ---p 00000000 00:00 0 
7fd198d00000-7fd198dfe000 rw-p 00000000 00:00 0 
7fd198dfe000-7fd198e01000 ---p 00000000 00:00 0 
7fd198e01000-7fd198eff000 rw-p 00000000 00:00 0 
7fd198eff000-7fd198f02000 ---p 00000000 00:00 0 
7fd198f02000-7fd199000000 rw-p 00000000 00:00 0 
7fd199000000-7fd199270000 rwxp 00000000 00:00 0 
7fd199270000-7fd19c1dd000 rw-p 00000000 00:00 0 
7fd19c1dd000-7fd1a0000000 ---p 00000000 00:00 0 
7fd1a0012000-7fd1a0014000 r--s 00001000 08:03 6055                       /usr/share/java/ant-jdepend-1.8.2.jar
7fd1a0014000-7fd1a0015000 r--s 00000000 08:03 4436                       /usr/share/java/ant-apache-regexp-1.8.2.jar
7fd1a0015000-7fd1a0016000 r--s 00009000 08:03 6057                       /usr/share/java/ant-jsch-1.8.2.jar
7fd1a0016000-7fd1a0017000 r--s 00000000 08:03 4365                       /usr/share/java/ant-apache-bsf-1.8.2.jar
7fd1a0017000-7fd1a0018000 r--s 00001000 08:03 6059                       /usr/share/java/ant-swing-1.8.2.jar
7fd1a0018000-7fd1a0035000 r--s 001bc000 08:03 3981                       /usr/share/java/ant-1.8.2.jar
7fd1a0035000-7fd1a003e000 r--s 00031000 08:03 3887                       /usr/share/java/xml-apis-1.4.01.jar
7fd1a003e000-7fd1a0057000 r--s 00144000 08:03 3918                       /usr/share/java/xercesImpl-2.11.0.jar
7fd1a0057000-7fd1a073e000 r--p 00000000 08:03 6167085                    /usr/lib/locale/locale-archive
7fd1a073e000-7fd1a0741000 ---p 00000000 00:00 0 
7fd1a0741000-7fd1a083f000 rw-p 00000000 00:00 0 
7fd1a083f000-7fd1a0842000 ---p 00000000 00:00 0 
7fd1a0842000-7fd1a0940000 rw-p 00000000 00:00 0 
7fd1a0940000-7fd1a0941000 ---p 00000000 00:00 0 
7fd1a0941000-7fd1a0d77000 rw-p 00000000 00:00 0 
7fd1a0d77000-7fd1a0f0b000 r--s 03822000 08:03 1971068                    /usr/lib/jvm/java-6-openjdk-amd64/jre/lib/rt.jar
7fd1a0f0b000-7fd1a0f33000 rw-p 00000000 00:00 0 
7fd1a0f33000-7fd1a0f34000 ---p 00000000 00:00 0 
7fd1a0f34000-7fd1a1034000 rw-p 00000000 00:00 0 
7fd1a1034000-7fd1a1035000 ---p 00000000 00:00 0 
7fd1a1035000-7fd1a1140000 rw-p 00000000 00:00 0 
7fd1a1140000-7fd1a1188000 rw-p 00000000 00:00 0 
7fd1a1188000-7fd1a11bd000 rw-p 00000000 00:00 0 
7fd1a11bd000-7fd1a14ca000 rw-p 00000000 00:00 0 
7fd1a14ca000-7fd1a14d5000 rw-p 00000000 00:00 0 
7fd1a14d5000-7fd1a151d000 rw-p 00000000 00:00 0 
7fd1a151d000-7fd1a1552000 rw-p 00000000 00:00 0 
7fd1a1552000-7fd1a185f000 rw-p 00000000 00:00 0 
7fd1a185f000-7fd1a187a000 rw-p 00000000 00:00 0 
7fd1a187a000-7fd1a1a00000 rw-p 00000000 00:00 0 
7fd1a1a00000-7fd1a1a01000 rw-p 00000000 00:00 0 
7fd1a1a01000-7fd1a1a08000 r-xp 00000000 08:03 1966625                    /usr/lib/jvm/java-6-openjdk-amd64/jre/lib/amd64/libzip.so
7fd1a1a08000-7fd1a1c07000 ---p 00007000 08:03 1966625                    /usr/lib/jvm/java-6-openjdk-amd64/jre/lib/amd64/libzip.so
7fd1a1c07000-7fd1a1c08000 r--p 00006000 08:03 1966625                    /usr/lib/jvm/java-6-openjdk-amd64/jre/lib/amd64/libzip.so
7fd1a1c08000-7fd1a1c09000 rw-p 00007000 08:03 1966625                    /usr/lib/jvm/java-6-openjdk-amd64/jre/lib/amd64/libzip.so
7fd1a1c09000-7fd1a1c15000 r-xp 00000000 08:03 3044450                    /lib/x86_64-linux-gnu/libnss_files-2.15.so
7fd1a1c15000-7fd1a1e14000 ---p 0000c000 08:03 3044450                    /lib/x86_64-linux-gnu/libnss_files-2.15.so
7fd1a1e14000-7fd1a1e15000 r--p 0000b000 08:03 3044450                    /lib/x86_64-linux-gnu/libnss_files-2.15.so
7fd1a1e15000-7fd1a1e16000 rw-p 0000c000 08:03 3044450                    /lib/x86_64-linux-gnu/libnss_files-2.15.so
7fd1a1e16000-7fd1a1e20000 r-xp 00000000 08:03 3044454                    /lib/x86_64-linux-gnu/libnss_nis-2.15.so
7fd1a1e20000-7fd1a2020000 ---p 0000a000 08:03 3044454                    /lib/x86_64-linux-gnu/libnss_nis-2.15.so
7fd1a2020000-7fd1a2021000 r--p 0000a000 08:03 3044454                    /lib/x86_64-linux-gnu/libnss_nis-2.15.so
7fd1a2021000-7fd1a2022000 rw-p 0000b000 08:03 3044454                    /lib/x86_64-linux-gnu/libnss_nis-2.15.so
7fd1a2022000-7fd1a2039000 r-xp 00000000 08:03 3044470                    /lib/x86_64-linux-gnu/libnsl-2.15.so
7fd1a2039000-7fd1a2238000 ---p 00017000 08:03 3044470                    /lib/x86_64-linux-gnu/libnsl-2.15.so
7fd1a2238000-7fd1a2239000 r--p 00016000 08:03 3044470                    /lib/x86_64-linux-gnu/libnsl-2.15.so
7fd1a2239000-7fd1a223a000 rw-p 00017000 08:03 3044470                    /lib/x86_64-linux-gnu/libnsl-2.15.so
7fd1a223a000-7fd1a223c000 rw-p 00000000 00:00 0 
7fd1a223c000-7fd1a2244000 r-xp 00000000 08:03 3044448                    /lib/x86_64-linux-gnu/libnss_compat-2.15.so
7fd1a2244000-7fd1a2443000 ---p 00008000 08:03 3044448                    /lib/x86_64-linux-gnu/libnss_compat-2.15.so
7fd1a2443000-7fd1a2444000 r--p 00007000 08:03 3044448                    /lib/x86_64-linux-gnu/libnss_compat-2.15.so
7fd1a2444000-7fd1a2445000 rw-p 00008000 08:03 3044448                    /lib/x86_64-linux-gnu/libnss_compat-2.15.so
7fd1a2445000-7fd1a2471000 r-xp 00000000 08:03 1966620                    /usr/lib/jvm/java-6-openjdk-amd64/jre/lib/amd64/libjava.so
7fd1a2471000-7fd1a2670000 ---p 0002c000 08:03 1966620                    /usr/lib/jvm/java-6-openjdk-amd64/jre/lib/amd64/libjava.so
7fd1a2670000-7fd1a2671000 r--p 0002b000 08:03 1966620                    /usr/lib/jvm/java-6-openjdk-amd64/jre/lib/amd64/libjava.so
7fd1a2671000-7fd1a2674000 rw-p 0002c000 08:03 1966620                    /usr/lib/jvm/java-6-openjdk-amd64/jre/lib/amd64/libjava.so
7fd1a2674000-7fd1a2682000 r-xp 00000000 08:03 1966637                    /usr/lib/jvm/java-6-openjdk-amd64/jre/lib/amd64/libverify.so
7fd1a2682000-7fd1a2881000 ---p 0000e000 08:03 1966637                    /usr/lib/jvm/java-6-openjdk-amd64/jre/lib/amd64/libverify.so
7fd1a2881000-7fd1a2883000 r--p 0000d000 08:03 1966637                    /usr/lib/jvm/java-6-openjdk-amd64/jre/lib/amd64/libverify.so
7fd1a2883000-7fd1a2884000 rw-p 0000f000 08:03 1966637                    /usr/lib/jvm/java-6-openjdk-amd64/jre/lib/amd64/libverify.so
7fd1a2884000-7fd1a288b000 r-xp 00000000 08:03 3044453                    /lib/x86_64-linux-gnu/librt-2.15.so
7fd1a288b000-7fd1a2a8a000 ---p 00007000 08:03 3044453                    /lib/x86_64-linux-gnu/librt-2.15.so
7fd1a2a8a000-7fd1a2a8b000 r--p 00006000 08:03 3044453                    /lib/x86_64-linux-gnu/librt-2.15.so
7fd1a2a8b000-7fd1a2a8c000 rw-p 00007000 08:03 3044453                    /lib/x86_64-linux-gnu/librt-2.15.so
7fd1a2a8c000-7fd1a2aa1000 r-xp 00000000 08:03 3018368                    /lib/x86_64-linux-gnu/libgcc_s.so.1
7fd1a2aa1000-7fd1a2ca0000 ---p 00015000 08:03 3018368                    /lib/x86_64-linux-gnu/libgcc_s.so.1
7fd1a2ca0000-7fd1a2ca1000 r--p 00014000 08:03 3018368                    /lib/x86_64-linux-gnu/libgcc_s.so.1
7fd1a2ca1000-7fd1a2ca2000 rw-p 00015000 08:03 3018368                    /lib/x86_64-linux-gnu/libgcc_s.so.1
7fd1a2ca2000-7fd1a2d9d000 r-xp 00000000 08:03 3044459                    /lib/x86_64-linux-gnu/libm-2.15.so
7fd1a2d9d000-7fd1a2f9c000 ---p 000fb000 08:03 3044459                    /lib/x86_64-linux-gnu/libm-2.15.so
7fd1a2f9c000-7fd1a2f9d000 r--p 000fa000 08:03 3044459                    /lib/x86_64-linux-gnu/libm-2.15.so
7fd1a2f9d000-7fd1a2f9e000 rw-p 000fb000 08:03 3044459                    /lib/x86_64-linux-gnu/libm-2.15.so
7fd1a2f9e000-7fd1a3080000 r-xp 00000000 08:03 6168267                    /usr/lib/x86_64-linux-gnu/libstdc++.so.6.0.16
7fd1a3080000-7fd1a327f000 ---p 000e2000 08:03 6168267                    /usr/lib/x86_64-linux-gnu/libstdc++.so.6.0.16
7fd1a327f000-7fd1a3287000 r--p 000e1000 08:03 6168267                    /usr/lib/x86_64-linux-gnu/libstdc++.so.6.0.16
7fd1a3287000-7fd1a3289000 rw-p 000e9000 08:03 6168267                    /usr/lib/x86_64-linux-gnu/libstdc++.so.6.0.16
7fd1a3289000-7fd1a329e000 rw-p 00000000 00:00 0 
7fd1a329e000-7fd1a3b9e000 r-xp 00000000 08:03 1966652                    /usr/lib/jvm/java-6-openjdk-amd64/jre/lib/amd64/server/libjvm.so
7fd1a3b9e000-7fd1a3d9e000 ---p 00900000 08:03 1966652                    /usr/lib/jvm/java-6-openjdk-amd64/jre/lib/amd64/server/libjvm.so
7fd1a3d9e000-7fd1a3e1f000 r--p 00900000 08:03 1966652                    /usr/lib/jvm/java-6-openjdk-amd64/jre/lib/amd64/server/libjvm.so
7fd1a3e1f000-7fd1a3e3a000 rw-p 00981000 08:03 1966652                    /usr/lib/jvm/java-6-openjdk-amd64/jre/lib/amd64/server/libjvm.so
7fd1a3e3a000-7fd1a3e63000 rw-p 00000000 00:00 0 
7fd1a3e63000-7fd1a3e79000 r-xp 00000000 08:03 3018458                    /lib/x86_64-linux-gnu/libz.so.1.2.3.4
7fd1a3e79000-7fd1a4078000 ---p 00016000 08:03 3018458                    /lib/x86_64-linux-gnu/libz.so.1.2.3.4
7fd1a4078000-7fd1a4079000 r--p 00015000 08:03 3018458                    /lib/x86_64-linux-gnu/libz.so.1.2.3.4
7fd1a4079000-7fd1a407a000 rw-p 00016000 08:03 3018458                    /lib/x86_64-linux-gnu/libz.so.1.2.3.4
7fd1a407a000-7fd1a422f000 r-xp 00000000 08:03 3044446                    /lib/x86_64-linux-gnu/libc-2.15.so
7fd1a422f000-7fd1a442f000 ---p 001b5000 08:03 3044446                    /lib/x86_64-linux-gnu/libc-2.15.so
7fd1a442f000-7fd1a4433000 r--p 001b5000 08:03 3044446                    /lib/x86_64-linux-gnu/libc-2.15.so
7fd1a4433000-7fd1a4435000 rw-p 001b9000 08:03 3044446                    /lib/x86_64-linux-gnu/libc-2.15.so
7fd1a4435000-7fd1a443a000 rw-p 00000000 00:00 0 
7fd1a443a000-7fd1a443c000 r-xp 00000000 08:03 3044463                    /lib/x86_64-linux-gnu/libdl-2.15.so
7fd1a443c000-7fd1a463c000 ---p 00002000 08:03 3044463                    /lib/x86_64-linux-gnu/libdl-2.15.so
7fd1a463c000-7fd1a463d000 r--p 00002000 08:03 3044463                    /lib/x86_64-linux-gnu/libdl-2.15.so
7fd1a463d000-7fd1a463e000 rw-p 00003000 08:03 3044463                    /lib/x86_64-linux-gnu/libdl-2.15.so
7fd1a463e000-7fd1a4642000 r-xp 00000000 08:03 1966795                    /usr/lib/jvm/java-6-openjdk-amd64/jre/lib/amd64/jli/libjli.so
7fd1a4642000-7fd1a4841000 ---p 00004000 08:03 1966795                    /usr/lib/jvm/java-6-openjdk-amd64/jre/lib/amd64/jli/libjli.so
7fd1a4841000-7fd1a4842000 r--p 00003000 08:03 1966795                    /usr/lib/jvm/java-6-openjdk-amd64/jre/lib/amd64/jli/libjli.so
7fd1a4842000-7fd1a4843000 rw-p 00004000 08:03 1966795                    /usr/lib/jvm/java-6-openjdk-amd64/jre/lib/amd64/jli/libjli.so
7fd1a4843000-7fd1a485b000 r-xp 00000000 08:03 3044455                    /lib/x86_64-linux-gnu/libpthread-2.15.so
7fd1a485b000-7fd1a4a5a000 ---p 00018000 08:03 3044455                    /lib/x86_64-linux-gnu/libpthread-2.15.so
7fd1a4a5a000-7fd1a4a5b000 r--p 00017000 08:03 3044455                    /lib/x86_64-linux-gnu/libpthread-2.15.so
7fd1a4a5b000-7fd1a4a5c000 rw-p 00018000 08:03 3044455                    /lib/x86_64-linux-gnu/libpthread-2.15.so
7fd1a4a5c000-7fd1a4a60000 rw-p 00000000 00:00 0 
7fd1a4a60000-7fd1a4a82000 r-xp 00000000 08:03 3044460                    /lib/x86_64-linux-gnu/ld-2.15.so
7fd1a4a82000-7fd1a4a84000 r--s 00013000 08:03 6053                       /usr/share/java/ant-commons-net-1.8.2.jar
7fd1a4a84000-7fd1a4a85000 r--s 00001000 08:03 6061                       /usr/share/java/ant-junit4-1.8.2.jar
7fd1a4a85000-7fd1a4a86000 r--s 00000000 08:03 5726                       /usr/share/java/ant-commons-logging-1.8.2.jar
7fd1a4a86000-7fd1a4a88000 r--s 00002000 08:03 3982                       /usr/share/java/ant-launcher-1.8.2.jar
7fd1a4a88000-7fd1a4a8a000 r--s 00001000 08:03 4364                       /usr/share/java/ant-apache-bcel-1.8.2.jar
7fd1a4a8a000-7fd1a4a8b000 r--s 00001000 08:03 6056                       /usr/share/java/ant-jmf-1.8.2.jar
7fd1a4a8b000-7fd1a4a8c000 r--s 00001000 08:03 6054                       /usr/share/java/ant-javamail-1.8.2.jar
7fd1a4a8c000-7fd1a4a8d000 r--s 00003000 08:03 6060                       /usr/share/java/ant-testutil-1.8.2.jar
7fd1a4a8d000-7fd1a4a8f000 r--s 00008000 08:03 4367                       /usr/share/java/ant-apache-oro-1.8.2.jar
7fd1a4a8f000-7fd1a4a91000 r--s 00017000 08:03 6058                       /usr/share/java/ant-junit-1.8.2.jar
7fd1a4a91000-7fd1a4a92000 r--s 00000000 08:03 4366                       /usr/share/java/ant-apache-log4j-1.8.2.jar
7fd1a4a92000-7fd1a4a99000 r--s 000fc000 08:03 1966589                    /usr/lib/jvm/java-6-openjdk-common/jre/lib/resources.jar
7fd1a4a99000-7fd1a4aa3000 rw-p 00000000 00:00 0 
7fd1a4aa3000-7fd1a4b59000 rw-p 00000000 00:00 0 
7fd1a4b59000-7fd1a4b5c000 ---p 00000000 00:00 0 
7fd1a4b5c000-7fd1a4c5f000 rw-p 00000000 00:00 0 
7fd1a4c5f000-7fd1a4c60000 r--s 00001000 08:03 4012                       /usr/share/java/ant-antlr-1.8.2.jar
7fd1a4c60000-7fd1a4c61000 r--s 00000000 08:03 5725                       /usr/share/java/ant-apache-xalan2-1.8.2.jar
7fd1a4c61000-7fd1a4c62000 r--s 00000000 08:03 4610                       /usr/share/java/ant-apache-resolver-1.8.2.jar
7fd1a4c62000-7fd1a4c65000 r--s 0007f000 08:03 1966607                    /usr/lib/jvm/java-6-openjdk-common/jre/lib/jsse.jar
7fd1a4c65000-7fd1a4c67000 r--s 00002000 08:03 3982                       /usr/share/java/ant-launcher-1.8.2.jar
7fd1a4c67000-7fd1a4c69000 r--s 0000f000 08:03 1966577                    /usr/lib/jvm/java-6-openjdk-common/jre/lib/ext/pulse-java.jar
7fd1a4c69000-7fd1a4c6c000 r--s 00077000 08:03 1966579                    /usr/lib/jvm/java-6-openjdk-common/jre/lib/ext/localedata.jar
7fd1a4c6c000-7fd1a4c6d000 r--s 00007000 08:03 855                        /usr/share/java/java-atk-wrapper.jar
7fd1a4c6d000-7fd1a4c70000 r--s 00031000 08:03 1966581                    /usr/lib/jvm/java-6-openjdk-common/jre/lib/ext/sunjce_provider.jar
7fd1a4c70000-7fd1a4c72000 r--s 00001000 08:03 1966580                    /usr/lib/jvm/java-6-openjdk-common/jre/lib/ext/dnsns.jar
7fd1a4c72000-7fd1a4c76000 r--s 00039000 08:03 1966575                    /usr/lib/jvm/java-6-openjdk-common/jre/lib/ext/sunpkcs11.jar
7fd1a4c76000-7fd1a4c7e000 rw-s 00000000 08:03 2637409                    /tmp/hsperfdata_oleg/30395
7fd1a4c7e000-7fd1a4c7f000 rw-p 00000000 00:00 0 
7fd1a4c7f000-7fd1a4c80000 r--p 00000000 00:00 0 
7fd1a4c80000-7fd1a4c82000 rw-p 00000000 00:00 0 
7fd1a4c82000-7fd1a4c83000 r--p 00022000 08:03 3044460                    /lib/x86_64-linux-gnu/ld-2.15.so
7fd1a4c83000-7fd1a4c85000 rw-p 00023000 08:03 3044460                    /lib/x86_64-linux-gnu/ld-2.15.so
7fff8e23d000-7fff8e25e000 rw-p 00000000 00:00 0                          [stack]
7fff8e373000-7fff8e374000 r-xp 00000000 00:00 0                          [vdso]
ffffffffff600000-ffffffffff601000 r-xp 00000000 00:00 0                  [vsyscall]

VM Arguments:
jvm_args: -Dant.home=/usr/share/ant -Dant.library.dir=/usr/share/ant/lib 
java_command: org.apache.tools.ant.launch.Launcher -cp  debug -f /home/oleg/CordovaMapsSample/platforms/android/build.xml -Dout.dir=ant-build -Dgen.absolute.dir=ant-gen
Launcher Type: SUN_STANDARD

Environment Variables:
PATH=/home/oleg/.rvm/gems/ruby-1.9.3-p327/bin:/home/oleg/.rvm/gems/ruby-1.9.3-p327@global/bin:/home/oleg/.rvm/rubies/ruby-1.9.3-p327/bin:/home/oleg/.rvm/bin:/usr/lib/lightdm/lightdm:/usr/local/sbin:/usr/local/bin:/usr/sbin:/usr/bin:/sbin:/bin:/usr/games:/home/oleg/sdk/platform-tools:/home/oleg/sdk/tools
LD_LIBRARY_PATH=/usr/lib/jvm/java-6-openjdk-amd64/jre/lib/amd64/server:/usr/lib/jvm/java-6-openjdk-amd64/jre/lib/amd64:/usr/lib/jvm/java-6-openjdk-amd64/jre/../lib/amd64
SHELL=/bin/bash
DISPLAY=:0.0

Signal Handlers:
SIGSEGV: [libjvm.so+0x7837c0], sa_mask[0]=0x7ffbfeff, sa_flags=0x10000004
SIGBUS: [libjvm.so+0x7837c0], sa_mask[0]=0x7ffbfeff, sa_flags=0x10000004
SIGFPE: [libjvm.so+0x647740], sa_mask[0]=0x7ffbfeff, sa_flags=0x10000004
SIGPIPE: [libjvm.so+0x647740], sa_mask[0]=0x7ffbfeff, sa_flags=0x10000004
SIGXFSZ: [libjvm.so+0x647740], sa_mask[0]=0x7ffbfeff, sa_flags=0x10000004
SIGILL: [libjvm.so+0x647740], sa_mask[0]=0x7ffbfeff, sa_flags=0x10000004
SIGUSR1: SIG_DFL, sa_mask[0]=0x00000000, sa_flags=0x00000000
SIGUSR2: [libjvm.so+0x647920], sa_mask[0]=0x00000000, sa_flags=0x10000004
SIGHUP: [libjvm.so+0x64a2f0], sa_mask[0]=0x7ffbfeff, sa_flags=0x10000004
SIGINT: [libjvm.so+0x64a2f0], sa_mask[0]=0x7ffbfeff, sa_flags=0x10000004
SIGTERM: [libjvm.so+0x64a2f0], sa_mask[0]=0x7ffbfeff, sa_flags=0x10000004
SIGQUIT: [libjvm.so+0x64a2f0], sa_mask[0]=0x7ffbfeff, sa_flags=0x10000004


---------------  S Y S T E M  ---------------

OS:Ubuntu 12.04 (precise)
uname:Linux 3.2.0-58-generic #88-Ubuntu SMP Tue Dec 3 17:37:58 UTC 2013 x86_64
libc:glibc 2.15 NPTL 2.15 
rlimit: STACK 8192k, CORE 0k, NPROC 79359, NOFILE 4096, AS infinity
load average:1.48 1.83 2.02

/proc/meminfo:
MemTotal:       10241552 kB
MemFree:          541632 kB
Buffers:          368640 kB
Cached:          3845316 kB
SwapCached:          236 kB
Active:          6059004 kB
Inactive:        2563240 kB
Active(anon):    3920708 kB
Inactive(anon):   548368 kB
Active(file):    2138296 kB
Inactive(file):  2014872 kB
Unevictable:          48 kB
Mlocked:              48 kB
SwapTotal:       6894588 kB
SwapFree:        6893572 kB
Dirty:              2076 kB
Writeback:             0 kB
AnonPages:       4407956 kB
Mapped:           665016 kB
Shmem:             60960 kB
Slab:             415268 kB
SReclaimable:     370292 kB
SUnreclaim:        44976 kB
KernelStack:        6672 kB
PageTables:        85140 kB
NFS_Unstable:          0 kB
Bounce:                0 kB
WritebackTmp:          0 kB
CommitLimit:    12015364 kB
Committed_AS:   11221316 kB
VmallocTotal:   34359738367 kB
VmallocUsed:      330352 kB
VmallocChunk:   34359405908 kB
HardwareCorrupted:     0 kB
AnonHugePages:         0 kB
HugePages_Total:       0
HugePages_Free:        0
HugePages_Rsvd:        0
HugePages_Surp:        0
Hugepagesize:       2048 kB
DirectMap4k:      248384 kB
DirectMap2M:     9187328 kB
DirectMap1G:     1048576 kB


CPU:total 2 (2 cores per cpu, 1 threads per core) family 16 model 6 stepping 3, cmov, cx8, fxsr, mmx, sse, sse2, sse3, popcnt, mmxext, 3dnowpref, lzcnt, sse4a

Memory: 4k page, physical 10241552k(541632k free), swap 6894588k(6893572k free)

vm_info: OpenJDK 64-Bit Server VM (20.0-b12) for linux-amd64 JRE (1.6.0_27-b27), built on Nov 16 2013 15:13:05 by "buildd" with gcc 4.6.3

time: Mon Apr 21 17:04:49 2014
elapsed time: 0 seconds

