#
# A fatal error has been detected by the Java Runtime Environment:
#
#  SIGSEGV (0xb) at pc=0x00007f7294990306, pid=29375, tid=140130039031552
#
# JRE version: 6.0_27-b27
# Java VM: OpenJDK 64-Bit Server VM (20.0-b12 mixed mode linux-amd64 compressed oops)
# Derivative: IcedTea6 1.12.6
# Distribution: Ubuntu 12.04 LTS, package 6b27-1.12.6-1ubuntu0.12.04.4
# Problematic frame:
# V  [libjvm.so+0x319306]  PhaseChaitin::gather_lrg_masks(bool)+0x5f6
#
# If you would like to submit a bug report, please include
# instructions how to reproduce the bug and visit:
#   https://bugs.launchpad.net/ubuntu/+source/openjdk-6/
#

---------------  T H R E A D  ---------------

Current thread (0x00007f728c096800):  JavaThread "C2 CompilerThread0" daemon [_thread_in_native, id=29385, stack(0x00007f729122e000,0x00007f729132f000)]

siginfo:si_signo=SIGSEGV: si_errno=0, si_code=128 (), si_addr=0x0000000000000000

Registers:
RAX=0x00227f7295178970, RBX=0x00007f72711dd008, RCX=0x00007f72702b6650, RDX=0x0000000000000008
RSP=0x00007f729132ac00, RBP=0x00007f729132ac60, RSI=0x0000000000000003, RDI=0x00007f72711dd008
R8 =0x0000000000000008, R9 =0x00000000000072c9, R10=0x00007f7270a04980, R11=0x00007f7270a04980
R12=0x00007f729132c3b0, R13=0x00007f72702b6650, R14=0x00007f729132c3b0, R15=0x0000000000000001
RIP=0x00007f7294990306, EFLAGS=0x0000000000010246, CSGSFS=0x0000000000000033, ERR=0x0000000000000000
  TRAPNO=0x000000000000000d

Top of Stack: (sp=0x00007f729132ac00)
0x00007f729132ac00:   00007f727099caa8 00007f7295213110
0x00007f729132ac10:   ffffffff000002f8 0100000000000008
0x00007f729132ac20:   00007f72702b6650 00007f7200000002
0x00007f729132ac30:   00007f729132ae00 00007f729132c3b0
0x00007f729132ac40:   00007f72700033d0 00007f729132ae00
0x00007f729132ac50:   00007f729132ad60 00007f729521c1c0
0x00007f729132ac60:   00007f729132ae50 00007f7294992b1d
0x00007f729132ac70:   0000000000000000 00007f729132c4d0
0x00007f729132ac80:   00007f72951fa580 0000000000000044
0x00007f729132ac90:   00007f72700037b8 00007f72700033e0
0x00007f729132aca0:   00007f72951d7bd0 000002520000000c
0x00007f729132acb0:   00007f729132d1f0 00007f729132c3b0
0x00007f729132acc0:   00007f7200000003 00007f72711601a0
0x00007f729132acd0:   00007f729132ad60 0000000000008890
0x00007f729132ace0:   0000000000000000 00007f7270456970
0x00007f729132acf0:   00007f728c0973c0 00007f72954d5f95
0x00007f729132ad00:   00007f729132ade0 00007f728c0973c0
0x00007f729132ad10:   00007f729132ad60 0000000000008890
0x00007f729132ad20:   0000000000000000 00007f7294dc3d56
0x00007f729132ad30:   00007f729132ad60 00007f7294dc3dd7
0x00007f729132ad40:   00007f729132ad80 00007f72948abb64
0x00007f729132ad50:   0000000000000020 00007f7270456970
0x00007f729132ad60:   00007f7200000009 00007f729132d1f0
0x00007f729132ad70:   00007f72706f4a60 00007f7270fd6920
0x00007f729132ad80:   00007f727103aaa0 00007f727104dea0
0x00007f729132ad90:   00007f7270369090 00007f729132c4d0
0x00007f729132ada0:   00007f729132c478 00007f7200001f49
0x00007f729132adb0:   00007f729132ae00 00007f728c0973c0
0x00007f729132adc0:   00007f720000000b 00007f729132d1f0
0x00007f729132add0:   00007f72909b3020 00007f729132c500
0x00007f729132ade0:   00007f7270a04980 00007f72000024fc
0x00007f729132adf0:   00007f729132ae00 00007f72700033e0 

Instructions: (pc=0x00007f7294990306)
0x00007f72949902e6:   39 00 85 c0 48 8b 55 a8 48 8b 4d a0 0f 84 5c fc
0x00007f72949902f6:   ff ff e9 53 fc ff ff 0f 1f 00 48 8b 03 48 89 df
0x00007f7294990306:   ff 90 c8 00 00 00 41 89 c7 e9 c5 fa ff ff 48 8b
0x00007f7294990316:   7d c8 c6 42 54 02 c6 42 55 01 48 89 55 a8 e8 c7 

Register to memory mapping:

RAX=0x00227f7295178970 is an unknown value
RBX=0x00007f72711dd008 is an unknown value
RCX=0x00007f72702b6650 is an unknown value
RDX=0x0000000000000008 is an unknown value
RSP=0x00007f729132ac00 is pointing into the stack for thread: 0x00007f728c096800
RBP=0x00007f729132ac60 is pointing into the stack for thread: 0x00007f728c096800
RSI=0x0000000000000003 is an unknown value
RDI=0x00007f72711dd008 is an unknown value
R8 =0x0000000000000008 is an unknown value
R9 =0x00000000000072c9 is an unknown value
R10=0x00007f7270a04980 is an unknown value
R11=0x00007f7270a04980 is an unknown value
R12=0x00007f729132c3b0 is pointing into the stack for thread: 0x00007f728c096800
R13=0x00007f72702b6650 is an unknown value
R14=0x00007f729132c3b0 is pointing into the stack for thread: 0x00007f728c096800
R15=0x0000000000000001 is an unknown value


Stack: [0x00007f729122e000,0x00007f729132f000],  sp=0x00007f729132ac00,  free space=1011k
Native frames: (J=compiled Java code, j=interpreted, Vv=VM code, C=native code)
V  [libjvm.so+0x319306]  PhaseChaitin::gather_lrg_masks(bool)+0x5f6
V  [libjvm.so+0x31bb1d]  PhaseChaitin::Register_Allocate()+0x43d
V  [libjvm.so+0x379abf]  Compile::Code_Gen() [clone .part.263]+0x29f
V  [libjvm.so+0x37bd8a]  Compile::Compile(ciEnv*, C2Compiler*, ciMethod*, int, bool, bool)+0xb2a
V  [libjvm.so+0x3055a0]  C2Compiler::compile_method(ciEnv*, ciMethod*, int)+0xe0
V  [libjvm.so+0x3803f3]  CompileBroker::invoke_compiler_on_method(CompileTask*)+0x2a3
V  [libjvm.so+0x380d3b]  CompileBroker::compiler_thread_loop()+0x45b
V  [libjvm.so+0x74b368]  JavaThread::thread_main_inner()+0x58
V  [libjvm.so+0x64ac92]  java_start(Thread*)+0x112


Current CompileTask:
C2:   5274 195      java.util.Arrays.mergeSort([Ljava/lang/Object;[Ljava/lang/Object;III)V (234 bytes)


---------------  P R O C E S S  ---------------

Java Threads: ( => current thread )
  0x00007f728c2a1000 JavaThread "Thread-6" daemon [_thread_blocked, id=29402, stack(0x00007f7290b25000,0x00007f7290c26000)]
  0x00007f728c2fd800 JavaThread "Thread-5" daemon [_thread_blocked, id=29401, stack(0x00007f7290c26000,0x00007f7290d27000)]
  0x00007f728c2f6800 JavaThread "process reaper" daemon [_thread_in_native, id=29399, stack(0x00007f7290d27000,0x00007f7290e28000)]
  0x00007f728c09c000 JavaThread "Low Memory Detector" daemon [_thread_blocked, id=29387, stack(0x00007f729102c000,0x00007f729112d000)]
  0x00007f728c099800 JavaThread "C2 CompilerThread1" daemon [_thread_in_native, id=29386, stack(0x00007f729112d000,0x00007f729122e000)]
=>0x00007f728c096800 JavaThread "C2 CompilerThread0" daemon [_thread_in_native, id=29385, stack(0x00007f729122e000,0x00007f729132f000)]
  0x00007f728c095800 JavaThread "Signal Dispatcher" daemon [_thread_blocked, id=29384, stack(0x00007f729132f000,0x00007f7291430000)]
  0x00007f728c074800 JavaThread "Finalizer" daemon [_thread_blocked, id=29383, stack(0x00007f7291b17000,0x00007f7291c18000)]
  0x00007f728c072800 JavaThread "Reference Handler" daemon [_thread_blocked, id=29382, stack(0x00007f7291c18000,0x00007f7291d19000)]
  0x00007f728c008000 JavaThread "main" [_thread_blocked, id=29378, stack(0x00007f7295f32000,0x00007f7296033000)]

Other Threads:
  0x00007f728c06d800 VMThread [stack: 0x00007f7291d19000,0x00007f7291e1a000] [id=29381]
  0x00007f728c09e800 WatcherThread [stack: 0x00007f7290f2b000,0x00007f729102c000] [id=29388]

VM state:not at safepoint (normal execution)

VM Mutex/Monitor currently owned by a thread: None

Heap
 PSYoungGen      total 86656K, used 4294K [0x00000007cbe00000, 0x00000007d1920000, 0x0000000800000000)
  eden space 80000K, 0% used [0x00000007cbe00000,0x00000007cbe000b0,0x00000007d0c20000)
  from space 6656K, 64% used [0x00000007d12a0000,0x00000007d16d19f0,0x00000007d1920000)
  to   space 6656K, 0% used [0x00000007d0c20000,0x00000007d0c20000,0x00000007d12a0000)
 PSOldGen        total 106752K, used 0K [0x0000000763a00000, 0x000000076a240000, 0x00000007cbe00000)
  object space 106752K, 0% used [0x0000000763a00000,0x0000000763a00000,0x000000076a240000)
 PSPermGen       total 21248K, used 19033K [0x0000000759400000, 0x000000075a8c0000, 0x0000000763a00000)
  object space 21248K, 89% used [0x0000000759400000,0x000000075a6966c8,0x000000075a8c0000)

Code Cache  [0x00007f7289000000, 0x00007f7289270000, 0x00007f728c000000)
 total_blobs=473 nmethods=203 adapters=224 free_code_cache=49427392 largest_free_block=17088

Dynamic libraries:
00400000-00409000 r-xp 00000000 08:03 1971074                            /usr/lib/jvm/java-6-openjdk-amd64/jre/bin/java
00608000-00609000 r--p 00008000 08:03 1971074                            /usr/lib/jvm/java-6-openjdk-amd64/jre/bin/java
00609000-0060a000 rw-p 00009000 08:03 1971074                            /usr/lib/jvm/java-6-openjdk-amd64/jre/bin/java
02065000-02086000 rw-p 00000000 00:00 0                                  [heap]
759400000-75a8c0000 rw-p 00000000 00:00 0 
75a8c0000-763a00000 rw-p 00000000 00:00 0 
763a00000-76a240000 rw-p 00000000 00:00 0 
76a240000-7cbe00000 rw-p 00000000 00:00 0 
7cbe00000-7d1920000 rw-p 00000000 00:00 0 
7d1920000-800000000 rw-p 00000000 00:00 0 
7f7254000000-7f7254021000 rw-p 00000000 00:00 0 
7f7254021000-7f7258000000 ---p 00000000 00:00 0 
7f7258000000-7f7258021000 rw-p 00000000 00:00 0 
7f7258021000-7f725c000000 ---p 00000000 00:00 0 
7f725c000000-7f725c021000 rw-p 00000000 00:00 0 
7f725c021000-7f7260000000 ---p 00000000 00:00 0 
7f7260000000-7f7260021000 rw-p 00000000 00:00 0 
7f7260021000-7f7264000000 ---p 00000000 00:00 0 
7f7264000000-7f7265a08000 rw-p 00000000 00:00 0 
7f7265a08000-7f7268000000 ---p 00000000 00:00 0 
7f7268000000-7f7268021000 rw-p 00000000 00:00 0 
7f7268021000-7f726c000000 ---p 00000000 00:00 0 
7f726c000000-7f726c021000 rw-p 00000000 00:00 0 
7f726c021000-7f7270000000 ---p 00000000 00:00 0 
7f7270000000-7f72712ca000 rw-p 00000000 00:00 0 
7f72712ca000-7f7274000000 ---p 00000000 00:00 0 
7f7274000000-7f7274021000 rw-p 00000000 00:00 0 
7f7274021000-7f7278000000 ---p 00000000 00:00 0 
7f7278000000-7f7278021000 rw-p 00000000 00:00 0 
7f7278021000-7f727c000000 ---p 00000000 00:00 0 
7f727c000000-7f727c021000 rw-p 00000000 00:00 0 
7f727c021000-7f7280000000 ---p 00000000 00:00 0 
7f7280000000-7f7280021000 rw-p 00000000 00:00 0 
7f7280021000-7f7284000000 ---p 00000000 00:00 0 
7f7284000000-7f7284021000 rw-p 00000000 00:00 0 
7f7284021000-7f7288000000 ---p 00000000 00:00 0 
7f7289000000-7f7289270000 rwxp 00000000 00:00 0 
7f7289270000-7f728c401000 rw-p 00000000 00:00 0 
7f728c401000-7f7290000000 ---p 00000000 00:00 0 
7f72909b3000-7f7290b25000 rw-p 00000000 00:00 0 
7f7290b25000-7f7290b28000 ---p 00000000 00:00 0 
7f7290b28000-7f7290c26000 rw-p 00000000 00:00 0 
7f7290c26000-7f7290c29000 ---p 00000000 00:00 0 
7f7290c29000-7f7290d27000 rw-p 00000000 00:00 0 
7f7290d27000-7f7290d2a000 ---p 00000000 00:00 0 
7f7290d2a000-7f7290e28000 rw-p 00000000 00:00 0 
7f7290e28000-7f7290e2a000 r--s 00008000 08:03 4341306                    /home/oleg/sdk/tools/lib/emma_ant.jar
7f7290e2a000-7f7290e32000 r--s 00061000 08:03 4341305                    /home/oleg/sdk/tools/lib/emma.jar
7f7290e32000-7f7290e34000 r--s 0000d000 08:03 4341321                    /home/oleg/sdk/tools/lib/commons-codec-1.4.jar
7f7290e34000-7f7290e36000 r--s 0000d000 08:03 4341280                    /home/oleg/sdk/tools/lib/commons-logging-1.1.1.jar
7f7290e36000-7f7290e3b000 r--s 00028000 08:03 4341340                    /home/oleg/sdk/tools/lib/httpcore-4.1.jar
7f7290e3b000-7f7290e3d000 r--s 00005000 08:03 4341325                    /home/oleg/sdk/tools/lib/httpmime-4.1.jar
7f7290e3d000-7f7290e45000 r--s 0004e000 08:03 4341299                    /home/oleg/sdk/tools/lib/httpclient-4.1.1.jar
7f7290e45000-7f7290e49000 r--s 00020000 08:03 4343070                    /home/oleg/sdk/tools/lib/commons-compress-1.0.jar
7f7290e49000-7f7290e4a000 r--s 00002000 08:03 4343076                    /home/oleg/sdk/tools/lib/dvlib.jar
7f7290e4a000-7f7290e4b000 r--s 0000a000 08:03 4341279                    /home/oleg/sdk/tools/lib/kxml2-2.3.0.jar
7f7290e4b000-7f7290e4e000 r--s 0000e000 08:03 4341293                    /home/oleg/sdk/tools/lib/layoutlib-api.jar
7f7290e4e000-7f7290e57000 r--s 0009d000 08:03 4341285                    /home/oleg/sdk/tools/lib/sdklib.jar
7f7290e57000-7f7290e81000 r--s 001e9000 08:03 4341339                    /home/oleg/sdk/tools/lib/guava-15.0.jar
7f7290e81000-7f7290e83000 r--s 0000f000 08:03 4341323                    /home/oleg/sdk/tools/lib/common.jar
7f7290e83000-7f7290e84000 r--s 00008000 08:03 4341281                    /home/oleg/sdk/tools/lib/manifest-merger.jar
7f7290e84000-7f7290e86000 r--s 00017000 08:03 4343072                    /home/oleg/sdk/tools/lib/ant-tasks.jar
7f7290e86000-7f7290ee6000 r--s 00dc1000 08:03 1971635                    /usr/lib/jvm/java-6-openjdk-amd64/lib/tools.jar
7f7290ee6000-7f7290ee8000 r--s 00001000 08:03 6055                       /usr/share/java/ant-jdepend-1.8.2.jar
7f7290ee8000-7f7290ee9000 r--s 00000000 08:03 4436                       /usr/share/java/ant-apache-regexp-1.8.2.jar
7f7290ee9000-7f7290eea000 r--s 00009000 08:03 6057                       /usr/share/java/ant-jsch-1.8.2.jar
7f7290eea000-7f7290eeb000 r--s 00000000 08:03 4365                       /usr/share/java/ant-apache-bsf-1.8.2.jar
7f7290eeb000-7f7290eec000 r--s 00001000 08:03 6059                       /usr/share/java/ant-swing-1.8.2.jar
7f7290eec000-7f7290eee000 r--s 00013000 08:03 6053                       /usr/share/java/ant-commons-net-1.8.2.jar
7f7290eee000-7f7290eef000 r--s 00001000 08:03 6061                       /usr/share/java/ant-junit4-1.8.2.jar
7f7290eef000-7f7290ef0000 r--s 00000000 08:03 5726                       /usr/share/java/ant-commons-logging-1.8.2.jar
7f7290ef0000-7f7290ef2000 r--s 00002000 08:03 3982                       /usr/share/java/ant-launcher-1.8.2.jar
7f7290ef2000-7f7290ef4000 r--s 00001000 08:03 4364                       /usr/share/java/ant-apache-bcel-1.8.2.jar
7f7290ef4000-7f7290ef5000 r--s 00001000 08:03 6056                       /usr/share/java/ant-jmf-1.8.2.jar
7f7290ef5000-7f7290f12000 r--s 001bc000 08:03 3981                       /usr/share/java/ant-1.8.2.jar
7f7290f12000-7f7290f2b000 r--s 00144000 08:03 3918                       /usr/share/java/xercesImpl-2.11.0.jar
7f7290f2b000-7f7290f2c000 ---p 00000000 00:00 0 
7f7290f2c000-7f729102c000 rw-p 00000000 00:00 0 
7f729102c000-7f729102f000 ---p 00000000 00:00 0 
7f729102f000-7f729112d000 rw-p 00000000 00:00 0 
7f729112d000-7f7291130000 ---p 00000000 00:00 0 
7f7291130000-7f729122e000 rw-p 00000000 00:00 0 
7f729122e000-7f7291231000 ---p 00000000 00:00 0 
7f7291231000-7f729132f000 rw-p 00000000 00:00 0 
7f729132f000-7f7291332000 ---p 00000000 00:00 0 
7f7291332000-7f7291430000 rw-p 00000000 00:00 0 
7f7291430000-7f7291b17000 r--p 00000000 08:03 6167085                    /usr/lib/locale/locale-archive
7f7291b17000-7f7291b1a000 ---p 00000000 00:00 0 
7f7291b1a000-7f7291c18000 rw-p 00000000 00:00 0 
7f7291c18000-7f7291c1b000 ---p 00000000 00:00 0 
7f7291c1b000-7f7291d19000 rw-p 00000000 00:00 0 
7f7291d19000-7f7291d1a000 ---p 00000000 00:00 0 
7f7291d1a000-7f7292150000 rw-p 00000000 00:00 0 
7f7292150000-7f72922e4000 r--s 03822000 08:03 1971068                    /usr/lib/jvm/java-6-openjdk-amd64/jre/lib/rt.jar
7f72922e4000-7f729230c000 rw-p 00000000 00:00 0 
7f729230c000-7f729230d000 ---p 00000000 00:00 0 
7f729230d000-7f729240d000 rw-p 00000000 00:00 0 
7f729240d000-7f729240e000 ---p 00000000 00:00 0 
7f729240e000-7f7292519000 rw-p 00000000 00:00 0 
7f7292519000-7f7292561000 rw-p 00000000 00:00 0 
7f7292561000-7f7292596000 rw-p 00000000 00:00 0 
7f7292596000-7f72928a3000 rw-p 00000000 00:00 0 
7f72928a3000-7f72928ae000 rw-p 00000000 00:00 0 
7f72928ae000-7f72928f6000 rw-p 00000000 00:00 0 
7f72928f6000-7f729292b000 rw-p 00000000 00:00 0 
7f729292b000-7f7292c38000 rw-p 00000000 00:00 0 
7f7292c38000-7f7292c66000 rw-p 00000000 00:00 0 
7f7292c66000-7f7292dd9000 rw-p 00000000 00:00 0 
7f7292dd9000-7f7292dda000 rw-p 00000000 00:00 0 
7f7292dda000-7f7292de1000 r-xp 00000000 08:03 1966625                    /usr/lib/jvm/java-6-openjdk-amd64/jre/lib/amd64/libzip.so
7f7292de1000-7f7292fe0000 ---p 00007000 08:03 1966625                    /usr/lib/jvm/java-6-openjdk-amd64/jre/lib/amd64/libzip.so
7f7292fe0000-7f7292fe1000 r--p 00006000 08:03 1966625                    /usr/lib/jvm/java-6-openjdk-amd64/jre/lib/amd64/libzip.so
7f7292fe1000-7f7292fe2000 rw-p 00007000 08:03 1966625                    /usr/lib/jvm/java-6-openjdk-amd64/jre/lib/amd64/libzip.so
7f7292fe2000-7f7292fee000 r-xp 00000000 08:03 3044450                    /lib/x86_64-linux-gnu/libnss_files-2.15.so
7f7292fee000-7f72931ed000 ---p 0000c000 08:03 3044450                    /lib/x86_64-linux-gnu/libnss_files-2.15.so
7f72931ed000-7f72931ee000 r--p 0000b000 08:03 3044450                    /lib/x86_64-linux-gnu/libnss_files-2.15.so
7f72931ee000-7f72931ef000 rw-p 0000c000 08:03 3044450                    /lib/x86_64-linux-gnu/libnss_files-2.15.so
7f72931ef000-7f72931f9000 r-xp 00000000 08:03 3044454                    /lib/x86_64-linux-gnu/libnss_nis-2.15.so
7f72931f9000-7f72933f9000 ---p 0000a000 08:03 3044454                    /lib/x86_64-linux-gnu/libnss_nis-2.15.so
7f72933f9000-7f72933fa000 r--p 0000a000 08:03 3044454                    /lib/x86_64-linux-gnu/libnss_nis-2.15.so
7f72933fa000-7f72933fb000 rw-p 0000b000 08:03 3044454                    /lib/x86_64-linux-gnu/libnss_nis-2.15.so
7f72933fb000-7f7293412000 r-xp 00000000 08:03 3044470                    /lib/x86_64-linux-gnu/libnsl-2.15.so
7f7293412000-7f7293611000 ---p 00017000 08:03 3044470                    /lib/x86_64-linux-gnu/libnsl-2.15.so
7f7293611000-7f7293612000 r--p 00016000 08:03 3044470                    /lib/x86_64-linux-gnu/libnsl-2.15.so
7f7293612000-7f7293613000 rw-p 00017000 08:03 3044470                    /lib/x86_64-linux-gnu/libnsl-2.15.so
7f7293613000-7f7293615000 rw-p 00000000 00:00 0 
7f7293615000-7f729361d000 r-xp 00000000 08:03 3044448                    /lib/x86_64-linux-gnu/libnss_compat-2.15.so
7f729361d000-7f729381c000 ---p 00008000 08:03 3044448                    /lib/x86_64-linux-gnu/libnss_compat-2.15.so
7f729381c000-7f729381d000 r--p 00007000 08:03 3044448                    /lib/x86_64-linux-gnu/libnss_compat-2.15.so
7f729381d000-7f729381e000 rw-p 00008000 08:03 3044448                    /lib/x86_64-linux-gnu/libnss_compat-2.15.so
7f729381e000-7f729384a000 r-xp 00000000 08:03 1966620                    /usr/lib/jvm/java-6-openjdk-amd64/jre/lib/amd64/libjava.so
7f729384a000-7f7293a49000 ---p 0002c000 08:03 1966620                    /usr/lib/jvm/java-6-openjdk-amd64/jre/lib/amd64/libjava.so
7f7293a49000-7f7293a4a000 r--p 0002b000 08:03 1966620                    /usr/lib/jvm/java-6-openjdk-amd64/jre/lib/amd64/libjava.so
7f7293a4a000-7f7293a4d000 rw-p 0002c000 08:03 1966620                    /usr/lib/jvm/java-6-openjdk-amd64/jre/lib/amd64/libjava.so
7f7293a4d000-7f7293a5b000 r-xp 00000000 08:03 1966637                    /usr/lib/jvm/java-6-openjdk-amd64/jre/lib/amd64/libverify.so
7f7293a5b000-7f7293c5a000 ---p 0000e000 08:03 1966637                    /usr/lib/jvm/java-6-openjdk-amd64/jre/lib/amd64/libverify.so
7f7293c5a000-7f7293c5c000 r--p 0000d000 08:03 1966637                    /usr/lib/jvm/java-6-openjdk-amd64/jre/lib/amd64/libverify.so
7f7293c5c000-7f7293c5d000 rw-p 0000f000 08:03 1966637                    /usr/lib/jvm/java-6-openjdk-amd64/jre/lib/amd64/libverify.so
7f7293c5d000-7f7293c64000 r-xp 00000000 08:03 3044453                    /lib/x86_64-linux-gnu/librt-2.15.so
7f7293c64000-7f7293e63000 ---p 00007000 08:03 3044453                    /lib/x86_64-linux-gnu/librt-2.15.so
7f7293e63000-7f7293e64000 r--p 00006000 08:03 3044453                    /lib/x86_64-linux-gnu/librt-2.15.so
7f7293e64000-7f7293e65000 rw-p 00007000 08:03 3044453                    /lib/x86_64-linux-gnu/librt-2.15.so
7f7293e65000-7f7293e7a000 r-xp 00000000 08:03 3018368                    /lib/x86_64-linux-gnu/libgcc_s.so.1
7f7293e7a000-7f7294079000 ---p 00015000 08:03 3018368                    /lib/x86_64-linux-gnu/libgcc_s.so.1
7f7294079000-7f729407a000 r--p 00014000 08:03 3018368                    /lib/x86_64-linux-gnu/libgcc_s.so.1
7f729407a000-7f729407b000 rw-p 00015000 08:03 3018368                    /lib/x86_64-linux-gnu/libgcc_s.so.1
7f729407b000-7f7294176000 r-xp 00000000 08:03 3044459                    /lib/x86_64-linux-gnu/libm-2.15.so
7f7294176000-7f7294375000 ---p 000fb000 08:03 3044459                    /lib/x86_64-linux-gnu/libm-2.15.so
7f7294375000-7f7294376000 r--p 000fa000 08:03 3044459                    /lib/x86_64-linux-gnu/libm-2.15.so
7f7294376000-7f7294377000 rw-p 000fb000 08:03 3044459                    /lib/x86_64-linux-gnu/libm-2.15.so
7f7294377000-7f7294459000 r-xp 00000000 08:03 6168267                    /usr/lib/x86_64-linux-gnu/libstdc++.so.6.0.16
7f7294459000-7f7294658000 ---p 000e2000 08:03 6168267                    /usr/lib/x86_64-linux-gnu/libstdc++.so.6.0.16
7f7294658000-7f7294660000 r--p 000e1000 08:03 6168267                    /usr/lib/x86_64-linux-gnu/libstdc++.so.6.0.16
7f7294660000-7f7294662000 rw-p 000e9000 08:03 6168267                    /usr/lib/x86_64-linux-gnu/libstdc++.so.6.0.16
7f7294662000-7f7294677000 rw-p 00000000 00:00 0 
7f7294677000-7f7294f77000 r-xp 00000000 08:03 1966652                    /usr/lib/jvm/java-6-openjdk-amd64/jre/lib/amd64/server/libjvm.so
7f7294f77000-7f7295177000 ---p 00900000 08:03 1966652                    /usr/lib/jvm/java-6-openjdk-amd64/jre/lib/amd64/server/libjvm.so
7f7295177000-7f72951f8000 r--p 00900000 08:03 1966652                    /usr/lib/jvm/java-6-openjdk-amd64/jre/lib/amd64/server/libjvm.so
7f72951f8000-7f7295213000 rw-p 00981000 08:03 1966652                    /usr/lib/jvm/java-6-openjdk-amd64/jre/lib/amd64/server/libjvm.so
7f7295213000-7f729523c000 rw-p 00000000 00:00 0 
7f729523c000-7f7295252000 r-xp 00000000 08:03 3018458                    /lib/x86_64-linux-gnu/libz.so.1.2.3.4
7f7295252000-7f7295451000 ---p 00016000 08:03 3018458                    /lib/x86_64-linux-gnu/libz.so.1.2.3.4
7f7295451000-7f7295452000 r--p 00015000 08:03 3018458                    /lib/x86_64-linux-gnu/libz.so.1.2.3.4
7f7295452000-7f7295453000 rw-p 00016000 08:03 3018458                    /lib/x86_64-linux-gnu/libz.so.1.2.3.4
7f7295453000-7f7295608000 r-xp 00000000 08:03 3044446                    /lib/x86_64-linux-gnu/libc-2.15.so
7f7295608000-7f7295808000 ---p 001b5000 08:03 3044446                    /lib/x86_64-linux-gnu/libc-2.15.so
7f7295808000-7f729580c000 r--p 001b5000 08:03 3044446                    /lib/x86_64-linux-gnu/libc-2.15.so
7f729580c000-7f729580e000 rw-p 001b9000 08:03 3044446                    /lib/x86_64-linux-gnu/libc-2.15.so
7f729580e000-7f7295813000 rw-p 00000000 00:00 0 
7f7295813000-7f7295815000 r-xp 00000000 08:03 3044463                    /lib/x86_64-linux-gnu/libdl-2.15.so
7f7295815000-7f7295a15000 ---p 00002000 08:03 3044463                    /lib/x86_64-linux-gnu/libdl-2.15.so
7f7295a15000-7f7295a16000 r--p 00002000 08:03 3044463                    /lib/x86_64-linux-gnu/libdl-2.15.so
7f7295a16000-7f7295a17000 rw-p 00003000 08:03 3044463                    /lib/x86_64-linux-gnu/libdl-2.15.so
7f7295a17000-7f7295a1b000 r-xp 00000000 08:03 1966795                    /usr/lib/jvm/java-6-openjdk-amd64/jre/lib/amd64/jli/libjli.so
7f7295a1b000-7f7295c1a000 ---p 00004000 08:03 1966795                    /usr/lib/jvm/java-6-openjdk-amd64/jre/lib/amd64/jli/libjli.so
7f7295c1a000-7f7295c1b000 r--p 00003000 08:03 1966795                    /usr/lib/jvm/java-6-openjdk-amd64/jre/lib/amd64/jli/libjli.so
7f7295c1b000-7f7295c1c000 rw-p 00004000 08:03 1966795                    /usr/lib/jvm/java-6-openjdk-amd64/jre/lib/amd64/jli/libjli.so
7f7295c1c000-7f7295c34000 r-xp 00000000 08:03 3044455                    /lib/x86_64-linux-gnu/libpthread-2.15.so
7f7295c34000-7f7295e33000 ---p 00018000 08:03 3044455                    /lib/x86_64-linux-gnu/libpthread-2.15.so
7f7295e33000-7f7295e34000 r--p 00017000 08:03 3044455                    /lib/x86_64-linux-gnu/libpthread-2.15.so
7f7295e34000-7f7295e35000 rw-p 00018000 08:03 3044455                    /lib/x86_64-linux-gnu/libpthread-2.15.so
7f7295e35000-7f7295e39000 rw-p 00000000 00:00 0 
7f7295e39000-7f7295e5b000 r-xp 00000000 08:03 3044460                    /lib/x86_64-linux-gnu/ld-2.15.so
7f7295e5b000-7f7295e5c000 r--s 00001000 08:03 6054                       /usr/share/java/ant-javamail-1.8.2.jar
7f7295e5c000-7f7295e5d000 r--s 00003000 08:03 6060                       /usr/share/java/ant-testutil-1.8.2.jar
7f7295e5d000-7f7295e5f000 r--s 00008000 08:03 4367                       /usr/share/java/ant-apache-oro-1.8.2.jar
7f7295e5f000-7f7295e61000 r--s 00017000 08:03 6058                       /usr/share/java/ant-junit-1.8.2.jar
7f7295e61000-7f7295e62000 r--s 00000000 08:03 4366                       /usr/share/java/ant-apache-log4j-1.8.2.jar
7f7295e62000-7f7295e6b000 r--s 00031000 08:03 3887                       /usr/share/java/xml-apis-1.4.01.jar
7f7295e6b000-7f7295e72000 r--s 000fc000 08:03 1966589                    /usr/lib/jvm/java-6-openjdk-common/jre/lib/resources.jar
7f7295e72000-7f7295e7c000 rw-p 00000000 00:00 0 
7f7295e7c000-7f7295f32000 rw-p 00000000 00:00 0 
7f7295f32000-7f7295f35000 ---p 00000000 00:00 0 
7f7295f35000-7f7296038000 rw-p 00000000 00:00 0 
7f7296038000-7f7296039000 r--s 00001000 08:03 4012                       /usr/share/java/ant-antlr-1.8.2.jar
7f7296039000-7f729603a000 r--s 00000000 08:03 5725                       /usr/share/java/ant-apache-xalan2-1.8.2.jar
7f729603a000-7f729603b000 r--s 00000000 08:03 4610                       /usr/share/java/ant-apache-resolver-1.8.2.jar
7f729603b000-7f729603e000 r--s 0007f000 08:03 1966607                    /usr/lib/jvm/java-6-openjdk-common/jre/lib/jsse.jar
7f729603e000-7f7296040000 r--s 00002000 08:03 3982                       /usr/share/java/ant-launcher-1.8.2.jar
7f7296040000-7f7296042000 r--s 0000f000 08:03 1966577                    /usr/lib/jvm/java-6-openjdk-common/jre/lib/ext/pulse-java.jar
7f7296042000-7f7296045000 r--s 00077000 08:03 1966579                    /usr/lib/jvm/java-6-openjdk-common/jre/lib/ext/localedata.jar
7f7296045000-7f7296046000 r--s 00007000 08:03 855                        /usr/share/java/java-atk-wrapper.jar
7f7296046000-7f7296049000 r--s 00031000 08:03 1966581                    /usr/lib/jvm/java-6-openjdk-common/jre/lib/ext/sunjce_provider.jar
7f7296049000-7f729604b000 r--s 00001000 08:03 1966580                    /usr/lib/jvm/java-6-openjdk-common/jre/lib/ext/dnsns.jar
7f729604b000-7f729604f000 r--s 00039000 08:03 1966575                    /usr/lib/jvm/java-6-openjdk-common/jre/lib/ext/sunpkcs11.jar
7f729604f000-7f7296057000 rw-s 00000000 08:03 2637365                    /tmp/hsperfdata_oleg/29375
7f7296057000-7f7296058000 rw-p 00000000 00:00 0 
7f7296058000-7f7296059000 r--p 00000000 00:00 0 
7f7296059000-7f729605b000 rw-p 00000000 00:00 0 
7f729605b000-7f729605c000 r--p 00022000 08:03 3044460                    /lib/x86_64-linux-gnu/ld-2.15.so
7f729605c000-7f729605e000 rw-p 00023000 08:03 3044460                    /lib/x86_64-linux-gnu/ld-2.15.so
7fffaf136000-7fffaf157000 rw-p 00000000 00:00 0                          [stack]
7fffaf1ff000-7fffaf200000 r-xp 00000000 00:00 0                          [vdso]
ffffffffff600000-ffffffffff601000 r-xp 00000000 00:00 0                  [vsyscall]

VM Arguments:
jvm_args: -Dant.home=/usr/share/ant -Dant.library.dir=/usr/share/ant/lib 
java_command: org.apache.tools.ant.launch.Launcher -cp  debug -f /home/oleg/CordovaMapsSample/platforms/android/build.xml -Dout.dir=ant-build -Dgen.absolute.dir=ant-gen
Launcher Type: SUN_STANDARD

Environment Variables:
PATH=/home/oleg/.rvm/gems/ruby-1.9.3-p327/bin:/home/oleg/.rvm/gems/ruby-1.9.3-p327@global/bin:/home/oleg/.rvm/rubies/ruby-1.9.3-p327/bin:/home/oleg/.rvm/bin:/usr/lib/lightdm/lightdm:/usr/local/sbin:/usr/local/bin:/usr/sbin:/usr/bin:/sbin:/bin:/usr/games:/home/oleg/sdk/platform-tools:/home/oleg/sdk/tools
LD_LIBRARY_PATH=/usr/lib/jvm/java-6-openjdk-amd64/jre/lib/amd64/server:/usr/lib/jvm/java-6-openjdk-amd64/jre/lib/amd64:/usr/lib/jvm/java-6-openjdk-amd64/jre/../lib/amd64
SHELL=/bin/bash
DISPLAY=:0.0

Signal Handlers:
SIGSEGV: [libjvm.so+0x7837c0], sa_mask[0]=0x7ffbfeff, sa_flags=0x10000004
SIGBUS: [libjvm.so+0x7837c0], sa_mask[0]=0x7ffbfeff, sa_flags=0x10000004
SIGFPE: [libjvm.so+0x647740], sa_mask[0]=0x7ffbfeff, sa_flags=0x10000004
SIGPIPE: [libjvm.so+0x647740], sa_mask[0]=0x7ffbfeff, sa_flags=0x10000004
SIGXFSZ: [libjvm.so+0x647740], sa_mask[0]=0x7ffbfeff, sa_flags=0x10000004
SIGILL: [libjvm.so+0x647740], sa_mask[0]=0x7ffbfeff, sa_flags=0x10000004
SIGUSR1: SIG_DFL, sa_mask[0]=0x00000000, sa_flags=0x00000000
SIGUSR2: [libjvm.so+0x647920], sa_mask[0]=0x00000000, sa_flags=0x10000004
SIGHUP: [libjvm.so+0x64a2f0], sa_mask[0]=0x7ffbfeff, sa_flags=0x10000004
SIGINT: [libjvm.so+0x64a2f0], sa_mask[0]=0x7ffbfeff, sa_flags=0x10000004
SIGTERM: [libjvm.so+0x64a2f0], sa_mask[0]=0x7ffbfeff, sa_flags=0x10000004
SIGQUIT: [libjvm.so+0x64a2f0], sa_mask[0]=0x7ffbfeff, sa_flags=0x10000004


---------------  S Y S T E M  ---------------

OS:Ubuntu 12.04 (precise)
uname:Linux 3.2.0-58-generic #88-Ubuntu SMP Tue Dec 3 17:37:58 UTC 2013 x86_64
libc:glibc 2.15 NPTL 2.15 
rlimit: STACK 8192k, CORE 0k, NPROC 79359, NOFILE 4096, AS infinity
load average:3.11 1.99 2.12

/proc/meminfo:
MemTotal:       10241552 kB
MemFree:          565512 kB
Buffers:          367236 kB
Cached:          3847112 kB
SwapCached:           16 kB
Active:          6009160 kB
Inactive:        2584876 kB
Active(anon):    3892268 kB
Inactive(anon):   562536 kB
Active(file):    2116892 kB
Inactive(file):  2022340 kB
Unevictable:          48 kB
Mlocked:              48 kB
SwapTotal:       6894588 kB
SwapFree:        6893568 kB
Dirty:              3964 kB
Writeback:             4 kB
AnonPages:       4379620 kB
Mapped:           684768 kB
Shmem:             75116 kB
Slab:             414568 kB
SReclaimable:     369528 kB
SUnreclaim:        45040 kB
KernelStack:        6552 kB
PageTables:        82008 kB
NFS_Unstable:          0 kB
Bounce:                0 kB
WritebackTmp:          0 kB
CommitLimit:    12015364 kB
Committed_AS:   11082948 kB
VmallocTotal:   34359738367 kB
VmallocUsed:      330352 kB
VmallocChunk:   34359405908 kB
HardwareCorrupted:     0 kB
AnonHugePages:         0 kB
HugePages_Total:       0
HugePages_Free:        0
HugePages_Rsvd:        0
HugePages_Surp:        0
Hugepagesize:       2048 kB
DirectMap4k:      248384 kB
DirectMap2M:     9187328 kB
DirectMap1G:     1048576 kB


CPU:total 2 (2 cores per cpu, 1 threads per core) family 16 model 6 stepping 3, cmov, cx8, fxsr, mmx, sse, sse2, sse3, popcnt, mmxext, 3dnowpref, lzcnt, sse4a

Memory: 4k page, physical 10241552k(565512k free), swap 6894588k(6893568k free)

vm_info: OpenJDK 64-Bit Server VM (20.0-b12) for linux-amd64 JRE (1.6.0_27-b27), built on Nov 16 2013 15:13:05 by "buildd" with gcc 4.6.3

time: Mon Apr 21 16:41:28 2014
elapsed time: 5 seconds

