#
# A fatal error has been detected by the Java Runtime Environment:
#
#  SIGSEGV (0xb) at pc=0x00007ffa5640a767, pid=10598, tid=140712995849984
#
# JRE version: 6.0_27-b27
# Java VM: OpenJDK 64-Bit Server VM (20.0-b12 mixed mode linux-amd64 compressed oops)
# Derivative: IcedTea6 1.12.6
# Distribution: Ubuntu 12.04 LTS, package 6b27-1.12.6-1ubuntu0.12.04.4
# Problematic frame:
# V  [libjvm.so+0x472767]  IndexSetIterator::advance_and_next()+0x77
#
# If you would like to submit a bug report, please include
# instructions how to reproduce the bug and visit:
#   https://bugs.launchpad.net/ubuntu/+source/openjdk-6/
#

---------------  T H R E A D  ---------------

Current thread (0x00007ffa50099800):  JavaThread "C2 CompilerThread1" daemon [_thread_in_native, id=10609, stack(0x00007ffa4c120000,0x00007ffa4c221000)]

siginfo:si_signo=SIGSEGV: si_errno=0, si_code=128 (), si_addr=0x0000000000000000

Registers:
RAX=0x00007ffa2c32b2e0, RBX=0x00007ffa4c21cbf0, RCX=0x0000000000000006, RDX=0x00827ffa56b3d1c0
RSP=0x00007ffa4c21cbb0, RBP=0x00007ffa4c21cbd0, RSI=0x0000000000000010, RDI=0x00007ffa4c21cbf0
R8 =0x0000000000800000, R9 =0x0000000000000000, R10=0x0000000000000000, R11=0x0000000001000000
R12=0x0000000000000005, R13=0x00007ffa56b3d1c0, R14=0x00007ffa4c21cdc0, R15=0x0000000000000018
RIP=0x00007ffa5640a767, EFLAGS=0x0000000000010206, CSGSFS=0x0000000000000033, ERR=0x0000000000000000
  TRAPNO=0x000000000000000d

Top of Stack: (sp=0x00007ffa4c21cbb0)
0x00007ffa4c21cbb0:   00007ffa4c21cbd0 0000000000000384
0x00007ffa4c21cbc0:   0000000000000004 0000000000000010
0x00007ffa4c21cbd0:   00007ffa4c21cc60 00007ffa564033b4
0x00007ffa4c21cbe0:   0000000000000000 00007ffa2c315390
0x00007ffa4c21cbf0:   000002f900000000 0000000000000008
0x00007ffa4c21cc00:   00827ffa56b3d1c0 0000000000000003
0x00007ffa4c21cc10:   00007ffa2c32b2e0 0000000000000006
0x00007ffa4c21cc20:   00007ffa2c32b2d0 00007ffa2c28f110
0x00007ffa4c21cc30:   00007ffa4c21ce00 00007ffa4c21e3b0
0x00007ffa4c21cc40:   00007ffa28070300 00007ffa4c21ce00
0x00007ffa4c21cc50:   00007ffa4c21cd60 00007ffa56b3d1c0
0x00007ffa4c21cc60:   00007ffa4c21ce50 00007ffa562b3b40
0x00007ffa4c21cc70:   0000000000000000 00007ffa4c21e4d0
0x00007ffa4c21cc80:   00007ffa56b1b580 00007ffa4c21cd50
0x00007ffa4c21cc90:   00007ffa280706e8 00007ffa28070310
0x00007ffa4c21cca0:   00007ffa56af8bd0 000000000000000c
0x00007ffa4c21ccb0:   00007ffa4c21f1f0 00007ffa4c21e3b0
0x00007ffa4c21ccc0:   00007ffa00000001 00007ffa4c21ccd0
0x00007ffa4c21ccd0:   00007ffa2834fd20 00007ffa56b3d1c0
0x00007ffa4c21cce0:   00007ffa56b3d1c0 00007ffa56b3d1c0
0x00007ffa4c21ccf0:   00007ffa56b3d1c0 00007ffa5652185b
0x00007ffa4c21cd00:   00007ffa4c21cde0 00007ffa566e4d56
0x00007ffa4c21cd10:   00007ffa280657b0 00007ffa566e4dd7
0x00007ffa4c21cd20:   00007ffa4c21cd60 00007ffa561ccb64
0x00007ffa4c21cd30:   00007ffa4c21cd60 00007ffa561ccc83
0x00007ffa4c21cd40:   00007ffa5000f510 0000000000007fd8
0x00007ffa4c21cd50:   0000000000000005 00007ffa2c24c5f0
0x00007ffa4c21cd60:   00007ffa00000009 00007ffa4c21f1f0
0x00007ffa4c21cd70:   00007ffa2c22c5c0 00007ffa2c10fa00
0x00007ffa4c21cd80:   00007ffa2c28c700 00007ffa2c28d300
0x00007ffa4c21cd90:   00007ffa280e2120 00007ffa4c21e4d0
0x00007ffa4c21cda0:   00007ffa4c21e478 00007ffa000005e6 

Instructions: (pc=0x00007ffa5640a767)
0x00007ffa5640a747:   86 9b 00 00 00 4c 8b 2d d5 6c 70 00 48 8b 43 20
0x00007ffa5640a757:   44 89 e2 48 8b 14 d0 4c 39 ea 74 77 48 89 53 10
0x00007ffa5640a767:   8b 02 85 c0 0f 85 f9 00 00 00 8b 42 04 85 c0 0f
0x00007ffa5640a777:   85 34 01 00 00 44 8b 5a 08 45 85 db 0f 85 38 01 

Register to memory mapping:

RAX=0x00007ffa2c32b2e0 is an unknown value
RBX=0x00007ffa4c21cbf0 is pointing into the stack for thread: 0x00007ffa50099800
RCX=0x0000000000000006 is an unknown value
RDX=0x00827ffa56b3d1c0 is an unknown value
RSP=0x00007ffa4c21cbb0 is pointing into the stack for thread: 0x00007ffa50099800
RBP=0x00007ffa4c21cbd0 is pointing into the stack for thread: 0x00007ffa50099800
RSI=0x0000000000000010 is an unknown value
RDI=0x00007ffa4c21cbf0 is pointing into the stack for thread: 0x00007ffa50099800
R8 =0x0000000000800000 is an unknown value
R9 =0x0000000000000000 is an unknown value
R10=0x0000000000000000 is an unknown value
R11=0x0000000001000000 is an unknown value
R12=0x0000000000000005 is an unknown value
R13=0x00007ffa56b3d1c0: <offset 0xba51c0> in /usr/lib/jvm/java-6-openjdk-amd64/jre/lib/amd64/server/libjvm.so at 0x00007ffa55f98000
R14=0x00007ffa4c21cdc0 is pointing into the stack for thread: 0x00007ffa50099800
R15=0x0000000000000018 is an unknown value


Stack: [0x00007ffa4c120000,0x00007ffa4c221000],  sp=0x00007ffa4c21cbb0,  free space=1010k
Native frames: (J=compiled Java code, j=interpreted, Vv=VM code, C=native code)
V  [libjvm.so+0x472767]  IndexSetIterator::advance_and_next()+0x77
V  [libjvm.so+0x46b3b4]  PhaseIFG::SquareUp()+0x114
V  [libjvm.so+0x31bb40]  PhaseChaitin::Register_Allocate()+0x460
V  [libjvm.so+0x379abf]  Compile::Code_Gen() [clone .part.263]+0x29f
V  [libjvm.so+0x37bd8a]  Compile::Compile(ciEnv*, C2Compiler*, ciMethod*, int, bool, bool)+0xb2a
V  [libjvm.so+0x3055a0]  C2Compiler::compile_method(ciEnv*, ciMethod*, int)+0xe0
V  [libjvm.so+0x3803f3]  CompileBroker::invoke_compiler_on_method(CompileTask*)+0x2a3
V  [libjvm.so+0x380d3b]  CompileBroker::compiler_thread_loop()+0x45b
V  [libjvm.so+0x74b368]  JavaThread::thread_main_inner()+0x58
V  [libjvm.so+0x64ac92]  java_start(Thread*)+0x112


Current CompileTask:
C2:    791  30      org.apache.xerces.impl.XMLEntityScanner.scanData(Ljava/lang/String;Lorg/apache/xerces/util/XMLStringBuffer;)Z (1108 bytes)


---------------  P R O C E S S  ---------------

Java Threads: ( => current thread )
  0x00007ffa5009c000 JavaThread "Low Memory Detector" daemon [_thread_blocked, id=10610, stack(0x00007ffa4c01f000,0x00007ffa4c120000)]
=>0x00007ffa50099800 JavaThread "C2 CompilerThread1" daemon [_thread_in_native, id=10609, stack(0x00007ffa4c120000,0x00007ffa4c221000)]
  0x00007ffa50096800 JavaThread "C2 CompilerThread0" daemon [_thread_in_native, id=10608, stack(0x00007ffa4c221000,0x00007ffa4c322000)]
  0x00007ffa50095800 JavaThread "Signal Dispatcher" daemon [_thread_blocked, id=10607, stack(0x00007ffa4c322000,0x00007ffa4c423000)]
  0x00007ffa50074800 JavaThread "Finalizer" daemon [_thread_blocked, id=10606, stack(0x00007ffa4c423000,0x00007ffa4c524000)]
  0x00007ffa50072800 JavaThread "Reference Handler" daemon [_thread_blocked, id=10605, stack(0x00007ffa4c524000,0x00007ffa4c625000)]
  0x00007ffa50008000 JavaThread "main" [_thread_in_Java, id=10601, stack(0x00007ffa57853000,0x00007ffa57954000)]

Other Threads:
  0x00007ffa5006d800 VMThread [stack: 0x00007ffa4c625000,0x00007ffa4c726000] [id=10604]
  0x00007ffa5009e800 WatcherThread [stack: 0x00007ffa37818000,0x00007ffa37919000] [id=10611]

VM state:not at safepoint (normal execution)

VM Mutex/Monitor currently owned by a thread: None

Heap
 PSYoungGen      total 46656K, used 11243K [0x00000007cbe00000, 0x00000007cf210000, 0x0000000800000000)
  eden space 40000K, 28% used [0x00000007cbe00000,0x00000007cc8faf98,0x00000007ce510000)
  from space 6656K, 0% used [0x00000007ceb90000,0x00000007ceb90000,0x00000007cf210000)
  to   space 6656K, 0% used [0x00000007ce510000,0x00000007ce510000,0x00000007ceb90000)
 PSOldGen        total 106752K, used 0K [0x0000000763a00000, 0x000000076a240000, 0x00000007cbe00000)
  object space 106752K, 0% used [0x0000000763a00000,0x0000000763a00000,0x000000076a240000)
 PSPermGen       total 21248K, used 7281K [0x0000000759400000, 0x000000075a8c0000, 0x0000000763a00000)
  object space 21248K, 34% used [0x0000000759400000,0x0000000759b1c690,0x000000075a8c0000)

Code Cache  [0x00007ffa4d000000, 0x00007ffa4d270000, 0x00007ffa50000000)
 total_blobs=245 nmethods=36 adapters=163 free_code_cache=49842880 largest_free_block=6272

Dynamic libraries:
00400000-00409000 r-xp 00000000 08:03 1971074                            /usr/lib/jvm/java-6-openjdk-amd64/jre/bin/java
00608000-00609000 r--p 00008000 08:03 1971074                            /usr/lib/jvm/java-6-openjdk-amd64/jre/bin/java
00609000-0060a000 rw-p 00009000 08:03 1971074                            /usr/lib/jvm/java-6-openjdk-amd64/jre/bin/java
01467000-01488000 rw-p 00000000 00:00 0                                  [heap]
759400000-75a8c0000 rw-p 00000000 00:00 0 
75a8c0000-763a00000 rw-p 00000000 00:00 0 
763a00000-76a240000 rw-p 00000000 00:00 0 
76a240000-7cbe00000 rw-p 00000000 00:00 0 
7cbe00000-7cf210000 rw-p 00000000 00:00 0 
7cf210000-800000000 rw-p 00000000 00:00 0 
7ffa20000000-7ffa20021000 rw-p 00000000 00:00 0 
7ffa20021000-7ffa24000000 ---p 00000000 00:00 0 
7ffa24000000-7ffa24021000 rw-p 00000000 00:00 0 
7ffa24021000-7ffa28000000 ---p 00000000 00:00 0 
7ffa28000000-7ffa28420000 rw-p 00000000 00:00 0 
7ffa28420000-7ffa2c000000 ---p 00000000 00:00 0 
7ffa2c000000-7ffa2c364000 rw-p 00000000 00:00 0 
7ffa2c364000-7ffa30000000 ---p 00000000 00:00 0 
7ffa30000000-7ffa30021000 rw-p 00000000 00:00 0 
7ffa30021000-7ffa34000000 ---p 00000000 00:00 0 
7ffa37745000-7ffa377a5000 r--s 00dc1000 08:03 1971635                    /usr/lib/jvm/java-6-openjdk-amd64/lib/tools.jar
7ffa377a5000-7ffa377a7000 r--s 00001000 08:03 6055                       /usr/share/java/ant-jdepend-1.8.2.jar
7ffa377a7000-7ffa377a8000 r--s 00000000 08:03 4436                       /usr/share/java/ant-apache-regexp-1.8.2.jar
7ffa377a8000-7ffa377a9000 r--s 00009000 08:03 6057                       /usr/share/java/ant-jsch-1.8.2.jar
7ffa377a9000-7ffa377aa000 r--s 00000000 08:03 4365                       /usr/share/java/ant-apache-bsf-1.8.2.jar
7ffa377aa000-7ffa377ab000 r--s 00001000 08:03 6059                       /usr/share/java/ant-swing-1.8.2.jar
7ffa377ab000-7ffa377ad000 r--s 00013000 08:03 6053                       /usr/share/java/ant-commons-net-1.8.2.jar
7ffa377ad000-7ffa377ae000 r--s 00001000 08:03 6061                       /usr/share/java/ant-junit4-1.8.2.jar
7ffa377ae000-7ffa377af000 r--s 00000000 08:03 5726                       /usr/share/java/ant-commons-logging-1.8.2.jar
7ffa377af000-7ffa377b1000 r--s 00002000 08:03 3982                       /usr/share/java/ant-launcher-1.8.2.jar
7ffa377b1000-7ffa377b3000 r--s 00001000 08:03 4364                       /usr/share/java/ant-apache-bcel-1.8.2.jar
7ffa377b3000-7ffa377b4000 r--s 00001000 08:03 6056                       /usr/share/java/ant-jmf-1.8.2.jar
7ffa377b4000-7ffa377b5000 r--s 00001000 08:03 6054                       /usr/share/java/ant-javamail-1.8.2.jar
7ffa377b5000-7ffa377b6000 r--s 00003000 08:03 6060                       /usr/share/java/ant-testutil-1.8.2.jar
7ffa377b6000-7ffa377b8000 r--s 00008000 08:03 4367                       /usr/share/java/ant-apache-oro-1.8.2.jar
7ffa377b8000-7ffa377d5000 r--s 001bc000 08:03 3981                       /usr/share/java/ant-1.8.2.jar
7ffa377d5000-7ffa377d7000 r--s 00017000 08:03 6058                       /usr/share/java/ant-junit-1.8.2.jar
7ffa377d7000-7ffa377d8000 r--s 00000000 08:03 4366                       /usr/share/java/ant-apache-log4j-1.8.2.jar
7ffa377d8000-7ffa377d9000 r--s 00001000 08:03 4012                       /usr/share/java/ant-antlr-1.8.2.jar
7ffa377d9000-7ffa377da000 r--s 00000000 08:03 5725                       /usr/share/java/ant-apache-xalan2-1.8.2.jar
7ffa377da000-7ffa377db000 r--s 00000000 08:03 4610                       /usr/share/java/ant-apache-resolver-1.8.2.jar
7ffa377db000-7ffa377e4000 r--s 00031000 08:03 3887                       /usr/share/java/xml-apis-1.4.01.jar
7ffa377e4000-7ffa377fd000 r--s 00144000 08:03 3918                       /usr/share/java/xercesImpl-2.11.0.jar
7ffa377fd000-7ffa37804000 r--s 000fc000 08:03 1966589                    /usr/lib/jvm/java-6-openjdk-common/jre/lib/resources.jar
7ffa37804000-7ffa37807000 r--s 0007f000 08:03 1966607                    /usr/lib/jvm/java-6-openjdk-common/jre/lib/jsse.jar
7ffa37807000-7ffa37809000 r--s 00002000 08:03 3982                       /usr/share/java/ant-launcher-1.8.2.jar
7ffa37809000-7ffa3780b000 r--s 0000f000 08:03 1966577                    /usr/lib/jvm/java-6-openjdk-common/jre/lib/ext/pulse-java.jar
7ffa3780b000-7ffa3780e000 r--s 00077000 08:03 1966579                    /usr/lib/jvm/java-6-openjdk-common/jre/lib/ext/localedata.jar
7ffa3780e000-7ffa3780f000 r--s 00007000 08:03 855                        /usr/share/java/java-atk-wrapper.jar
7ffa3780f000-7ffa37812000 r--s 00031000 08:03 1966581                    /usr/lib/jvm/java-6-openjdk-common/jre/lib/ext/sunjce_provider.jar
7ffa37812000-7ffa37814000 r--s 00001000 08:03 1966580                    /usr/lib/jvm/java-6-openjdk-common/jre/lib/ext/dnsns.jar
7ffa37814000-7ffa37818000 r--s 00039000 08:03 1966575                    /usr/lib/jvm/java-6-openjdk-common/jre/lib/ext/sunpkcs11.jar
7ffa37818000-7ffa37819000 ---p 00000000 00:00 0 
7ffa37819000-7ffa37919000 rw-p 00000000 00:00 0 
7ffa37919000-7ffa38000000 r--p 00000000 08:03 6167085                    /usr/lib/locale/locale-archive
7ffa38000000-7ffa38021000 rw-p 00000000 00:00 0 
7ffa38021000-7ffa3c000000 ---p 00000000 00:00 0 
7ffa3c000000-7ffa3c021000 rw-p 00000000 00:00 0 
7ffa3c021000-7ffa40000000 ---p 00000000 00:00 0 
7ffa40000000-7ffa40021000 rw-p 00000000 00:00 0 
7ffa40021000-7ffa44000000 ---p 00000000 00:00 0 
7ffa44000000-7ffa44021000 rw-p 00000000 00:00 0 
7ffa44021000-7ffa48000000 ---p 00000000 00:00 0 
7ffa48000000-7ffa48021000 rw-p 00000000 00:00 0 
7ffa48021000-7ffa4c000000 ---p 00000000 00:00 0 
7ffa4c01f000-7ffa4c022000 ---p 00000000 00:00 0 
7ffa4c022000-7ffa4c120000 rw-p 00000000 00:00 0 
7ffa4c120000-7ffa4c123000 ---p 00000000 00:00 0 
7ffa4c123000-7ffa4c221000 rw-p 00000000 00:00 0 
7ffa4c221000-7ffa4c224000 ---p 00000000 00:00 0 
7ffa4c224000-7ffa4c322000 rw-p 00000000 00:00 0 
7ffa4c322000-7ffa4c325000 ---p 00000000 00:00 0 
7ffa4c325000-7ffa4c423000 rw-p 00000000 00:00 0 
7ffa4c423000-7ffa4c426000 ---p 00000000 00:00 0 
7ffa4c426000-7ffa4c524000 rw-p 00000000 00:00 0 
7ffa4c524000-7ffa4c527000 ---p 00000000 00:00 0 
7ffa4c527000-7ffa4c625000 rw-p 00000000 00:00 0 
7ffa4c625000-7ffa4c626000 ---p 00000000 00:00 0 
7ffa4c626000-7ffa4ca29000 rw-p 00000000 00:00 0 
7ffa4ca29000-7ffa4cbbd000 r--s 03822000 08:03 1971068                    /usr/lib/jvm/java-6-openjdk-amd64/jre/lib/rt.jar
7ffa4cbbd000-7ffa4cbbe000 ---p 00000000 00:00 0 
7ffa4cbbe000-7ffa4ccf3000 rw-p 00000000 00:00 0 
7ffa4ccf3000-7ffa4d000000 rw-p 00000000 00:00 0 
7ffa4d000000-7ffa4d270000 rwxp 00000000 00:00 0 
7ffa4d270000-7ffa501f4000 rw-p 00000000 00:00 0 
7ffa501f4000-7ffa54000000 ---p 00000000 00:00 0 
7ffa54015000-7ffa54070000 rw-p 00000000 00:00 0 
7ffa54070000-7ffa54071000 ---p 00000000 00:00 0 
7ffa54071000-7ffa5417c000 rw-p 00000000 00:00 0 
7ffa5417c000-7ffa541c4000 rw-p 00000000 00:00 0 
7ffa541c4000-7ffa541cf000 rw-p 00000000 00:00 0 
7ffa541cf000-7ffa54217000 rw-p 00000000 00:00 0 
7ffa54217000-7ffa5424c000 rw-p 00000000 00:00 0 
7ffa5424c000-7ffa54559000 rw-p 00000000 00:00 0 
7ffa54559000-7ffa54574000 rw-p 00000000 00:00 0 
7ffa54574000-7ffa546fa000 rw-p 00000000 00:00 0 
7ffa546fa000-7ffa546fb000 rw-p 00000000 00:00 0 
7ffa546fb000-7ffa54702000 r-xp 00000000 08:03 1966625                    /usr/lib/jvm/java-6-openjdk-amd64/jre/lib/amd64/libzip.so
7ffa54702000-7ffa54901000 ---p 00007000 08:03 1966625                    /usr/lib/jvm/java-6-openjdk-amd64/jre/lib/amd64/libzip.so
7ffa54901000-7ffa54902000 r--p 00006000 08:03 1966625                    /usr/lib/jvm/java-6-openjdk-amd64/jre/lib/amd64/libzip.so
7ffa54902000-7ffa54903000 rw-p 00007000 08:03 1966625                    /usr/lib/jvm/java-6-openjdk-amd64/jre/lib/amd64/libzip.so
7ffa54903000-7ffa5490f000 r-xp 00000000 08:03 3044450                    /lib/x86_64-linux-gnu/libnss_files-2.15.so
7ffa5490f000-7ffa54b0e000 ---p 0000c000 08:03 3044450                    /lib/x86_64-linux-gnu/libnss_files-2.15.so
7ffa54b0e000-7ffa54b0f000 r--p 0000b000 08:03 3044450                    /lib/x86_64-linux-gnu/libnss_files-2.15.so
7ffa54b0f000-7ffa54b10000 rw-p 0000c000 08:03 3044450                    /lib/x86_64-linux-gnu/libnss_files-2.15.so
7ffa54b10000-7ffa54b1a000 r-xp 00000000 08:03 3044454                    /lib/x86_64-linux-gnu/libnss_nis-2.15.so
7ffa54b1a000-7ffa54d1a000 ---p 0000a000 08:03 3044454                    /lib/x86_64-linux-gnu/libnss_nis-2.15.so
7ffa54d1a000-7ffa54d1b000 r--p 0000a000 08:03 3044454                    /lib/x86_64-linux-gnu/libnss_nis-2.15.so
7ffa54d1b000-7ffa54d1c000 rw-p 0000b000 08:03 3044454                    /lib/x86_64-linux-gnu/libnss_nis-2.15.so
7ffa54d1c000-7ffa54d33000 r-xp 00000000 08:03 3044470                    /lib/x86_64-linux-gnu/libnsl-2.15.so
7ffa54d33000-7ffa54f32000 ---p 00017000 08:03 3044470                    /lib/x86_64-linux-gnu/libnsl-2.15.so
7ffa54f32000-7ffa54f33000 r--p 00016000 08:03 3044470                    /lib/x86_64-linux-gnu/libnsl-2.15.so
7ffa54f33000-7ffa54f34000 rw-p 00017000 08:03 3044470                    /lib/x86_64-linux-gnu/libnsl-2.15.so
7ffa54f34000-7ffa54f36000 rw-p 00000000 00:00 0 
7ffa54f36000-7ffa54f3e000 r-xp 00000000 08:03 3044448                    /lib/x86_64-linux-gnu/libnss_compat-2.15.so
7ffa54f3e000-7ffa5513d000 ---p 00008000 08:03 3044448                    /lib/x86_64-linux-gnu/libnss_compat-2.15.so
7ffa5513d000-7ffa5513e000 r--p 00007000 08:03 3044448                    /lib/x86_64-linux-gnu/libnss_compat-2.15.so
7ffa5513e000-7ffa5513f000 rw-p 00008000 08:03 3044448                    /lib/x86_64-linux-gnu/libnss_compat-2.15.so
7ffa5513f000-7ffa5516b000 r-xp 00000000 08:03 1966620                    /usr/lib/jvm/java-6-openjdk-amd64/jre/lib/amd64/libjava.so
7ffa5516b000-7ffa5536a000 ---p 0002c000 08:03 1966620                    /usr/lib/jvm/java-6-openjdk-amd64/jre/lib/amd64/libjava.so
7ffa5536a000-7ffa5536b000 r--p 0002b000 08:03 1966620                    /usr/lib/jvm/java-6-openjdk-amd64/jre/lib/amd64/libjava.so
7ffa5536b000-7ffa5536e000 rw-p 0002c000 08:03 1966620                    /usr/lib/jvm/java-6-openjdk-amd64/jre/lib/amd64/libjava.so
7ffa5536e000-7ffa5537c000 r-xp 00000000 08:03 1966637                    /usr/lib/jvm/java-6-openjdk-amd64/jre/lib/amd64/libverify.so
7ffa5537c000-7ffa5557b000 ---p 0000e000 08:03 1966637                    /usr/lib/jvm/java-6-openjdk-amd64/jre/lib/amd64/libverify.so
7ffa5557b000-7ffa5557d000 r--p 0000d000 08:03 1966637                    /usr/lib/jvm/java-6-openjdk-amd64/jre/lib/amd64/libverify.so
7ffa5557d000-7ffa5557e000 rw-p 0000f000 08:03 1966637                    /usr/lib/jvm/java-6-openjdk-amd64/jre/lib/amd64/libverify.so
7ffa5557e000-7ffa55585000 r-xp 00000000 08:03 3044453                    /lib/x86_64-linux-gnu/librt-2.15.so
7ffa55585000-7ffa55784000 ---p 00007000 08:03 3044453                    /lib/x86_64-linux-gnu/librt-2.15.so
7ffa55784000-7ffa55785000 r--p 00006000 08:03 3044453                    /lib/x86_64-linux-gnu/librt-2.15.so
7ffa55785000-7ffa55786000 rw-p 00007000 08:03 3044453                    /lib/x86_64-linux-gnu/librt-2.15.so
7ffa55786000-7ffa5579b000 r-xp 00000000 08:03 3018368                    /lib/x86_64-linux-gnu/libgcc_s.so.1
7ffa5579b000-7ffa5599a000 ---p 00015000 08:03 3018368                    /lib/x86_64-linux-gnu/libgcc_s.so.1
7ffa5599a000-7ffa5599b000 r--p 00014000 08:03 3018368                    /lib/x86_64-linux-gnu/libgcc_s.so.1
7ffa5599b000-7ffa5599c000 rw-p 00015000 08:03 3018368                    /lib/x86_64-linux-gnu/libgcc_s.so.1
7ffa5599c000-7ffa55a97000 r-xp 00000000 08:03 3044459                    /lib/x86_64-linux-gnu/libm-2.15.so
7ffa55a97000-7ffa55c96000 ---p 000fb000 08:03 3044459                    /lib/x86_64-linux-gnu/libm-2.15.so
7ffa55c96000-7ffa55c97000 r--p 000fa000 08:03 3044459                    /lib/x86_64-linux-gnu/libm-2.15.so
7ffa55c97000-7ffa55c98000 rw-p 000fb000 08:03 3044459                    /lib/x86_64-linux-gnu/libm-2.15.so
7ffa55c98000-7ffa55d7a000 r-xp 00000000 08:03 6168267                    /usr/lib/x86_64-linux-gnu/libstdc++.so.6.0.16
7ffa55d7a000-7ffa55f79000 ---p 000e2000 08:03 6168267                    /usr/lib/x86_64-linux-gnu/libstdc++.so.6.0.16
7ffa55f79000-7ffa55f81000 r--p 000e1000 08:03 6168267                    /usr/lib/x86_64-linux-gnu/libstdc++.so.6.0.16
7ffa55f81000-7ffa55f83000 rw-p 000e9000 08:03 6168267                    /usr/lib/x86_64-linux-gnu/libstdc++.so.6.0.16
7ffa55f83000-7ffa55f98000 rw-p 00000000 00:00 0 
7ffa55f98000-7ffa56898000 r-xp 00000000 08:03 1966652                    /usr/lib/jvm/java-6-openjdk-amd64/jre/lib/amd64/server/libjvm.so
7ffa56898000-7ffa56a98000 ---p 00900000 08:03 1966652                    /usr/lib/jvm/java-6-openjdk-amd64/jre/lib/amd64/server/libjvm.so
7ffa56a98000-7ffa56b19000 r--p 00900000 08:03 1966652                    /usr/lib/jvm/java-6-openjdk-amd64/jre/lib/amd64/server/libjvm.so
7ffa56b19000-7ffa56b34000 rw-p 00981000 08:03 1966652                    /usr/lib/jvm/java-6-openjdk-amd64/jre/lib/amd64/server/libjvm.so
7ffa56b34000-7ffa56b5d000 rw-p 00000000 00:00 0 
7ffa56b5d000-7ffa56b73000 r-xp 00000000 08:03 3018458                    /lib/x86_64-linux-gnu/libz.so.1.2.3.4
7ffa56b73000-7ffa56d72000 ---p 00016000 08:03 3018458                    /lib/x86_64-linux-gnu/libz.so.1.2.3.4
7ffa56d72000-7ffa56d73000 r--p 00015000 08:03 3018458                    /lib/x86_64-linux-gnu/libz.so.1.2.3.4
7ffa56d73000-7ffa56d74000 rw-p 00016000 08:03 3018458                    /lib/x86_64-linux-gnu/libz.so.1.2.3.4
7ffa56d74000-7ffa56f29000 r-xp 00000000 08:03 3044446                    /lib/x86_64-linux-gnu/libc-2.15.so
7ffa56f29000-7ffa57129000 ---p 001b5000 08:03 3044446                    /lib/x86_64-linux-gnu/libc-2.15.so
7ffa57129000-7ffa5712d000 r--p 001b5000 08:03 3044446                    /lib/x86_64-linux-gnu/libc-2.15.so
7ffa5712d000-7ffa5712f000 rw-p 001b9000 08:03 3044446                    /lib/x86_64-linux-gnu/libc-2.15.so
7ffa5712f000-7ffa57134000 rw-p 00000000 00:00 0 
7ffa57134000-7ffa57136000 r-xp 00000000 08:03 3044463                    /lib/x86_64-linux-gnu/libdl-2.15.so
7ffa57136000-7ffa57336000 ---p 00002000 08:03 3044463                    /lib/x86_64-linux-gnu/libdl-2.15.so
7ffa57336000-7ffa57337000 r--p 00002000 08:03 3044463                    /lib/x86_64-linux-gnu/libdl-2.15.so
7ffa57337000-7ffa57338000 rw-p 00003000 08:03 3044463                    /lib/x86_64-linux-gnu/libdl-2.15.so
7ffa57338000-7ffa5733c000 r-xp 00000000 08:03 1966795                    /usr/lib/jvm/java-6-openjdk-amd64/jre/lib/amd64/jli/libjli.so
7ffa5733c000-7ffa5753b000 ---p 00004000 08:03 1966795                    /usr/lib/jvm/java-6-openjdk-amd64/jre/lib/amd64/jli/libjli.so
7ffa5753b000-7ffa5753c000 r--p 00003000 08:03 1966795                    /usr/lib/jvm/java-6-openjdk-amd64/jre/lib/amd64/jli/libjli.so
7ffa5753c000-7ffa5753d000 rw-p 00004000 08:03 1966795                    /usr/lib/jvm/java-6-openjdk-amd64/jre/lib/amd64/jli/libjli.so
7ffa5753d000-7ffa57555000 r-xp 00000000 08:03 3044455                    /lib/x86_64-linux-gnu/libpthread-2.15.so
7ffa57555000-7ffa57754000 ---p 00018000 08:03 3044455                    /lib/x86_64-linux-gnu/libpthread-2.15.so
7ffa57754000-7ffa57755000 r--p 00017000 08:03 3044455                    /lib/x86_64-linux-gnu/libpthread-2.15.so
7ffa57755000-7ffa57756000 rw-p 00018000 08:03 3044455                    /lib/x86_64-linux-gnu/libpthread-2.15.so
7ffa57756000-7ffa5775a000 rw-p 00000000 00:00 0 
7ffa5775a000-7ffa5777c000 r-xp 00000000 08:03 3044460                    /lib/x86_64-linux-gnu/ld-2.15.so
7ffa57793000-7ffa5779d000 rw-p 00000000 00:00 0 
7ffa5779d000-7ffa57853000 rw-p 00000000 00:00 0 
7ffa57853000-7ffa57856000 ---p 00000000 00:00 0 
7ffa57856000-7ffa57959000 rw-p 00000000 00:00 0 
7ffa57970000-7ffa57978000 rw-s 00000000 08:03 2636931                    /tmp/hsperfdata_oleg/10598
7ffa57978000-7ffa57979000 rw-p 00000000 00:00 0 
7ffa57979000-7ffa5797a000 r--p 00000000 00:00 0 
7ffa5797a000-7ffa5797c000 rw-p 00000000 00:00 0 
7ffa5797c000-7ffa5797d000 r--p 00022000 08:03 3044460                    /lib/x86_64-linux-gnu/ld-2.15.so
7ffa5797d000-7ffa5797f000 rw-p 00023000 08:03 3044460                    /lib/x86_64-linux-gnu/ld-2.15.so
7fffba461000-7fffba482000 rw-p 00000000 00:00 0                          [stack]
7fffba50a000-7fffba50b000 r-xp 00000000 00:00 0                          [vdso]
ffffffffff600000-ffffffffff601000 r-xp 00000000 00:00 0                  [vsyscall]

VM Arguments:
jvm_args: -Dant.home=/usr/share/ant -Dant.library.dir=/usr/share/ant/lib 
java_command: org.apache.tools.ant.launch.Launcher -cp  debug -f /home/oleg/CordovaMapsSample/platforms/android/build.xml -Dout.dir=ant-build -Dgen.absolute.dir=ant-gen
Launcher Type: SUN_STANDARD

Environment Variables:
PATH=/home/oleg/.rvm/gems/ruby-1.9.3-p327/bin:/home/oleg/.rvm/gems/ruby-1.9.3-p327@global/bin:/home/oleg/.rvm/rubies/ruby-1.9.3-p327/bin:/home/oleg/.rvm/bin:/usr/lib/lightdm/lightdm:/usr/local/sbin:/usr/local/bin:/usr/sbin:/usr/bin:/sbin:/bin:/usr/games:/home/oleg/sdk/platform-tools:/home/oleg/sdk/tools
LD_LIBRARY_PATH=/usr/lib/jvm/java-6-openjdk-amd64/jre/lib/amd64/server:/usr/lib/jvm/java-6-openjdk-amd64/jre/lib/amd64:/usr/lib/jvm/java-6-openjdk-amd64/jre/../lib/amd64
SHELL=/bin/bash
DISPLAY=:1.0

Signal Handlers:
SIGSEGV: [libjvm.so+0x7837c0], sa_mask[0]=0x7ffbfeff, sa_flags=0x10000004
SIGBUS: [libjvm.so+0x7837c0], sa_mask[0]=0x7ffbfeff, sa_flags=0x10000004
SIGFPE: [libjvm.so+0x647740], sa_mask[0]=0x7ffbfeff, sa_flags=0x10000004
SIGPIPE: [libjvm.so+0x647740], sa_mask[0]=0x7ffbfeff, sa_flags=0x10000004
SIGXFSZ: [libjvm.so+0x647740], sa_mask[0]=0x7ffbfeff, sa_flags=0x10000004
SIGILL: [libjvm.so+0x647740], sa_mask[0]=0x7ffbfeff, sa_flags=0x10000004
SIGUSR1: SIG_DFL, sa_mask[0]=0x00000000, sa_flags=0x00000000
SIGUSR2: [libjvm.so+0x647920], sa_mask[0]=0x00000000, sa_flags=0x10000004
SIGHUP: [libjvm.so+0x64a2f0], sa_mask[0]=0x7ffbfeff, sa_flags=0x10000004
SIGINT: [libjvm.so+0x64a2f0], sa_mask[0]=0x7ffbfeff, sa_flags=0x10000004
SIGTERM: [libjvm.so+0x64a2f0], sa_mask[0]=0x7ffbfeff, sa_flags=0x10000004
SIGQUIT: [libjvm.so+0x64a2f0], sa_mask[0]=0x7ffbfeff, sa_flags=0x10000004


---------------  S Y S T E M  ---------------

OS:Ubuntu 12.04 (precise)
uname:Linux 3.2.0-58-generic #88-Ubuntu SMP Tue Dec 3 17:37:58 UTC 2013 x86_64
libc:glibc 2.15 NPTL 2.15 
rlimit: STACK 8192k, CORE 0k, NPROC 79359, NOFILE 4096, AS infinity
load average:1.97 1.83 1.98

/proc/meminfo:
MemTotal:       10241552 kB
MemFree:         2994556 kB
Buffers:          196252 kB
Cached:          2553328 kB
SwapCached:            0 kB
Active:          4297292 kB
Inactive:        2136640 kB
Active(anon):    3686732 kB
Inactive(anon):    33576 kB
Active(file):     610560 kB
Inactive(file):  2103064 kB
Unevictable:          32 kB
Mlocked:              32 kB
SwapTotal:       6894588 kB
SwapFree:        6894588 kB
Dirty:              2484 kB
Writeback:             0 kB
AnonPages:       3684308 kB
Mapped:           504720 kB
Shmem:             35968 kB
Slab:             168836 kB
SReclaimable:     125128 kB
SUnreclaim:        43708 kB
KernelStack:        6608 kB
PageTables:        83832 kB
NFS_Unstable:          0 kB
Bounce:                0 kB
WritebackTmp:          0 kB
CommitLimit:    12015364 kB
Committed_AS:   10435672 kB
VmallocTotal:   34359738367 kB
VmallocUsed:      330348 kB
VmallocChunk:   34359405748 kB
HardwareCorrupted:     0 kB
AnonHugePages:         0 kB
HugePages_Total:       0
HugePages_Free:        0
HugePages_Rsvd:        0
HugePages_Surp:        0
Hugepagesize:       2048 kB
DirectMap4k:      229952 kB
DirectMap2M:     3962880 kB
DirectMap1G:     6291456 kB


CPU:total 2 (2 cores per cpu, 1 threads per core) family 16 model 6 stepping 3, cmov, cx8, fxsr, mmx, sse, sse2, sse3, popcnt, mmxext, 3dnowpref, lzcnt, sse4a

Memory: 4k page, physical 10241552k(2994556k free), swap 6894588k(6894588k free)

vm_info: OpenJDK 64-Bit Server VM (20.0-b12) for linux-amd64 JRE (1.6.0_27-b27), built on Nov 16 2013 15:13:05 by "buildd" with gcc 4.6.3

time: Mon Apr 21 19:00:23 2014
elapsed time: 0 seconds

