#
# A fatal error has been detected by the Java Runtime Environment:
#
#  SIGSEGV (0xb) at pc=0x00007febb6fa42b8, pid=10093, tid=140650183997184
#
# JRE version: 6.0_27-b27
# Java VM: OpenJDK 64-Bit Server VM (20.0-b12 mixed mode linux-amd64 compressed oops)
# Derivative: IcedTea6 1.12.6
# Distribution: Ubuntu 12.04 LTS, package 6b27-1.12.6-1ubuntu0.12.04.4
# Problematic frame:
# V  [libjvm.so+0x6862b8]  PhaseGVN::transform_no_reclaim(Node*)+0x78
#
# If you would like to submit a bug report, please include
# instructions how to reproduce the bug and visit:
#   https://bugs.launchpad.net/ubuntu/+source/openjdk-6/
#

---------------  T H R E A D  ---------------

Current thread (0x00007febb0099800):  JavaThread "C2 CompilerThread1" daemon [_thread_in_native, id=10104, stack(0x00007febac313000,0x00007febac414000)]

siginfo:si_signo=SIGSEGV: si_errno=0, si_code=128 (), si_addr=0x0000000000000000

Registers:
RAX=0x0000000000000200, RBX=0x00007feb88153880, RCX=0x00007febb80db2c0, RDX=0x0000000000000000
RSP=0x00007febac4109e0, RBP=0x00007febac410a00, RSI=0x00a67feb881ee300, RDI=0x00007feb88153880
R8 =0x0000000000000001, R9 =0x0000000000000000, R10=0x00007feb881537e0, R11=0x0000000000000081
R12=0x00007febac4115a0, R13=0x00a67feb881ee300, R14=0x0000000000004220, R15=0x00007febb003ffc0
RIP=0x00007febb6fa42b8, EFLAGS=0x0000000000010203, CSGSFS=0x0000000000000033, ERR=0x0000000000000000
  TRAPNO=0x000000000000000d

Top of Stack: (sp=0x00007febac4109e0)
0x00007febac4109e0:   00007febac410ce0 00007feb94054670
0x00007febac4109f0:   00007feb881536a8 0000000000000000
0x00007febac410a00:   00007febac410af0 00007febb6f95f90
0x00007febac410a10:   00007febb000f930 0000000759414410
0x00007febac410a20:   00007febac410a50 00007febb707036a
0x00007febac410a30:   00007feb881ee280 0000000000000014
0x00007febac410a40:   00007feb94223c50 00007feb884d4dd0
0x00007febac410a50:   00007febac410a60 00007febb707013d
0x00007febac410a60:   00007febac410ac0 00007febb6d0cc8c
0x00007febac410a70:   00007febb0040320 00007feb881af368
0x00007febac410a80:   000049e300410af0 0000000000000010
0x00007febac410a90:   00007feb00000000 00007feb881af368
0x00007febac410aa0:   00007febb74ad840 00007feb884d4dd0
0x00007febac410ab0:   00007febac410dc0 0000000000000001
0x00007febac410ac0:   00007febac410af0 00007febac410ce0
0x00007febac410ad0:   00007feb94054670 0000000000000001
0x00007febac410ae0:   00007febac410dc0 0000000000000001
0x00007febac410af0:   00007febac410b50 00007febb6f96643
0x00007febac410b00:   00007febac410c00 00007feb881536a8
0x00007febac410b10:   0000000000000001 01007feb88152fb0
0x00007febac410b20:   00007febac410bd0 00007febac410ce0
0x00007febac410b30:   0000000000000000 00007febac412170
0x00007febac410b40:   00007febac410dc0 0000000000000001
0x00007febac410b50:   00007febac410c00 00007febb6f938a9
0x00007febac410b60:   00007febac410ba0 00007febb6f0f90e
0x00007febac410b70:   00007feb88152f01 00007feb88153790
0x00007febac410b80:   00007feb88153790 00007feb88152940
0x00007febac410b90:   0000000000000002 0000000000000004
0x00007febac410ba0:   00007febac410bf0 00007febb6f0fb83
0x00007febac410bb0:   00007feb88153710 00007feb881537e0
0x00007febac410bc0:   00007febac412170 00007febb6f4ae3c
0x00007febac410bd0:   00007feb881537e0 00007febac410ce0 

Instructions: (pc=0x00007febb6fa42b8)
0x00007febb6fa4298:   f0 49 03 44 24 48 4c 3b 28 74 15 41 3b 74 24 40
0x00007febb6fa42a8:   73 46 4c 89 28 4c 89 ee 48 89 df e8 58 8a fa ff
0x00007febb6fa42b8:   49 8b 45 00 4c 89 ef ff 50 40 84 c0 74 06 f6 43
0x00007febb6fa42c8:   2e 20 74 3c 48 8b 03 4c 89 e6 48 89 df ff 50 38 

Register to memory mapping:

RAX=0x0000000000000200 is an unknown value
RBX=0x00007feb88153880 is an unknown value
RCX=0x00007febb80db2c0: <offset 0x2182c0> in /lib/x86_64-linux-gnu/libpthread.so.0 at 0x00007febb7ec3000
RDX=0x0000000000000000 is an unknown value
RSP=0x00007febac4109e0 is pointing into the stack for thread: 0x00007febb0099800
RBP=0x00007febac410a00 is pointing into the stack for thread: 0x00007febb0099800
RSI=0x00a67feb881ee300 is an unknown value
RDI=0x00007feb88153880 is an unknown value
R8 =0x0000000000000001 is an unknown value
R9 =0x0000000000000000 is an unknown value
R10=0x00007feb881537e0 is an unknown value
R11=0x0000000000000081 is an unknown value
R12=0x00007febac4115a0 is pointing into the stack for thread: 0x00007febb0099800
R13=0x00a67feb881ee300 is an unknown value
R14=0x0000000000004220 is an unknown value
R15=0x00007febb003ffc0 is an unknown value


Stack: [0x00007febac313000,0x00007febac414000],  sp=0x00007febac4109e0,  free space=1014k
Native frames: (J=compiled Java code, j=interpreted, Vv=VM code, C=native code)
V  [libjvm.so+0x6862b8]  PhaseGVN::transform_no_reclaim(Node*)+0x78
V  [libjvm.so+0x677f90]  Parse::do_get_xxx(TypePtr const*, Node*, ciField*, bool)+0x90
V  [libjvm.so+0x678643]  Parse::do_field_access(bool, bool)+0x183
V  [libjvm.so+0x6758a9]  Parse::do_one_bytecode()+0x3769
V  [libjvm.so+0x66a9d2]  Parse::do_one_block()+0x172
V  [libjvm.so+0x66ab77]  Parse::do_all_blocks()+0xf7
V  [libjvm.so+0x66bceb]  Parse::Parse(JVMState*, ciMethod*, float)+0x101b
V  [libjvm.so+0x305bd5]  ParseGenerator::generate(JVMState*)+0x75
V  [libjvm.so+0x3fa6c8]  Parse::do_call()+0x178
V  [libjvm.so+0x675585]  Parse::do_one_bytecode()+0x3445
V  [libjvm.so+0x66a9d2]  Parse::do_one_block()+0x172
V  [libjvm.so+0x66ab77]  Parse::do_all_blocks()+0xf7
V  [libjvm.so+0x66bceb]  Parse::Parse(JVMState*, ciMethod*, float)+0x101b
V  [libjvm.so+0x305bd5]  ParseGenerator::generate(JVMState*)+0x75
V  [libjvm.so+0x3fa6c8]  Parse::do_call()+0x178
V  [libjvm.so+0x675585]  Parse::do_one_bytecode()+0x3445
V  [libjvm.so+0x66a9d2]  Parse::do_one_block()+0x172
V  [libjvm.so+0x66ab77]  Parse::do_all_blocks()+0xf7
V  [libjvm.so+0x66bceb]  Parse::Parse(JVMState*, ciMethod*, float)+0x101b
V  [libjvm.so+0x305bd5]  ParseGenerator::generate(JVMState*)+0x75
V  [libjvm.so+0x37bc4d]  Compile::Compile(ciEnv*, C2Compiler*, ciMethod*, int, bool, bool)+0x9ed
V  [libjvm.so+0x3055a0]  C2Compiler::compile_method(ciEnv*, ciMethod*, int)+0xe0
V  [libjvm.so+0x3803f3]  CompileBroker::invoke_compiler_on_method(CompileTask*)+0x2a3
V  [libjvm.so+0x380d3b]  CompileBroker::compiler_thread_loop()+0x45b
V  [libjvm.so+0x74b368]  JavaThread::thread_main_inner()+0x58
V  [libjvm.so+0x64ac92]  java_start(Thread*)+0x112


Current CompileTask:
C2:   3882 199      com.sun.tools.javac.file.ZipFileIndex$ZipDirectory.buildIndex()V (204 bytes)


---------------  P R O C E S S  ---------------

Java Threads: ( => current thread )
  0x00007febb01bf800 JavaThread "Thread-6" daemon [_thread_blocked, id=10124, stack(0x00007feb87dfe000,0x00007feb87eff000)]
  0x00007febb02a5000 JavaThread "Thread-5" daemon [_thread_blocked, id=10119, stack(0x00007feb87cfd000,0x00007feb87dfe000)]
  0x00007febb0297800 JavaThread "process reaper" daemon [_thread_in_native, id=10117, stack(0x00007feb87eff000,0x00007feb88000000)]
  0x00007febb009c000 JavaThread "Low Memory Detector" daemon [_thread_blocked, id=10105, stack(0x00007febac212000,0x00007febac313000)]
=>0x00007febb0099800 JavaThread "C2 CompilerThread1" daemon [_thread_in_native, id=10104, stack(0x00007febac313000,0x00007febac414000)]
  0x00007febb0096800 JavaThread "C2 CompilerThread0" daemon [_thread_in_native, id=10103, stack(0x00007febac414000,0x00007febac515000)]
  0x00007febb0095800 JavaThread "Signal Dispatcher" daemon [_thread_blocked, id=10102, stack(0x00007febac515000,0x00007febac616000)]
  0x00007febb0074800 JavaThread "Finalizer" daemon [_thread_blocked, id=10101, stack(0x00007febaccfd000,0x00007febacdfe000)]
  0x00007febb0072800 JavaThread "Reference Handler" daemon [_thread_blocked, id=10100, stack(0x00007febacdfe000,0x00007febaceff000)]
  0x00007febb0008000 JavaThread "main" [_thread_blocked, id=10096, stack(0x00007febb81d9000,0x00007febb82da000)]

Other Threads:
  0x00007febb006d800 VMThread [stack: 0x00007febaceff000,0x00007febad000000] [id=10099]
  0x00007febb009e800 WatcherThread [stack: 0x00007febac111000,0x00007febac212000] [id=10106]

VM state:not at safepoint (normal execution)

VM Mutex/Monitor currently owned by a thread: None

Heap
 PSYoungGen      total 46656K, used 4294K [0x00000007cbe00000, 0x00000007d1920000, 0x0000000800000000)
  eden space 40000K, 0% used [0x00000007cbe00000,0x00000007cbe000b0,0x00000007ce510000)
  from space 6656K, 64% used [0x00000007ceb90000,0x00000007cefc19d0,0x00000007cf210000)
  to   space 6656K, 0% used [0x00000007ce510000,0x00000007ce510000,0x00000007ceb90000)
 PSOldGen        total 106752K, used 0K [0x0000000763a00000, 0x000000076a240000, 0x00000007cbe00000)
  object space 106752K, 0% used [0x0000000763a00000,0x0000000763a00000,0x000000076a240000)
 PSPermGen       total 21248K, used 19032K [0x0000000759400000, 0x000000075a8c0000, 0x0000000763a00000)
  object space 21248K, 89% used [0x0000000759400000,0x000000075a696150,0x000000075a8c0000)

Code Cache  [0x00007febad000000, 0x00007febad270000, 0x00007febb0000000)
 total_blobs=473 nmethods=203 adapters=224 free_code_cache=49457472 largest_free_block=6464

Dynamic libraries:
00400000-00409000 r-xp 00000000 08:03 1971074                            /usr/lib/jvm/java-6-openjdk-amd64/jre/bin/java
00608000-00609000 r--p 00008000 08:03 1971074                            /usr/lib/jvm/java-6-openjdk-amd64/jre/bin/java
00609000-0060a000 rw-p 00009000 08:03 1971074                            /usr/lib/jvm/java-6-openjdk-amd64/jre/bin/java
0077b000-0079c000 rw-p 00000000 00:00 0                                  [heap]
759400000-75a8c0000 rw-p 00000000 00:00 0 
75a8c0000-763a00000 rw-p 00000000 00:00 0 
763a00000-76a240000 rw-p 00000000 00:00 0 
76a240000-7cbe00000 rw-p 00000000 00:00 0 
7cbe00000-7d1920000 rw-p 00000000 00:00 0 
7d1920000-800000000 rw-p 00000000 00:00 0 
7feb74000000-7feb74021000 rw-p 00000000 00:00 0 
7feb74021000-7feb78000000 ---p 00000000 00:00 0 
7feb78000000-7feb78021000 rw-p 00000000 00:00 0 
7feb78021000-7feb7c000000 ---p 00000000 00:00 0 
7feb7c000000-7feb7c021000 rw-p 00000000 00:00 0 
7feb7c021000-7feb80000000 ---p 00000000 00:00 0 
7feb80000000-7feb80021000 rw-p 00000000 00:00 0 
7feb80021000-7feb84000000 ---p 00000000 00:00 0 
7feb87ad6000-7feb87bd7000 rw-p 00000000 00:00 0 
7feb87cfd000-7feb87d00000 ---p 00000000 00:00 0 
7feb87d00000-7feb87dfe000 rw-p 00000000 00:00 0 
7feb87dfe000-7feb87e01000 ---p 00000000 00:00 0 
7feb87e01000-7feb87eff000 rw-p 00000000 00:00 0 
7feb87eff000-7feb87f02000 ---p 00000000 00:00 0 
7feb87f02000-7feb88000000 rw-p 00000000 00:00 0 
7feb88000000-7feb8854f000 rw-p 00000000 00:00 0 
7feb8854f000-7feb8c000000 ---p 00000000 00:00 0 
7feb8c000000-7feb8c021000 rw-p 00000000 00:00 0 
7feb8c021000-7feb90000000 ---p 00000000 00:00 0 
7feb90000000-7feb90021000 rw-p 00000000 00:00 0 
7feb90021000-7feb94000000 ---p 00000000 00:00 0 
7feb94000000-7feb947a0000 rw-p 00000000 00:00 0 
7feb947a0000-7feb98000000 ---p 00000000 00:00 0 
7feb98000000-7feb98021000 rw-p 00000000 00:00 0 
7feb98021000-7feb9c000000 ---p 00000000 00:00 0 
7feb9c000000-7feb9c021000 rw-p 00000000 00:00 0 
7feb9c021000-7feba0000000 ---p 00000000 00:00 0 
7feba0000000-7feba0021000 rw-p 00000000 00:00 0 
7feba0021000-7feba4000000 ---p 00000000 00:00 0 
7feba4000000-7feba4021000 rw-p 00000000 00:00 0 
7feba4021000-7feba8000000 ---p 00000000 00:00 0 
7feba8000000-7feba8021000 rw-p 00000000 00:00 0 
7feba8021000-7febac000000 ---p 00000000 00:00 0 
7febac0ca000-7febac0cc000 r--s 00008000 08:03 4341306                    /home/oleg/sdk/tools/lib/emma_ant.jar
7febac0cc000-7febac0d4000 r--s 00061000 08:03 4341305                    /home/oleg/sdk/tools/lib/emma.jar
7febac0d4000-7febac0d6000 r--s 0000d000 08:03 4341321                    /home/oleg/sdk/tools/lib/commons-codec-1.4.jar
7febac0d6000-7febac0d8000 r--s 0000d000 08:03 4341280                    /home/oleg/sdk/tools/lib/commons-logging-1.1.1.jar
7febac0d8000-7febac0dd000 r--s 00028000 08:03 4341340                    /home/oleg/sdk/tools/lib/httpcore-4.1.jar
7febac0dd000-7febac0df000 r--s 00005000 08:03 4341325                    /home/oleg/sdk/tools/lib/httpmime-4.1.jar
7febac0df000-7febac0e7000 r--s 0004e000 08:03 4341299                    /home/oleg/sdk/tools/lib/httpclient-4.1.1.jar
7febac0e7000-7febac111000 r--s 001e9000 08:03 4341339                    /home/oleg/sdk/tools/lib/guava-15.0.jar
7febac111000-7febac112000 ---p 00000000 00:00 0 
7febac112000-7febac212000 rw-p 00000000 00:00 0 
7febac212000-7febac215000 ---p 00000000 00:00 0 
7febac215000-7febac313000 rw-p 00000000 00:00 0 
7febac313000-7febac316000 ---p 00000000 00:00 0 
7febac316000-7febac414000 rw-p 00000000 00:00 0 
7febac414000-7febac417000 ---p 00000000 00:00 0 
7febac417000-7febac515000 rw-p 00000000 00:00 0 
7febac515000-7febac518000 ---p 00000000 00:00 0 
7febac518000-7febac616000 rw-p 00000000 00:00 0 
7febac616000-7febaccfd000 r--p 00000000 08:03 6167085                    /usr/lib/locale/locale-archive
7febaccfd000-7febacd00000 ---p 00000000 00:00 0 
7febacd00000-7febacdfe000 rw-p 00000000 00:00 0 
7febacdfe000-7febace01000 ---p 00000000 00:00 0 
7febace01000-7febaceff000 rw-p 00000000 00:00 0 
7febaceff000-7febacf00000 ---p 00000000 00:00 0 
7febacf00000-7febad000000 rw-p 00000000 00:00 0 
7febad000000-7febad270000 rwxp 00000000 00:00 0 
7febad270000-7febb03ae000 rw-p 00000000 00:00 0 
7febb03ae000-7febb4000000 ---p 00000000 00:00 0 
7febb4005000-7febb4009000 r--s 00020000 08:03 4343070                    /home/oleg/sdk/tools/lib/commons-compress-1.0.jar
7febb4009000-7febb400a000 r--s 00002000 08:03 4343076                    /home/oleg/sdk/tools/lib/dvlib.jar
7febb400a000-7febb400b000 r--s 0000a000 08:03 4341279                    /home/oleg/sdk/tools/lib/kxml2-2.3.0.jar
7febb400b000-7febb400e000 r--s 0000e000 08:03 4341293                    /home/oleg/sdk/tools/lib/layoutlib-api.jar
7febb400e000-7febb4017000 r--s 0009d000 08:03 4341285                    /home/oleg/sdk/tools/lib/sdklib.jar
7febb4017000-7febb4019000 r--s 0000f000 08:03 4341323                    /home/oleg/sdk/tools/lib/common.jar
7febb4019000-7febb401a000 r--s 00008000 08:03 4341281                    /home/oleg/sdk/tools/lib/manifest-merger.jar
7febb401a000-7febb401c000 r--s 00017000 08:03 4343072                    /home/oleg/sdk/tools/lib/ant-tasks.jar
7febb401c000-7febb407c000 r--s 00dc1000 08:03 1971635                    /usr/lib/jvm/java-6-openjdk-amd64/lib/tools.jar
7febb407c000-7febb407e000 r--s 00001000 08:03 6055                       /usr/share/java/ant-jdepend-1.8.2.jar
7febb407e000-7febb407f000 r--s 00000000 08:03 4436                       /usr/share/java/ant-apache-regexp-1.8.2.jar
7febb407f000-7febb4080000 r--s 00009000 08:03 6057                       /usr/share/java/ant-jsch-1.8.2.jar
7febb4080000-7febb4081000 r--s 00000000 08:03 4365                       /usr/share/java/ant-apache-bsf-1.8.2.jar
7febb4081000-7febb4082000 r--s 00001000 08:03 6059                       /usr/share/java/ant-swing-1.8.2.jar
7febb4082000-7febb409f000 r--s 001bc000 08:03 3981                       /usr/share/java/ant-1.8.2.jar
7febb409f000-7febb40a8000 r--s 00031000 08:03 3887                       /usr/share/java/xml-apis-1.4.01.jar
7febb40a8000-7febb40c1000 r--s 00144000 08:03 3918                       /usr/share/java/xercesImpl-2.11.0.jar
7febb40c1000-7febb43f7000 rw-p 00000000 00:00 0 
7febb43f7000-7febb458b000 r--s 03822000 08:03 1971068                    /usr/lib/jvm/java-6-openjdk-amd64/jre/lib/rt.jar
7febb458b000-7febb45b3000 rw-p 00000000 00:00 0 
7febb45b3000-7febb45b4000 ---p 00000000 00:00 0 
7febb45b4000-7febb46b4000 rw-p 00000000 00:00 0 
7febb46b4000-7febb46b5000 ---p 00000000 00:00 0 
7febb46b5000-7febb47c0000 rw-p 00000000 00:00 0 
7febb47c0000-7febb4808000 rw-p 00000000 00:00 0 
7febb4808000-7febb483d000 rw-p 00000000 00:00 0 
7febb483d000-7febb4b4a000 rw-p 00000000 00:00 0 
7febb4b4a000-7febb4b55000 rw-p 00000000 00:00 0 
7febb4b55000-7febb4b9d000 rw-p 00000000 00:00 0 
7febb4b9d000-7febb4bd2000 rw-p 00000000 00:00 0 
7febb4bd2000-7febb4edf000 rw-p 00000000 00:00 0 
7febb4edf000-7febb4f0d000 rw-p 00000000 00:00 0 
7febb4f0d000-7febb5080000 rw-p 00000000 00:00 0 
7febb5080000-7febb5081000 rw-p 00000000 00:00 0 
7febb5081000-7febb5088000 r-xp 00000000 08:03 1966625                    /usr/lib/jvm/java-6-openjdk-amd64/jre/lib/amd64/libzip.so
7febb5088000-7febb5287000 ---p 00007000 08:03 1966625                    /usr/lib/jvm/java-6-openjdk-amd64/jre/lib/amd64/libzip.so
7febb5287000-7febb5288000 r--p 00006000 08:03 1966625                    /usr/lib/jvm/java-6-openjdk-amd64/jre/lib/amd64/libzip.so
7febb5288000-7febb5289000 rw-p 00007000 08:03 1966625                    /usr/lib/jvm/java-6-openjdk-amd64/jre/lib/amd64/libzip.so
7febb5289000-7febb5295000 r-xp 00000000 08:03 3044450                    /lib/x86_64-linux-gnu/libnss_files-2.15.so
7febb5295000-7febb5494000 ---p 0000c000 08:03 3044450                    /lib/x86_64-linux-gnu/libnss_files-2.15.so
7febb5494000-7febb5495000 r--p 0000b000 08:03 3044450                    /lib/x86_64-linux-gnu/libnss_files-2.15.so
7febb5495000-7febb5496000 rw-p 0000c000 08:03 3044450                    /lib/x86_64-linux-gnu/libnss_files-2.15.so
7febb5496000-7febb54a0000 r-xp 00000000 08:03 3044454                    /lib/x86_64-linux-gnu/libnss_nis-2.15.so
7febb54a0000-7febb56a0000 ---p 0000a000 08:03 3044454                    /lib/x86_64-linux-gnu/libnss_nis-2.15.so
7febb56a0000-7febb56a1000 r--p 0000a000 08:03 3044454                    /lib/x86_64-linux-gnu/libnss_nis-2.15.so
7febb56a1000-7febb56a2000 rw-p 0000b000 08:03 3044454                    /lib/x86_64-linux-gnu/libnss_nis-2.15.so
7febb56a2000-7febb56b9000 r-xp 00000000 08:03 3044470                    /lib/x86_64-linux-gnu/libnsl-2.15.so
7febb56b9000-7febb58b8000 ---p 00017000 08:03 3044470                    /lib/x86_64-linux-gnu/libnsl-2.15.so
7febb58b8000-7febb58b9000 r--p 00016000 08:03 3044470                    /lib/x86_64-linux-gnu/libnsl-2.15.so
7febb58b9000-7febb58ba000 rw-p 00017000 08:03 3044470                    /lib/x86_64-linux-gnu/libnsl-2.15.so
7febb58ba000-7febb58bc000 rw-p 00000000 00:00 0 
7febb58bc000-7febb58c4000 r-xp 00000000 08:03 3044448                    /lib/x86_64-linux-gnu/libnss_compat-2.15.so
7febb58c4000-7febb5ac3000 ---p 00008000 08:03 3044448                    /lib/x86_64-linux-gnu/libnss_compat-2.15.so
7febb5ac3000-7febb5ac4000 r--p 00007000 08:03 3044448                    /lib/x86_64-linux-gnu/libnss_compat-2.15.so
7febb5ac4000-7febb5ac5000 rw-p 00008000 08:03 3044448                    /lib/x86_64-linux-gnu/libnss_compat-2.15.so
7febb5ac5000-7febb5af1000 r-xp 00000000 08:03 1966620                    /usr/lib/jvm/java-6-openjdk-amd64/jre/lib/amd64/libjava.so
7febb5af1000-7febb5cf0000 ---p 0002c000 08:03 1966620                    /usr/lib/jvm/java-6-openjdk-amd64/jre/lib/amd64/libjava.so
7febb5cf0000-7febb5cf1000 r--p 0002b000 08:03 1966620                    /usr/lib/jvm/java-6-openjdk-amd64/jre/lib/amd64/libjava.so
7febb5cf1000-7febb5cf4000 rw-p 0002c000 08:03 1966620                    /usr/lib/jvm/java-6-openjdk-amd64/jre/lib/amd64/libjava.so
7febb5cf4000-7febb5d02000 r-xp 00000000 08:03 1966637                    /usr/lib/jvm/java-6-openjdk-amd64/jre/lib/amd64/libverify.so
7febb5d02000-7febb5f01000 ---p 0000e000 08:03 1966637                    /usr/lib/jvm/java-6-openjdk-amd64/jre/lib/amd64/libverify.so
7febb5f01000-7febb5f03000 r--p 0000d000 08:03 1966637                    /usr/lib/jvm/java-6-openjdk-amd64/jre/lib/amd64/libverify.so
7febb5f03000-7febb5f04000 rw-p 0000f000 08:03 1966637                    /usr/lib/jvm/java-6-openjdk-amd64/jre/lib/amd64/libverify.so
7febb5f04000-7febb5f0b000 r-xp 00000000 08:03 3044453                    /lib/x86_64-linux-gnu/librt-2.15.so
7febb5f0b000-7febb610a000 ---p 00007000 08:03 3044453                    /lib/x86_64-linux-gnu/librt-2.15.so
7febb610a000-7febb610b000 r--p 00006000 08:03 3044453                    /lib/x86_64-linux-gnu/librt-2.15.so
7febb610b000-7febb610c000 rw-p 00007000 08:03 3044453                    /lib/x86_64-linux-gnu/librt-2.15.so
7febb610c000-7febb6121000 r-xp 00000000 08:03 3018368                    /lib/x86_64-linux-gnu/libgcc_s.so.1
7febb6121000-7febb6320000 ---p 00015000 08:03 3018368                    /lib/x86_64-linux-gnu/libgcc_s.so.1
7febb6320000-7febb6321000 r--p 00014000 08:03 3018368                    /lib/x86_64-linux-gnu/libgcc_s.so.1
7febb6321000-7febb6322000 rw-p 00015000 08:03 3018368                    /lib/x86_64-linux-gnu/libgcc_s.so.1
7febb6322000-7febb641d000 r-xp 00000000 08:03 3044459                    /lib/x86_64-linux-gnu/libm-2.15.so
7febb641d000-7febb661c000 ---p 000fb000 08:03 3044459                    /lib/x86_64-linux-gnu/libm-2.15.so
7febb661c000-7febb661d000 r--p 000fa000 08:03 3044459                    /lib/x86_64-linux-gnu/libm-2.15.so
7febb661d000-7febb661e000 rw-p 000fb000 08:03 3044459                    /lib/x86_64-linux-gnu/libm-2.15.so
7febb661e000-7febb6700000 r-xp 00000000 08:03 6168267                    /usr/lib/x86_64-linux-gnu/libstdc++.so.6.0.16
7febb6700000-7febb68ff000 ---p 000e2000 08:03 6168267                    /usr/lib/x86_64-linux-gnu/libstdc++.so.6.0.16
7febb68ff000-7febb6907000 r--p 000e1000 08:03 6168267                    /usr/lib/x86_64-linux-gnu/libstdc++.so.6.0.16
7febb6907000-7febb6909000 rw-p 000e9000 08:03 6168267                    /usr/lib/x86_64-linux-gnu/libstdc++.so.6.0.16
7febb6909000-7febb691e000 rw-p 00000000 00:00 0 
7febb691e000-7febb721e000 r-xp 00000000 08:03 1966652                    /usr/lib/jvm/java-6-openjdk-amd64/jre/lib/amd64/server/libjvm.so
7febb721e000-7febb741e000 ---p 00900000 08:03 1966652                    /usr/lib/jvm/java-6-openjdk-amd64/jre/lib/amd64/server/libjvm.so
7febb741e000-7febb749f000 r--p 00900000 08:03 1966652                    /usr/lib/jvm/java-6-openjdk-amd64/jre/lib/amd64/server/libjvm.so
7febb749f000-7febb74ba000 rw-p 00981000 08:03 1966652                    /usr/lib/jvm/java-6-openjdk-amd64/jre/lib/amd64/server/libjvm.so
7febb74ba000-7febb74e3000 rw-p 00000000 00:00 0 
7febb74e3000-7febb74f9000 r-xp 00000000 08:03 3018458                    /lib/x86_64-linux-gnu/libz.so.1.2.3.4
7febb74f9000-7febb76f8000 ---p 00016000 08:03 3018458                    /lib/x86_64-linux-gnu/libz.so.1.2.3.4
7febb76f8000-7febb76f9000 r--p 00015000 08:03 3018458                    /lib/x86_64-linux-gnu/libz.so.1.2.3.4
7febb76f9000-7febb76fa000 rw-p 00016000 08:03 3018458                    /lib/x86_64-linux-gnu/libz.so.1.2.3.4
7febb76fa000-7febb78af000 r-xp 00000000 08:03 3044446                    /lib/x86_64-linux-gnu/libc-2.15.so
7febb78af000-7febb7aaf000 ---p 001b5000 08:03 3044446                    /lib/x86_64-linux-gnu/libc-2.15.so
7febb7aaf000-7febb7ab3000 r--p 001b5000 08:03 3044446                    /lib/x86_64-linux-gnu/libc-2.15.so
7febb7ab3000-7febb7ab5000 rw-p 001b9000 08:03 3044446                    /lib/x86_64-linux-gnu/libc-2.15.so
7febb7ab5000-7febb7aba000 rw-p 00000000 00:00 0 
7febb7aba000-7febb7abc000 r-xp 00000000 08:03 3044463                    /lib/x86_64-linux-gnu/libdl-2.15.so
7febb7abc000-7febb7cbc000 ---p 00002000 08:03 3044463                    /lib/x86_64-linux-gnu/libdl-2.15.so
7febb7cbc000-7febb7cbd000 r--p 00002000 08:03 3044463                    /lib/x86_64-linux-gnu/libdl-2.15.so
7febb7cbd000-7febb7cbe000 rw-p 00003000 08:03 3044463                    /lib/x86_64-linux-gnu/libdl-2.15.so
7febb7cbe000-7febb7cc2000 r-xp 00000000 08:03 1966795                    /usr/lib/jvm/java-6-openjdk-amd64/jre/lib/amd64/jli/libjli.so
7febb7cc2000-7febb7ec1000 ---p 00004000 08:03 1966795                    /usr/lib/jvm/java-6-openjdk-amd64/jre/lib/amd64/jli/libjli.so
7febb7ec1000-7febb7ec2000 r--p 00003000 08:03 1966795                    /usr/lib/jvm/java-6-openjdk-amd64/jre/lib/amd64/jli/libjli.so
7febb7ec2000-7febb7ec3000 rw-p 00004000 08:03 1966795                    /usr/lib/jvm/java-6-openjdk-amd64/jre/lib/amd64/jli/libjli.so
7febb7ec3000-7febb7edb000 r-xp 00000000 08:03 3044455                    /lib/x86_64-linux-gnu/libpthread-2.15.so
7febb7edb000-7febb80da000 ---p 00018000 08:03 3044455                    /lib/x86_64-linux-gnu/libpthread-2.15.so
7febb80da000-7febb80db000 r--p 00017000 08:03 3044455                    /lib/x86_64-linux-gnu/libpthread-2.15.so
7febb80db000-7febb80dc000 rw-p 00018000 08:03 3044455                    /lib/x86_64-linux-gnu/libpthread-2.15.so
7febb80dc000-7febb80e0000 rw-p 00000000 00:00 0 
7febb80e0000-7febb8102000 r-xp 00000000 08:03 3044460                    /lib/x86_64-linux-gnu/ld-2.15.so
7febb8102000-7febb8104000 r--s 00013000 08:03 6053                       /usr/share/java/ant-commons-net-1.8.2.jar
7febb8104000-7febb8105000 r--s 00001000 08:03 6061                       /usr/share/java/ant-junit4-1.8.2.jar
7febb8105000-7febb8106000 r--s 00000000 08:03 5726                       /usr/share/java/ant-commons-logging-1.8.2.jar
7febb8106000-7febb8108000 r--s 00002000 08:03 3982                       /usr/share/java/ant-launcher-1.8.2.jar
7febb8108000-7febb810a000 r--s 00001000 08:03 4364                       /usr/share/java/ant-apache-bcel-1.8.2.jar
7febb810a000-7febb810b000 r--s 00001000 08:03 6056                       /usr/share/java/ant-jmf-1.8.2.jar
7febb810b000-7febb810c000 r--s 00001000 08:03 6054                       /usr/share/java/ant-javamail-1.8.2.jar
7febb810c000-7febb810d000 r--s 00003000 08:03 6060                       /usr/share/java/ant-testutil-1.8.2.jar
7febb810d000-7febb810f000 r--s 00008000 08:03 4367                       /usr/share/java/ant-apache-oro-1.8.2.jar
7febb810f000-7febb8111000 r--s 00017000 08:03 6058                       /usr/share/java/ant-junit-1.8.2.jar
7febb8111000-7febb8112000 r--s 00000000 08:03 4366                       /usr/share/java/ant-apache-log4j-1.8.2.jar
7febb8112000-7febb8119000 r--s 000fc000 08:03 1966589                    /usr/lib/jvm/java-6-openjdk-common/jre/lib/resources.jar
7febb8119000-7febb8123000 rw-p 00000000 00:00 0 
7febb8123000-7febb81d9000 rw-p 00000000 00:00 0 
7febb81d9000-7febb81dc000 ---p 00000000 00:00 0 
7febb81dc000-7febb82df000 rw-p 00000000 00:00 0 
7febb82df000-7febb82e0000 r--s 00001000 08:03 4012                       /usr/share/java/ant-antlr-1.8.2.jar
7febb82e0000-7febb82e1000 r--s 00000000 08:03 5725                       /usr/share/java/ant-apache-xalan2-1.8.2.jar
7febb82e1000-7febb82e2000 r--s 00000000 08:03 4610                       /usr/share/java/ant-apache-resolver-1.8.2.jar
7febb82e2000-7febb82e5000 r--s 0007f000 08:03 1966607                    /usr/lib/jvm/java-6-openjdk-common/jre/lib/jsse.jar
7febb82e5000-7febb82e7000 r--s 00002000 08:03 3982                       /usr/share/java/ant-launcher-1.8.2.jar
7febb82e7000-7febb82e9000 r--s 0000f000 08:03 1966577                    /usr/lib/jvm/java-6-openjdk-common/jre/lib/ext/pulse-java.jar
7febb82e9000-7febb82ec000 r--s 00077000 08:03 1966579                    /usr/lib/jvm/java-6-openjdk-common/jre/lib/ext/localedata.jar
7febb82ec000-7febb82ed000 r--s 00007000 08:03 855                        /usr/share/java/java-atk-wrapper.jar
7febb82ed000-7febb82f0000 r--s 00031000 08:03 1966581                    /usr/lib/jvm/java-6-openjdk-common/jre/lib/ext/sunjce_provider.jar
7febb82f0000-7febb82f2000 r--s 00001000 08:03 1966580                    /usr/lib/jvm/java-6-openjdk-common/jre/lib/ext/dnsns.jar
7febb82f2000-7febb82f6000 r--s 00039000 08:03 1966575                    /usr/lib/jvm/java-6-openjdk-common/jre/lib/ext/sunpkcs11.jar
7febb82f6000-7febb82fe000 rw-s 00000000 08:03 2636913                    /tmp/hsperfdata_oleg/10093
7febb82fe000-7febb82ff000 rw-p 00000000 00:00 0 
7febb82ff000-7febb8300000 r--p 00000000 00:00 0 
7febb8300000-7febb8302000 rw-p 00000000 00:00 0 
7febb8302000-7febb8303000 r--p 00022000 08:03 3044460                    /lib/x86_64-linux-gnu/ld-2.15.so
7febb8303000-7febb8305000 rw-p 00023000 08:03 3044460                    /lib/x86_64-linux-gnu/ld-2.15.so
7fff3add6000-7fff3adf7000 rw-p 00000000 00:00 0                          [stack]
7fff3adff000-7fff3ae00000 r-xp 00000000 00:00 0                          [vdso]
ffffffffff600000-ffffffffff601000 r-xp 00000000 00:00 0                  [vsyscall]

VM Arguments:
jvm_args: -Dant.home=/usr/share/ant -Dant.library.dir=/usr/share/ant/lib 
java_command: org.apache.tools.ant.launch.Launcher -cp  debug -f /home/oleg/CordovaMapsSample/platforms/android/build.xml -Dout.dir=ant-build -Dgen.absolute.dir=ant-gen
Launcher Type: SUN_STANDARD

Environment Variables:
PATH=/home/oleg/.rvm/gems/ruby-1.9.3-p327/bin:/home/oleg/.rvm/gems/ruby-1.9.3-p327@global/bin:/home/oleg/.rvm/rubies/ruby-1.9.3-p327/bin:/home/oleg/.rvm/bin:/usr/lib/lightdm/lightdm:/usr/local/sbin:/usr/local/bin:/usr/sbin:/usr/bin:/sbin:/bin:/usr/games:/home/oleg/sdk/platform-tools:/home/oleg/sdk/tools
LD_LIBRARY_PATH=/usr/lib/jvm/java-6-openjdk-amd64/jre/lib/amd64/server:/usr/lib/jvm/java-6-openjdk-amd64/jre/lib/amd64:/usr/lib/jvm/java-6-openjdk-amd64/jre/../lib/amd64
SHELL=/bin/bash
DISPLAY=:1.0

Signal Handlers:
SIGSEGV: [libjvm.so+0x7837c0], sa_mask[0]=0x7ffbfeff, sa_flags=0x10000004
SIGBUS: [libjvm.so+0x7837c0], sa_mask[0]=0x7ffbfeff, sa_flags=0x10000004
SIGFPE: [libjvm.so+0x647740], sa_mask[0]=0x7ffbfeff, sa_flags=0x10000004
SIGPIPE: [libjvm.so+0x647740], sa_mask[0]=0x7ffbfeff, sa_flags=0x10000004
SIGXFSZ: [libjvm.so+0x647740], sa_mask[0]=0x7ffbfeff, sa_flags=0x10000004
SIGILL: [libjvm.so+0x647740], sa_mask[0]=0x7ffbfeff, sa_flags=0x10000004
SIGUSR1: SIG_DFL, sa_mask[0]=0x00000000, sa_flags=0x00000000
SIGUSR2: [libjvm.so+0x647920], sa_mask[0]=0x00000000, sa_flags=0x10000004
SIGHUP: [libjvm.so+0x64a2f0], sa_mask[0]=0x7ffbfeff, sa_flags=0x10000004
SIGINT: [libjvm.so+0x64a2f0], sa_mask[0]=0x7ffbfeff, sa_flags=0x10000004
SIGTERM: [libjvm.so+0x64a2f0], sa_mask[0]=0x7ffbfeff, sa_flags=0x10000004
SIGQUIT: [libjvm.so+0x64a2f0], sa_mask[0]=0x7ffbfeff, sa_flags=0x10000004


---------------  S Y S T E M  ---------------

OS:Ubuntu 12.04 (precise)
uname:Linux 3.2.0-58-generic #88-Ubuntu SMP Tue Dec 3 17:37:58 UTC 2013 x86_64
libc:glibc 2.15 NPTL 2.15 
rlimit: STACK 8192k, CORE 0k, NPROC 79359, NOFILE 4096, AS infinity
load average:1.48 2.18 2.13

/proc/meminfo:
MemTotal:       10241552 kB
MemFree:         2947584 kB
Buffers:          194928 kB
Cached:          2552980 kB
SwapCached:            0 kB
Active:          4348448 kB
Inactive:        2132056 kB
Active(anon):    3734980 kB
Inactive(anon):    33180 kB
Active(file):     613468 kB
Inactive(file):  2098876 kB
Unevictable:          32 kB
Mlocked:              32 kB
SwapTotal:       6894588 kB
SwapFree:        6894588 kB
Dirty:              2416 kB
Writeback:             0 kB
AnonPages:       3732612 kB
Mapped:           510888 kB
Shmem:             35568 kB
Slab:             168476 kB
SReclaimable:     125144 kB
SUnreclaim:        43332 kB
KernelStack:        6544 kB
PageTables:        82308 kB
NFS_Unstable:          0 kB
Bounce:                0 kB
WritebackTmp:          0 kB
CommitLimit:    12015364 kB
Committed_AS:   10510444 kB
VmallocTotal:   34359738367 kB
VmallocUsed:      330348 kB
VmallocChunk:   34359405748 kB
HardwareCorrupted:     0 kB
AnonHugePages:         0 kB
HugePages_Total:       0
HugePages_Free:        0
HugePages_Rsvd:        0
HugePages_Surp:        0
Hugepagesize:       2048 kB
DirectMap4k:      229952 kB
DirectMap2M:     3962880 kB
DirectMap1G:     6291456 kB


CPU:total 2 (2 cores per cpu, 1 threads per core) family 16 model 6 stepping 3, cmov, cx8, fxsr, mmx, sse, sse2, sse3, popcnt, mmxext, 3dnowpref, lzcnt, sse4a

Memory: 4k page, physical 10241552k(2947584k free), swap 6894588k(6894588k free)

vm_info: OpenJDK 64-Bit Server VM (20.0-b12) for linux-amd64 JRE (1.6.0_27-b27), built on Nov 16 2013 15:13:05 by "buildd" with gcc 4.6.3

time: Mon Apr 21 18:55:48 2014
elapsed time: 3 seconds

