#
# A fatal error has been detected by the Java Runtime Environment:
#
#  SIGSEGV (0xb) at pc=0x00007f3fa9f979e8, pid=31838, tid=139911433647872
#
# JRE version: 6.0_27-b27
# Java VM: OpenJDK 64-Bit Server VM (20.0-b12 mixed mode linux-amd64 compressed oops)
# Derivative: IcedTea6 1.12.6
# Distribution: Ubuntu 12.04 LTS, package 6b27-1.12.6-1ubuntu0.12.04.4
# Problematic frame:
# V  [libjvm.so+0x47b9e8]  instanceKlass::find_method(objArrayOopDesc*, symbolOopDesc*, symbolOopDesc*)+0xc8
#
# If you would like to submit a bug report, please include
# instructions how to reproduce the bug and visit:
#   https://bugs.launchpad.net/ubuntu/+source/openjdk-6/
#

---------------  T H R E A D  ---------------

Current thread (0x00007f3fa4008000):  JavaThread "main" [_thread_in_vm, id=31846, stack(0x00007f3fab3d7000,0x00007f3fab4d8000)]

siginfo:si_signo=SIGSEGV: si_errno=0, si_code=128 (), si_addr=0x0000000000000000

Registers:
RAX=0x00000007594e5c20, RBX=0x0000000000000001, RCX=0x0000000000000003, RDX=0x0000000759406a80
RSP=0x00007f3fab4d5728, RBP=0x00007f3fab4d5750, RSI=0x0000000759404ee0, RDI=0x00000007594e3820
R8 =0x000000000000001c, R9 =0x0000000000000038, R10=0x0000000000000000, R11=0x00000007594e2b70
R12=0x00a60007594e5bc0, R13=0x0000000000000000, R14=0x00007f3fab4d5aa0, R15=0x00007f3fa40089b8
RIP=0x00007f3fa9f979e8, EFLAGS=0x0000000000010202, CSGSFS=0x0000000000000033, ERR=0x0000000000000000
  TRAPNO=0x000000000000000d

Top of Stack: (sp=0x00007f3fab4d5728)
0x00007f3fab4d5728:   00000007594e6b68 0000000759406a80
0x00007f3fab4d5738:   0000000759404ee0 00007f3fab4d5aa0
0x00007f3fab4d5748:   00007f3fa40089b8 00007f3fab4d5780
0x00007f3fab4d5758:   00007f3fa9f97be8 00007f3fab4d5780
0x00007f3fab4d5768:   00007f3fab4d5aa0 00007f3fa4008000
0x00007f3fab4d5778:   00007f3fa4008000 00007f3fab4d57b0
0x00007f3fab4d5788:   00007f3faa0bb3cb 00007f3fa403b538
0x00007f3fab4d5798:   00007f3fa40089b0 00007f3fa4008000
0x00007f3fab4d57a8:   0000000000000001 00007f3fab4d5940
0x00007f3fab4d57b8:   00007f3faa0bbbf9 00007f3fab4d5b20
0x00007f3fab4d57c8:   00007f3fa403b528 00007f3fab4d5800
0x00007f3fab4d57d8:   0000000000000000 00007f3fa403bf28
0x00007f3fab4d57e8:   00007f3fab4d5b20 00007f3fa40089c0
0x00007f3fab4d57f8:   00007f3fa40089c8 00007f3fab4d5830
0x00007f3fab4d5808:   00007f3fa403b550 00007f3fa4008000
0x00007f3fab4d5818:   0000000000000000 0000000000000000
0x00007f3fab4d5828:   00007f3fa403b550 00007f3fab4d59c0
0x00007f3fab4d5838:   00007f3faa0bc2ee 00007f3fa400b0f0
0x00007f3fab4d5848:   00007f3fa400b1f0 0000000000000000
0x00007f3fab4d5858:   00007f3fa4008000 00007f3fa403b558
0x00007f3fab4d5868:   00007f3fa4008000 00007f3fa403b530
0x00007f3fab4d5878:   00007f3fa403b538 00007f3fab4d5940
0x00007f3fab4d5888:   00007f3fa9f97c51 00007f3fa400b000
0x00007f3fab4d5898:   0000000000000000 00007f3fa40052c0
0x00007f3fab4d58a8:   00007f3fa4008490 00007f3fa40084a0
0x00007f3fab4d58b8:   00007f3fa4008878 00007f3fa4008000
0x00007f3fab4d58c8:   00007f3fa403bf28 00007f3fab4d58f0
0x00007f3fab4d58d8:   00007f3faa230a75 00007f3fa4008000
0x00007f3fab4d58e8:   00007f3fa4008000 00007f3fab4d5940
0x00007f3fab4d58f8:   00007f3fa9f96d55 00007f3fa4008000
0x00007f3fab4d5908:   df317a4c027fda00 0000000000000001
0x00007f3fab4d5918:   00007f3fa4008000 00007f3fab4d5aa0 

Instructions: (pc=0x00007f3fa9f979e8)
0x00007f3fa9f979c8:   49 63 c0 44 8b 5c 87 10 31 c0 45 85 db 74 09 44
0x00007f3fa9f979d8:   89 d8 48 d3 e0 4c 01 e8 4c 8b 60 10 4c 8b 58 18
0x00007f3fa9f979e8:   45 0f b7 74 24 40 4b 39 74 f3 40 72 c3 74 09 45
0x00007f3fa9f979f8:   8d 48 ff eb bf 0f 1f 00 45 0f b7 64 24 42 4b 3b 

Register to memory mapping:

RAX=0x00000007594e5c20 is an oop
{method} 
 - klass: {other class}
RBX=0x0000000000000001 is an unknown value
RCX=0x0000000000000003 is an unknown value
RDX=0x0000000759406a80 is an oop
{symbol} 
 - klass: {other class}
RSP=0x00007f3fab4d5728 is pointing into the stack for thread: 0x00007f3fa4008000
RBP=0x00007f3fab4d5750 is pointing into the stack for thread: 0x00007f3fa4008000
RSI=0x0000000759404ee0 is an oop
{symbol} 
 - klass: {other class}
RDI=0x00000007594e3820 is an oop
[[I 
 - klass: 'java/lang/Object'[]
 - length: 57
R8 =0x000000000000001c is an unknown value
R9 =0x0000000000000038 is an unknown value
R10=0x0000000000000000 is an unknown value
R11=0x00000007594e2b70 is an oop
{constant pool} 
 - klass: {other class}
 - cache: 0x00000007594e6e50
 -   1 :  : klass_index=60 name_and_type_index=152
 -   2 :  : klass_index=153 name_and_type_index=154
 -   3 :  : klass_index=153 name_and_type_index=155
 -   4 :  : klass_index=153 name_and_type_index=156
 -   5 :  : klass_index=153 name_and_type_index=157
 -   6 :  : klass_index=153 name_and_type_index=158
 -   7 :  : klass_index=153 name_and_type_index=159
 -   8 :  : 180.000000
 -  10 :  : 3.141593
 -  12 :  : klass_index=153 name_and_type_index=160
 -  13 :  : klass_index=153 name_and_type_index=161
 -  14 :  : klass_index=153 name_and_type_index=162
 -  15 :  : klass_index=153 name_and_type_index=163
 -  16 :  : klass_index=153 name_and_type_index=164
 -  17 :  : klass_index=153 name_and_type_index=165
 -  18 :  : klass_index=153 name_and_type_index=166
 -  19 :  : klass_index=153 name_and_type_index=167
 -  20 :  : klass_index=153 name_and_type_index=168
 -  21 :  : klass_index=153 name_and_type_index=169
 -  22 :  : klass_index=153 name_and_type_index=170
 -  23 :  : 0.500000
 -  24 :  : klass_index=59 name_and_type_index=167
 -  25 :  : 0.500000
 -  27 :  : klass_index=59 name_and_type_index=171
 -  28 :  : 'java/util/Random'
 -  29 :  : klass_index=28 name_and_type_index=152
 -  30 :  : klass_index=59 name_and_type_index=173
 -  31 :  : klass_index=28 name_and_type_index=174
 -  32 :  : klass_index=175 name_and_type_index=176
 -  33 :  : klass_index=59 name_and_type_index=177
 -  34 :  : klass_index=178 name_and_type_index=179
 -  35 :  : klass_index=59 name_and_type_index=180
 -  36 :  : klass_index=181 name_and_type_index=182
 -  37 :  : klass_index=181 name_and_type_index=183
 -  38 :  : klass_index=181 name_and_type_index=184
 -  39 :  : klass_index=181 name_and_type_index=185
 -  40 :  : klass_index=153 name_and_type_index=186
 -  41 :  : klass_index=153 name_and_type_index=187
 -  42 :  : klass_index=153 name_and_type_index=188
 -  43 :  : klass_index=153 name_and_type_index=189
 -  44 :  : klass_index=153 name_and_type_index=190
 -  45 :  : klass_index=153 name_and_type_index=191
 -  46 :  : klass_index=181 name_and_type_index=192
 -  47 :  : klass_index=181 name_and_type_index=193
 -  48 :  : klass_index=181 name_and_type_index=194
 -  49 :  : klass_index=181 name_and_type_index=195
 -  50 :  : klass_index=181 name_and_type_index=196
 -  51 :  : klass_index=181 name_and_type_index=197
 -  52 :  : klass_index=181 name_and_type_index=198
 -  53 :  : klass_index=181 name_and_type_index=199
 -  54 :  : klass_index=181 name_and_type_index=200
 -  55 :  : klass_index=181 name_and_type_index=201
 -  56 :  : -0.000000
 -  57 :  : -0.000000
 -  59 :  : 'java/lang/Math' {0x7594e6b68}
 -  60 :  : 'java/lang/Object'
 -  61 :  : 'E'
 -  62 :  : 'D'
 -  63 :  : 'ConstantValue'
 -  64 :  : 2.718282
 -  66 :  : 'PI'
 -  67 :  : 'randomNumberGenerator'
 -  68 :  : 'Ljava/util/Random;'
 -  69 :  : 'negativeZeroFloatBits'
 -  70 :  : 'J'
 -  71 :  : 'negativeZeroDoubleBits'
 -  72 :  : '<init>'
 -  73 :  : '()V'
 -  74 :  : 'Code'
 -  75 :  : 'LineNumberTable'
 -  76 :  : 'LocalVariableTable'
 -  77 :  : 'this'
 -  78 :  : 'Ljava/lang/Math;'
 -  79 :  : 'sin'
 -  80 :  : '(D)D'
 -  81 :  : 'a'
 -  82 :  : 'cos'
 -  83 :  : 'tan'
 -  84 :  : 'asin'
 -  85 :  : 'acos'
 -  86 :  : 'atan'
 -  87 :  : 'toRadians'
 -  88 :  : 'angdeg'
 -  89 :  : 'toDegrees'
 -  90 :  : 'angrad'
 -  91 :  : 'exp'
 -  92 :  : 'log'
 -  93 :  : 'log10'
 -  94 :  : 'sqrt'
 -  95 :  : 'cbrt'
 -  96 :  : 'IEEEremainder'
 -  97 :  : '(DD)D'
 -  98 :  : 'f1'
 -  99 :  : 'f2'
 - 100 :  : 'ceil'
 - 101 :  : 'floor'
 - 102 :  : 'rint'
 - 103 :  : 'atan2'
 - 104 :  : 'y'
 - 105 :  : 'x'
 - 106 :  : 'pow'
 - 107 :  : 'b'
 - 108 :  : 'round'
 - 109 :  : '(F)I'
 - 110 :  : 'F'
 - 111 :  : '(D)J'
 - 112 :  : 'initRNG'
 - 113 :  : 'random'
 - 114 :  : '()D'
 - 115 :  : 'abs'
 - 116 :  : '(I)I'
 - 117 :  : 'I'
 - 118 :  : '(J)J'
 - 119 :  : '(F)F'
 - 120 :  : 'max'
 - 121 :  : '(II)I'
 - 122 :  : '(JJ)J'
 - 123 :  : '(FF)F'
 - 124 :  : 'min'
 - 125 :  : 'ulp'
 - 126 :  : 'd'
 - 127 :  : 'f'
 - 128 :  : 'signum'
 - 129 :  : 'sinh'
 - 130 :  : 'cosh'
 - 131 :  : 'tanh'
 - 132 :  : 'hypot'
 - 133 :  : 'expm1'
 - 134 :  : 'log1p'
 - 135 :  : 'copySign'
 - 136 :  : 'magnitude'
 - 137 :  : 'sign'
 - 138 :  : 'getExponent'
 - 139 :  : '(D)I'
 - 140 :  : 'nextAfter'
 - 141 :  : 'start'
 - 142 :  : 'direction'
 - 143 :  : '(FD)F'
 - 144 :  : 'nextUp'
 - 145 :  : 'scalb'
 - 146 :  : '(DI)D'
 - 147 :  : 'scaleFactor'
 - 148 :  : '(FI)F'
 - 149 :  : '<clinit>'
 - 150 :  : 'SourceFile'
 - 151 :  : 'Math.java'
 - 152 :  : name_index=72 signature_index=73
 - 153 :  : 'java/lang/StrictMath'
 - 154 :  : name_index=79 signature_index=80
 - 155 :  : name_index=82 signature_index=80
 - 156 :  : name_index=83 signature_index=80
 - 157 :  : name_index=84 signature_index=80
 - 158 :  : name_index=85 signature_index=80
 - 159 :  : name_index=86 signature_index=80
 - 160 :  : name_index=91 signature_index=80
 - 161 :  : name_index=92 signature_index=80
 - 162 :  : name_index=93 signature_index=80
 - 163 :  : name_index=94 signature_index=80
 - 164 :  : name_index=95 signature_index=80
 - 165 :  : name_index=96 signature_index=97
 - 166 :  : name_index=100 signature_index=80
 - 167 :  : name_index=101 signature_index=80
 - 168 :  : name_index=102 signature_index=80
 - 169 :  : name_index=103 signature_index=97
 - 170 :  : name_index=106 signature_index=97
 - 171 :  : name_index=67 signature_index=68
 - 172 :  : 'java/util/Random'
 - 173 :  : name_index=112 signature_index=73
 - 174 :  : name_index=205 signature_index=114
 - 175 :  : 'java/lang/Float' {0x75949f760}
 - 176 :  : name_index=207 signature_index=109
 - 177 :  : name_index=69 signature_index=70
 - 178 :  : 'java/lang/Double' {0x7594a2268}
 - 179 :  : name_index=209 signature_index=111
 - 180 :  : name_index=71 signature_index=70
 - 181 :  : 'sun/misc/FpUtils'
 - 182 :  : name_index=125 signature_index=80
 - 183 :  : name_index=125 signature_index=119
 - 184 :  : name_index=128 signature_index=80
 - 185 :  : name_index=128 signature_index=119
 - 186 :  : name_index=129 signature_index=80
 - 187 :  : name_index=130 signature_index=80
 - 188 :  : name_index=131 signature_index=80
 - 189 :  : name_index=132 signature_index=97
 - 190 :  : name_index=133 signature_index=80
 - 191 :  : name_index=134 signature_index=80
 - 192 :  : name_index=211 signature_index=97
 - 193 :  : name_index=211 signature_index=123
 - 194 :  : name_index=138 signature_index=109
 - 195 :  : name_index=138 signature_index=139
 - 196 :  : name_index=140 signature_index=97
 - 197 :  : name_index=140 signature_index=143
 - 198 :  : name_index=144 signature_index=80
 - 199 :  : name_index=144 signature_index=119
 - 200 :  : name_index=145 signature_index=146
 - 201 :  : name_index=145 signature_index=148
 - 202 :  : 'java/lang/Math'
 - 203 :  : 'java/lang/Object'
 - 204 :  : 'java/lang/StrictMath'
 - 205 :  : 'nextDouble'
 - 206 :  : 'java/lang/Float'
 - 207 :  : 'floatToIntBits'
 - 208 :  : 'java/lang/Double'
 - 209 :  : 'doubleToLongBits'
 - 210 :  : 'sun/misc/FpUtils'
 - 211 :  : 'rawCopySign'

R12=0x00a60007594e5bc0 is an unknown value
R13=0x0000000000000000 is an unknown value
R14=0x00007f3fab4d5aa0 is pointing into the stack for thread: 0x00007f3fa4008000
R15=0x00007f3fa40089b8 is an unknown value


Stack: [0x00007f3fab3d7000,0x00007f3fab4d8000],  sp=0x00007f3fab4d5728,  free space=1017k
Native frames: (J=compiled Java code, j=interpreted, Vv=VM code, C=native code)
V  [libjvm.so+0x47b9e8]  instanceKlass::find_method(objArrayOopDesc*, symbolOopDesc*, symbolOopDesc*)+0xc8
V  [libjvm.so+0x47bbe8]  instanceKlass::uncached_lookup_method(symbolOopDesc*, symbolOopDesc*) const+0x38
V  [libjvm.so+0x59f3cb]  LinkResolver::lookup_method_in_klasses(methodHandle&, KlassHandle, symbolHandle, symbolHandle, Thread*)+0x3b
V  [libjvm.so+0x59fbf9]  LinkResolver::resolve_method(methodHandle&, KlassHandle, symbolHandle, symbolHandle, KlassHandle, bool, Thread*)+0xe9
V  [libjvm.so+0x5a1c0d]  LinkResolver::linktime_resolve_static_method(methodHandle&, KlassHandle, symbolHandle, symbolHandle, KlassHandle, bool, Thread*)+0x3d
V  [libjvm.so+0x5a1d27]  LinkResolver::resolve_static_call(CallInfo&, KlassHandle&, symbolHandle, symbolHandle, KlassHandle, bool, bool, Thread*)+0x57
V  [libjvm.so+0x5a3aca]  LinkResolver::resolve_invokestatic(CallInfo&, constantPoolHandle, int, Thread*)+0x8a
V  [libjvm.so+0x4a6906]  InterpreterRuntime::resolve_invoke(JavaThread*, Bytecodes::Code)+0x286
j  java.util.Arrays.copyOf([CI)[C+11
j  java.lang.String.<init>([C)V+20
j  sun.nio.cs.FastCharsetProvider.toLower(Ljava/lang/String;)Ljava/lang/String;+118
j  sun.nio.cs.FastCharsetProvider.lookup(Ljava/lang/String;)Ljava/nio/charset/Charset;+2
j  sun.nio.cs.FastCharsetProvider.charsetForName(Ljava/lang/String;)Ljava/nio/charset/Charset;+10
j  java.nio.charset.Charset.lookup2(Ljava/lang/String;)Ljava/nio/charset/Charset;+39
j  java.nio.charset.Charset.lookup(Ljava/lang/String;)Ljava/nio/charset/Charset;+40
j  java.nio.charset.Charset.isSupported(Ljava/lang/String;)Z+1
v  ~StubRoutines::call_stub
V  [libjvm.so+0x4aeabf]  JavaCalls::call_helper(JavaValue*, methodHandle*, JavaCallArguments*, Thread*)+0x29f
V  [libjvm.so+0x4adef5]  JavaCalls::call(JavaValue*, methodHandle, JavaCallArguments*, Thread*)+0x25
V  [libjvm.so+0x4b8e93]  jni_invoke_static(JNIEnv_*, JavaValue*, _jobject*, JNICallType, _jmethodID*, JNI_ArgumentPusher*, Thread*) [clone .isra.128] [clone .constprop.144]+0x1c3
V  [libjvm.so+0x4c4256]  jni_CallStaticBooleanMethodV+0xd6
C  [libjava.so+0x166ad]  JNU_CallStaticMethodByName+0x19d
C  [libjava.so+0x17654]  JNU_NewStringPlatform+0xe4
C  [libjava.so+0x14ba9]  Java_java_lang_System_initProperties+0x1359
j  java.lang.System.initProperties(Ljava/util/Properties;)Ljava/util/Properties;+0
j  java.lang.System.initializeSystemClass()V+13
v  ~StubRoutines::call_stub
V  [libjvm.so+0x4aeabf]  JavaCalls::call_helper(JavaValue*, methodHandle*, JavaCallArguments*, Thread*)+0x29f
V  [libjvm.so+0x4adef5]  JavaCalls::call(JavaValue*, methodHandle, JavaCallArguments*, Thread*)+0x25
V  [libjvm.so+0x4adf8a]  JavaCalls::call_static(JavaValue*, KlassHandle, symbolHandle, symbolHandle, JavaCallArguments*, Thread*)+0x8a
V  [libjvm.so+0x4ae08e]  JavaCalls::call_static(JavaValue*, KlassHandle, symbolHandle, symbolHandle, Thread*)+0x3e
V  [libjvm.so+0x749b08]  Threads::create_vm(JavaVMInitArgs*, bool*)+0x6d8
V  [libjvm.so+0x4cccb1]  JNI_CreateJavaVM+0x61
C  [java+0x31ae]  JavaMain+0x7e

Java frames: (J=compiled Java code, j=interpreted, Vv=VM code)
j  java.util.Arrays.copyOf([CI)[C+11
j  java.lang.String.<init>([C)V+20
j  sun.nio.cs.FastCharsetProvider.toLower(Ljava/lang/String;)Ljava/lang/String;+118
j  sun.nio.cs.FastCharsetProvider.lookup(Ljava/lang/String;)Ljava/nio/charset/Charset;+2
j  sun.nio.cs.FastCharsetProvider.charsetForName(Ljava/lang/String;)Ljava/nio/charset/Charset;+10
j  java.nio.charset.Charset.lookup2(Ljava/lang/String;)Ljava/nio/charset/Charset;+39
j  java.nio.charset.Charset.lookup(Ljava/lang/String;)Ljava/nio/charset/Charset;+40
j  java.nio.charset.Charset.isSupported(Ljava/lang/String;)Z+1
v  ~StubRoutines::call_stub
j  java.lang.System.initProperties(Ljava/util/Properties;)Ljava/util/Properties;+0
j  java.lang.System.initializeSystemClass()V+13
v  ~StubRoutines::call_stub

---------------  P R O C E S S  ---------------

Java Threads: ( => current thread )
  0x00007f3fa4074800 JavaThread "Finalizer" daemon [_thread_blocked, id=31863, stack(0x00007f3f93eff000,0x00007f3f94000000)]
  0x00007f3fa4072800 JavaThread "Reference Handler" daemon [_thread_blocked, id=31862, stack(0x00007f3fa00bb000,0x00007f3fa01bc000)]
=>0x00007f3fa4008000 JavaThread "main" [_thread_in_vm, id=31846, stack(0x00007f3fab3d7000,0x00007f3fab4d8000)]

Other Threads:
  0x00007f3fa406d800 VMThread [stack: 0x00007f3fa01bc000,0x00007f3fa02bd000] [id=31855]

VM state:not at safepoint (normal execution)

VM Mutex/Monitor currently owned by a thread: None

Heap
 PSYoungGen      total 46656K, used 800K [0x00000007cbe00000, 0x00000007cf210000, 0x0000000800000000)
  eden space 40000K, 2% used [0x00000007cbe00000,0x00000007cbec8010,0x00000007ce510000)
  from space 6656K, 0% used [0x00000007ceb90000,0x00000007ceb90000,0x00000007cf210000)
  to   space 6656K, 0% used [0x00000007ce510000,0x00000007ce510000,0x00000007ceb90000)
 PSOldGen        total 106752K, used 0K [0x0000000763a00000, 0x000000076a240000, 0x00000007cbe00000)
  object space 106752K, 0% used [0x0000000763a00000,0x0000000763a00000,0x000000076a240000)
 PSPermGen       total 21248K, used 1247K [0x0000000759400000, 0x000000075a8c0000, 0x0000000763a00000)
  object space 21248K, 5% used [0x0000000759400000,0x0000000759537ce0,0x000000075a8c0000)

Code Cache  [0x00007f3fa1000000, 0x00007f3fa1270000, 0x00007f3fa4000000)
 total_blobs=103 nmethods=0 adapters=79 free_code_cache=49977024 largest_free_block=384

Dynamic libraries:
00400000-00409000 r-xp 00000000 08:03 1971074                            /usr/lib/jvm/java-6-openjdk-amd64/jre/bin/java
00608000-00609000 r--p 00008000 08:03 1971074                            /usr/lib/jvm/java-6-openjdk-amd64/jre/bin/java
00609000-0060a000 rw-p 00009000 08:03 1971074                            /usr/lib/jvm/java-6-openjdk-amd64/jre/bin/java
01b93000-01bb4000 rw-p 00000000 00:00 0                                  [heap]
759400000-75a8c0000 rw-p 00000000 00:00 0 
75a8c0000-763a00000 rw-p 00000000 00:00 0 
763a00000-76a240000 rw-p 00000000 00:00 0 
76a240000-7cbe00000 rw-p 00000000 00:00 0 
7cbe00000-7cf210000 rw-p 00000000 00:00 0 
7cf210000-800000000 rw-p 00000000 00:00 0 
7f3f84000000-7f3f84021000 rw-p 00000000 00:00 0 
7f3f84021000-7f3f88000000 ---p 00000000 00:00 0 
7f3f8c000000-7f3f8c021000 rw-p 00000000 00:00 0 
7f3f8c021000-7f3f90000000 ---p 00000000 00:00 0 
7f3f93818000-7f3f93eff000 r--p 00000000 08:03 6167085                    /usr/lib/locale/locale-archive
7f3f93eff000-7f3f93f02000 ---p 00000000 00:00 0 
7f3f93f02000-7f3f94000000 rw-p 00000000 00:00 0 
7f3f94000000-7f3f94021000 rw-p 00000000 00:00 0 
7f3f94021000-7f3f98000000 ---p 00000000 00:00 0 
7f3f98000000-7f3f98021000 rw-p 00000000 00:00 0 
7f3f98021000-7f3f9c000000 ---p 00000000 00:00 0 
7f3f9c000000-7f3f9c021000 rw-p 00000000 00:00 0 
7f3f9c021000-7f3fa0000000 ---p 00000000 00:00 0 
7f3fa00bb000-7f3fa00be000 ---p 00000000 00:00 0 
7f3fa00be000-7f3fa01bc000 rw-p 00000000 00:00 0 
7f3fa01bc000-7f3fa01bd000 ---p 00000000 00:00 0 
7f3fa01bd000-7f3fa05f3000 rw-p 00000000 00:00 0 
7f3fa05f3000-7f3fa0787000 r--s 03822000 08:03 1971068                    /usr/lib/jvm/java-6-openjdk-amd64/jre/lib/rt.jar
7f3fa0787000-7f3fa07bc000 rw-p 00000000 00:00 0 
7f3fa07bc000-7f3fa0ac9000 rw-p 00000000 00:00 0 
7f3fa0ac9000-7f3fa0ad4000 rw-p 00000000 00:00 0 
7f3fa0ad4000-7f3fa0b1c000 rw-p 00000000 00:00 0 
7f3fa0b1c000-7f3fa0b51000 rw-p 00000000 00:00 0 
7f3fa0b51000-7f3fa0e5e000 rw-p 00000000 00:00 0 
7f3fa0e5e000-7f3fa0e79000 rw-p 00000000 00:00 0 
7f3fa0e79000-7f3fa0fff000 rw-p 00000000 00:00 0 
7f3fa0fff000-7f3fa1000000 rw-p 00000000 00:00 0 
7f3fa1000000-7f3fa1270000 rwxp 00000000 00:00 0 
7f3fa1270000-7f3fa40a5000 rw-p 00000000 00:00 0 
7f3fa40a5000-7f3fa8000000 ---p 00000000 00:00 0 
7f3fa8002000-7f3fa802a000 rw-p 00000000 00:00 0 
7f3fa802a000-7f3fa802b000 ---p 00000000 00:00 0 
7f3fa802b000-7f3fa812b000 rw-p 00000000 00:00 0 
7f3fa812b000-7f3fa812c000 ---p 00000000 00:00 0 
7f3fa812c000-7f3fa8237000 rw-p 00000000 00:00 0 
7f3fa8237000-7f3fa827f000 rw-p 00000000 00:00 0 
7f3fa827f000-7f3fa8286000 r-xp 00000000 08:03 1966625                    /usr/lib/jvm/java-6-openjdk-amd64/jre/lib/amd64/libzip.so
7f3fa8286000-7f3fa8485000 ---p 00007000 08:03 1966625                    /usr/lib/jvm/java-6-openjdk-amd64/jre/lib/amd64/libzip.so
7f3fa8485000-7f3fa8486000 r--p 00006000 08:03 1966625                    /usr/lib/jvm/java-6-openjdk-amd64/jre/lib/amd64/libzip.so
7f3fa8486000-7f3fa8487000 rw-p 00007000 08:03 1966625                    /usr/lib/jvm/java-6-openjdk-amd64/jre/lib/amd64/libzip.so
7f3fa8487000-7f3fa8493000 r-xp 00000000 08:03 3044450                    /lib/x86_64-linux-gnu/libnss_files-2.15.so
7f3fa8493000-7f3fa8692000 ---p 0000c000 08:03 3044450                    /lib/x86_64-linux-gnu/libnss_files-2.15.so
7f3fa8692000-7f3fa8693000 r--p 0000b000 08:03 3044450                    /lib/x86_64-linux-gnu/libnss_files-2.15.so
7f3fa8693000-7f3fa8694000 rw-p 0000c000 08:03 3044450                    /lib/x86_64-linux-gnu/libnss_files-2.15.so
7f3fa8694000-7f3fa869e000 r-xp 00000000 08:03 3044454                    /lib/x86_64-linux-gnu/libnss_nis-2.15.so
7f3fa869e000-7f3fa889e000 ---p 0000a000 08:03 3044454                    /lib/x86_64-linux-gnu/libnss_nis-2.15.so
7f3fa889e000-7f3fa889f000 r--p 0000a000 08:03 3044454                    /lib/x86_64-linux-gnu/libnss_nis-2.15.so
7f3fa889f000-7f3fa88a0000 rw-p 0000b000 08:03 3044454                    /lib/x86_64-linux-gnu/libnss_nis-2.15.so
7f3fa88a0000-7f3fa88b7000 r-xp 00000000 08:03 3044470                    /lib/x86_64-linux-gnu/libnsl-2.15.so
7f3fa88b7000-7f3fa8ab6000 ---p 00017000 08:03 3044470                    /lib/x86_64-linux-gnu/libnsl-2.15.so
7f3fa8ab6000-7f3fa8ab7000 r--p 00016000 08:03 3044470                    /lib/x86_64-linux-gnu/libnsl-2.15.so
7f3fa8ab7000-7f3fa8ab8000 rw-p 00017000 08:03 3044470                    /lib/x86_64-linux-gnu/libnsl-2.15.so
7f3fa8ab8000-7f3fa8aba000 rw-p 00000000 00:00 0 
7f3fa8aba000-7f3fa8ac2000 r-xp 00000000 08:03 3044448                    /lib/x86_64-linux-gnu/libnss_compat-2.15.so
7f3fa8ac2000-7f3fa8cc1000 ---p 00008000 08:03 3044448                    /lib/x86_64-linux-gnu/libnss_compat-2.15.so
7f3fa8cc1000-7f3fa8cc2000 r--p 00007000 08:03 3044448                    /lib/x86_64-linux-gnu/libnss_compat-2.15.so
7f3fa8cc2000-7f3fa8cc3000 rw-p 00008000 08:03 3044448                    /lib/x86_64-linux-gnu/libnss_compat-2.15.so
7f3fa8cc3000-7f3fa8cef000 r-xp 00000000 08:03 1966620                    /usr/lib/jvm/java-6-openjdk-amd64/jre/lib/amd64/libjava.so
7f3fa8cef000-7f3fa8eee000 ---p 0002c000 08:03 1966620                    /usr/lib/jvm/java-6-openjdk-amd64/jre/lib/amd64/libjava.so
7f3fa8eee000-7f3fa8eef000 r--p 0002b000 08:03 1966620                    /usr/lib/jvm/java-6-openjdk-amd64/jre/lib/amd64/libjava.so
7f3fa8eef000-7f3fa8ef2000 rw-p 0002c000 08:03 1966620                    /usr/lib/jvm/java-6-openjdk-amd64/jre/lib/amd64/libjava.so
7f3fa8ef2000-7f3fa8f00000 r-xp 00000000 08:03 1966637                    /usr/lib/jvm/java-6-openjdk-amd64/jre/lib/amd64/libverify.so
7f3fa8f00000-7f3fa90ff000 ---p 0000e000 08:03 1966637                    /usr/lib/jvm/java-6-openjdk-amd64/jre/lib/amd64/libverify.so
7f3fa90ff000-7f3fa9101000 r--p 0000d000 08:03 1966637                    /usr/lib/jvm/java-6-openjdk-amd64/jre/lib/amd64/libverify.so
7f3fa9101000-7f3fa9102000 rw-p 0000f000 08:03 1966637                    /usr/lib/jvm/java-6-openjdk-amd64/jre/lib/amd64/libverify.so
7f3fa9102000-7f3fa9109000 r-xp 00000000 08:03 3044453                    /lib/x86_64-linux-gnu/librt-2.15.so
7f3fa9109000-7f3fa9308000 ---p 00007000 08:03 3044453                    /lib/x86_64-linux-gnu/librt-2.15.so
7f3fa9308000-7f3fa9309000 r--p 00006000 08:03 3044453                    /lib/x86_64-linux-gnu/librt-2.15.so
7f3fa9309000-7f3fa930a000 rw-p 00007000 08:03 3044453                    /lib/x86_64-linux-gnu/librt-2.15.so
7f3fa930a000-7f3fa931f000 r-xp 00000000 08:03 3018368                    /lib/x86_64-linux-gnu/libgcc_s.so.1
7f3fa931f000-7f3fa951e000 ---p 00015000 08:03 3018368                    /lib/x86_64-linux-gnu/libgcc_s.so.1
7f3fa951e000-7f3fa951f000 r--p 00014000 08:03 3018368                    /lib/x86_64-linux-gnu/libgcc_s.so.1
7f3fa951f000-7f3fa9520000 rw-p 00015000 08:03 3018368                    /lib/x86_64-linux-gnu/libgcc_s.so.1
7f3fa9520000-7f3fa961b000 r-xp 00000000 08:03 3044459                    /lib/x86_64-linux-gnu/libm-2.15.so
7f3fa961b000-7f3fa981a000 ---p 000fb000 08:03 3044459                    /lib/x86_64-linux-gnu/libm-2.15.so
7f3fa981a000-7f3fa981b000 r--p 000fa000 08:03 3044459                    /lib/x86_64-linux-gnu/libm-2.15.so
7f3fa981b000-7f3fa981c000 rw-p 000fb000 08:03 3044459                    /lib/x86_64-linux-gnu/libm-2.15.so
7f3fa981c000-7f3fa98fe000 r-xp 00000000 08:03 6168267                    /usr/lib/x86_64-linux-gnu/libstdc++.so.6.0.16
7f3fa98fe000-7f3fa9afd000 ---p 000e2000 08:03 6168267                    /usr/lib/x86_64-linux-gnu/libstdc++.so.6.0.16
7f3fa9afd000-7f3fa9b05000 r--p 000e1000 08:03 6168267                    /usr/lib/x86_64-linux-gnu/libstdc++.so.6.0.16
7f3fa9b05000-7f3fa9b07000 rw-p 000e9000 08:03 6168267                    /usr/lib/x86_64-linux-gnu/libstdc++.so.6.0.16
7f3fa9b07000-7f3fa9b1c000 rw-p 00000000 00:00 0 
7f3fa9b1c000-7f3faa41c000 r-xp 00000000 08:03 1966652                    /usr/lib/jvm/java-6-openjdk-amd64/jre/lib/amd64/server/libjvm.so
7f3faa41c000-7f3faa61c000 ---p 00900000 08:03 1966652                    /usr/lib/jvm/java-6-openjdk-amd64/jre/lib/amd64/server/libjvm.so
7f3faa61c000-7f3faa69d000 r--p 00900000 08:03 1966652                    /usr/lib/jvm/java-6-openjdk-amd64/jre/lib/amd64/server/libjvm.so
7f3faa69d000-7f3faa6b8000 rw-p 00981000 08:03 1966652                    /usr/lib/jvm/java-6-openjdk-amd64/jre/lib/amd64/server/libjvm.so
7f3faa6b8000-7f3faa6e1000 rw-p 00000000 00:00 0 
7f3faa6e1000-7f3faa6f7000 r-xp 00000000 08:03 3018458                    /lib/x86_64-linux-gnu/libz.so.1.2.3.4
7f3faa6f7000-7f3faa8f6000 ---p 00016000 08:03 3018458                    /lib/x86_64-linux-gnu/libz.so.1.2.3.4
7f3faa8f6000-7f3faa8f7000 r--p 00015000 08:03 3018458                    /lib/x86_64-linux-gnu/libz.so.1.2.3.4
7f3faa8f7000-7f3faa8f8000 rw-p 00016000 08:03 3018458                    /lib/x86_64-linux-gnu/libz.so.1.2.3.4
7f3faa8f8000-7f3faaaad000 r-xp 00000000 08:03 3044446                    /lib/x86_64-linux-gnu/libc-2.15.so
7f3faaaad000-7f3faacad000 ---p 001b5000 08:03 3044446                    /lib/x86_64-linux-gnu/libc-2.15.so
7f3faacad000-7f3faacb1000 r--p 001b5000 08:03 3044446                    /lib/x86_64-linux-gnu/libc-2.15.so
7f3faacb1000-7f3faacb3000 rw-p 001b9000 08:03 3044446                    /lib/x86_64-linux-gnu/libc-2.15.so
7f3faacb3000-7f3faacb8000 rw-p 00000000 00:00 0 
7f3faacb8000-7f3faacba000 r-xp 00000000 08:03 3044463                    /lib/x86_64-linux-gnu/libdl-2.15.so
7f3faacba000-7f3faaeba000 ---p 00002000 08:03 3044463                    /lib/x86_64-linux-gnu/libdl-2.15.so
7f3faaeba000-7f3faaebb000 r--p 00002000 08:03 3044463                    /lib/x86_64-linux-gnu/libdl-2.15.so
7f3faaebb000-7f3faaebc000 rw-p 00003000 08:03 3044463                    /lib/x86_64-linux-gnu/libdl-2.15.so
7f3faaebc000-7f3faaec0000 r-xp 00000000 08:03 1966795                    /usr/lib/jvm/java-6-openjdk-amd64/jre/lib/amd64/jli/libjli.so
7f3faaec0000-7f3fab0bf000 ---p 00004000 08:03 1966795                    /usr/lib/jvm/java-6-openjdk-amd64/jre/lib/amd64/jli/libjli.so
7f3fab0bf000-7f3fab0c0000 r--p 00003000 08:03 1966795                    /usr/lib/jvm/java-6-openjdk-amd64/jre/lib/amd64/jli/libjli.so
7f3fab0c0000-7f3fab0c1000 rw-p 00004000 08:03 1966795                    /usr/lib/jvm/java-6-openjdk-amd64/jre/lib/amd64/jli/libjli.so
7f3fab0c1000-7f3fab0d9000 r-xp 00000000 08:03 3044455                    /lib/x86_64-linux-gnu/libpthread-2.15.so
7f3fab0d9000-7f3fab2d8000 ---p 00018000 08:03 3044455                    /lib/x86_64-linux-gnu/libpthread-2.15.so
7f3fab2d8000-7f3fab2d9000 r--p 00017000 08:03 3044455                    /lib/x86_64-linux-gnu/libpthread-2.15.so
7f3fab2d9000-7f3fab2da000 rw-p 00018000 08:03 3044455                    /lib/x86_64-linux-gnu/libpthread-2.15.so
7f3fab2da000-7f3fab2de000 rw-p 00000000 00:00 0 
7f3fab2de000-7f3fab300000 r-xp 00000000 08:03 3044460                    /lib/x86_64-linux-gnu/ld-2.15.so
7f3fab317000-7f3fab321000 rw-p 00000000 00:00 0 
7f3fab321000-7f3fab3d7000 rw-p 00000000 00:00 0 
7f3fab3d7000-7f3fab3da000 ---p 00000000 00:00 0 
7f3fab3da000-7f3fab4dd000 rw-p 00000000 00:00 0 
7f3fab4f4000-7f3fab4fc000 rw-s 00000000 08:03 2638055                    /tmp/hsperfdata_oleg/31838
7f3fab4fc000-7f3fab4fd000 rw-p 00000000 00:00 0 
7f3fab4fd000-7f3fab4fe000 r--p 00000000 00:00 0 
7f3fab4fe000-7f3fab500000 rw-p 00000000 00:00 0 
7f3fab500000-7f3fab501000 r--p 00022000 08:03 3044460                    /lib/x86_64-linux-gnu/ld-2.15.so
7f3fab501000-7f3fab503000 rw-p 00023000 08:03 3044460                    /lib/x86_64-linux-gnu/ld-2.15.so
7fffbd627000-7fffbd648000 rw-p 00000000 00:00 0                          [stack]
7fffbd7ff000-7fffbd800000 r-xp 00000000 00:00 0                          [vdso]
ffffffffff600000-ffffffffff601000 r-xp 00000000 00:00 0                  [vsyscall]

VM Arguments:
jvm_args: -Dant.home=/usr/share/ant -Dant.library.dir=/usr/share/ant/lib 
java_command: org.apache.tools.ant.launch.Launcher -cp  -version
Launcher Type: SUN_STANDARD

Environment Variables:
PATH=/home/oleg/.rvm/gems/ruby-1.9.3-p327/bin:/home/oleg/.rvm/gems/ruby-1.9.3-p327@global/bin:/home/oleg/.rvm/rubies/ruby-1.9.3-p327/bin:/home/oleg/.rvm/bin:/usr/lib/lightdm/lightdm:/usr/local/sbin:/usr/local/bin:/usr/sbin:/usr/bin:/sbin:/bin:/usr/games:/home/oleg/sdk/platform-tools:/home/oleg/sdk/tools
LD_LIBRARY_PATH=/usr/lib/jvm/java-6-openjdk-amd64/jre/lib/amd64/server:/usr/lib/jvm/java-6-openjdk-amd64/jre/lib/amd64:/usr/lib/jvm/java-6-openjdk-amd64/jre/../lib/amd64
SHELL=/bin/bash
DISPLAY=:0.0

Signal Handlers:
SIGSEGV: [libjvm.so+0x7837c0], sa_mask[0]=0x7ffbfeff, sa_flags=0x10000004
SIGBUS: [libjvm.so+0x7837c0], sa_mask[0]=0x7ffbfeff, sa_flags=0x10000004
SIGFPE: [libjvm.so+0x647740], sa_mask[0]=0x7ffbfeff, sa_flags=0x10000004
SIGPIPE: [libjvm.so+0x647740], sa_mask[0]=0x7ffbfeff, sa_flags=0x10000004
SIGXFSZ: [libjvm.so+0x647740], sa_mask[0]=0x7ffbfeff, sa_flags=0x10000004
SIGILL: [libjvm.so+0x647740], sa_mask[0]=0x7ffbfeff, sa_flags=0x10000004
SIGUSR1: SIG_DFL, sa_mask[0]=0x00000000, sa_flags=0x00000000
SIGUSR2: [libjvm.so+0x647920], sa_mask[0]=0x00000000, sa_flags=0x10000004
SIGHUP: SIG_DFL, sa_mask[0]=0x00000000, sa_flags=0x00000000
SIGINT: SIG_DFL, sa_mask[0]=0x00000000, sa_flags=0x00000000
SIGTERM: SIG_DFL, sa_mask[0]=0x00000000, sa_flags=0x00000000
SIGQUIT: SIG_DFL, sa_mask[0]=0x00000000, sa_flags=0x00000000


---------------  S Y S T E M  ---------------

OS:Ubuntu 12.04 (precise)
uname:Linux 3.2.0-58-generic #88-Ubuntu SMP Tue Dec 3 17:37:58 UTC 2013 x86_64
libc:glibc 2.15 NPTL 2.15 
rlimit: STACK 8192k, CORE 0k, NPROC 79359, NOFILE 4096, AS infinity
load average:1.85 2.17 2.21

/proc/meminfo:
MemTotal:       10241552 kB
MemFree:          595668 kB
Buffers:          369284 kB
Cached:          3866268 kB
SwapCached:          236 kB
Active:          6047288 kB
Inactive:        2516304 kB
Active(anon):    3897832 kB
Inactive(anon):   494556 kB
Active(file):    2149456 kB
Inactive(file):  2021748 kB
Unevictable:          48 kB
Mlocked:              48 kB
SwapTotal:       6894588 kB
SwapFree:        6893572 kB
Dirty:              2792 kB
Writeback:             0 kB
AnonPages:       4328040 kB
Mapped:           659908 kB
Shmem:             64360 kB
Slab:             419876 kB
SReclaimable:     375032 kB
SUnreclaim:        44844 kB
KernelStack:        6480 kB
PageTables:        85104 kB
NFS_Unstable:          0 kB
Bounce:                0 kB
WritebackTmp:          0 kB
CommitLimit:    12015364 kB
Committed_AS:   11487272 kB
VmallocTotal:   34359738367 kB
VmallocUsed:      330352 kB
VmallocChunk:   34359405908 kB
HardwareCorrupted:     0 kB
AnonHugePages:         0 kB
HugePages_Total:       0
HugePages_Free:        0
HugePages_Rsvd:        0
HugePages_Surp:        0
Hugepagesize:       2048 kB
DirectMap4k:      248384 kB
DirectMap2M:     9187328 kB
DirectMap1G:     1048576 kB


CPU:total 2 (2 cores per cpu, 1 threads per core) family 16 model 6 stepping 3, cmov, cx8, fxsr, mmx, sse, sse2, sse3, popcnt, mmxext, 3dnowpref, lzcnt, sse4a

Memory: 4k page, physical 10241552k(595668k free), swap 6894588k(6893572k free)

vm_info: OpenJDK 64-Bit Server VM (20.0-b12) for linux-amd64 JRE (1.6.0_27-b27), built on Nov 16 2013 15:13:05 by "buildd" with gcc 4.6.3

time: Mon Apr 21 17:30:25 2014
elapsed time: 0 seconds

