#
# A fatal error has been detected by the Java Runtime Environment:
#
#  SIGSEGV (0xb) at pc=0x00007f658b05f719, pid=1111, tid=140074123896576
#
# JRE version: 6.0_27-b27
# Java VM: OpenJDK 64-Bit Server VM (20.0-b12 mixed mode linux-amd64 compressed oops)
# Derivative: IcedTea6 1.12.6
# Distribution: Ubuntu 12.04 LTS, package 6b27-1.12.6-1ubuntu0.12.04.4
# Problematic frame:
# V  [libjvm.so+0x3c0719]  Deoptimization::query_update_method_data(methodDataHandle, int, Deoptimization::DeoptReason, unsigned int&, bool&, bool&)+0x29
#
# If you would like to submit a bug report, please include
# instructions how to reproduce the bug and visit:
#   https://bugs.launchpad.net/ubuntu/+source/openjdk-6/
#

---------------  T H R E A D  ---------------

Current thread (0x00007f6584008000):  JavaThread "main" [_thread_in_vm, id=1168, stack(0x00007f658c55a000,0x00007f658c65b000)]

siginfo:si_signo=SIGSEGV: si_errno=0, si_code=128 (), si_addr=0x0000000000000000

Registers:
RAX=0x00a6000000000000, RBX=0x00007f6584005250, RCX=0x00007f658c657f68, RDX=0x0000000000000001
RSP=0x00007f658c657ee0, RBP=0x00007f658c657f40, RSI=0x0000000000000001, RDI=0x00007f65840543e0
R8 =0x00007f658c657f6e, R9 =0x00007f658c657f6f, R10=0x0000000000000000, R11=0x00007f658c6583e0
R12=0x00007f6584018e30, R13=0x00007f65840192c0, R14=0x0000000000000001, R15=0x00007f6584020e18
RIP=0x00007f658b05f719, EFLAGS=0x0000000000010202, CSGSFS=0x0000000000000033, ERR=0x0000000000000000
  TRAPNO=0x000000000000000d

Top of Stack: (sp=0x00007f658c657ee0)
0x00007f658c657ee0:   0000000000000000 0000000000000000
0x00007f658c657ef0:   000000003f400000 0000000000000000
0x00007f658c657f00:   00007f658c657f68 6c6974752f64696f
0x00007f658c657f10:   0000000000000000 00007f6584005250
0x00007f658c657f20:   00007f6584018e30 00007f65840192c0
0x00007f658c657f30:   0000000000000001 00007f6584020e18
0x00007f658c657f40:   00007f658c657fa0 00007f658b05f962
0x00007f658c657f50:   2020202000000000 00007f65840543e0
0x00007f658c657f60:   0000000000000000 0000000000000000
0x00007f658c657f70:   00007f658c657fa0 00007f658c657ff0
0x00007f658c657f80:   00007f65840543d8 00007f65840543e0
0x00007f658c657f90:   00a6000000000000 0000000000000001
0x00007f658c657fa0:   00007f658c658050 00007f658b14263d
0x00007f658c657fb0:   0000000000000000 00007f6584008000
0x00007f658c657fc0:   00007f658c6580a8 00007f658100f44b
0x00007f658c657fd0:   00007f6581004dd0 00007f6500000000
0x00007f658c657fe0:   00007f658c6580e8 00007f658c6580a8
0x00007f658c657ff0:   00007f658c6580a8 00007f658100f44b
0x00007f658c658000:   00007f6581004dd0 0000000000000000
0x00007f658c658010:   00007f658c6580e8 00007f658c6580a8
0x00007f658c658020:   0000000000000000 00007f6584008000
0x00007f658c658030:   0000000000000000 00000000e5a030c0
0x00007f658c658040:   00007f6584005280 00007f6584008000
0x00007f658c658050:   00007f658c658090 00007f658b142c24
0x00007f658c658060:   00007f65840543d8 00007f65840543d0
0x00007f658c658070:   00000000e5d2c780 0000000000000000
0x00007f658c658080:   00a60000e5d2c718 00007f658c658100
0x00007f658c658090:   00007f658c6580e8 00007f658100f48d
0x00007f658c6580a0:   00007f658100f44b 00007f658c6580a8
0x00007f658c6580b0:   00a60000e5d2c718 00007f658c658128
0x00007f658c6580c0:   00000000e5ab5308 00a6000000000078
0x00007f658c6580d0:   00000000e5d2c780 0000000000000000 

Instructions: (pc=0x00007f658b05f719)
0x00007f658b05f6f9:   e5 48 89 5d d8 4c 89 65 e0 4c 89 6d e8 4c 89 75
0x00007f658b05f709:   f0 4c 89 7d f8 48 83 ec 60 48 8b 07 48 89 4d c0
0x00007f658b05f719:   44 0f b6 74 30 30 41 83 c6 01 41 0f b6 ce 83 fa
0x00007f658b05f729:   0f 44 8d 59 ff 77 10 85 c9 0f 84 18 01 00 00 44 

Register to memory mapping:

RAX=0x00a6000000000000 is an unknown value
RBX=0x00007f6584005250 is an unknown value
RCX=0x00007f658c657f68 is pointing into the stack for thread: 0x00007f6584008000
RDX=0x0000000000000001 is an unknown value
RSP=0x00007f658c657ee0 is pointing into the stack for thread: 0x00007f6584008000
RBP=0x00007f658c657f40 is pointing into the stack for thread: 0x00007f6584008000
RSI=0x0000000000000001 is an unknown value
RDI=0x00007f65840543e0 is an unknown value
R8 =0x00007f658c657f6e is pointing into the stack for thread: 0x00007f6584008000
R9 =0x00007f658c657f6f is pointing into the stack for thread: 0x00007f6584008000
R10=0x0000000000000000 is an unknown value
R11=0x00007f658c6583e0 is pointing into the stack for thread: 0x00007f6584008000
R12=0x00007f6584018e30 is an unknown value
R13=0x00007f65840192c0 is an unknown value
R14=0x0000000000000001 is an unknown value
R15=0x00007f6584020e18 is an unknown value


Stack: [0x00007f658c55a000,0x00007f658c65b000],  sp=0x00007f658c657ee0,  free space=1015k
Native frames: (J=compiled Java code, j=interpreted, Vv=VM code, C=native code)
V  [libjvm.so+0x3c0719]  Deoptimization::query_update_method_data(methodDataHandle, int, Deoptimization::DeoptReason, unsigned int&, bool&, bool&)+0x29
V  [libjvm.so+0x3c0962]  Deoptimization::update_method_data_from_interpreter(methodDataHandle, int, int)+0x62
V  [libjvm.so+0x4a363d]  InterpreterRuntime::note_trap(JavaThread*, int, Thread*)+0x18d
V  [libjvm.so+0x4a3c24]  InterpreterRuntime::create_exception(JavaThread*, char*, char*)+0x224

[error occurred during error reporting (printing native stack), id 0xb]

Java frames: (J=compiled Java code, j=interpreted, Vv=VM code)

[error occurred during error reporting (printing Java stack), id 0xb]


---------------  P R O C E S S  ---------------

Java Threads: ( => current thread )
  0x00007f658409c000 JavaThread "Low Memory Detector" daemon [_thread_blocked, id=1184, stack(0x00007f6580cfd000,0x00007f6580dfe000)]
  0x00007f6584099800 JavaThread "C2 CompilerThread1" daemon [_thread_blocked, id=1183, stack(0x00007f6580dfe000,0x00007f6580eff000)]
  0x00007f6584096800 JavaThread "C2 CompilerThread0" daemon [_thread_blocked, id=1182, stack(0x00007f6580eff000,0x00007f6581000000)]
  0x00007f6584095800 JavaThread "Signal Dispatcher" daemon [_thread_blocked, id=1179, stack(0x00007f65880a6000,0x00007f65881a7000)]
  0x00007f6584074800 JavaThread "Finalizer" daemon [_thread_blocked, id=1178, stack(0x00007f658888e000,0x00007f658898f000)]
  0x00007f6584072800 JavaThread "Reference Handler" daemon [_thread_blocked, id=1177, stack(0x00007f658898f000,0x00007f6588a90000)]
=>0x00007f6584008000 JavaThread "main" [_thread_in_vm, id=1168, stack(0x00007f658c55a000,0x00007f658c65b000)]

Other Threads:
  0x00007f658406d800 VMThread [stack: 0x00007f6588a90000,0x00007f6588b91000] [id=1176]
  0x00007f658409e800 WatcherThread [stack: 0x00007f6580bfc000,0x00007f6580cfd000] [id=1185]

VM state:not at safepoint (normal execution)

VM Mutex/Monitor currently owned by a thread: None

Heap
 PSYoungGen      total 46656K, used 1600K [0x00000000faab0000, 0x00000000fdec0000, 0x0000000100000000)
  eden space 40000K, 4% used [0x00000000faab0000,0x00000000fac40050,0x00000000fd1c0000)
  from space 6656K, 0% used [0x00000000fd840000,0x00000000fd840000,0x00000000fdec0000)
  to   space 6656K, 0% used [0x00000000fd1c0000,0x00000000fd1c0000,0x00000000fd840000)
 PSOldGen        total 106752K, used 0K [0x00000000f0000000, 0x00000000f6840000, 0x00000000faab0000)
  object space 106752K, 0% used [0x00000000f0000000,0x00000000f0000000,0x00000000f6840000)
 PSPermGen       total 21248K, used 3487K [0x00000000e5a00000, 0x00000000e6ec0000, 0x00000000f0000000)
  object space 21248K, 16% used [0x00000000e5a00000,0x00000000e5d67ee8,0x00000000e6ec0000)

Code Cache  [0x00007f6581000000, 0x00007f6581270000, 0x00007f6584000000)
 total_blobs=172 nmethods=2 adapters=125 free_code_cache=49945408 largest_free_block=5952

Dynamic libraries:
00400000-00409000 r-xp 00000000 08:03 1971074                            /usr/lib/jvm/java-6-openjdk-amd64/jre/bin/java
00608000-00609000 r--p 00008000 08:03 1971074                            /usr/lib/jvm/java-6-openjdk-amd64/jre/bin/java
00609000-0060a000 rw-p 00009000 08:03 1971074                            /usr/lib/jvm/java-6-openjdk-amd64/jre/bin/java
01062000-01083000 rw-p 00000000 00:00 0                                  [heap]
e5a00000-e6ec0000 rw-p 00000000 00:00 0 
e6ec0000-f0000000 rw-p 00000000 00:00 0 
f0000000-f6840000 rw-p 00000000 00:00 0 
f6840000-faab0000 rw-p 00000000 00:00 0 
faab0000-fdec0000 rw-p 00000000 00:00 0 
fdec0000-100000000 rw-p 00000000 00:00 0 
7f6554000000-7f6554021000 rw-p 00000000 00:00 0 
7f6554021000-7f6558000000 ---p 00000000 00:00 0 
7f655c000000-7f655c06e000 rw-p 00000000 00:00 0 
7f655c06e000-7f6560000000 ---p 00000000 00:00 0 
7f6560000000-7f6560021000 rw-p 00000000 00:00 0 
7f6560021000-7f6564000000 ---p 00000000 00:00 0 
7f6564000000-7f6564021000 rw-p 00000000 00:00 0 
7f6564021000-7f6568000000 ---p 00000000 00:00 0 
7f6568000000-7f6568048000 rw-p 00000000 00:00 0 
7f6568048000-7f656c000000 ---p 00000000 00:00 0 
7f656c000000-7f656c021000 rw-p 00000000 00:00 0 
7f656c021000-7f6570000000 ---p 00000000 00:00 0 
7f6570000000-7f6570021000 rw-p 00000000 00:00 0 
7f6570021000-7f6574000000 ---p 00000000 00:00 0 
7f6574000000-7f6574021000 rw-p 00000000 00:00 0 
7f6574021000-7f6578000000 ---p 00000000 00:00 0 
7f6578000000-7f6578021000 rw-p 00000000 00:00 0 
7f6578021000-7f657c000000 ---p 00000000 00:00 0 
7f657c000000-7f657c021000 rw-p 00000000 00:00 0 
7f657c021000-7f6580000000 ---p 00000000 00:00 0 
7f6580a1f000-7f6580bfc000 rw-p 00000000 00:00 0 
7f6580bfc000-7f6580bfd000 ---p 00000000 00:00 0 
7f6580bfd000-7f6580cfd000 rw-p 00000000 00:00 0 
7f6580cfd000-7f6580d00000 ---p 00000000 00:00 0 
7f6580d00000-7f6580dfe000 rw-p 00000000 00:00 0 
7f6580dfe000-7f6580e01000 ---p 00000000 00:00 0 
7f6580e01000-7f6580eff000 rw-p 00000000 00:00 0 
7f6580eff000-7f6580f02000 ---p 00000000 00:00 0 
7f6580f02000-7f6581000000 rw-p 00000000 00:00 0 
7f6581000000-7f6581270000 rwxp 00000000 00:00 0 
7f6581270000-7f6584111000 rw-p 00000000 00:00 0 
7f6584111000-7f6588000000 ---p 00000000 00:00 0 
7f658808e000-7f658808f000 rw-p 00000000 00:00 0 
7f658808f000-7f6588091000 r--s 0000f000 08:03 4341323                    /home/oleg/sdk/tools/lib/common.jar
7f6588091000-7f6588094000 r--s 0000e000 08:03 4341293                    /home/oleg/sdk/tools/lib/layoutlib-api.jar
7f6588094000-7f658809d000 r--s 0009d000 08:03 4341285                    /home/oleg/sdk/tools/lib/sdklib.jar
7f658809d000-7f65880a6000 r--s 00069000 08:03 4343066                    /home/oleg/sdk/tools/lib/sdkuilib.jar
7f65880a6000-7f65880a9000 ---p 00000000 00:00 0 
7f65880a9000-7f65881a7000 rw-p 00000000 00:00 0 
7f65881a7000-7f658888e000 r--p 00000000 08:03 6167085                    /usr/lib/locale/locale-archive
7f658888e000-7f6588891000 ---p 00000000 00:00 0 
7f6588891000-7f658898f000 rw-p 00000000 00:00 0 
7f658898f000-7f6588992000 ---p 00000000 00:00 0 
7f6588992000-7f6588a90000 rw-p 00000000 00:00 0 
7f6588a90000-7f6588a91000 ---p 00000000 00:00 0 
7f6588a91000-7f6588ec7000 rw-p 00000000 00:00 0 
7f6588ec7000-7f658905b000 r--s 03822000 08:03 1971068                    /usr/lib/jvm/java-6-openjdk-amd64/jre/lib/rt.jar
7f658905b000-7f6589083000 rw-p 00000000 00:00 0 
7f6589083000-7f6589084000 ---p 00000000 00:00 0 
7f6589084000-7f6589184000 rw-p 00000000 00:00 0 
7f6589184000-7f6589185000 ---p 00000000 00:00 0 
7f6589185000-7f6589290000 rw-p 00000000 00:00 0 
7f6589290000-7f65892d8000 rw-p 00000000 00:00 0 
7f65892d8000-7f658930d000 rw-p 00000000 00:00 0 
7f658930d000-7f658932e000 rw-p 00000000 00:00 0 
7f658932e000-7f6589339000 rw-p 00000000 00:00 0 
7f6589339000-7f6589381000 rw-p 00000000 00:00 0 
7f6589381000-7f65893b6000 rw-p 00000000 00:00 0 
7f65893b6000-7f65893d6000 rw-p 00000000 00:00 0 
7f65893d6000-7f65893f1000 rw-p 00000000 00:00 0 
7f65893f1000-7f6589401000 rw-p 00000000 00:00 0 
7f6589401000-7f6589402000 rw-p 00000000 00:00 0 
7f6589402000-7f6589409000 r-xp 00000000 08:03 1966625                    /usr/lib/jvm/java-6-openjdk-amd64/jre/lib/amd64/libzip.so
7f6589409000-7f6589608000 ---p 00007000 08:03 1966625                    /usr/lib/jvm/java-6-openjdk-amd64/jre/lib/amd64/libzip.so
7f6589608000-7f6589609000 r--p 00006000 08:03 1966625                    /usr/lib/jvm/java-6-openjdk-amd64/jre/lib/amd64/libzip.so
7f6589609000-7f658960a000 rw-p 00007000 08:03 1966625                    /usr/lib/jvm/java-6-openjdk-amd64/jre/lib/amd64/libzip.so
7f658960a000-7f6589616000 r-xp 00000000 08:03 3044450                    /lib/x86_64-linux-gnu/libnss_files-2.15.so
7f6589616000-7f6589815000 ---p 0000c000 08:03 3044450                    /lib/x86_64-linux-gnu/libnss_files-2.15.so
7f6589815000-7f6589816000 r--p 0000b000 08:03 3044450                    /lib/x86_64-linux-gnu/libnss_files-2.15.so
7f6589816000-7f6589817000 rw-p 0000c000 08:03 3044450                    /lib/x86_64-linux-gnu/libnss_files-2.15.so
7f6589817000-7f6589821000 r-xp 00000000 08:03 3044454                    /lib/x86_64-linux-gnu/libnss_nis-2.15.so
7f6589821000-7f6589a21000 ---p 0000a000 08:03 3044454                    /lib/x86_64-linux-gnu/libnss_nis-2.15.so
7f6589a21000-7f6589a22000 r--p 0000a000 08:03 3044454                    /lib/x86_64-linux-gnu/libnss_nis-2.15.so
7f6589a22000-7f6589a23000 rw-p 0000b000 08:03 3044454                    /lib/x86_64-linux-gnu/libnss_nis-2.15.so
7f6589a23000-7f6589a3a000 r-xp 00000000 08:03 3044470                    /lib/x86_64-linux-gnu/libnsl-2.15.so
7f6589a3a000-7f6589c39000 ---p 00017000 08:03 3044470                    /lib/x86_64-linux-gnu/libnsl-2.15.so
7f6589c39000-7f6589c3a000 r--p 00016000 08:03 3044470                    /lib/x86_64-linux-gnu/libnsl-2.15.so
7f6589c3a000-7f6589c3b000 rw-p 00017000 08:03 3044470                    /lib/x86_64-linux-gnu/libnsl-2.15.so
7f6589c3b000-7f6589c3d000 rw-p 00000000 00:00 0 
7f6589c3d000-7f6589c45000 r-xp 00000000 08:03 3044448                    /lib/x86_64-linux-gnu/libnss_compat-2.15.so
7f6589c45000-7f6589e44000 ---p 00008000 08:03 3044448                    /lib/x86_64-linux-gnu/libnss_compat-2.15.so
7f6589e44000-7f6589e45000 r--p 00007000 08:03 3044448                    /lib/x86_64-linux-gnu/libnss_compat-2.15.so
7f6589e45000-7f6589e46000 rw-p 00008000 08:03 3044448                    /lib/x86_64-linux-gnu/libnss_compat-2.15.so
7f6589e46000-7f6589e72000 r-xp 00000000 08:03 1966620                    /usr/lib/jvm/java-6-openjdk-amd64/jre/lib/amd64/libjava.so
7f6589e72000-7f658a071000 ---p 0002c000 08:03 1966620                    /usr/lib/jvm/java-6-openjdk-amd64/jre/lib/amd64/libjava.so
7f658a071000-7f658a072000 r--p 0002b000 08:03 1966620                    /usr/lib/jvm/java-6-openjdk-amd64/jre/lib/amd64/libjava.so
7f658a072000-7f658a075000 rw-p 0002c000 08:03 1966620                    /usr/lib/jvm/java-6-openjdk-amd64/jre/lib/amd64/libjava.so
7f658a075000-7f658a083000 r-xp 00000000 08:03 1966637                    /usr/lib/jvm/java-6-openjdk-amd64/jre/lib/amd64/libverify.so
7f658a083000-7f658a282000 ---p 0000e000 08:03 1966637                    /usr/lib/jvm/java-6-openjdk-amd64/jre/lib/amd64/libverify.so
7f658a282000-7f658a284000 r--p 0000d000 08:03 1966637                    /usr/lib/jvm/java-6-openjdk-amd64/jre/lib/amd64/libverify.so
7f658a284000-7f658a285000 rw-p 0000f000 08:03 1966637                    /usr/lib/jvm/java-6-openjdk-amd64/jre/lib/amd64/libverify.so
7f658a285000-7f658a28c000 r-xp 00000000 08:03 3044453                    /lib/x86_64-linux-gnu/librt-2.15.so
7f658a28c000-7f658a48b000 ---p 00007000 08:03 3044453                    /lib/x86_64-linux-gnu/librt-2.15.so
7f658a48b000-7f658a48c000 r--p 00006000 08:03 3044453                    /lib/x86_64-linux-gnu/librt-2.15.so
7f658a48c000-7f658a48d000 rw-p 00007000 08:03 3044453                    /lib/x86_64-linux-gnu/librt-2.15.so
7f658a48d000-7f658a4a2000 r-xp 00000000 08:03 3018368                    /lib/x86_64-linux-gnu/libgcc_s.so.1
7f658a4a2000-7f658a6a1000 ---p 00015000 08:03 3018368                    /lib/x86_64-linux-gnu/libgcc_s.so.1
7f658a6a1000-7f658a6a2000 r--p 00014000 08:03 3018368                    /lib/x86_64-linux-gnu/libgcc_s.so.1
7f658a6a2000-7f658a6a3000 rw-p 00015000 08:03 3018368                    /lib/x86_64-linux-gnu/libgcc_s.so.1
7f658a6a3000-7f658a79e000 r-xp 00000000 08:03 3044459                    /lib/x86_64-linux-gnu/libm-2.15.so
7f658a79e000-7f658a99d000 ---p 000fb000 08:03 3044459                    /lib/x86_64-linux-gnu/libm-2.15.so
7f658a99d000-7f658a99e000 r--p 000fa000 08:03 3044459                    /lib/x86_64-linux-gnu/libm-2.15.so
7f658a99e000-7f658a99f000 rw-p 000fb000 08:03 3044459                    /lib/x86_64-linux-gnu/libm-2.15.so
7f658a99f000-7f658aa81000 r-xp 00000000 08:03 6168267                    /usr/lib/x86_64-linux-gnu/libstdc++.so.6.0.16
7f658aa81000-7f658ac80000 ---p 000e2000 08:03 6168267                    /usr/lib/x86_64-linux-gnu/libstdc++.so.6.0.16
7f658ac80000-7f658ac88000 r--p 000e1000 08:03 6168267                    /usr/lib/x86_64-linux-gnu/libstdc++.so.6.0.16
7f658ac88000-7f658ac8a000 rw-p 000e9000 08:03 6168267                    /usr/lib/x86_64-linux-gnu/libstdc++.so.6.0.16
7f658ac8a000-7f658ac9f000 rw-p 00000000 00:00 0 
7f658ac9f000-7f658b59f000 r-xp 00000000 08:03 1966652                    /usr/lib/jvm/java-6-openjdk-amd64/jre/lib/amd64/server/libjvm.so
7f658b59f000-7f658b79f000 ---p 00900000 08:03 1966652                    /usr/lib/jvm/java-6-openjdk-amd64/jre/lib/amd64/server/libjvm.so
7f658b79f000-7f658b820000 r--p 00900000 08:03 1966652                    /usr/lib/jvm/java-6-openjdk-amd64/jre/lib/amd64/server/libjvm.so
7f658b820000-7f658b83b000 rw-p 00981000 08:03 1966652                    /usr/lib/jvm/java-6-openjdk-amd64/jre/lib/amd64/server/libjvm.so
7f658b83b000-7f658b864000 rw-p 00000000 00:00 0 
7f658b864000-7f658b87a000 r-xp 00000000 08:03 3018458                    /lib/x86_64-linux-gnu/libz.so.1.2.3.4
7f658b87a000-7f658ba79000 ---p 00016000 08:03 3018458                    /lib/x86_64-linux-gnu/libz.so.1.2.3.4
7f658ba79000-7f658ba7a000 r--p 00015000 08:03 3018458                    /lib/x86_64-linux-gnu/libz.so.1.2.3.4
7f658ba7a000-7f658ba7b000 rw-p 00016000 08:03 3018458                    /lib/x86_64-linux-gnu/libz.so.1.2.3.4
7f658ba7b000-7f658bc30000 r-xp 00000000 08:03 3044446                    /lib/x86_64-linux-gnu/libc-2.15.so
7f658bc30000-7f658be30000 ---p 001b5000 08:03 3044446                    /lib/x86_64-linux-gnu/libc-2.15.so
7f658be30000-7f658be34000 r--p 001b5000 08:03 3044446                    /lib/x86_64-linux-gnu/libc-2.15.so
7f658be34000-7f658be36000 rw-p 001b9000 08:03 3044446                    /lib/x86_64-linux-gnu/libc-2.15.so
7f658be36000-7f658be3b000 rw-p 00000000 00:00 0 
7f658be3b000-7f658be3d000 r-xp 00000000 08:03 3044463                    /lib/x86_64-linux-gnu/libdl-2.15.so
7f658be3d000-7f658c03d000 ---p 00002000 08:03 3044463                    /lib/x86_64-linux-gnu/libdl-2.15.so
7f658c03d000-7f658c03e000 r--p 00002000 08:03 3044463                    /lib/x86_64-linux-gnu/libdl-2.15.so
7f658c03e000-7f658c03f000 rw-p 00003000 08:03 3044463                    /lib/x86_64-linux-gnu/libdl-2.15.so
7f658c03f000-7f658c043000 r-xp 00000000 08:03 1966795                    /usr/lib/jvm/java-6-openjdk-amd64/jre/lib/amd64/jli/libjli.so
7f658c043000-7f658c242000 ---p 00004000 08:03 1966795                    /usr/lib/jvm/java-6-openjdk-amd64/jre/lib/amd64/jli/libjli.so
7f658c242000-7f658c243000 r--p 00003000 08:03 1966795                    /usr/lib/jvm/java-6-openjdk-amd64/jre/lib/amd64/jli/libjli.so
7f658c243000-7f658c244000 rw-p 00004000 08:03 1966795                    /usr/lib/jvm/java-6-openjdk-amd64/jre/lib/amd64/jli/libjli.so
7f658c244000-7f658c25c000 r-xp 00000000 08:03 3044455                    /lib/x86_64-linux-gnu/libpthread-2.15.so
7f658c25c000-7f658c45b000 ---p 00018000 08:03 3044455                    /lib/x86_64-linux-gnu/libpthread-2.15.so
7f658c45b000-7f658c45c000 r--p 00017000 08:03 3044455                    /lib/x86_64-linux-gnu/libpthread-2.15.so
7f658c45c000-7f658c45d000 rw-p 00018000 08:03 3044455                    /lib/x86_64-linux-gnu/libpthread-2.15.so
7f658c45d000-7f658c461000 rw-p 00000000 00:00 0 
7f658c461000-7f658c483000 r-xp 00000000 08:03 3044460                    /lib/x86_64-linux-gnu/ld-2.15.so
7f658c485000-7f658c49a000 r--s 000f1000 08:03 4341297                    /home/oleg/sdk/tools/lib/org-eclipse-jface-3.6.2.jar
7f658c49a000-7f658c4a4000 rw-p 00000000 00:00 0 
7f658c4a4000-7f658c55a000 rw-p 00000000 00:00 0 
7f658c55a000-7f658c55d000 ---p 00000000 00:00 0 
7f658c55d000-7f658c660000 rw-p 00000000 00:00 0 
7f658c663000-7f658c664000 r--s 00004000 08:03 4341307                    /home/oleg/sdk/tools/lib/swtmenubar.jar
7f658c664000-7f658c667000 r--s 0007f000 08:03 1966607                    /usr/lib/jvm/java-6-openjdk-common/jre/lib/jsse.jar
7f658c667000-7f658c668000 r--s 00007000 08:03 4343075                    /home/oleg/sdk/tools/lib/sdkmanager.jar
7f658c668000-7f658c66a000 r--s 0000f000 08:03 1966577                    /usr/lib/jvm/java-6-openjdk-common/jre/lib/ext/pulse-java.jar
7f658c66a000-7f658c66d000 r--s 00077000 08:03 1966579                    /usr/lib/jvm/java-6-openjdk-common/jre/lib/ext/localedata.jar
7f658c66d000-7f658c66e000 r--s 00007000 08:03 855                        /usr/share/java/java-atk-wrapper.jar
7f658c66e000-7f658c671000 r--s 00031000 08:03 1966581                    /usr/lib/jvm/java-6-openjdk-common/jre/lib/ext/sunjce_provider.jar
7f658c671000-7f658c673000 r--s 00001000 08:03 1966580                    /usr/lib/jvm/java-6-openjdk-common/jre/lib/ext/dnsns.jar
7f658c673000-7f658c677000 r--s 00039000 08:03 1966575                    /usr/lib/jvm/java-6-openjdk-common/jre/lib/ext/sunpkcs11.jar
7f658c677000-7f658c67f000 rw-s 00000000 08:03 2638058                    /tmp/hsperfdata_oleg/1111
7f658c67f000-7f658c680000 rw-p 00000000 00:00 0 
7f658c680000-7f658c681000 r--p 00000000 00:00 0 
7f658c681000-7f658c683000 rw-p 00000000 00:00 0 
7f658c683000-7f658c684000 r--p 00022000 08:03 3044460                    /lib/x86_64-linux-gnu/ld-2.15.so
7f658c684000-7f658c686000 rw-p 00023000 08:03 3044460                    /lib/x86_64-linux-gnu/ld-2.15.so
7fff93271000-7fff93292000 rw-p 00000000 00:00 0                          [stack]
7fff933f2000-7fff933f3000 r-xp 00000000 00:00 0                          [vdso]
ffffffffff600000-ffffffffff601000 r-xp 00000000 00:00 0                  [vsyscall]

VM Arguments:
jvm_args: -Xmx256M -Dcom.android.sdkmanager.toolsdir=/home/oleg/sdk/tools 
java_command: com.android.sdkmanager.Main list targets
Launcher Type: SUN_STANDARD

Environment Variables:
PATH=/home/oleg/.rvm/gems/ruby-1.9.3-p327/bin:/home/oleg/.rvm/gems/ruby-1.9.3-p327@global/bin:/home/oleg/.rvm/rubies/ruby-1.9.3-p327/bin:/home/oleg/.rvm/bin:/usr/lib/lightdm/lightdm:/usr/local/sbin:/usr/local/bin:/usr/sbin:/usr/bin:/sbin:/bin:/usr/games:/home/oleg/sdk/platform-tools:/home/oleg/sdk/tools
LD_LIBRARY_PATH=/usr/lib/jvm/java-6-openjdk-amd64/jre/lib/amd64/server:/usr/lib/jvm/java-6-openjdk-amd64/jre/lib/amd64:/usr/lib/jvm/java-6-openjdk-amd64/jre/../lib/amd64
SHELL=/bin/bash
DISPLAY=:0.0

Signal Handlers:
SIGSEGV: [libjvm.so+0x7837c0], sa_mask[0]=0x7ffbfeff, sa_flags=0x10000004
SIGBUS: [libjvm.so+0x7837c0], sa_mask[0]=0x7ffbfeff, sa_flags=0x10000004
SIGFPE: [libjvm.so+0x647740], sa_mask[0]=0x7ffbfeff, sa_flags=0x10000004
SIGPIPE: [libjvm.so+0x647740], sa_mask[0]=0x7ffbfeff, sa_flags=0x10000004
SIGXFSZ: [libjvm.so+0x647740], sa_mask[0]=0x7ffbfeff, sa_flags=0x10000004
SIGILL: [libjvm.so+0x647740], sa_mask[0]=0x7ffbfeff, sa_flags=0x10000004
SIGUSR1: SIG_DFL, sa_mask[0]=0x00000000, sa_flags=0x00000000
SIGUSR2: [libjvm.so+0x647920], sa_mask[0]=0x00000000, sa_flags=0x10000004
SIGHUP: [libjvm.so+0x64a2f0], sa_mask[0]=0x7ffbfeff, sa_flags=0x10000004
SIGINT: [libjvm.so+0x64a2f0], sa_mask[0]=0x7ffbfeff, sa_flags=0x10000004
SIGTERM: [libjvm.so+0x64a2f0], sa_mask[0]=0x7ffbfeff, sa_flags=0x10000004
SIGQUIT: [libjvm.so+0x64a2f0], sa_mask[0]=0x7ffbfeff, sa_flags=0x10000004


---------------  S Y S T E M  ---------------

OS:Ubuntu 12.04 (precise)
uname:Linux 3.2.0-58-generic #88-Ubuntu SMP Tue Dec 3 17:37:58 UTC 2013 x86_64
libc:glibc 2.15 NPTL 2.15 
rlimit: STACK 8192k, CORE 0k, NPROC 79359, NOFILE 4096, AS infinity
load average:2.87 2.95 2.81

/proc/meminfo:
MemTotal:       10241552 kB
MemFree:          662524 kB
Buffers:          370824 kB
Cached:          3861372 kB
SwapCached:          236 kB
Active:          6017252 kB
Inactive:        2492316 kB
Active(anon):    3860612 kB
Inactive(anon):   484908 kB
Active(file):    2156640 kB
Inactive(file):  2007408 kB
Unevictable:          48 kB
Mlocked:              48 kB
SwapTotal:       6894588 kB
SwapFree:        6893572 kB
Dirty:              2588 kB
Writeback:             0 kB
AnonPages:       4277400 kB
Mapped:           670576 kB
Shmem:             68048 kB
Slab:             419880 kB
SReclaimable:     375020 kB
SUnreclaim:        44860 kB
KernelStack:        6584 kB
PageTables:        82916 kB
NFS_Unstable:          0 kB
Bounce:                0 kB
WritebackTmp:          0 kB
CommitLimit:    12015364 kB
Committed_AS:   10915976 kB
VmallocTotal:   34359738367 kB
VmallocUsed:      330352 kB
VmallocChunk:   34359405908 kB
HardwareCorrupted:     0 kB
AnonHugePages:         0 kB
HugePages_Total:       0
HugePages_Free:        0
HugePages_Rsvd:        0
HugePages_Surp:        0
Hugepagesize:       2048 kB
DirectMap4k:      248384 kB
DirectMap2M:     9187328 kB
DirectMap1G:     1048576 kB


CPU:total 2 (2 cores per cpu, 1 threads per core) family 16 model 6 stepping 3, cmov, cx8, fxsr, mmx, sse, sse2, sse3, popcnt, mmxext, 3dnowpref, lzcnt, sse4a

Memory: 4k page, physical 10241552k(662524k free), swap 6894588k(6893572k free)

vm_info: OpenJDK 64-Bit Server VM (20.0-b12) for linux-amd64 JRE (1.6.0_27-b27), built on Nov 16 2013 15:13:05 by "buildd" with gcc 4.6.3

time: Mon Apr 21 17:59:37 2014
elapsed time: 0 seconds

