#
# A fatal error has been detected by the Java Runtime Environment:
#
#  SIGSEGV (0xb) at pc=0x00007f9e3367bd9a, pid=31718, tid=140317391525632
#
# JRE version: 6.0_27-b27
# Java VM: OpenJDK 64-Bit Server VM (20.0-b12 mixed mode linux-amd64 compressed oops)
# Derivative: IcedTea6 1.12.6
# Distribution: Ubuntu 12.04 LTS, package 6b27-1.12.6-1ubuntu0.12.04.4
# Problematic frame:
# V  [libjvm.so+0x5a8d9a]  IdealLoopTree::reassociate_add_sub(Node*, PhaseIdealLoop*)+0x1a
#
# If you would like to submit a bug report, please include
# instructions how to reproduce the bug and visit:
#   https://bugs.launchpad.net/ubuntu/+source/openjdk-6/
#

---------------  T H R E A D  ---------------

Current thread (0x00007f9e2c096800):  JavaThread "C2 CompilerThread0" daemon [_thread_in_native, id=31728, stack(0x00007f9e30371000,0x00007f9e30472000)]

siginfo:si_signo=SIGSEGV: si_errno=0, si_code=128 (), si_addr=0x0000000000000000

Registers:
RAX=0x00007f9e1102ec80, RBX=0x00007f9e3046eb50, RCX=0x00007f9e05107798, RDX=0x00007f9e3046eb50
RSP=0x00007f9e3046d390, RBP=0x00007f9e3046d410, RSI=0x00827f9e05106438, RDI=0x00007f9e10ff4b10
R8 =0x0000000000000003, R9 =0x00007f9e10fbb2c0, R10=0x0000000000000000, R11=0x0000000000000000
R12=0x00007f9e3046eb50, R13=0x00827f9e05106438, R14=0x0000000000000001, R15=0x00007f9e10ff4b10
RIP=0x00007f9e3367bd9a, EFLAGS=0x0000000000010206, CSGSFS=0x0000000000000033, ERR=0x0000000000000000
  TRAPNO=0x000000000000000d

Top of Stack: (sp=0x00007f9e3046d390)
0x00007f9e3046d390:   00007f9e100cab70 00007f9e05107798
0x00007f9e3046d3a0:   00007f9e00000003 00007f9e33702981
0x00007f9e3046d3b0:   000000000000000a 00007f9e1026ec08
0x00007f9e3046d3c0:   00007f9e3046d730 0000000000000002
0x00007f9e3046d3d0:   0000000000000001 00007f9e10126b08
0x00007f9e3046d3e0:   00007f9e3046d440 00007f9e10ff4b10
0x00007f9e3046d3f0:   00007f9e3046eb50 0000000000000006
0x00007f9e3046d400:   0000000000000001 00007f9e3046d650
0x00007f9e3046d410:   00007f9e3046d440 00007f9e3367c5c3
0x00007f9e3046d420:   00007f9e33c565c0 00007f9e3046eb50
0x00007f9e3046d430:   00007f9e33c565c0 00007f9e10ff4b10
0x00007f9e3046d440:   00007f9e3046d6e0 00007f9e336903d3
0x00007f9e3046d450:   00007f9e33c62840 00007f9e10003820
0x00007f9e3046d460:   00007f9e30470270 00007f9e33c56f00
0x00007f9e3046d470:   00007f9e3046d4a0 00007f9e3382536a
0x00007f9e3046d480:   00007f9e10281818 00007f9e1023ae20
0x00007f9e3046d490:   00007f9e3046d4e0 00007f9e3344923d
0x00007f9e3046d4a0:   00007f9e3046d4b0 00007f9e33825100
0x00007f9e3046d4b0:   00007f9e3046d510 00007f9e3046d730
0x00007f9e3046d4c0:   00007f9e3046e0f8 00007f9e3046e118
0x00007f9e3046d4d0:   00007f9e1019c800 00007f9e10b41210
0x00007f9e3046d4e0:   0000000000000004 00007f9e04068658
0x00007f9e3046d4f0:   00007f9e3046d730 00007f9e33f2ffce
0x00007f9e3046d500:   00007f9e10000000 0000000000fbc000
0x00007f9e3046d510:   00007f9e04508700 0000000000fac000
0x00007f9e3046d520:   00007f9e10fac000 0000000000000fff
0x00007f9e3046d530:   0000000000001000 0000000000020040
0x00007f9e3046d540:   0000000000000001 0000083000002002
0x00007f9e3046d550:   0000008e0000015b 0000007c0000007b
0x00007f9e3046d560:   0000000000000004 00007f9e10000020
0x00007f9e3046d570:   00007f9e3046d600 0000000000020010
0x00007f9e3046d580:   0000000000000000 00007f9e10f76150 

Instructions: (pc=0x00007f9e3367bd9a)
0x00007f9e3367bd7a:   84 00 00 00 00 00 55 48 89 e5 41 57 49 89 ff 41
0x00007f9e3367bd8a:   56 41 55 49 89 f5 41 54 53 48 89 d3 48 83 ec 58
0x00007f9e3367bd9a:   0f b7 46 2c 89 c2 81 e2 ff 0f 00 00 81 fa 00 08
0x00007f9e3367bdaa:   00 00 74 22 83 e0 1f 45 31 e4 83 f8 10 74 17 48 

Register to memory mapping:

RAX=0x00007f9e1102ec80 is an unknown value
RBX=0x00007f9e3046eb50 is pointing into the stack for thread: 0x00007f9e2c096800
RCX=0x00007f9e05107798 is an unknown value
RDX=0x00007f9e3046eb50 is pointing into the stack for thread: 0x00007f9e2c096800
RSP=0x00007f9e3046d390 is pointing into the stack for thread: 0x00007f9e2c096800
RBP=0x00007f9e3046d410 is pointing into the stack for thread: 0x00007f9e2c096800
RSI=0x00827f9e05106438 is an unknown value
RDI=0x00007f9e10ff4b10 is an unknown value
R8 =0x0000000000000003 is an unknown value
R9 =0x00007f9e10fbb2c0 is an unknown value
R10=0x0000000000000000 is an unknown value
R11=0x0000000000000000 is an unknown value
R12=0x00007f9e3046eb50 is pointing into the stack for thread: 0x00007f9e2c096800
R13=0x00827f9e05106438 is an unknown value
R14=0x0000000000000001 is an unknown value
R15=0x00007f9e10ff4b10 is an unknown value


Stack: [0x00007f9e30371000,0x00007f9e30472000],  sp=0x00007f9e3046d390,  free space=1008k
Native frames: (J=compiled Java code, j=interpreted, Vv=VM code, C=native code)
V  [libjvm.so+0x5a8d9a]  IdealLoopTree::reassociate_add_sub(Node*, PhaseIdealLoop*)+0x1a
V  [libjvm.so+0x5a95c3]  IdealLoopTree::reassociate_invariants(PhaseIdealLoop*)+0x33
V  [libjvm.so+0x5bd3d3]  PhaseIdealLoop::build_and_optimize(bool, bool)+0xc23
V  [libjvm.so+0x37b0bd]  Compile::Optimize()+0xddd
V  [libjvm.so+0x37bd43]  Compile::Compile(ciEnv*, C2Compiler*, ciMethod*, int, bool, bool)+0xae3
V  [libjvm.so+0x3055a0]  C2Compiler::compile_method(ciEnv*, ciMethod*, int)+0xe0
V  [libjvm.so+0x3803f3]  CompileBroker::invoke_compiler_on_method(CompileTask*)+0x2a3
V  [libjvm.so+0x380d3b]  CompileBroker::compiler_thread_loop()+0x45b
V  [libjvm.so+0x74b368]  JavaThread::thread_main_inner()+0x58
V  [libjvm.so+0x64ac92]  java_start(Thread*)+0x112


Current CompileTask:
C2:   5198   3%     com.sun.tools.javac.file.ZipFileIndex$ZipDirectory.readEntry(ILjava/util/List;Ljava/util/Map;)I @ 215 (587 bytes)


---------------  P R O C E S S  ---------------

Java Threads: ( => current thread )
  0x00007f9e2c09c000 JavaThread "Low Memory Detector" daemon [_thread_blocked, id=31730, stack(0x00007f9e3016f000,0x00007f9e30270000)]
  0x00007f9e2c099800 JavaThread "C2 CompilerThread1" daemon [_thread_in_native, id=31729, stack(0x00007f9e30270000,0x00007f9e30371000)]
=>0x00007f9e2c096800 JavaThread "C2 CompilerThread0" daemon [_thread_in_native, id=31728, stack(0x00007f9e30371000,0x00007f9e30472000)]
  0x00007f9e2c095800 JavaThread "Signal Dispatcher" daemon [_thread_blocked, id=31727, stack(0x00007f9e30472000,0x00007f9e30573000)]
  0x00007f9e2c074800 JavaThread "Finalizer" daemon [_thread_blocked, id=31726, stack(0x00007f9e30573000,0x00007f9e30674000)]
  0x00007f9e2c072800 JavaThread "Reference Handler" daemon [_thread_blocked, id=31725, stack(0x00007f9e30674000,0x00007f9e30775000)]
  0x00007f9e2c008000 JavaThread "main" [_thread_in_Java, id=31721, stack(0x00007f9e3498e000,0x00007f9e34a8f000)]

Other Threads:
  0x00007f9e2c06d800 VMThread [stack: 0x00007f9e30775000,0x00007f9e30876000] [id=31724]
  0x00007f9e2c09e800 WatcherThread [stack: 0x00007f9e3006e000,0x00007f9e3016f000] [id=31731]

VM state:not at safepoint (normal execution)

VM Mutex/Monitor currently owned by a thread: None

Heap
 PSYoungGen      total 46656K, used 10645K [0x00000007cbe00000, 0x00000007d1920000, 0x0000000800000000)
  eden space 40000K, 12% used [0x00000007cbe00000,0x00000007cc2c0c28,0x00000007ce510000)
  from space 6656K, 86% used [0x00000007ceb90000,0x00000007cf134ae8,0x00000007cf210000)
  to   space 6656K, 0% used [0x00000007ce510000,0x00000007ce510000,0x00000007ceb90000)
 PSOldGen        total 106752K, used 0K [0x0000000763a00000, 0x000000076a240000, 0x00000007cbe00000)
  object space 106752K, 0% used [0x0000000763a00000,0x0000000763a00000,0x000000076a240000)
 PSPermGen       total 21248K, used 18868K [0x0000000759400000, 0x000000075a8c0000, 0x0000000763a00000)
  object space 21248K, 88% used [0x0000000759400000,0x000000075a66d1f8,0x000000075a8c0000)

Code Cache  [0x00007f9e29000000, 0x00007f9e29270000, 0x00007f9e2c000000)
 total_blobs=485 nmethods=217 adapters=222 free_code_cache=49373504 largest_free_block=10624

Dynamic libraries:
00400000-00409000 r-xp 00000000 08:03 1971074                            /usr/lib/jvm/java-6-openjdk-amd64/jre/bin/java
00608000-00609000 r--p 00008000 08:03 1971074                            /usr/lib/jvm/java-6-openjdk-amd64/jre/bin/java
00609000-0060a000 rw-p 00009000 08:03 1971074                            /usr/lib/jvm/java-6-openjdk-amd64/jre/bin/java
018b2000-018d3000 rw-p 00000000 00:00 0                                  [heap]
759400000-75a8c0000 rw-p 00000000 00:00 0 
75a8c0000-763a00000 rw-p 00000000 00:00 0 
763a00000-76a240000 rw-p 00000000 00:00 0 
76a240000-7cbe00000 rw-p 00000000 00:00 0 
7cbe00000-7d1920000 rw-p 00000000 00:00 0 
7d1920000-800000000 rw-p 00000000 00:00 0 
7f9df4000000-7f9df4021000 rw-p 00000000 00:00 0 
7f9df4021000-7f9df8000000 ---p 00000000 00:00 0 
7f9df8000000-7f9df8021000 rw-p 00000000 00:00 0 
7f9df8021000-7f9dfc000000 ---p 00000000 00:00 0 
7f9dfc000000-7f9dfc021000 rw-p 00000000 00:00 0 
7f9dfc021000-7f9e00000000 ---p 00000000 00:00 0 
7f9e00000000-7f9e00021000 rw-p 00000000 00:00 0 
7f9e00021000-7f9e04000000 ---p 00000000 00:00 0 
7f9e04000000-7f9e05256000 rw-p 00000000 00:00 0 
7f9e05256000-7f9e08000000 ---p 00000000 00:00 0 
7f9e08000000-7f9e08021000 rw-p 00000000 00:00 0 
7f9e08021000-7f9e0c000000 ---p 00000000 00:00 0 
7f9e0c000000-7f9e0c021000 rw-p 00000000 00:00 0 
7f9e0c021000-7f9e10000000 ---p 00000000 00:00 0 
7f9e10000000-7f9e1118a000 rw-p 00000000 00:00 0 
7f9e1118a000-7f9e14000000 ---p 00000000 00:00 0 
7f9e14000000-7f9e14021000 rw-p 00000000 00:00 0 
7f9e14021000-7f9e18000000 ---p 00000000 00:00 0 
7f9e18000000-7f9e18021000 rw-p 00000000 00:00 0 
7f9e18021000-7f9e1c000000 ---p 00000000 00:00 0 
7f9e1c000000-7f9e1c021000 rw-p 00000000 00:00 0 
7f9e1c021000-7f9e20000000 ---p 00000000 00:00 0 
7f9e20000000-7f9e20021000 rw-p 00000000 00:00 0 
7f9e20021000-7f9e24000000 ---p 00000000 00:00 0 
7f9e24000000-7f9e24021000 rw-p 00000000 00:00 0 
7f9e24021000-7f9e28000000 ---p 00000000 00:00 0 
7f9e28446000-7f9e28580000 rw-p 00000000 00:00 0 
7f9e28580000-7f9e28583000 ---p 00000000 00:00 0 
7f9e28583000-7f9e28681000 rw-p 00000000 00:00 0 
7f9e28681000-7f9e28684000 ---p 00000000 00:00 0 
7f9e28684000-7f9e28782000 rw-p 00000000 00:00 0 
7f9e28782000-7f9e28785000 ---p 00000000 00:00 0 
7f9e28785000-7f9e28883000 rw-p 00000000 00:00 0 
7f9e28883000-7f9e28885000 r--s 00008000 08:03 4341306                    /home/oleg/sdk/tools/lib/emma_ant.jar
7f9e28885000-7f9e2888d000 r--s 00061000 08:03 4341305                    /home/oleg/sdk/tools/lib/emma.jar
7f9e2888d000-7f9e2888f000 r--s 0000d000 08:03 4341321                    /home/oleg/sdk/tools/lib/commons-codec-1.4.jar
7f9e2888f000-7f9e288b9000 r--s 001e9000 08:03 4341339                    /home/oleg/sdk/tools/lib/guava-15.0.jar
7f9e288b9000-7f9e28919000 r--s 00dc1000 08:03 1971635                    /usr/lib/jvm/java-6-openjdk-amd64/lib/tools.jar
7f9e28919000-7f9e29000000 r--p 00000000 08:03 6167085                    /usr/lib/locale/locale-archive
7f9e29000000-7f9e29270000 rwxp 00000000 00:00 0 
7f9e29270000-7f9e2c3dd000 rw-p 00000000 00:00 0 
7f9e2c3dd000-7f9e30000000 ---p 00000000 00:00 0 
7f9e30001000-7f9e30003000 r--s 0000d000 08:03 4341280                    /home/oleg/sdk/tools/lib/commons-logging-1.1.1.jar
7f9e30003000-7f9e30008000 r--s 00028000 08:03 4341340                    /home/oleg/sdk/tools/lib/httpcore-4.1.jar
7f9e30008000-7f9e3000a000 r--s 00005000 08:03 4341325                    /home/oleg/sdk/tools/lib/httpmime-4.1.jar
7f9e3000a000-7f9e30012000 r--s 0004e000 08:03 4341299                    /home/oleg/sdk/tools/lib/httpclient-4.1.1.jar
7f9e30012000-7f9e30016000 r--s 00020000 08:03 4343070                    /home/oleg/sdk/tools/lib/commons-compress-1.0.jar
7f9e30016000-7f9e30017000 r--s 00002000 08:03 4343076                    /home/oleg/sdk/tools/lib/dvlib.jar
7f9e30017000-7f9e30018000 r--s 0000a000 08:03 4341279                    /home/oleg/sdk/tools/lib/kxml2-2.3.0.jar
7f9e30018000-7f9e3001b000 r--s 0000e000 08:03 4341293                    /home/oleg/sdk/tools/lib/layoutlib-api.jar
7f9e3001b000-7f9e30024000 r--s 0009d000 08:03 4341285                    /home/oleg/sdk/tools/lib/sdklib.jar
7f9e30024000-7f9e30026000 r--s 0000f000 08:03 4341323                    /home/oleg/sdk/tools/lib/common.jar
7f9e30026000-7f9e30027000 r--s 00008000 08:03 4341281                    /home/oleg/sdk/tools/lib/manifest-merger.jar
7f9e30027000-7f9e30029000 r--s 00017000 08:03 4343072                    /home/oleg/sdk/tools/lib/ant-tasks.jar
7f9e30029000-7f9e3002b000 r--s 00001000 08:03 6055                       /usr/share/java/ant-jdepend-1.8.2.jar
7f9e3002b000-7f9e3002c000 r--s 00000000 08:03 4436                       /usr/share/java/ant-apache-regexp-1.8.2.jar
7f9e3002c000-7f9e3002d000 r--s 00009000 08:03 6057                       /usr/share/java/ant-jsch-1.8.2.jar
7f9e3002d000-7f9e3002e000 r--s 00000000 08:03 4365                       /usr/share/java/ant-apache-bsf-1.8.2.jar
7f9e3002e000-7f9e3002f000 r--s 00001000 08:03 6059                       /usr/share/java/ant-swing-1.8.2.jar
7f9e3002f000-7f9e30031000 r--s 00013000 08:03 6053                       /usr/share/java/ant-commons-net-1.8.2.jar
7f9e30031000-7f9e30032000 r--s 00001000 08:03 6061                       /usr/share/java/ant-junit4-1.8.2.jar
7f9e30032000-7f9e30033000 r--s 00000000 08:03 5726                       /usr/share/java/ant-commons-logging-1.8.2.jar
7f9e30033000-7f9e30035000 r--s 00002000 08:03 3982                       /usr/share/java/ant-launcher-1.8.2.jar
7f9e30035000-7f9e30037000 r--s 00001000 08:03 4364                       /usr/share/java/ant-apache-bcel-1.8.2.jar
7f9e30037000-7f9e30038000 r--s 00001000 08:03 6056                       /usr/share/java/ant-jmf-1.8.2.jar
7f9e30038000-7f9e30055000 r--s 001bc000 08:03 3981                       /usr/share/java/ant-1.8.2.jar
7f9e30055000-7f9e3006e000 r--s 00144000 08:03 3918                       /usr/share/java/xercesImpl-2.11.0.jar
7f9e3006e000-7f9e3006f000 ---p 00000000 00:00 0 
7f9e3006f000-7f9e3016f000 rw-p 00000000 00:00 0 
7f9e3016f000-7f9e30172000 ---p 00000000 00:00 0 
7f9e30172000-7f9e30270000 rw-p 00000000 00:00 0 
7f9e30270000-7f9e30273000 ---p 00000000 00:00 0 
7f9e30273000-7f9e30371000 rw-p 00000000 00:00 0 
7f9e30371000-7f9e30374000 ---p 00000000 00:00 0 
7f9e30374000-7f9e30472000 rw-p 00000000 00:00 0 
7f9e30472000-7f9e30475000 ---p 00000000 00:00 0 
7f9e30475000-7f9e30573000 rw-p 00000000 00:00 0 
7f9e30573000-7f9e30576000 ---p 00000000 00:00 0 
7f9e30576000-7f9e30674000 rw-p 00000000 00:00 0 
7f9e30674000-7f9e30677000 ---p 00000000 00:00 0 
7f9e30677000-7f9e30775000 rw-p 00000000 00:00 0 
7f9e30775000-7f9e30776000 ---p 00000000 00:00 0 
7f9e30776000-7f9e30bac000 rw-p 00000000 00:00 0 
7f9e30bac000-7f9e30d40000 r--s 03822000 08:03 1971068                    /usr/lib/jvm/java-6-openjdk-amd64/jre/lib/rt.jar
7f9e30d40000-7f9e30d68000 rw-p 00000000 00:00 0 
7f9e30d68000-7f9e30d69000 ---p 00000000 00:00 0 
7f9e30d69000-7f9e30e69000 rw-p 00000000 00:00 0 
7f9e30e69000-7f9e30e6a000 ---p 00000000 00:00 0 
7f9e30e6a000-7f9e30f75000 rw-p 00000000 00:00 0 
7f9e30f75000-7f9e30fbd000 rw-p 00000000 00:00 0 
7f9e30fbd000-7f9e30ff2000 rw-p 00000000 00:00 0 
7f9e30ff2000-7f9e312ff000 rw-p 00000000 00:00 0 
7f9e312ff000-7f9e3130a000 rw-p 00000000 00:00 0 
7f9e3130a000-7f9e31352000 rw-p 00000000 00:00 0 
7f9e31352000-7f9e31387000 rw-p 00000000 00:00 0 
7f9e31387000-7f9e31694000 rw-p 00000000 00:00 0 
7f9e31694000-7f9e316c2000 rw-p 00000000 00:00 0 
7f9e316c2000-7f9e31835000 rw-p 00000000 00:00 0 
7f9e31835000-7f9e31836000 rw-p 00000000 00:00 0 
7f9e31836000-7f9e3183d000 r-xp 00000000 08:03 1966625                    /usr/lib/jvm/java-6-openjdk-amd64/jre/lib/amd64/libzip.so
7f9e3183d000-7f9e31a3c000 ---p 00007000 08:03 1966625                    /usr/lib/jvm/java-6-openjdk-amd64/jre/lib/amd64/libzip.so
7f9e31a3c000-7f9e31a3d000 r--p 00006000 08:03 1966625                    /usr/lib/jvm/java-6-openjdk-amd64/jre/lib/amd64/libzip.so
7f9e31a3d000-7f9e31a3e000 rw-p 00007000 08:03 1966625                    /usr/lib/jvm/java-6-openjdk-amd64/jre/lib/amd64/libzip.so
7f9e31a3e000-7f9e31a4a000 r-xp 00000000 08:03 3044450                    /lib/x86_64-linux-gnu/libnss_files-2.15.so
7f9e31a4a000-7f9e31c49000 ---p 0000c000 08:03 3044450                    /lib/x86_64-linux-gnu/libnss_files-2.15.so
7f9e31c49000-7f9e31c4a000 r--p 0000b000 08:03 3044450                    /lib/x86_64-linux-gnu/libnss_files-2.15.so
7f9e31c4a000-7f9e31c4b000 rw-p 0000c000 08:03 3044450                    /lib/x86_64-linux-gnu/libnss_files-2.15.so
7f9e31c4b000-7f9e31c55000 r-xp 00000000 08:03 3044454                    /lib/x86_64-linux-gnu/libnss_nis-2.15.so
7f9e31c55000-7f9e31e55000 ---p 0000a000 08:03 3044454                    /lib/x86_64-linux-gnu/libnss_nis-2.15.so
7f9e31e55000-7f9e31e56000 r--p 0000a000 08:03 3044454                    /lib/x86_64-linux-gnu/libnss_nis-2.15.so
7f9e31e56000-7f9e31e57000 rw-p 0000b000 08:03 3044454                    /lib/x86_64-linux-gnu/libnss_nis-2.15.so
7f9e31e57000-7f9e31e6e000 r-xp 00000000 08:03 3044470                    /lib/x86_64-linux-gnu/libnsl-2.15.so
7f9e31e6e000-7f9e3206d000 ---p 00017000 08:03 3044470                    /lib/x86_64-linux-gnu/libnsl-2.15.so
7f9e3206d000-7f9e3206e000 r--p 00016000 08:03 3044470                    /lib/x86_64-linux-gnu/libnsl-2.15.so
7f9e3206e000-7f9e3206f000 rw-p 00017000 08:03 3044470                    /lib/x86_64-linux-gnu/libnsl-2.15.so
7f9e3206f000-7f9e32071000 rw-p 00000000 00:00 0 
7f9e32071000-7f9e32079000 r-xp 00000000 08:03 3044448                    /lib/x86_64-linux-gnu/libnss_compat-2.15.so
7f9e32079000-7f9e32278000 ---p 00008000 08:03 3044448                    /lib/x86_64-linux-gnu/libnss_compat-2.15.so
7f9e32278000-7f9e32279000 r--p 00007000 08:03 3044448                    /lib/x86_64-linux-gnu/libnss_compat-2.15.so
7f9e32279000-7f9e3227a000 rw-p 00008000 08:03 3044448                    /lib/x86_64-linux-gnu/libnss_compat-2.15.so
7f9e3227a000-7f9e322a6000 r-xp 00000000 08:03 1966620                    /usr/lib/jvm/java-6-openjdk-amd64/jre/lib/amd64/libjava.so
7f9e322a6000-7f9e324a5000 ---p 0002c000 08:03 1966620                    /usr/lib/jvm/java-6-openjdk-amd64/jre/lib/amd64/libjava.so
7f9e324a5000-7f9e324a6000 r--p 0002b000 08:03 1966620                    /usr/lib/jvm/java-6-openjdk-amd64/jre/lib/amd64/libjava.so
7f9e324a6000-7f9e324a9000 rw-p 0002c000 08:03 1966620                    /usr/lib/jvm/java-6-openjdk-amd64/jre/lib/amd64/libjava.so
7f9e324a9000-7f9e324b7000 r-xp 00000000 08:03 1966637                    /usr/lib/jvm/java-6-openjdk-amd64/jre/lib/amd64/libverify.so
7f9e324b7000-7f9e326b6000 ---p 0000e000 08:03 1966637                    /usr/lib/jvm/java-6-openjdk-amd64/jre/lib/amd64/libverify.so
7f9e326b6000-7f9e326b8000 r--p 0000d000 08:03 1966637                    /usr/lib/jvm/java-6-openjdk-amd64/jre/lib/amd64/libverify.so
7f9e326b8000-7f9e326b9000 rw-p 0000f000 08:03 1966637                    /usr/lib/jvm/java-6-openjdk-amd64/jre/lib/amd64/libverify.so
7f9e326b9000-7f9e326c0000 r-xp 00000000 08:03 3044453                    /lib/x86_64-linux-gnu/librt-2.15.so
7f9e326c0000-7f9e328bf000 ---p 00007000 08:03 3044453                    /lib/x86_64-linux-gnu/librt-2.15.so
7f9e328bf000-7f9e328c0000 r--p 00006000 08:03 3044453                    /lib/x86_64-linux-gnu/librt-2.15.so
7f9e328c0000-7f9e328c1000 rw-p 00007000 08:03 3044453                    /lib/x86_64-linux-gnu/librt-2.15.so
7f9e328c1000-7f9e328d6000 r-xp 00000000 08:03 3018368                    /lib/x86_64-linux-gnu/libgcc_s.so.1
7f9e328d6000-7f9e32ad5000 ---p 00015000 08:03 3018368                    /lib/x86_64-linux-gnu/libgcc_s.so.1
7f9e32ad5000-7f9e32ad6000 r--p 00014000 08:03 3018368                    /lib/x86_64-linux-gnu/libgcc_s.so.1
7f9e32ad6000-7f9e32ad7000 rw-p 00015000 08:03 3018368                    /lib/x86_64-linux-gnu/libgcc_s.so.1
7f9e32ad7000-7f9e32bd2000 r-xp 00000000 08:03 3044459                    /lib/x86_64-linux-gnu/libm-2.15.so
7f9e32bd2000-7f9e32dd1000 ---p 000fb000 08:03 3044459                    /lib/x86_64-linux-gnu/libm-2.15.so
7f9e32dd1000-7f9e32dd2000 r--p 000fa000 08:03 3044459                    /lib/x86_64-linux-gnu/libm-2.15.so
7f9e32dd2000-7f9e32dd3000 rw-p 000fb000 08:03 3044459                    /lib/x86_64-linux-gnu/libm-2.15.so
7f9e32dd3000-7f9e32eb5000 r-xp 00000000 08:03 6168267                    /usr/lib/x86_64-linux-gnu/libstdc++.so.6.0.16
7f9e32eb5000-7f9e330b4000 ---p 000e2000 08:03 6168267                    /usr/lib/x86_64-linux-gnu/libstdc++.so.6.0.16
7f9e330b4000-7f9e330bc000 r--p 000e1000 08:03 6168267                    /usr/lib/x86_64-linux-gnu/libstdc++.so.6.0.16
7f9e330bc000-7f9e330be000 rw-p 000e9000 08:03 6168267                    /usr/lib/x86_64-linux-gnu/libstdc++.so.6.0.16
7f9e330be000-7f9e330d3000 rw-p 00000000 00:00 0 
7f9e330d3000-7f9e339d3000 r-xp 00000000 08:03 1966652                    /usr/lib/jvm/java-6-openjdk-amd64/jre/lib/amd64/server/libjvm.so
7f9e339d3000-7f9e33bd3000 ---p 00900000 08:03 1966652                    /usr/lib/jvm/java-6-openjdk-amd64/jre/lib/amd64/server/libjvm.so
7f9e33bd3000-7f9e33c54000 r--p 00900000 08:03 1966652                    /usr/lib/jvm/java-6-openjdk-amd64/jre/lib/amd64/server/libjvm.so
7f9e33c54000-7f9e33c6f000 rw-p 00981000 08:03 1966652                    /usr/lib/jvm/java-6-openjdk-amd64/jre/lib/amd64/server/libjvm.so
7f9e33c6f000-7f9e33c98000 rw-p 00000000 00:00 0 
7f9e33c98000-7f9e33cae000 r-xp 00000000 08:03 3018458                    /lib/x86_64-linux-gnu/libz.so.1.2.3.4
7f9e33cae000-7f9e33ead000 ---p 00016000 08:03 3018458                    /lib/x86_64-linux-gnu/libz.so.1.2.3.4
7f9e33ead000-7f9e33eae000 r--p 00015000 08:03 3018458                    /lib/x86_64-linux-gnu/libz.so.1.2.3.4
7f9e33eae000-7f9e33eaf000 rw-p 00016000 08:03 3018458                    /lib/x86_64-linux-gnu/libz.so.1.2.3.4
7f9e33eaf000-7f9e34064000 r-xp 00000000 08:03 3044446                    /lib/x86_64-linux-gnu/libc-2.15.so
7f9e34064000-7f9e34264000 ---p 001b5000 08:03 3044446                    /lib/x86_64-linux-gnu/libc-2.15.so
7f9e34264000-7f9e34268000 r--p 001b5000 08:03 3044446                    /lib/x86_64-linux-gnu/libc-2.15.so
7f9e34268000-7f9e3426a000 rw-p 001b9000 08:03 3044446                    /lib/x86_64-linux-gnu/libc-2.15.so
7f9e3426a000-7f9e3426f000 rw-p 00000000 00:00 0 
7f9e3426f000-7f9e34271000 r-xp 00000000 08:03 3044463                    /lib/x86_64-linux-gnu/libdl-2.15.so
7f9e34271000-7f9e34471000 ---p 00002000 08:03 3044463                    /lib/x86_64-linux-gnu/libdl-2.15.so
7f9e34471000-7f9e34472000 r--p 00002000 08:03 3044463                    /lib/x86_64-linux-gnu/libdl-2.15.so
7f9e34472000-7f9e34473000 rw-p 00003000 08:03 3044463                    /lib/x86_64-linux-gnu/libdl-2.15.so
7f9e34473000-7f9e34477000 r-xp 00000000 08:03 1966795                    /usr/lib/jvm/java-6-openjdk-amd64/jre/lib/amd64/jli/libjli.so
7f9e34477000-7f9e34676000 ---p 00004000 08:03 1966795                    /usr/lib/jvm/java-6-openjdk-amd64/jre/lib/amd64/jli/libjli.so
7f9e34676000-7f9e34677000 r--p 00003000 08:03 1966795                    /usr/lib/jvm/java-6-openjdk-amd64/jre/lib/amd64/jli/libjli.so
7f9e34677000-7f9e34678000 rw-p 00004000 08:03 1966795                    /usr/lib/jvm/java-6-openjdk-amd64/jre/lib/amd64/jli/libjli.so
7f9e34678000-7f9e34690000 r-xp 00000000 08:03 3044455                    /lib/x86_64-linux-gnu/libpthread-2.15.so
7f9e34690000-7f9e3488f000 ---p 00018000 08:03 3044455                    /lib/x86_64-linux-gnu/libpthread-2.15.so
7f9e3488f000-7f9e34890000 r--p 00017000 08:03 3044455                    /lib/x86_64-linux-gnu/libpthread-2.15.so
7f9e34890000-7f9e34891000 rw-p 00018000 08:03 3044455                    /lib/x86_64-linux-gnu/libpthread-2.15.so
7f9e34891000-7f9e34895000 rw-p 00000000 00:00 0 
7f9e34895000-7f9e348b7000 r-xp 00000000 08:03 3044460                    /lib/x86_64-linux-gnu/ld-2.15.so
7f9e348b7000-7f9e348b8000 r--s 00001000 08:03 6054                       /usr/share/java/ant-javamail-1.8.2.jar
7f9e348b8000-7f9e348b9000 r--s 00003000 08:03 6060                       /usr/share/java/ant-testutil-1.8.2.jar
7f9e348b9000-7f9e348bb000 r--s 00008000 08:03 4367                       /usr/share/java/ant-apache-oro-1.8.2.jar
7f9e348bb000-7f9e348bd000 r--s 00017000 08:03 6058                       /usr/share/java/ant-junit-1.8.2.jar
7f9e348bd000-7f9e348be000 r--s 00000000 08:03 4366                       /usr/share/java/ant-apache-log4j-1.8.2.jar
7f9e348be000-7f9e348c7000 r--s 00031000 08:03 3887                       /usr/share/java/xml-apis-1.4.01.jar
7f9e348c7000-7f9e348ce000 r--s 000fc000 08:03 1966589                    /usr/lib/jvm/java-6-openjdk-common/jre/lib/resources.jar
7f9e348ce000-7f9e348d8000 rw-p 00000000 00:00 0 
7f9e348d8000-7f9e3498e000 rw-p 00000000 00:00 0 
7f9e3498e000-7f9e34991000 ---p 00000000 00:00 0 
7f9e34991000-7f9e34a94000 rw-p 00000000 00:00 0 
7f9e34a94000-7f9e34a95000 r--s 00001000 08:03 4012                       /usr/share/java/ant-antlr-1.8.2.jar
7f9e34a95000-7f9e34a96000 r--s 00000000 08:03 5725                       /usr/share/java/ant-apache-xalan2-1.8.2.jar
7f9e34a96000-7f9e34a97000 r--s 00000000 08:03 4610                       /usr/share/java/ant-apache-resolver-1.8.2.jar
7f9e34a97000-7f9e34a9a000 r--s 0007f000 08:03 1966607                    /usr/lib/jvm/java-6-openjdk-common/jre/lib/jsse.jar
7f9e34a9a000-7f9e34a9c000 r--s 00002000 08:03 3982                       /usr/share/java/ant-launcher-1.8.2.jar
7f9e34a9c000-7f9e34a9e000 r--s 0000f000 08:03 1966577                    /usr/lib/jvm/java-6-openjdk-common/jre/lib/ext/pulse-java.jar
7f9e34a9e000-7f9e34aa1000 r--s 00077000 08:03 1966579                    /usr/lib/jvm/java-6-openjdk-common/jre/lib/ext/localedata.jar
7f9e34aa1000-7f9e34aa2000 r--s 00007000 08:03 855                        /usr/share/java/java-atk-wrapper.jar
7f9e34aa2000-7f9e34aa5000 r--s 00031000 08:03 1966581                    /usr/lib/jvm/java-6-openjdk-common/jre/lib/ext/sunjce_provider.jar
7f9e34aa5000-7f9e34aa7000 r--s 00001000 08:03 1966580                    /usr/lib/jvm/java-6-openjdk-common/jre/lib/ext/dnsns.jar
7f9e34aa7000-7f9e34aab000 r--s 00039000 08:03 1966575                    /usr/lib/jvm/java-6-openjdk-common/jre/lib/ext/sunpkcs11.jar
7f9e34aab000-7f9e34ab3000 rw-s 00000000 08:03 2637982                    /tmp/hsperfdata_oleg/31718
7f9e34ab3000-7f9e34ab4000 rw-p 00000000 00:00 0 
7f9e34ab4000-7f9e34ab5000 r--p 00000000 00:00 0 
7f9e34ab5000-7f9e34ab7000 rw-p 00000000 00:00 0 
7f9e34ab7000-7f9e34ab8000 r--p 00022000 08:03 3044460                    /lib/x86_64-linux-gnu/ld-2.15.so
7f9e34ab8000-7f9e34aba000 rw-p 00023000 08:03 3044460                    /lib/x86_64-linux-gnu/ld-2.15.so
7fff73890000-7fff738b1000 rw-p 00000000 00:00 0                          [stack]
7fff739ed000-7fff739ee000 r-xp 00000000 00:00 0                          [vdso]
ffffffffff600000-ffffffffff601000 r-xp 00000000 00:00 0                  [vsyscall]

VM Arguments:
jvm_args: -Dant.home=/usr/share/ant -Dant.library.dir=/usr/share/ant/lib 
java_command: org.apache.tools.ant.launch.Launcher -cp  debug -f /home/oleg/CordovaMapsSample/platforms/android/build.xml -Dout.dir=ant-build -Dgen.absolute.dir=ant-gen
Launcher Type: SUN_STANDARD

Environment Variables:
PATH=/home/oleg/.rvm/gems/ruby-1.9.3-p327/bin:/home/oleg/.rvm/gems/ruby-1.9.3-p327@global/bin:/home/oleg/.rvm/rubies/ruby-1.9.3-p327/bin:/home/oleg/.rvm/bin:/usr/lib/lightdm/lightdm:/usr/local/sbin:/usr/local/bin:/usr/sbin:/usr/bin:/sbin:/bin:/usr/games:/home/oleg/sdk/platform-tools:/home/oleg/sdk/tools
LD_LIBRARY_PATH=/usr/lib/jvm/java-6-openjdk-amd64/jre/lib/amd64/server:/usr/lib/jvm/java-6-openjdk-amd64/jre/lib/amd64:/usr/lib/jvm/java-6-openjdk-amd64/jre/../lib/amd64
SHELL=/bin/bash
DISPLAY=:0.0

Signal Handlers:
SIGSEGV: [libjvm.so+0x7837c0], sa_mask[0]=0x7ffbfeff, sa_flags=0x10000004
SIGBUS: [libjvm.so+0x7837c0], sa_mask[0]=0x7ffbfeff, sa_flags=0x10000004
SIGFPE: [libjvm.so+0x647740], sa_mask[0]=0x7ffbfeff, sa_flags=0x10000004
SIGPIPE: [libjvm.so+0x647740], sa_mask[0]=0x7ffbfeff, sa_flags=0x10000004
SIGXFSZ: [libjvm.so+0x647740], sa_mask[0]=0x7ffbfeff, sa_flags=0x10000004
SIGILL: [libjvm.so+0x647740], sa_mask[0]=0x7ffbfeff, sa_flags=0x10000004
SIGUSR1: SIG_DFL, sa_mask[0]=0x00000000, sa_flags=0x00000000
SIGUSR2: [libjvm.so+0x647920], sa_mask[0]=0x00000000, sa_flags=0x10000004
SIGHUP: [libjvm.so+0x64a2f0], sa_mask[0]=0x7ffbfeff, sa_flags=0x10000004
SIGINT: [libjvm.so+0x64a2f0], sa_mask[0]=0x7ffbfeff, sa_flags=0x10000004
SIGTERM: [libjvm.so+0x64a2f0], sa_mask[0]=0x7ffbfeff, sa_flags=0x10000004
SIGQUIT: [libjvm.so+0x64a2f0], sa_mask[0]=0x7ffbfeff, sa_flags=0x10000004


---------------  S Y S T E M  ---------------

OS:Ubuntu 12.04 (precise)
uname:Linux 3.2.0-58-generic #88-Ubuntu SMP Tue Dec 3 17:37:58 UTC 2013 x86_64
libc:glibc 2.15 NPTL 2.15 
rlimit: STACK 8192k, CORE 0k, NPROC 79359, NOFILE 4096, AS infinity
load average:3.91 2.53 2.29

/proc/meminfo:
MemTotal:       10241552 kB
MemFree:          591764 kB
Buffers:          369240 kB
Cached:          3865052 kB
SwapCached:          236 kB
Active:          6053948 kB
Inactive:        2516480 kB
Active(anon):    3905936 kB
Inactive(anon):   497268 kB
Active(file):    2148012 kB
Inactive(file):  2019212 kB
Unevictable:          48 kB
Mlocked:              48 kB
SwapTotal:       6894588 kB
SwapFree:        6893572 kB
Dirty:             13072 kB
Writeback:             0 kB
AnonPages:       4336112 kB
Mapped:           657376 kB
Shmem:             67068 kB
Slab:             419604 kB
SReclaimable:     374760 kB
SUnreclaim:        44844 kB
KernelStack:        6408 kB
PageTables:        82724 kB
NFS_Unstable:          0 kB
Bounce:                0 kB
WritebackTmp:          0 kB
CommitLimit:    12015364 kB
Committed_AS:   10828632 kB
VmallocTotal:   34359738367 kB
VmallocUsed:      330352 kB
VmallocChunk:   34359405908 kB
HardwareCorrupted:     0 kB
AnonHugePages:         0 kB
HugePages_Total:       0
HugePages_Free:        0
HugePages_Rsvd:        0
HugePages_Surp:        0
Hugepagesize:       2048 kB
DirectMap4k:      248384 kB
DirectMap2M:     9187328 kB
DirectMap1G:     1048576 kB


CPU:total 2 (2 cores per cpu, 1 threads per core) family 16 model 6 stepping 3, cmov, cx8, fxsr, mmx, sse, sse2, sse3, popcnt, mmxext, 3dnowpref, lzcnt, sse4a

Memory: 4k page, physical 10241552k(591764k free), swap 6894588k(6893572k free)

vm_info: OpenJDK 64-Bit Server VM (20.0-b12) for linux-amd64 JRE (1.6.0_27-b27), built on Nov 16 2013 15:13:05 by "buildd" with gcc 4.6.3

time: Mon Apr 21 17:25:50 2014
elapsed time: 5 seconds

