#
# A fatal error has been detected by the Java Runtime Environment:
#
#  SIGSEGV (0xb) at pc=0x00007f03664fa3fb, pid=9971, tid=139652417439488
#
# JRE version: 6.0_27-b27
# Java VM: OpenJDK 64-Bit Server VM (20.0-b12 mixed mode linux-amd64 compressed oops)
# Derivative: IcedTea6 1.12.6
# Distribution: Ubuntu 12.04 LTS, package 6b27-1.12.6-1ubuntu0.12.04.4
# Problematic frame:
# V  [libjvm.so+0x69a3fb]  PSPromotionManager::copy_to_survivor_space(oopDesc*)+0xeb
#
# If you would like to submit a bug report, please include
# instructions how to reproduce the bug and visit:
#   https://bugs.launchpad.net/ubuntu/+source/openjdk-6/
#

---------------  T H R E A D  ---------------

Current thread (0x00007f0360014800):  GCTaskThread [stack: 0x00007f035cabc000,0x00007f035cbbd000] [id=9976]

siginfo:si_signo=SIGSEGV: si_errno=0, si_code=1 (SEGV_MAPERR), si_addr=0x0000000000000018

Registers:
RAX=0x00007f03669ef850, RBX=0x00000007cf2e5b68, RCX=0x0000000000000003, RDX=0x0000000000000000
RSP=0x00007f035cbbbb40, RBP=0x00007f035cbbbbb0, RSI=0x0000000000000001, RDI=0x00007f036006ba50
R8 =0x00000007cbe00000, R9 =0x00007f0366a03faa, R10=0x006700610070005f, R11=0x00007f035c6f3010
R12=0x00000007cef6d874, R13=0x0000000000000000, R14=0x00007f036006ba50, R15=0x00007f036006bad0
RIP=0x00007f03664fa3fb, EFLAGS=0x0000000000010246, CSGSFS=0x0000000000000033, ERR=0x0000000000000004
  TRAPNO=0x000000000000000e

Top of Stack: (sp=0x00007f035cbbbb40)
0x00007f035cbbbb40:   0000000000000001 00007f036006ba58
0x00007f035cbbbb50:   00007f0366a03faa 0000000000000000
0x00007f035cbbbb60:   00000007cef699b0 0000000000001000
0x00007f035cbbbb70:   00007f035cbbbbc0 00007f03662e1982
0x00007f035cbbbb80:   00007f035cbbbbc0 00007f036006ba50
0x00007f035cbbbb90:   00000007cef6d874 00007f03669ef850
0x00007f035cbbbba0:   0000000000000001 00007f036006bad0
0x00007f035cbbbbb0:   00007f035cbbbc40 00007f03664fb368
0x00007f035cbbbbc0:   00007f035cbbbc40 00007f036006bac0
0x00007f035cbbbbd0:   0000054000000000 00007f035c5f0ae8
0x00007f035cbbbbe0:   0000053f00000000 00007f036657fa3f
0x00007f035cbbbbf0:   00007f0354000c00 00007f0300000fff
0x00007f035cbbbc00:   0000000000000004 0000000400000270
0x00007f035cbbbc10:   00007f0354000c60 0000000000000001
0x00007f035cbbbc20:   0000000000000000 00007f0354000c90
0x00007f035cbbbc30:   00000007ce0e713a 0000000000000000
0x00007f035cbbbc40:   00007f035cbbbcb0 00007f03664fe033
0x00007f035cbbbc50:   00007f0360014800 00007f036006ba50
0x00007f035cbbbc60:   00000007ce0e713a 00007f036648319b
0x00007f035cbbbc70:   00007f0300000011 00007f0360012640
0x00007f035cbbbc80:   00007f035cbbbcb0 00007f0360014800
0x00007f035cbbbc90:   00007f0354000c90 00007f0366a03dce
0x00007f035cbbbca0:   0000000000000000 00007f0366637f9a
0x00007f035cbbbcb0:   00007f035cbbbd80 00007f0366296787
0x00007f035cbbbcc0:   00007f0360015378 00007f0360014fa0
0x00007f035cbbbcd0:   00007f0360014f90 00007f0360014f60
0x00007f035cbbbce0:   00007f0360014800 00007f0360015380
0x00007f035cbbbcf0:   00007f03600153b0 00007f03600153c0
0x00007f035cbbbd00:   00007f0360015798 00007f03600157a0
0x00007f035cbbbd10:   00007f0360014800 00007f0360015380
0x00007f035cbbbd20:   00007f03600153b0 00007f03600153c0
0x00007f035cbbbd30:   00007f0360015798 00007f035cbbbce0 

Instructions: (pc=0x00007f03664fa3fb)
0x00007f03664fa3db:   ff 49 89 c4 eb 72 0f 1f 80 00 00 00 00 48 8b 05
0x00007f03664fa3eb:   79 e3 4d 00 8b 53 08 8b 48 08 48 d3 e2 48 03 10
0x00007f03664fa3fb:   8b 4a 18 83 f9 00 0f 8f 62 ff ff ff 0f 85 e3 00
0x00007f03664fa40b:   00 00 48 8b 42 10 48 8d 7a 10 4c 89 4d a0 48 89 

Register to memory mapping:

RAX=0x00007f03669ef850: <offset 0xb8f850> in /usr/lib/jvm/java-6-openjdk-amd64/jre/lib/amd64/server/libjvm.so at 0x00007f0365e60000
RBX=0x00000007cf2e5b68 is an unallocated location in the heap
RCX=0x0000000000000003 is an unknown value
RDX=0x0000000000000000 is an unknown value
RSP=0x00007f035cbbbb40 is an unknown value
RBP=0x00007f035cbbbbb0 is an unknown value
RSI=0x0000000000000001 is an unknown value
RDI=0x00007f036006ba50 is an unknown value
R8 =0x00000007cbe00000 is an oop
[B 
 - klass: {type array byte}
 - length: 34
R9 =0x00007f0366a03faa: <offset 0xba3faa> in /usr/lib/jvm/java-6-openjdk-amd64/jre/lib/amd64/server/libjvm.so at 0x00007f0365e60000
R10=0x006700610070005f is an unknown value
R11=0x00007f035c6f3010 is an unknown value
R12=0x00000007cef6d874 is an unknown value
R13=0x0000000000000000 is an unknown value
R14=0x00007f036006ba50 is an unknown value
R15=0x00007f036006bad0 is an unknown value


Stack: [0x00007f035cabc000,0x00007f035cbbd000],  sp=0x00007f035cbbbb40,  free space=1022k
Native frames: (J=compiled Java code, j=interpreted, Vv=VM code, C=native code)
V  [libjvm.so+0x69a3fb]  PSPromotionManager::copy_to_survivor_space(oopDesc*)+0xeb
V  [libjvm.so+0x69b368]  PSPromotionManager::drain_stacks_depth(bool)+0x618
V  [libjvm.so+0x69e033]  StealTask::do_it(GCTaskManager*, unsigned int)+0x2d3
V  [libjvm.so+0x436787]  GCTaskThread::run()+0x107
V  [libjvm.so+0x64ac92]  java_start(Thread*)+0x112


---------------  P R O C E S S  ---------------

Java Threads: ( => current thread )
  0x00007f0360281000 JavaThread "Thread-6" daemon [_thread_blocked, id=10002, stack(0x00007f034730b000,0x00007f034740c000)]
  0x00007f0360287800 JavaThread "Thread-5" daemon [_thread_blocked, id=9997, stack(0x00007f034740c000,0x00007f034750d000)]
  0x00007f03602bf800 JavaThread "process reaper" daemon [_thread_in_native, id=9995, stack(0x00007f034750d000,0x00007f034760e000)]
  0x00007f036009c000 JavaThread "Low Memory Detector" daemon [_thread_blocked, id=9983, stack(0x00007f0347717000,0x00007f0347818000)]
  0x00007f0360099800 JavaThread "C2 CompilerThread1" daemon [_thread_in_native, id=9982, stack(0x00007f0347818000,0x00007f0347919000)]
  0x00007f0360096800 JavaThread "C2 CompilerThread0" daemon [_thread_in_native, id=9981, stack(0x00007f035c0ed000,0x00007f035c1ee000)]
  0x00007f0360095800 JavaThread "Signal Dispatcher" daemon [_thread_blocked, id=9980, stack(0x00007f035c1ee000,0x00007f035c2ef000)]
  0x00007f0360074800 JavaThread "Finalizer" daemon [_thread_blocked, id=9979, stack(0x00007f035c2ef000,0x00007f035c3f0000)]
  0x00007f0360072800 JavaThread "Reference Handler" daemon [_thread_blocked, id=9978, stack(0x00007f035c3f0000,0x00007f035c4f1000)]
  0x00007f0360008000 JavaThread "main" [_thread_blocked, id=9974, stack(0x00007f036771b000,0x00007f036781c000)]

Other Threads:
  0x00007f036006d800 VMThread [stack: 0x00007f035c4f1000,0x00007f035c5f2000] [id=9977]
  0x00007f036009e800 WatcherThread [stack: 0x00007f0347616000,0x00007f0347717000] [id=9984]

=>0x00007f0360014800 (exited) GCTaskThread [stack: 0x00007f035cabc000,0x00007f035cbbd000] [id=9976]

VM state:at safepoint (normal execution)

VM Mutex/Monitor currently owned by a thread:  ([mutex/lock_event])
[0x00007f0360004540] Threads_lock - owner thread: 0x00007f036006d800
[0x00007f0360004a40] Heap_lock - owner thread: 0x00007f0360281000

Heap
 PSYoungGen      total 46656K, used 42512K [0x00000007cbe00000, 0x00000007cf210000, 0x0000000800000000)
  eden space 40000K, 100% used [0x00000007cbe00000,0x00000007ce510000,0x00000007ce510000)
  from space 6656K, 37% used [0x00000007ce510000,0x00000007ce784020,0x00000007ceb90000)
  to   space 6656K, 63% used [0x00000007ceb90000,0x00000007cefa99b0,0x00000007cf210000)
 PSOldGen        total 106752K, used 0K [0x0000000763a00000, 0x000000076a240000, 0x00000007cbe00000)
  object space 106752K, 0% used [0x0000000763a00000,0x0000000763a00000,0x000000076a240000)
 PSPermGen       total 21248K, used 19033K [0x0000000759400000, 0x000000075a8c0000, 0x0000000763a00000)
  object space 21248K, 89% used [0x0000000759400000,0x000000075a696578,0x000000075a8c0000)

Code Cache  [0x00007f035d000000, 0x00007f035d270000, 0x00007f0360000000)
 total_blobs=480 nmethods=210 adapters=224 free_code_cache=49406656 largest_free_block=11520

Dynamic libraries:
00400000-00409000 r-xp 00000000 08:03 1971074                            /usr/lib/jvm/java-6-openjdk-amd64/jre/bin/java
00608000-00609000 r--p 00008000 08:03 1971074                            /usr/lib/jvm/java-6-openjdk-amd64/jre/bin/java
00609000-0060a000 rw-p 00009000 08:03 1971074                            /usr/lib/jvm/java-6-openjdk-amd64/jre/bin/java
01289000-012aa000 rw-p 00000000 00:00 0                                  [heap]
759400000-75a8c0000 rw-p 00000000 00:00 0 
75a8c0000-763a00000 rw-p 00000000 00:00 0 
763a00000-76a240000 rw-p 00000000 00:00 0 
76a240000-7cbe00000 rw-p 00000000 00:00 0 
7cbe00000-7cf210000 rw-p 00000000 00:00 0 
7cf210000-800000000 rw-p 00000000 00:00 0 
7f0320000000-7f0320021000 rw-p 00000000 00:00 0 
7f0320021000-7f0324000000 ---p 00000000 00:00 0 
7f0328000000-7f0328021000 rw-p 00000000 00:00 0 
7f0328021000-7f032c000000 ---p 00000000 00:00 0 
7f032c000000-7f032c021000 rw-p 00000000 00:00 0 
7f032c021000-7f0330000000 ---p 00000000 00:00 0 
7f0330000000-7f0330021000 rw-p 00000000 00:00 0 
7f0330021000-7f0334000000 ---p 00000000 00:00 0 
7f0334000000-7f0334021000 rw-p 00000000 00:00 0 
7f0334021000-7f0338000000 ---p 00000000 00:00 0 
7f0338000000-7f0338e3a000 rw-p 00000000 00:00 0 
7f0338e3a000-7f033c000000 ---p 00000000 00:00 0 
7f033c000000-7f033c8d4000 rw-p 00000000 00:00 0 
7f033c8d4000-7f0340000000 ---p 00000000 00:00 0 
7f0340000000-7f0340021000 rw-p 00000000 00:00 0 
7f0340021000-7f0344000000 ---p 00000000 00:00 0 
7f03471d1000-7f034730b000 rw-p 00000000 00:00 0 
7f034730b000-7f034730e000 ---p 00000000 00:00 0 
7f034730e000-7f034740c000 rw-p 00000000 00:00 0 
7f034740c000-7f034740f000 ---p 00000000 00:00 0 
7f034740f000-7f034750d000 rw-p 00000000 00:00 0 
7f034750d000-7f0347510000 ---p 00000000 00:00 0 
7f0347510000-7f034760e000 rw-p 00000000 00:00 0 
7f034760e000-7f0347616000 r--s 00061000 08:03 4341305                    /home/oleg/sdk/tools/lib/emma.jar
7f0347616000-7f0347617000 ---p 00000000 00:00 0 
7f0347617000-7f0347717000 rw-p 00000000 00:00 0 
7f0347717000-7f034771a000 ---p 00000000 00:00 0 
7f034771a000-7f0347818000 rw-p 00000000 00:00 0 
7f0347818000-7f034781b000 ---p 00000000 00:00 0 
7f034781b000-7f0347919000 rw-p 00000000 00:00 0 
7f0347919000-7f0348000000 r--p 00000000 08:03 6167085                    /usr/lib/locale/locale-archive
7f0348000000-7f0348021000 rw-p 00000000 00:00 0 
7f0348021000-7f034c000000 ---p 00000000 00:00 0 
7f034c000000-7f034c021000 rw-p 00000000 00:00 0 
7f034c021000-7f0350000000 ---p 00000000 00:00 0 
7f0350000000-7f0350100000 rw-p 00000000 00:00 0 
7f0350100000-7f0354000000 ---p 00000000 00:00 0 
7f0354000000-7f0354021000 rw-p 00000000 00:00 0 
7f0354021000-7f0358000000 ---p 00000000 00:00 0 
7f0358000000-7f0358021000 rw-p 00000000 00:00 0 
7f0358021000-7f035c000000 ---p 00000000 00:00 0 
7f035c001000-7f035c003000 r--s 0000d000 08:03 4341321                    /home/oleg/sdk/tools/lib/commons-codec-1.4.jar
7f035c003000-7f035c005000 r--s 0000d000 08:03 4341280                    /home/oleg/sdk/tools/lib/commons-logging-1.1.1.jar
7f035c005000-7f035c00a000 r--s 00028000 08:03 4341340                    /home/oleg/sdk/tools/lib/httpcore-4.1.jar
7f035c00a000-7f035c00c000 r--s 00005000 08:03 4341325                    /home/oleg/sdk/tools/lib/httpmime-4.1.jar
7f035c00c000-7f035c014000 r--s 0004e000 08:03 4341299                    /home/oleg/sdk/tools/lib/httpclient-4.1.1.jar
7f035c014000-7f035c018000 r--s 00020000 08:03 4343070                    /home/oleg/sdk/tools/lib/commons-compress-1.0.jar
7f035c018000-7f035c019000 r--s 00002000 08:03 4343076                    /home/oleg/sdk/tools/lib/dvlib.jar
7f035c019000-7f035c01a000 r--s 0000a000 08:03 4341279                    /home/oleg/sdk/tools/lib/kxml2-2.3.0.jar
7f035c01a000-7f035c01d000 r--s 0000e000 08:03 4341293                    /home/oleg/sdk/tools/lib/layoutlib-api.jar
7f035c01d000-7f035c026000 r--s 0009d000 08:03 4341285                    /home/oleg/sdk/tools/lib/sdklib.jar
7f035c026000-7f035c050000 r--s 001e9000 08:03 4341339                    /home/oleg/sdk/tools/lib/guava-15.0.jar
7f035c050000-7f035c052000 r--s 0000f000 08:03 4341323                    /home/oleg/sdk/tools/lib/common.jar
7f035c052000-7f035c053000 r--s 00008000 08:03 4341281                    /home/oleg/sdk/tools/lib/manifest-merger.jar
7f035c053000-7f035c055000 r--s 00017000 08:03 4343072                    /home/oleg/sdk/tools/lib/ant-tasks.jar
7f035c055000-7f035c0b5000 r--s 00dc1000 08:03 1971635                    /usr/lib/jvm/java-6-openjdk-amd64/lib/tools.jar
7f035c0b5000-7f035c0b7000 r--s 00008000 08:03 4367                       /usr/share/java/ant-apache-oro-1.8.2.jar
7f035c0b7000-7f035c0d4000 r--s 001bc000 08:03 3981                       /usr/share/java/ant-1.8.2.jar
7f035c0d4000-7f035c0ed000 r--s 00144000 08:03 3918                       /usr/share/java/xercesImpl-2.11.0.jar
7f035c0ed000-7f035c0f0000 ---p 00000000 00:00 0 
7f035c0f0000-7f035c1ee000 rw-p 00000000 00:00 0 
7f035c1ee000-7f035c1f1000 ---p 00000000 00:00 0 
7f035c1f1000-7f035c2ef000 rw-p 00000000 00:00 0 
7f035c2ef000-7f035c2f2000 ---p 00000000 00:00 0 
7f035c2f2000-7f035c3f0000 rw-p 00000000 00:00 0 
7f035c3f0000-7f035c3f3000 ---p 00000000 00:00 0 
7f035c3f3000-7f035c4f1000 rw-p 00000000 00:00 0 
7f035c4f1000-7f035c4f2000 ---p 00000000 00:00 0 
7f035c4f2000-7f035c928000 rw-p 00000000 00:00 0 
7f035c928000-7f035cabc000 r--s 03822000 08:03 1971068                    /usr/lib/jvm/java-6-openjdk-amd64/jre/lib/rt.jar
7f035cabc000-7f035cabd000 ---p 00000000 00:00 0 
7f035cabd000-7f035cbbd000 rw-p 00000000 00:00 0 
7f035cbbd000-7f035cbbe000 ---p 00000000 00:00 0 
7f035cbbe000-7f035ccf3000 rw-p 00000000 00:00 0 
7f035ccf3000-7f035d000000 rw-p 00000000 00:00 0 
7f035d000000-7f035d270000 rwxp 00000000 00:00 0 
7f035d270000-7f03603a6000 rw-p 00000000 00:00 0 
7f03603a6000-7f0364000000 ---p 00000000 00:00 0 
7f0364002000-7f0364004000 r--s 00008000 08:03 4341306                    /home/oleg/sdk/tools/lib/emma_ant.jar
7f0364004000-7f0364006000 r--s 00001000 08:03 6055                       /usr/share/java/ant-jdepend-1.8.2.jar
7f0364006000-7f0364007000 r--s 00000000 08:03 4436                       /usr/share/java/ant-apache-regexp-1.8.2.jar
7f0364007000-7f0364008000 r--s 00009000 08:03 6057                       /usr/share/java/ant-jsch-1.8.2.jar
7f0364008000-7f0364009000 r--s 00000000 08:03 4365                       /usr/share/java/ant-apache-bsf-1.8.2.jar
7f0364009000-7f036400a000 r--s 00001000 08:03 6059                       /usr/share/java/ant-swing-1.8.2.jar
7f036400a000-7f036400c000 r--s 00013000 08:03 6053                       /usr/share/java/ant-commons-net-1.8.2.jar
7f036400c000-7f036400d000 r--s 00001000 08:03 6061                       /usr/share/java/ant-junit4-1.8.2.jar
7f036400d000-7f036400f000 r--s 00002000 08:03 3982                       /usr/share/java/ant-launcher-1.8.2.jar
7f036400f000-7f0364011000 r--s 00001000 08:03 4364                       /usr/share/java/ant-apache-bcel-1.8.2.jar
7f0364011000-7f0364044000 rw-p 00000000 00:00 0 
7f0364044000-7f036408c000 rw-p 00000000 00:00 0 
7f036408c000-7f0364097000 rw-p 00000000 00:00 0 
7f0364097000-7f03640df000 rw-p 00000000 00:00 0 
7f03640df000-7f0364114000 rw-p 00000000 00:00 0 
7f0364114000-7f0364421000 rw-p 00000000 00:00 0 
7f0364421000-7f036443c000 rw-p 00000000 00:00 0 
7f036443c000-7f03645c2000 rw-p 00000000 00:00 0 
7f03645c2000-7f03645c3000 rw-p 00000000 00:00 0 
7f03645c3000-7f03645ca000 r-xp 00000000 08:03 1966625                    /usr/lib/jvm/java-6-openjdk-amd64/jre/lib/amd64/libzip.so
7f03645ca000-7f03647c9000 ---p 00007000 08:03 1966625                    /usr/lib/jvm/java-6-openjdk-amd64/jre/lib/amd64/libzip.so
7f03647c9000-7f03647ca000 r--p 00006000 08:03 1966625                    /usr/lib/jvm/java-6-openjdk-amd64/jre/lib/amd64/libzip.so
7f03647ca000-7f03647cb000 rw-p 00007000 08:03 1966625                    /usr/lib/jvm/java-6-openjdk-amd64/jre/lib/amd64/libzip.so
7f03647cb000-7f03647d7000 r-xp 00000000 08:03 3044450                    /lib/x86_64-linux-gnu/libnss_files-2.15.so
7f03647d7000-7f03649d6000 ---p 0000c000 08:03 3044450                    /lib/x86_64-linux-gnu/libnss_files-2.15.so
7f03649d6000-7f03649d7000 r--p 0000b000 08:03 3044450                    /lib/x86_64-linux-gnu/libnss_files-2.15.so
7f03649d7000-7f03649d8000 rw-p 0000c000 08:03 3044450                    /lib/x86_64-linux-gnu/libnss_files-2.15.so
7f03649d8000-7f03649e2000 r-xp 00000000 08:03 3044454                    /lib/x86_64-linux-gnu/libnss_nis-2.15.so
7f03649e2000-7f0364be2000 ---p 0000a000 08:03 3044454                    /lib/x86_64-linux-gnu/libnss_nis-2.15.so
7f0364be2000-7f0364be3000 r--p 0000a000 08:03 3044454                    /lib/x86_64-linux-gnu/libnss_nis-2.15.so
7f0364be3000-7f0364be4000 rw-p 0000b000 08:03 3044454                    /lib/x86_64-linux-gnu/libnss_nis-2.15.so
7f0364be4000-7f0364bfb000 r-xp 00000000 08:03 3044470                    /lib/x86_64-linux-gnu/libnsl-2.15.so
7f0364bfb000-7f0364dfa000 ---p 00017000 08:03 3044470                    /lib/x86_64-linux-gnu/libnsl-2.15.so
7f0364dfa000-7f0364dfb000 r--p 00016000 08:03 3044470                    /lib/x86_64-linux-gnu/libnsl-2.15.so
7f0364dfb000-7f0364dfc000 rw-p 00017000 08:03 3044470                    /lib/x86_64-linux-gnu/libnsl-2.15.so
7f0364dfc000-7f0364dfe000 rw-p 00000000 00:00 0 
7f0364dfe000-7f0364e06000 r-xp 00000000 08:03 3044448                    /lib/x86_64-linux-gnu/libnss_compat-2.15.so
7f0364e06000-7f0365005000 ---p 00008000 08:03 3044448                    /lib/x86_64-linux-gnu/libnss_compat-2.15.so
7f0365005000-7f0365006000 r--p 00007000 08:03 3044448                    /lib/x86_64-linux-gnu/libnss_compat-2.15.so
7f0365006000-7f0365007000 rw-p 00008000 08:03 3044448                    /lib/x86_64-linux-gnu/libnss_compat-2.15.so
7f0365007000-7f0365033000 r-xp 00000000 08:03 1966620                    /usr/lib/jvm/java-6-openjdk-amd64/jre/lib/amd64/libjava.so
7f0365033000-7f0365232000 ---p 0002c000 08:03 1966620                    /usr/lib/jvm/java-6-openjdk-amd64/jre/lib/amd64/libjava.so
7f0365232000-7f0365233000 r--p 0002b000 08:03 1966620                    /usr/lib/jvm/java-6-openjdk-amd64/jre/lib/amd64/libjava.so
7f0365233000-7f0365236000 rw-p 0002c000 08:03 1966620                    /usr/lib/jvm/java-6-openjdk-amd64/jre/lib/amd64/libjava.so
7f0365236000-7f0365244000 r-xp 00000000 08:03 1966637                    /usr/lib/jvm/java-6-openjdk-amd64/jre/lib/amd64/libverify.so
7f0365244000-7f0365443000 ---p 0000e000 08:03 1966637                    /usr/lib/jvm/java-6-openjdk-amd64/jre/lib/amd64/libverify.so
7f0365443000-7f0365445000 r--p 0000d000 08:03 1966637                    /usr/lib/jvm/java-6-openjdk-amd64/jre/lib/amd64/libverify.so
7f0365445000-7f0365446000 rw-p 0000f000 08:03 1966637                    /usr/lib/jvm/java-6-openjdk-amd64/jre/lib/amd64/libverify.so
7f0365446000-7f036544d000 r-xp 00000000 08:03 3044453                    /lib/x86_64-linux-gnu/librt-2.15.so
7f036544d000-7f036564c000 ---p 00007000 08:03 3044453                    /lib/x86_64-linux-gnu/librt-2.15.so
7f036564c000-7f036564d000 r--p 00006000 08:03 3044453                    /lib/x86_64-linux-gnu/librt-2.15.so
7f036564d000-7f036564e000 rw-p 00007000 08:03 3044453                    /lib/x86_64-linux-gnu/librt-2.15.so
7f036564e000-7f0365663000 r-xp 00000000 08:03 3018368                    /lib/x86_64-linux-gnu/libgcc_s.so.1
7f0365663000-7f0365862000 ---p 00015000 08:03 3018368                    /lib/x86_64-linux-gnu/libgcc_s.so.1
7f0365862000-7f0365863000 r--p 00014000 08:03 3018368                    /lib/x86_64-linux-gnu/libgcc_s.so.1
7f0365863000-7f0365864000 rw-p 00015000 08:03 3018368                    /lib/x86_64-linux-gnu/libgcc_s.so.1
7f0365864000-7f036595f000 r-xp 00000000 08:03 3044459                    /lib/x86_64-linux-gnu/libm-2.15.so
7f036595f000-7f0365b5e000 ---p 000fb000 08:03 3044459                    /lib/x86_64-linux-gnu/libm-2.15.so
7f0365b5e000-7f0365b5f000 r--p 000fa000 08:03 3044459                    /lib/x86_64-linux-gnu/libm-2.15.so
7f0365b5f000-7f0365b60000 rw-p 000fb000 08:03 3044459                    /lib/x86_64-linux-gnu/libm-2.15.so
7f0365b60000-7f0365c42000 r-xp 00000000 08:03 6168267                    /usr/lib/x86_64-linux-gnu/libstdc++.so.6.0.16
7f0365c42000-7f0365e41000 ---p 000e2000 08:03 6168267                    /usr/lib/x86_64-linux-gnu/libstdc++.so.6.0.16
7f0365e41000-7f0365e49000 r--p 000e1000 08:03 6168267                    /usr/lib/x86_64-linux-gnu/libstdc++.so.6.0.16
7f0365e49000-7f0365e4b000 rw-p 000e9000 08:03 6168267                    /usr/lib/x86_64-linux-gnu/libstdc++.so.6.0.16
7f0365e4b000-7f0365e60000 rw-p 00000000 00:00 0 
7f0365e60000-7f0366760000 r-xp 00000000 08:03 1966652                    /usr/lib/jvm/java-6-openjdk-amd64/jre/lib/amd64/server/libjvm.so
7f0366760000-7f0366960000 ---p 00900000 08:03 1966652                    /usr/lib/jvm/java-6-openjdk-amd64/jre/lib/amd64/server/libjvm.so
7f0366960000-7f03669e1000 r--p 00900000 08:03 1966652                    /usr/lib/jvm/java-6-openjdk-amd64/jre/lib/amd64/server/libjvm.so
7f03669e1000-7f03669fc000 rw-p 00981000 08:03 1966652                    /usr/lib/jvm/java-6-openjdk-amd64/jre/lib/amd64/server/libjvm.so
7f03669fc000-7f0366a25000 rw-p 00000000 00:00 0 
7f0366a25000-7f0366a3b000 r-xp 00000000 08:03 3018458                    /lib/x86_64-linux-gnu/libz.so.1.2.3.4
7f0366a3b000-7f0366c3a000 ---p 00016000 08:03 3018458                    /lib/x86_64-linux-gnu/libz.so.1.2.3.4
7f0366c3a000-7f0366c3b000 r--p 00015000 08:03 3018458                    /lib/x86_64-linux-gnu/libz.so.1.2.3.4
7f0366c3b000-7f0366c3c000 rw-p 00016000 08:03 3018458                    /lib/x86_64-linux-gnu/libz.so.1.2.3.4
7f0366c3c000-7f0366df1000 r-xp 00000000 08:03 3044446                    /lib/x86_64-linux-gnu/libc-2.15.so
7f0366df1000-7f0366ff1000 ---p 001b5000 08:03 3044446                    /lib/x86_64-linux-gnu/libc-2.15.so
7f0366ff1000-7f0366ff5000 r--p 001b5000 08:03 3044446                    /lib/x86_64-linux-gnu/libc-2.15.so
7f0366ff5000-7f0366ff7000 rw-p 001b9000 08:03 3044446                    /lib/x86_64-linux-gnu/libc-2.15.so
7f0366ff7000-7f0366ffc000 rw-p 00000000 00:00 0 
7f0366ffc000-7f0366ffe000 r-xp 00000000 08:03 3044463                    /lib/x86_64-linux-gnu/libdl-2.15.so
7f0366ffe000-7f03671fe000 ---p 00002000 08:03 3044463                    /lib/x86_64-linux-gnu/libdl-2.15.so
7f03671fe000-7f03671ff000 r--p 00002000 08:03 3044463                    /lib/x86_64-linux-gnu/libdl-2.15.so
7f03671ff000-7f0367200000 rw-p 00003000 08:03 3044463                    /lib/x86_64-linux-gnu/libdl-2.15.so
7f0367200000-7f0367204000 r-xp 00000000 08:03 1966795                    /usr/lib/jvm/java-6-openjdk-amd64/jre/lib/amd64/jli/libjli.so
7f0367204000-7f0367403000 ---p 00004000 08:03 1966795                    /usr/lib/jvm/java-6-openjdk-amd64/jre/lib/amd64/jli/libjli.so
7f0367403000-7f0367404000 r--p 00003000 08:03 1966795                    /usr/lib/jvm/java-6-openjdk-amd64/jre/lib/amd64/jli/libjli.so
7f0367404000-7f0367405000 rw-p 00004000 08:03 1966795                    /usr/lib/jvm/java-6-openjdk-amd64/jre/lib/amd64/jli/libjli.so
7f0367405000-7f036741d000 r-xp 00000000 08:03 3044455                    /lib/x86_64-linux-gnu/libpthread-2.15.so
7f036741d000-7f036761c000 ---p 00018000 08:03 3044455                    /lib/x86_64-linux-gnu/libpthread-2.15.so
7f036761c000-7f036761d000 r--p 00017000 08:03 3044455                    /lib/x86_64-linux-gnu/libpthread-2.15.so
7f036761d000-7f036761e000 rw-p 00018000 08:03 3044455                    /lib/x86_64-linux-gnu/libpthread-2.15.so
7f036761e000-7f0367622000 rw-p 00000000 00:00 0 
7f0367622000-7f0367644000 r-xp 00000000 08:03 3044460                    /lib/x86_64-linux-gnu/ld-2.15.so
7f0367644000-7f0367645000 r--s 00000000 08:03 5726                       /usr/share/java/ant-commons-logging-1.8.2.jar
7f0367645000-7f0367646000 r--s 00001000 08:03 6056                       /usr/share/java/ant-jmf-1.8.2.jar
7f0367646000-7f0367647000 r--s 00001000 08:03 6054                       /usr/share/java/ant-javamail-1.8.2.jar
7f0367647000-7f0367648000 r--s 00003000 08:03 6060                       /usr/share/java/ant-testutil-1.8.2.jar
7f0367648000-7f036764a000 r--s 00017000 08:03 6058                       /usr/share/java/ant-junit-1.8.2.jar
7f036764a000-7f036764b000 r--s 00000000 08:03 4366                       /usr/share/java/ant-apache-log4j-1.8.2.jar
7f036764b000-7f0367654000 r--s 00031000 08:03 3887                       /usr/share/java/xml-apis-1.4.01.jar
7f0367654000-7f036765b000 r--s 000fc000 08:03 1966589                    /usr/lib/jvm/java-6-openjdk-common/jre/lib/resources.jar
7f036765b000-7f0367665000 rw-p 00000000 00:00 0 
7f0367665000-7f036771b000 rw-p 00000000 00:00 0 
7f036771b000-7f036771e000 ---p 00000000 00:00 0 
7f036771e000-7f0367821000 rw-p 00000000 00:00 0 
7f0367821000-7f0367822000 r--s 00001000 08:03 4012                       /usr/share/java/ant-antlr-1.8.2.jar
7f0367822000-7f0367823000 r--s 00000000 08:03 5725                       /usr/share/java/ant-apache-xalan2-1.8.2.jar
7f0367823000-7f0367824000 r--s 00000000 08:03 4610                       /usr/share/java/ant-apache-resolver-1.8.2.jar
7f0367824000-7f0367827000 r--s 0007f000 08:03 1966607                    /usr/lib/jvm/java-6-openjdk-common/jre/lib/jsse.jar
7f0367827000-7f0367829000 r--s 00002000 08:03 3982                       /usr/share/java/ant-launcher-1.8.2.jar
7f0367829000-7f036782b000 r--s 0000f000 08:03 1966577                    /usr/lib/jvm/java-6-openjdk-common/jre/lib/ext/pulse-java.jar
7f036782b000-7f036782e000 r--s 00077000 08:03 1966579                    /usr/lib/jvm/java-6-openjdk-common/jre/lib/ext/localedata.jar
7f036782e000-7f036782f000 r--s 00007000 08:03 855                        /usr/share/java/java-atk-wrapper.jar
7f036782f000-7f0367832000 r--s 00031000 08:03 1966581                    /usr/lib/jvm/java-6-openjdk-common/jre/lib/ext/sunjce_provider.jar
7f0367832000-7f0367834000 r--s 00001000 08:03 1966580                    /usr/lib/jvm/java-6-openjdk-common/jre/lib/ext/dnsns.jar
7f0367834000-7f0367838000 r--s 00039000 08:03 1966575                    /usr/lib/jvm/java-6-openjdk-common/jre/lib/ext/sunpkcs11.jar
7f0367838000-7f0367840000 rw-s 00000000 08:03 2636913                    /tmp/hsperfdata_oleg/9971
7f0367840000-7f0367841000 rw-p 00000000 00:00 0 
7f0367841000-7f0367842000 ---p 00000000 00:00 0 
7f0367842000-7f0367844000 rw-p 00000000 00:00 0 
7f0367844000-7f0367845000 r--p 00022000 08:03 3044460                    /lib/x86_64-linux-gnu/ld-2.15.so
7f0367845000-7f0367847000 rw-p 00023000 08:03 3044460                    /lib/x86_64-linux-gnu/ld-2.15.so
7fff82abc000-7fff82add000 rw-p 00000000 00:00 0                          [stack]
7fff82af7000-7fff82af8000 r-xp 00000000 00:00 0                          [vdso]
ffffffffff600000-ffffffffff601000 r-xp 00000000 00:00 0                  [vsyscall]

VM Arguments:
jvm_args: -Dant.home=/usr/share/ant -Dant.library.dir=/usr/share/ant/lib 
java_command: org.apache.tools.ant.launch.Launcher -cp  debug -f /home/oleg/CordovaMapsSample/platforms/android/build.xml -Dout.dir=ant-build -Dgen.absolute.dir=ant-gen
Launcher Type: SUN_STANDARD

Environment Variables:
PATH=/home/oleg/.rvm/gems/ruby-1.9.3-p327/bin:/home/oleg/.rvm/gems/ruby-1.9.3-p327@global/bin:/home/oleg/.rvm/rubies/ruby-1.9.3-p327/bin:/home/oleg/.rvm/bin:/usr/lib/lightdm/lightdm:/usr/local/sbin:/usr/local/bin:/usr/sbin:/usr/bin:/sbin:/bin:/usr/games:/home/oleg/sdk/platform-tools:/home/oleg/sdk/tools
LD_LIBRARY_PATH=/usr/lib/jvm/java-6-openjdk-amd64/jre/lib/amd64/server:/usr/lib/jvm/java-6-openjdk-amd64/jre/lib/amd64:/usr/lib/jvm/java-6-openjdk-amd64/jre/../lib/amd64
SHELL=/bin/bash
DISPLAY=:1.0

Signal Handlers:
SIGSEGV: [libjvm.so+0x7837c0], sa_mask[0]=0x7ffbfeff, sa_flags=0x10000004
SIGBUS: [libjvm.so+0x7837c0], sa_mask[0]=0x7ffbfeff, sa_flags=0x10000004
SIGFPE: [libjvm.so+0x647740], sa_mask[0]=0x7ffbfeff, sa_flags=0x10000004
SIGPIPE: [libjvm.so+0x647740], sa_mask[0]=0x7ffbfeff, sa_flags=0x10000004
SIGXFSZ: [libjvm.so+0x647740], sa_mask[0]=0x7ffbfeff, sa_flags=0x10000004
SIGILL: [libjvm.so+0x647740], sa_mask[0]=0x7ffbfeff, sa_flags=0x10000004
SIGUSR1: SIG_DFL, sa_mask[0]=0x00000000, sa_flags=0x00000000
SIGUSR2: [libjvm.so+0x647920], sa_mask[0]=0x00000000, sa_flags=0x10000004
SIGHUP: [libjvm.so+0x64a2f0], sa_mask[0]=0x7ffbfeff, sa_flags=0x10000004
SIGINT: [libjvm.so+0x64a2f0], sa_mask[0]=0x7ffbfeff, sa_flags=0x10000004
SIGTERM: [libjvm.so+0x64a2f0], sa_mask[0]=0x7ffbfeff, sa_flags=0x10000004
SIGQUIT: [libjvm.so+0x64a2f0], sa_mask[0]=0x7ffbfeff, sa_flags=0x10000004


---------------  S Y S T E M  ---------------

OS:Ubuntu 12.04 (precise)
uname:Linux 3.2.0-58-generic #88-Ubuntu SMP Tue Dec 3 17:37:58 UTC 2013 x86_64
libc:glibc 2.15 NPTL 2.15 
rlimit: STACK 8192k, CORE 0k, NPROC 79359, NOFILE 4096, AS infinity
load average:1.44 2.19 2.14

/proc/meminfo:
MemTotal:       10241552 kB
MemFree:         2938004 kB
Buffers:          194836 kB
Cached:          2552928 kB
SwapCached:            0 kB
Active:          4358084 kB
Inactive:        2131956 kB
Active(anon):    3744660 kB
Inactive(anon):    33180 kB
Active(file):     613424 kB
Inactive(file):  2098776 kB
Unevictable:          32 kB
Mlocked:              32 kB
SwapTotal:       6894588 kB
SwapFree:        6894588 kB
Dirty:              2220 kB
Writeback:             0 kB
AnonPages:       3742492 kB
Mapped:           511048 kB
Shmem:             35568 kB
Slab:             168508 kB
SReclaimable:     125148 kB
SUnreclaim:        43360 kB
KernelStack:        6544 kB
PageTables:        82456 kB
NFS_Unstable:          0 kB
Bounce:                0 kB
WritebackTmp:          0 kB
CommitLimit:    12015364 kB
Committed_AS:   10468824 kB
VmallocTotal:   34359738367 kB
VmallocUsed:      330348 kB
VmallocChunk:   34359405748 kB
HardwareCorrupted:     0 kB
AnonHugePages:         0 kB
HugePages_Total:       0
HugePages_Free:        0
HugePages_Rsvd:        0
HugePages_Surp:        0
Hugepagesize:       2048 kB
DirectMap4k:      229952 kB
DirectMap2M:     3962880 kB
DirectMap1G:     6291456 kB


CPU:total 2 (2 cores per cpu, 1 threads per core) family 16 model 6 stepping 3, cmov, cx8, fxsr, mmx, sse, sse2, sse3, popcnt, mmxext, 3dnowpref, lzcnt, sse4a

Memory: 4k page, physical 10241552k(2938004k free), swap 6894588k(6894588k free)

vm_info: OpenJDK 64-Bit Server VM (20.0-b12) for linux-amd64 JRE (1.6.0_27-b27), built on Nov 16 2013 15:13:05 by "buildd" with gcc 4.6.3

time: Mon Apr 21 18:55:42 2014
elapsed time: 4 seconds

