#
# A fatal error has been detected by the Java Runtime Environment:
#
#  SIGSEGV (0xb) at pc=0x00007f8c69056cae, pid=29979, tid=140240858179328
#
# JRE version: 6.0_27-b27
# Java VM: OpenJDK 64-Bit Server VM (20.0-b12 mixed mode linux-amd64 compressed oops)
# Derivative: IcedTea6 1.12.6
# Distribution: Ubuntu 12.04 LTS, package 6b27-1.12.6-1ubuntu0.12.04.4
# Problematic frame:
# V  [libjvm.so+0x360cae]  PhaseConservativeCoalesce::update_ifg(unsigned int, unsigned int, IndexSet*, IndexSet*)+0x2de
#
# If you would like to submit a bug report, please include
# instructions how to reproduce the bug and visit:
#   https://bugs.launchpad.net/ubuntu/+source/openjdk-6/
#

---------------  T H R E A D  ---------------

Current thread (0x00007f8c64099800):  JavaThread "C2 CompilerThread1" daemon [_thread_in_native, id=29990, stack(0x00007f8c5e78e000,0x00007f8c5e88f000)]

siginfo:si_signo=SIGSEGV: si_errno=0, si_code=2 (SEGV_ACCERR), si_addr=0x00007f8c5e1a4ec8

Registers:
RAX=0x0000000000002531, RBX=0x00007f8c5e88ab20, RCX=0x00007f8c5e88ac40, RDX=0x00007f8c5e1a4ec0
RSP=0x00007f8c5e88a880, RBP=0x00007f8c5e88a9a0, RSI=0x000000000000000c, RDI=0x000000000000b9f5
R8 =0x00000000000000b8, R9 =0x0000000000000000, R10=0x0000000000000000, R11=0x0000000000800000
R12=0x000000000000172b, R13=0x0000000000000003, R14=0x0000000000000001, R15=0x0000000000000800
RIP=0x00007f8c69056cae, EFLAGS=0x0000000000010206, CSGSFS=0x0000000000000033, ERR=0x0000000000000004
  TRAPNO=0x000000000000000e

Top of Stack: (sp=0x00007f8c5e88a880)
0x00007f8c5e88a880:   00000000000ac5e8 00007f8c38cacdf8
0x00007f8c5e88a890:   00007f8c38cae978 00000000000000b8
0x00007f8c5e88a8a0:   00000000000000b8 08000000f7ffffff
0x00007f8c5e88a8b0:   0000251500000000 00007f8c00000008
0x00007f8c5e88a8c0:   00007f8c38e390c0 0000000000000026
0x00007f8c5e88a8d0:   00007f8c382bafc0 00007f8c00000026
0x00007f8c5e88a8e0:   00007f8c5e118b00 000004b5000f42a9
0x00007f8c5e88a8f0:   0000253200000009 00007f8c00000002
0x00007f8c5e88a900:   00007f8c38e68e80 00007f8c00000026
0x00007f8c5e88a910:   00007f8c389c2200 00007f8c00000026
0x00007f8c5e88a920:   00007f8c5e11bd00 0000000000000008
0x00007f8c5e88a930:   000025fa00000000 00007f8c00000008
0x00007f8c5e88a940:   00007f8c38e68e80 00007f8c00000026
0x00007f8c5e88a950:   00007f8c389c2200 00007f8c00000026
0x00007f8c5e88a960:   00007f8c5e11bd00 0000172b00000026
0x00007f8c5e88a970:   00007f8c5e118b00 00007f8c386d0940
0x00007f8c5e88a980:   00007f8c386d0940 00007f8c5e88ab20
0x00007f8c5e88a990:   000000000000000d 00007f8c38993680
0x00007f8c5e88a9a0:   00007f8c5e88aa80 00007f8c6905734f
0x00007f8c5e88a9b0:   00007f8c38374380 00007f8c38374380
0x00007f8c5e88a9c0:   00007f8c38993680 00007f8c00000001
0x00007f8c5e88a9d0:   00007f8c5e118b00 000000000000177b
0x00007f8c5e88a9e0:   00007f8c0000172b 00007f8c5e88ab40
0x00007f8c5e88a9f0:   00007f8c386d0940 00007f8c640ceeb8
0x00007f8c5e88aa00:   000f42a90000250d 0000000000081248
0x00007f8c5e88aa10:   000000000007f6c8 000000000000172b
0x00007f8c5e88aa20:   00007f8c5e11bd00 00007f8c640ceeb8
0x00007f8c5e88aa30:   0000000005001000 fffffffffc000000
0x00007f8c5e88aa40:   ffffffffffffffff 00007f8c68f74639
0x00007f8c5e88aa50:   00007f8c3c75c28f 000000000000000d
0x00007f8c5e88aa60:   00007f8c38993680 00007f8c5e88ab20
0x00007f8c5e88aa70:   0000000000000011 00007f8c44425688 

Instructions: (pc=0x00007f8c69056cae)
0x00007f8c69056c8e:   48 8b 53 18 89 c0 4c 8b 85 00 ff ff ff 48 8d 3c
0x00007f8c69056c9e:   80 48 8b 4a 78 48 89 fa 48 c1 e2 05 48 03 51 10
0x00007f8c69056cae:   48 8b 4a 08 4a 8b 34 01 44 8b 85 08 ff ff ff 42
0x00007f8c69056cbe:   8b 0c ae 41 21 c8 85 8d 0c ff ff ff 46 89 04 ae 

Register to memory mapping:

RAX=0x0000000000002531 is an unknown value
RBX=0x00007f8c5e88ab20 is pointing into the stack for thread: 0x00007f8c64099800
RCX=0x00007f8c5e88ac40 is pointing into the stack for thread: 0x00007f8c64099800
RDX=0x00007f8c5e1a4ec0 is pointing into the stack for thread: 0x00007f8c64284000
RSP=0x00007f8c5e88a880 is pointing into the stack for thread: 0x00007f8c64099800
RBP=0x00007f8c5e88a9a0 is pointing into the stack for thread: 0x00007f8c64099800
RSI=0x000000000000000c is an unknown value
RDI=0x000000000000b9f5 is an unknown value
R8 =0x00000000000000b8 is an unknown value
R9 =0x0000000000000000 is an unknown value
R10=0x0000000000000000 is an unknown value
R11=0x0000000000800000 is an unknown value
R12=0x000000000000172b is an unknown value
R13=0x0000000000000003 is an unknown value
R14=0x0000000000000001 is an unknown value
R15=0x0000000000000800 is an unknown value


Stack: [0x00007f8c5e78e000,0x00007f8c5e88f000],  sp=0x00007f8c5e88a880,  free space=1010k
Native frames: (J=compiled Java code, j=interpreted, Vv=VM code, C=native code)
V  [libjvm.so+0x360cae]  PhaseConservativeCoalesce::update_ifg(unsigned int, unsigned int, IndexSet*, IndexSet*)+0x2de
V  [libjvm.so+0x36134f]  PhaseConservativeCoalesce::copy_copy(Node*, Node*, Block*, unsigned int)+0x4bf
V  [libjvm.so+0x3615e5]  PhaseConservativeCoalesce::coalesce(Block*)+0xa5
V  [libjvm.so+0x35ee82]  PhaseCoalesce::coalesce_driver()+0x42
V  [libjvm.so+0x31bb64]  PhaseChaitin::Register_Allocate()+0x484
V  [libjvm.so+0x379abf]  Compile::Code_Gen() [clone .part.263]+0x29f
V  [libjvm.so+0x37bd8a]  Compile::Compile(ciEnv*, C2Compiler*, ciMethod*, int, bool, bool)+0xb2a
V  [libjvm.so+0x3055a0]  C2Compiler::compile_method(ciEnv*, ciMethod*, int)+0xe0
V  [libjvm.so+0x3803f3]  CompileBroker::invoke_compiler_on_method(CompileTask*)+0x2a3
V  [libjvm.so+0x380d3b]  CompileBroker::compiler_thread_loop()+0x45b
V  [libjvm.so+0x74b368]  JavaThread::thread_main_inner()+0x58
V  [libjvm.so+0x64ac92]  java_start(Thread*)+0x112


Current CompileTask:
C2:   5074 192      java.util.Arrays.mergeSort([Ljava/lang/Object;[Ljava/lang/Object;III)V (234 bytes)


---------------  P R O C E S S  ---------------

Java Threads: ( => current thread )
  0x00007f8c64284000 JavaThread "Thread-6" daemon [_thread_blocked, id=30006, stack(0x00007f8c5e1a4000,0x00007f8c5e2a5000)]
  0x00007f8c642a3800 JavaThread "Thread-5" daemon [_thread_blocked, id=30005, stack(0x00007f8c5e2a5000,0x00007f8c5e3a6000)]
  0x00007f8c642ba000 JavaThread "process reaper" daemon [_thread_in_native, id=30003, stack(0x00007f8c5e3a6000,0x00007f8c5e4a7000)]
  0x00007f8c6409c000 JavaThread "Low Memory Detector" daemon [_thread_blocked, id=29991, stack(0x00007f8c5e68d000,0x00007f8c5e78e000)]
=>0x00007f8c64099800 JavaThread "C2 CompilerThread1" daemon [_thread_in_native, id=29990, stack(0x00007f8c5e78e000,0x00007f8c5e88f000)]
  0x00007f8c64096800 JavaThread "C2 CompilerThread0" daemon [_thread_in_native, id=29989, stack(0x00007f8c5e88f000,0x00007f8c5e990000)]
  0x00007f8c64095800 JavaThread "Signal Dispatcher" daemon [_thread_blocked, id=29988, stack(0x00007f8c5e990000,0x00007f8c5ea91000)]
  0x00007f8c64074800 JavaThread "Finalizer" daemon [_thread_blocked, id=29987, stack(0x00007f8c5f178000,0x00007f8c5f279000)]
  0x00007f8c64072800 JavaThread "Reference Handler" daemon [_thread_blocked, id=29986, stack(0x00007f8c5f279000,0x00007f8c5f37a000)]
  0x00007f8c64008000 JavaThread "main" [_thread_blocked, id=29982, stack(0x00007f8c6a5b1000,0x00007f8c6a6b2000)]

Other Threads:
  0x00007f8c6406d800 VMThread [stack: 0x00007f8c5f37a000,0x00007f8c5f47b000] [id=29985]
  0x00007f8c6409e800 WatcherThread [stack: 0x00007f8c5e58c000,0x00007f8c5e68d000] [id=29992]

VM state:not at safepoint (normal execution)

VM Mutex/Monitor currently owned by a thread: None

Heap
 PSYoungGen      total 46656K, used 4326K [0x00000007cbe00000, 0x00000007d1920000, 0x0000000800000000)
  eden space 40000K, 0% used [0x00000007cbe00000,0x00000007cbe000b0,0x00000007ce510000)
  from space 6656K, 65% used [0x00000007ceb90000,0x00000007cefc99d0,0x00000007cf210000)
  to   space 6656K, 0% used [0x00000007ce510000,0x00000007ce510000,0x00000007ceb90000)
 PSOldGen        total 106752K, used 0K [0x0000000763a00000, 0x000000076a240000, 0x00000007cbe00000)
  object space 106752K, 0% used [0x0000000763a00000,0x0000000763a00000,0x000000076a240000)
 PSPermGen       total 21248K, used 19033K [0x0000000759400000, 0x000000075a8c0000, 0x0000000763a00000)
  object space 21248K, 89% used [0x0000000759400000,0x000000075a6966e8,0x000000075a8c0000)

Code Cache  [0x00007f8c6038d000, 0x00007f8c605fd000, 0x00007f8c6338d000)
 total_blobs=473 nmethods=203 adapters=224 free_code_cache=49425344 largest_free_block=16768

Dynamic libraries:
00400000-00409000 r-xp 00000000 08:03 1971074                            /usr/lib/jvm/java-6-openjdk-amd64/jre/bin/java
00608000-00609000 r--p 00008000 08:03 1971074                            /usr/lib/jvm/java-6-openjdk-amd64/jre/bin/java
00609000-0060a000 rw-p 00009000 08:03 1971074                            /usr/lib/jvm/java-6-openjdk-amd64/jre/bin/java
008ea000-0090b000 rw-p 00000000 00:00 0                                  [heap]
759400000-75a8c0000 rw-p 00000000 00:00 0 
75a8c0000-763a00000 rw-p 00000000 00:00 0 
763a00000-76a240000 rw-p 00000000 00:00 0 
76a240000-7cbe00000 rw-p 00000000 00:00 0 
7cbe00000-7d1920000 rw-p 00000000 00:00 0 
7d1920000-800000000 rw-p 00000000 00:00 0 
7f8c28000000-7f8c28021000 rw-p 00000000 00:00 0 
7f8c28021000-7f8c2c000000 ---p 00000000 00:00 0 
7f8c2c000000-7f8c2c021000 rw-p 00000000 00:00 0 
7f8c2c021000-7f8c30000000 ---p 00000000 00:00 0 
7f8c30000000-7f8c30021000 rw-p 00000000 00:00 0 
7f8c30021000-7f8c34000000 ---p 00000000 00:00 0 
7f8c34000000-7f8c34021000 rw-p 00000000 00:00 0 
7f8c34021000-7f8c38000000 ---p 00000000 00:00 0 
7f8c38000000-7f8c39079000 rw-p 00000000 00:00 0 
7f8c39079000-7f8c3c000000 ---p 00000000 00:00 0 
7f8c3c000000-7f8c3c021000 rw-p 00000000 00:00 0 
7f8c3c021000-7f8c40000000 ---p 00000000 00:00 0 
7f8c40000000-7f8c40021000 rw-p 00000000 00:00 0 
7f8c40021000-7f8c44000000 ---p 00000000 00:00 0 
7f8c44000000-7f8c4494a000 rw-p 00000000 00:00 0 
7f8c4494a000-7f8c48000000 ---p 00000000 00:00 0 
7f8c48000000-7f8c48021000 rw-p 00000000 00:00 0 
7f8c48021000-7f8c4c000000 ---p 00000000 00:00 0 
7f8c4c000000-7f8c4c021000 rw-p 00000000 00:00 0 
7f8c4c021000-7f8c50000000 ---p 00000000 00:00 0 
7f8c50000000-7f8c50021000 rw-p 00000000 00:00 0 
7f8c50021000-7f8c54000000 ---p 00000000 00:00 0 
7f8c54000000-7f8c54021000 rw-p 00000000 00:00 0 
7f8c54021000-7f8c58000000 ---p 00000000 00:00 0 
7f8c58000000-7f8c58021000 rw-p 00000000 00:00 0 
7f8c58021000-7f8c5c000000 ---p 00000000 00:00 0 
7f8c5e031000-7f8c5e1a4000 rw-p 00000000 00:00 0 
7f8c5e1a4000-7f8c5e1a7000 ---p 00000000 00:00 0 
7f8c5e1a7000-7f8c5e2a5000 rw-p 00000000 00:00 0 
7f8c5e2a5000-7f8c5e2a8000 ---p 00000000 00:00 0 
7f8c5e2a8000-7f8c5e3a6000 rw-p 00000000 00:00 0 
7f8c5e3a6000-7f8c5e3a9000 ---p 00000000 00:00 0 
7f8c5e3a9000-7f8c5e4a7000 rw-p 00000000 00:00 0 
7f8c5e4a7000-7f8c5e4a9000 r--s 00008000 08:03 4341306                    /home/oleg/sdk/tools/lib/emma_ant.jar
7f8c5e4a9000-7f8c5e4b1000 r--s 00061000 08:03 4341305                    /home/oleg/sdk/tools/lib/emma.jar
7f8c5e4b1000-7f8c5e4b3000 r--s 0000d000 08:03 4341321                    /home/oleg/sdk/tools/lib/commons-codec-1.4.jar
7f8c5e4b3000-7f8c5e4b5000 r--s 0000d000 08:03 4341280                    /home/oleg/sdk/tools/lib/commons-logging-1.1.1.jar
7f8c5e4b5000-7f8c5e4ba000 r--s 00028000 08:03 4341340                    /home/oleg/sdk/tools/lib/httpcore-4.1.jar
7f8c5e4ba000-7f8c5e4bc000 r--s 00005000 08:03 4341325                    /home/oleg/sdk/tools/lib/httpmime-4.1.jar
7f8c5e4bc000-7f8c5e4c4000 r--s 0004e000 08:03 4341299                    /home/oleg/sdk/tools/lib/httpclient-4.1.1.jar
7f8c5e4c4000-7f8c5e4c8000 r--s 00020000 08:03 4343070                    /home/oleg/sdk/tools/lib/commons-compress-1.0.jar
7f8c5e4c8000-7f8c5e4c9000 r--s 00002000 08:03 4343076                    /home/oleg/sdk/tools/lib/dvlib.jar
7f8c5e4c9000-7f8c5e4ca000 r--s 0000a000 08:03 4341279                    /home/oleg/sdk/tools/lib/kxml2-2.3.0.jar
7f8c5e4ca000-7f8c5e4cd000 r--s 0000e000 08:03 4341293                    /home/oleg/sdk/tools/lib/layoutlib-api.jar
7f8c5e4cd000-7f8c5e4d6000 r--s 0009d000 08:03 4341285                    /home/oleg/sdk/tools/lib/sdklib.jar
7f8c5e4d6000-7f8c5e500000 r--s 001e9000 08:03 4341339                    /home/oleg/sdk/tools/lib/guava-15.0.jar
7f8c5e500000-7f8c5e502000 r--s 0000f000 08:03 4341323                    /home/oleg/sdk/tools/lib/common.jar
7f8c5e502000-7f8c5e503000 r--s 00008000 08:03 4341281                    /home/oleg/sdk/tools/lib/manifest-merger.jar
7f8c5e503000-7f8c5e505000 r--s 00017000 08:03 4343072                    /home/oleg/sdk/tools/lib/ant-tasks.jar
7f8c5e505000-7f8c5e565000 r--s 00dc1000 08:03 1971635                    /usr/lib/jvm/java-6-openjdk-amd64/lib/tools.jar
7f8c5e565000-7f8c5e567000 r--s 00001000 08:03 6055                       /usr/share/java/ant-jdepend-1.8.2.jar
7f8c5e567000-7f8c5e568000 r--s 00000000 08:03 4436                       /usr/share/java/ant-apache-regexp-1.8.2.jar
7f8c5e568000-7f8c5e569000 r--s 00009000 08:03 6057                       /usr/share/java/ant-jsch-1.8.2.jar
7f8c5e569000-7f8c5e56a000 r--s 00000000 08:03 4365                       /usr/share/java/ant-apache-bsf-1.8.2.jar
7f8c5e56a000-7f8c5e56b000 r--s 00001000 08:03 6059                       /usr/share/java/ant-swing-1.8.2.jar
7f8c5e56b000-7f8c5e56d000 r--s 00013000 08:03 6053                       /usr/share/java/ant-commons-net-1.8.2.jar
7f8c5e56d000-7f8c5e56e000 r--s 00001000 08:03 6061                       /usr/share/java/ant-junit4-1.8.2.jar
7f8c5e56e000-7f8c5e56f000 r--s 00000000 08:03 5726                       /usr/share/java/ant-commons-logging-1.8.2.jar
7f8c5e56f000-7f8c5e58c000 r--s 001bc000 08:03 3981                       /usr/share/java/ant-1.8.2.jar
7f8c5e58c000-7f8c5e58d000 ---p 00000000 00:00 0 
7f8c5e58d000-7f8c5e68d000 rw-p 00000000 00:00 0 
7f8c5e68d000-7f8c5e690000 ---p 00000000 00:00 0 
7f8c5e690000-7f8c5e78e000 rw-p 00000000 00:00 0 
7f8c5e78e000-7f8c5e791000 ---p 00000000 00:00 0 
7f8c5e791000-7f8c5e88f000 rw-p 00000000 00:00 0 
7f8c5e88f000-7f8c5e892000 ---p 00000000 00:00 0 
7f8c5e892000-7f8c5e990000 rw-p 00000000 00:00 0 
7f8c5e990000-7f8c5e993000 ---p 00000000 00:00 0 
7f8c5e993000-7f8c5ea91000 rw-p 00000000 00:00 0 
7f8c5ea91000-7f8c5f178000 r--p 00000000 08:03 6167085                    /usr/lib/locale/locale-archive
7f8c5f178000-7f8c5f17b000 ---p 00000000 00:00 0 
7f8c5f17b000-7f8c5f279000 rw-p 00000000 00:00 0 
7f8c5f279000-7f8c5f27c000 ---p 00000000 00:00 0 
7f8c5f27c000-7f8c5f37a000 rw-p 00000000 00:00 0 
7f8c5f37a000-7f8c5f37b000 ---p 00000000 00:00 0 
7f8c5f37b000-7f8c5f77e000 rw-p 00000000 00:00 0 
7f8c5f77e000-7f8c5f912000 r--s 03822000 08:03 1971068                    /usr/lib/jvm/java-6-openjdk-amd64/jre/lib/rt.jar
7f8c5f912000-7f8c5f913000 ---p 00000000 00:00 0 
7f8c5f913000-7f8c5fa13000 rw-p 00000000 00:00 0 
7f8c5fa13000-7f8c5fa14000 ---p 00000000 00:00 0 
7f8c5fa14000-7f8c5fb49000 rw-p 00000000 00:00 0 
7f8c5fb49000-7f8c5fe56000 rw-p 00000000 00:00 0 
7f8c5fe56000-7f8c5fe61000 rw-p 00000000 00:00 0 
7f8c5fe61000-7f8c5fea9000 rw-p 00000000 00:00 0 
7f8c5fea9000-7f8c5fede000 rw-p 00000000 00:00 0 
7f8c5fede000-7f8c601eb000 rw-p 00000000 00:00 0 
7f8c601eb000-7f8c60219000 rw-p 00000000 00:00 0 
7f8c60219000-7f8c6038c000 rw-p 00000000 00:00 0 
7f8c6038c000-7f8c6038d000 rw-p 00000000 00:00 0 
7f8c6038d000-7f8c605fd000 rwxp 00000000 00:00 0 
7f8c605fd000-7f8c6338d000 rw-p 00000000 00:00 0 
7f8c6338d000-7f8c63394000 r-xp 00000000 08:03 1966625                    /usr/lib/jvm/java-6-openjdk-amd64/jre/lib/amd64/libzip.so
7f8c63394000-7f8c63593000 ---p 00007000 08:03 1966625                    /usr/lib/jvm/java-6-openjdk-amd64/jre/lib/amd64/libzip.so
7f8c63593000-7f8c63594000 r--p 00006000 08:03 1966625                    /usr/lib/jvm/java-6-openjdk-amd64/jre/lib/amd64/libzip.so
7f8c63594000-7f8c63595000 rw-p 00007000 08:03 1966625                    /usr/lib/jvm/java-6-openjdk-amd64/jre/lib/amd64/libzip.so
7f8c63595000-7f8c635a1000 r-xp 00000000 08:03 3044450                    /lib/x86_64-linux-gnu/libnss_files-2.15.so
7f8c635a1000-7f8c637a0000 ---p 0000c000 08:03 3044450                    /lib/x86_64-linux-gnu/libnss_files-2.15.so
7f8c637a0000-7f8c637a1000 r--p 0000b000 08:03 3044450                    /lib/x86_64-linux-gnu/libnss_files-2.15.so
7f8c637a1000-7f8c637a2000 rw-p 0000c000 08:03 3044450                    /lib/x86_64-linux-gnu/libnss_files-2.15.so
7f8c637a2000-7f8c637ac000 r-xp 00000000 08:03 3044454                    /lib/x86_64-linux-gnu/libnss_nis-2.15.so
7f8c637ac000-7f8c639ac000 ---p 0000a000 08:03 3044454                    /lib/x86_64-linux-gnu/libnss_nis-2.15.so
7f8c639ac000-7f8c639ad000 r--p 0000a000 08:03 3044454                    /lib/x86_64-linux-gnu/libnss_nis-2.15.so
7f8c639ad000-7f8c639ae000 rw-p 0000b000 08:03 3044454                    /lib/x86_64-linux-gnu/libnss_nis-2.15.so
7f8c639ae000-7f8c639c5000 r-xp 00000000 08:03 3044470                    /lib/x86_64-linux-gnu/libnsl-2.15.so
7f8c639c5000-7f8c63bc4000 ---p 00017000 08:03 3044470                    /lib/x86_64-linux-gnu/libnsl-2.15.so
7f8c63bc4000-7f8c63bc5000 r--p 00016000 08:03 3044470                    /lib/x86_64-linux-gnu/libnsl-2.15.so
7f8c63bc5000-7f8c63bc6000 rw-p 00017000 08:03 3044470                    /lib/x86_64-linux-gnu/libnsl-2.15.so
7f8c63bc6000-7f8c63bc8000 rw-p 00000000 00:00 0 
7f8c63bc8000-7f8c63bd0000 r-xp 00000000 08:03 3044448                    /lib/x86_64-linux-gnu/libnss_compat-2.15.so
7f8c63bd0000-7f8c63dcf000 ---p 00008000 08:03 3044448                    /lib/x86_64-linux-gnu/libnss_compat-2.15.so
7f8c63dcf000-7f8c63dd0000 r--p 00007000 08:03 3044448                    /lib/x86_64-linux-gnu/libnss_compat-2.15.so
7f8c63dd0000-7f8c63dd1000 rw-p 00008000 08:03 3044448                    /lib/x86_64-linux-gnu/libnss_compat-2.15.so
7f8c63dd1000-7f8c63dfd000 r-xp 00000000 08:03 1966620                    /usr/lib/jvm/java-6-openjdk-amd64/jre/lib/amd64/libjava.so
7f8c63dfd000-7f8c63ffc000 ---p 0002c000 08:03 1966620                    /usr/lib/jvm/java-6-openjdk-amd64/jre/lib/amd64/libjava.so
7f8c63ffc000-7f8c63ffd000 r--p 0002b000 08:03 1966620                    /usr/lib/jvm/java-6-openjdk-amd64/jre/lib/amd64/libjava.so
7f8c63ffd000-7f8c64000000 rw-p 0002c000 08:03 1966620                    /usr/lib/jvm/java-6-openjdk-amd64/jre/lib/amd64/libjava.so
7f8c64000000-7f8c64451000 rw-p 00000000 00:00 0 
7f8c64451000-7f8c68000000 ---p 00000000 00:00 0 
7f8c68000000-7f8c68002000 r--s 00002000 08:03 3982                       /usr/share/java/ant-launcher-1.8.2.jar
7f8c68002000-7f8c68004000 r--s 00001000 08:03 4364                       /usr/share/java/ant-apache-bcel-1.8.2.jar
7f8c68004000-7f8c68005000 r--s 00001000 08:03 6056                       /usr/share/java/ant-jmf-1.8.2.jar
7f8c68005000-7f8c6801e000 r--s 00144000 08:03 3918                       /usr/share/java/xercesImpl-2.11.0.jar
7f8c6801e000-7f8c68084000 rw-p 00000000 00:00 0 
7f8c68084000-7f8c680cc000 rw-p 00000000 00:00 0 
7f8c680cc000-7f8c680da000 r-xp 00000000 08:03 1966637                    /usr/lib/jvm/java-6-openjdk-amd64/jre/lib/amd64/libverify.so
7f8c680da000-7f8c682d9000 ---p 0000e000 08:03 1966637                    /usr/lib/jvm/java-6-openjdk-amd64/jre/lib/amd64/libverify.so
7f8c682d9000-7f8c682db000 r--p 0000d000 08:03 1966637                    /usr/lib/jvm/java-6-openjdk-amd64/jre/lib/amd64/libverify.so
7f8c682db000-7f8c682dc000 rw-p 0000f000 08:03 1966637                    /usr/lib/jvm/java-6-openjdk-amd64/jre/lib/amd64/libverify.so
7f8c682dc000-7f8c682e3000 r-xp 00000000 08:03 3044453                    /lib/x86_64-linux-gnu/librt-2.15.so
7f8c682e3000-7f8c684e2000 ---p 00007000 08:03 3044453                    /lib/x86_64-linux-gnu/librt-2.15.so
7f8c684e2000-7f8c684e3000 r--p 00006000 08:03 3044453                    /lib/x86_64-linux-gnu/librt-2.15.so
7f8c684e3000-7f8c684e4000 rw-p 00007000 08:03 3044453                    /lib/x86_64-linux-gnu/librt-2.15.so
7f8c684e4000-7f8c684f9000 r-xp 00000000 08:03 3018368                    /lib/x86_64-linux-gnu/libgcc_s.so.1
7f8c684f9000-7f8c686f8000 ---p 00015000 08:03 3018368                    /lib/x86_64-linux-gnu/libgcc_s.so.1
7f8c686f8000-7f8c686f9000 r--p 00014000 08:03 3018368                    /lib/x86_64-linux-gnu/libgcc_s.so.1
7f8c686f9000-7f8c686fa000 rw-p 00015000 08:03 3018368                    /lib/x86_64-linux-gnu/libgcc_s.so.1
7f8c686fa000-7f8c687f5000 r-xp 00000000 08:03 3044459                    /lib/x86_64-linux-gnu/libm-2.15.so
7f8c687f5000-7f8c689f4000 ---p 000fb000 08:03 3044459                    /lib/x86_64-linux-gnu/libm-2.15.so
7f8c689f4000-7f8c689f5000 r--p 000fa000 08:03 3044459                    /lib/x86_64-linux-gnu/libm-2.15.so
7f8c689f5000-7f8c689f6000 rw-p 000fb000 08:03 3044459                    /lib/x86_64-linux-gnu/libm-2.15.so
7f8c689f6000-7f8c68ad8000 r-xp 00000000 08:03 6168267                    /usr/lib/x86_64-linux-gnu/libstdc++.so.6.0.16
7f8c68ad8000-7f8c68cd7000 ---p 000e2000 08:03 6168267                    /usr/lib/x86_64-linux-gnu/libstdc++.so.6.0.16
7f8c68cd7000-7f8c68cdf000 r--p 000e1000 08:03 6168267                    /usr/lib/x86_64-linux-gnu/libstdc++.so.6.0.16
7f8c68cdf000-7f8c68ce1000 rw-p 000e9000 08:03 6168267                    /usr/lib/x86_64-linux-gnu/libstdc++.so.6.0.16
7f8c68ce1000-7f8c68cf6000 rw-p 00000000 00:00 0 
7f8c68cf6000-7f8c695f6000 r-xp 00000000 08:03 1966652                    /usr/lib/jvm/java-6-openjdk-amd64/jre/lib/amd64/server/libjvm.so
7f8c695f6000-7f8c697f6000 ---p 00900000 08:03 1966652                    /usr/lib/jvm/java-6-openjdk-amd64/jre/lib/amd64/server/libjvm.so
7f8c697f6000-7f8c69877000 r--p 00900000 08:03 1966652                    /usr/lib/jvm/java-6-openjdk-amd64/jre/lib/amd64/server/libjvm.so
7f8c69877000-7f8c69892000 rw-p 00981000 08:03 1966652                    /usr/lib/jvm/java-6-openjdk-amd64/jre/lib/amd64/server/libjvm.so
7f8c69892000-7f8c698bb000 rw-p 00000000 00:00 0 
7f8c698bb000-7f8c698d1000 r-xp 00000000 08:03 3018458                    /lib/x86_64-linux-gnu/libz.so.1.2.3.4
7f8c698d1000-7f8c69ad0000 ---p 00016000 08:03 3018458                    /lib/x86_64-linux-gnu/libz.so.1.2.3.4
7f8c69ad0000-7f8c69ad1000 r--p 00015000 08:03 3018458                    /lib/x86_64-linux-gnu/libz.so.1.2.3.4
7f8c69ad1000-7f8c69ad2000 rw-p 00016000 08:03 3018458                    /lib/x86_64-linux-gnu/libz.so.1.2.3.4
7f8c69ad2000-7f8c69c87000 r-xp 00000000 08:03 3044446                    /lib/x86_64-linux-gnu/libc-2.15.so
7f8c69c87000-7f8c69e87000 ---p 001b5000 08:03 3044446                    /lib/x86_64-linux-gnu/libc-2.15.so
7f8c69e87000-7f8c69e8b000 r--p 001b5000 08:03 3044446                    /lib/x86_64-linux-gnu/libc-2.15.so
7f8c69e8b000-7f8c69e8d000 rw-p 001b9000 08:03 3044446                    /lib/x86_64-linux-gnu/libc-2.15.so
7f8c69e8d000-7f8c69e92000 rw-p 00000000 00:00 0 
7f8c69e92000-7f8c69e94000 r-xp 00000000 08:03 3044463                    /lib/x86_64-linux-gnu/libdl-2.15.so
7f8c69e94000-7f8c6a094000 ---p 00002000 08:03 3044463                    /lib/x86_64-linux-gnu/libdl-2.15.so
7f8c6a094000-7f8c6a095000 r--p 00002000 08:03 3044463                    /lib/x86_64-linux-gnu/libdl-2.15.so
7f8c6a095000-7f8c6a096000 rw-p 00003000 08:03 3044463                    /lib/x86_64-linux-gnu/libdl-2.15.so
7f8c6a096000-7f8c6a09a000 r-xp 00000000 08:03 1966795                    /usr/lib/jvm/java-6-openjdk-amd64/jre/lib/amd64/jli/libjli.so
7f8c6a09a000-7f8c6a299000 ---p 00004000 08:03 1966795                    /usr/lib/jvm/java-6-openjdk-amd64/jre/lib/amd64/jli/libjli.so
7f8c6a299000-7f8c6a29a000 r--p 00003000 08:03 1966795                    /usr/lib/jvm/java-6-openjdk-amd64/jre/lib/amd64/jli/libjli.so
7f8c6a29a000-7f8c6a29b000 rw-p 00004000 08:03 1966795                    /usr/lib/jvm/java-6-openjdk-amd64/jre/lib/amd64/jli/libjli.so
7f8c6a29b000-7f8c6a2b3000 r-xp 00000000 08:03 3044455                    /lib/x86_64-linux-gnu/libpthread-2.15.so
7f8c6a2b3000-7f8c6a4b2000 ---p 00018000 08:03 3044455                    /lib/x86_64-linux-gnu/libpthread-2.15.so
7f8c6a4b2000-7f8c6a4b3000 r--p 00017000 08:03 3044455                    /lib/x86_64-linux-gnu/libpthread-2.15.so
7f8c6a4b3000-7f8c6a4b4000 rw-p 00018000 08:03 3044455                    /lib/x86_64-linux-gnu/libpthread-2.15.so
7f8c6a4b4000-7f8c6a4b8000 rw-p 00000000 00:00 0 
7f8c6a4b8000-7f8c6a4da000 r-xp 00000000 08:03 3044460                    /lib/x86_64-linux-gnu/ld-2.15.so
7f8c6a4da000-7f8c6a4db000 r--s 00001000 08:03 6054                       /usr/share/java/ant-javamail-1.8.2.jar
7f8c6a4db000-7f8c6a4dc000 r--s 00003000 08:03 6060                       /usr/share/java/ant-testutil-1.8.2.jar
7f8c6a4dc000-7f8c6a4de000 r--s 00008000 08:03 4367                       /usr/share/java/ant-apache-oro-1.8.2.jar
7f8c6a4de000-7f8c6a4e0000 r--s 00017000 08:03 6058                       /usr/share/java/ant-junit-1.8.2.jar
7f8c6a4e0000-7f8c6a4e1000 r--s 00000000 08:03 4366                       /usr/share/java/ant-apache-log4j-1.8.2.jar
7f8c6a4e1000-7f8c6a4ea000 r--s 00031000 08:03 3887                       /usr/share/java/xml-apis-1.4.01.jar
7f8c6a4ea000-7f8c6a4f1000 r--s 000fc000 08:03 1966589                    /usr/lib/jvm/java-6-openjdk-common/jre/lib/resources.jar
7f8c6a4f1000-7f8c6a4fb000 rw-p 00000000 00:00 0 
7f8c6a4fb000-7f8c6a5b1000 rw-p 00000000 00:00 0 
7f8c6a5b1000-7f8c6a5b4000 ---p 00000000 00:00 0 
7f8c6a5b4000-7f8c6a6b7000 rw-p 00000000 00:00 0 
7f8c6a6b7000-7f8c6a6b8000 r--s 00001000 08:03 4012                       /usr/share/java/ant-antlr-1.8.2.jar
7f8c6a6b8000-7f8c6a6b9000 r--s 00000000 08:03 5725                       /usr/share/java/ant-apache-xalan2-1.8.2.jar
7f8c6a6b9000-7f8c6a6ba000 r--s 00000000 08:03 4610                       /usr/share/java/ant-apache-resolver-1.8.2.jar
7f8c6a6ba000-7f8c6a6bd000 r--s 0007f000 08:03 1966607                    /usr/lib/jvm/java-6-openjdk-common/jre/lib/jsse.jar
7f8c6a6bd000-7f8c6a6bf000 r--s 00002000 08:03 3982                       /usr/share/java/ant-launcher-1.8.2.jar
7f8c6a6bf000-7f8c6a6c1000 r--s 0000f000 08:03 1966577                    /usr/lib/jvm/java-6-openjdk-common/jre/lib/ext/pulse-java.jar
7f8c6a6c1000-7f8c6a6c4000 r--s 00077000 08:03 1966579                    /usr/lib/jvm/java-6-openjdk-common/jre/lib/ext/localedata.jar
7f8c6a6c4000-7f8c6a6c5000 r--s 00007000 08:03 855                        /usr/share/java/java-atk-wrapper.jar
7f8c6a6c5000-7f8c6a6c8000 r--s 00031000 08:03 1966581                    /usr/lib/jvm/java-6-openjdk-common/jre/lib/ext/sunjce_provider.jar
7f8c6a6c8000-7f8c6a6ca000 r--s 00001000 08:03 1966580                    /usr/lib/jvm/java-6-openjdk-common/jre/lib/ext/dnsns.jar
7f8c6a6ca000-7f8c6a6ce000 r--s 00039000 08:03 1966575                    /usr/lib/jvm/java-6-openjdk-common/jre/lib/ext/sunpkcs11.jar
7f8c6a6ce000-7f8c6a6d6000 rw-s 00000000 08:03 2637365                    /tmp/hsperfdata_oleg/29979
7f8c6a6d6000-7f8c6a6d7000 rw-p 00000000 00:00 0 
7f8c6a6d7000-7f8c6a6d8000 r--p 00000000 00:00 0 
7f8c6a6d8000-7f8c6a6da000 rw-p 00000000 00:00 0 
7f8c6a6da000-7f8c6a6db000 r--p 00022000 08:03 3044460                    /lib/x86_64-linux-gnu/ld-2.15.so
7f8c6a6db000-7f8c6a6dd000 rw-p 00023000 08:03 3044460                    /lib/x86_64-linux-gnu/ld-2.15.so
7fff602b2000-7fff602d3000 rw-p 00000000 00:00 0                          [stack]
7fff603e4000-7fff603e5000 r-xp 00000000 00:00 0                          [vdso]
ffffffffff600000-ffffffffff601000 r-xp 00000000 00:00 0                  [vsyscall]

VM Arguments:
jvm_args: -Dant.home=/usr/share/ant -Dant.library.dir=/usr/share/ant/lib 
java_command: org.apache.tools.ant.launch.Launcher -cp  debug -f /home/oleg/CordovaMapsSample/platforms/android/build.xml -Dout.dir=ant-build -Dgen.absolute.dir=ant-gen
Launcher Type: SUN_STANDARD

Environment Variables:
PATH=/home/oleg/.rvm/gems/ruby-1.9.3-p327/bin:/home/oleg/.rvm/gems/ruby-1.9.3-p327@global/bin:/home/oleg/.rvm/rubies/ruby-1.9.3-p327/bin:/home/oleg/.rvm/bin:/usr/lib/lightdm/lightdm:/usr/local/sbin:/usr/local/bin:/usr/sbin:/usr/bin:/sbin:/bin:/usr/games:/home/oleg/sdk/platform-tools:/home/oleg/sdk/tools
LD_LIBRARY_PATH=/usr/lib/jvm/java-6-openjdk-amd64/jre/lib/amd64/server:/usr/lib/jvm/java-6-openjdk-amd64/jre/lib/amd64:/usr/lib/jvm/java-6-openjdk-amd64/jre/../lib/amd64
SHELL=/bin/bash
DISPLAY=:0.0

Signal Handlers:
SIGSEGV: [libjvm.so+0x7837c0], sa_mask[0]=0x7ffbfeff, sa_flags=0x10000004
SIGBUS: [libjvm.so+0x7837c0], sa_mask[0]=0x7ffbfeff, sa_flags=0x10000004
SIGFPE: [libjvm.so+0x647740], sa_mask[0]=0x7ffbfeff, sa_flags=0x10000004
SIGPIPE: [libjvm.so+0x647740], sa_mask[0]=0x7ffbfeff, sa_flags=0x10000004
SIGXFSZ: [libjvm.so+0x647740], sa_mask[0]=0x7ffbfeff, sa_flags=0x10000004
SIGILL: [libjvm.so+0x647740], sa_mask[0]=0x7ffbfeff, sa_flags=0x10000004
SIGUSR1: SIG_DFL, sa_mask[0]=0x00000000, sa_flags=0x00000000
SIGUSR2: [libjvm.so+0x647920], sa_mask[0]=0x00000000, sa_flags=0x10000004
SIGHUP: [libjvm.so+0x64a2f0], sa_mask[0]=0x7ffbfeff, sa_flags=0x10000004
SIGINT: [libjvm.so+0x64a2f0], sa_mask[0]=0x7ffbfeff, sa_flags=0x10000004
SIGTERM: [libjvm.so+0x64a2f0], sa_mask[0]=0x7ffbfeff, sa_flags=0x10000004
SIGQUIT: [libjvm.so+0x64a2f0], sa_mask[0]=0x7ffbfeff, sa_flags=0x10000004


---------------  S Y S T E M  ---------------

OS:Ubuntu 12.04 (precise)
uname:Linux 3.2.0-58-generic #88-Ubuntu SMP Tue Dec 3 17:37:58 UTC 2013 x86_64
libc:glibc 2.15 NPTL 2.15 
rlimit: STACK 8192k, CORE 0k, NPROC 79359, NOFILE 4096, AS infinity
load average:2.09 2.08 2.16

/proc/meminfo:
MemTotal:       10241552 kB
MemFree:          548508 kB
Buffers:          367652 kB
Cached:          3870880 kB
SwapCached:           16 kB
Active:          6008404 kB
Inactive:        2603088 kB
Active(anon):    3887392 kB
Inactive(anon):   580108 kB
Active(file):    2121012 kB
Inactive(file):  2022980 kB
Unevictable:          48 kB
Mlocked:              48 kB
SwapTotal:       6894588 kB
SwapFree:        6893568 kB
Dirty:              2500 kB
Writeback:             0 kB
AnonPages:       4372968 kB
Mapped:           705420 kB
Shmem:             94540 kB
Slab:             415000 kB
SReclaimable:     369932 kB
SUnreclaim:        45068 kB
KernelStack:        6504 kB
PageTables:        81988 kB
NFS_Unstable:          0 kB
Bounce:                0 kB
WritebackTmp:          0 kB
CommitLimit:    12015364 kB
Committed_AS:   11086648 kB
VmallocTotal:   34359738367 kB
VmallocUsed:      330352 kB
VmallocChunk:   34359405908 kB
HardwareCorrupted:     0 kB
AnonHugePages:         0 kB
HugePages_Total:       0
HugePages_Free:        0
HugePages_Rsvd:        0
HugePages_Surp:        0
Hugepagesize:       2048 kB
DirectMap4k:      248384 kB
DirectMap2M:     9187328 kB
DirectMap1G:     1048576 kB


CPU:total 2 (2 cores per cpu, 1 threads per core) family 16 model 6 stepping 3, cmov, cx8, fxsr, mmx, sse, sse2, sse3, popcnt, mmxext, 3dnowpref, lzcnt, sse4a

Memory: 4k page, physical 10241552k(548508k free), swap 6894588k(6893568k free)

vm_info: OpenJDK 64-Bit Server VM (20.0-b12) for linux-amd64 JRE (1.6.0_27-b27), built on Nov 16 2013 15:13:05 by "buildd" with gcc 4.6.3

time: Mon Apr 21 16:47:38 2014
elapsed time: 5 seconds

