#
# A fatal error has been detected by the Java Runtime Environment:
#
#  SIGSEGV (0xb) at pc=0x00007ff5d5c7f4fc, pid=32251, tid=140693850969856
#
# JRE version: 6.0_27-b27
# Java VM: OpenJDK 64-Bit Server VM (20.0-b12 mixed mode linux-amd64 compressed oops)
# Derivative: IcedTea6 1.12.6
# Distribution: Ubuntu 12.04 LTS, package 6b27-1.12.6-1ubuntu0.12.04.4
# Problematic frame:
# V  [libjvm.so+0x6154fc]  method_compare_narrow+0x4c
#
# If you would like to submit a bug report, please include
# instructions how to reproduce the bug and visit:
#   https://bugs.launchpad.net/ubuntu/+source/openjdk-6/
#

---------------  T H R E A D  ---------------

Current thread (0x00007ff5d0007800):  JavaThread "Unknown thread" [_thread_in_vm, id=32252, stack(0x00007ff5d6f25000,0x00007ff5d7026000)]

siginfo:si_signo=SIGSEGV: si_errno=0, si_code=1 (SEGV_MAPERR), si_addr=0x0000000000000040

Registers:
RAX=0x00000007597bc318, RBX=0x00000007594bc1ac, RCX=0x00000007594bc1b0, RDX=0x0000000000000000
RSP=0x00007ff5d7023148, RBP=0x00007ff5c727b010, RSI=0x00000007594bbfb8, RDI=0x000000000000000a
R8 =0x0000000000000000, R9 =0x0000000000000000, R10=0x0000000000000022, R11=0x0000000000000246
R12=0x0000000000000001, R13=0x0000000000000001, R14=0x00000007594bc1a8, R15=0x0000000000000004
RIP=0x00007ff5d5c7f4fc, EFLAGS=0x0000000000010246, CSGSFS=0x0000000000000033, ERR=0x0000000000000004
  TRAPNO=0x000000000000000e

Top of Stack: (sp=0x00007ff5d7023148)
0x00007ff5d7023148:   00007ff5d64806ba 00007ff5d7023248
0x00007ff5d7023158:   00007ff5d5c7f4b0 0000000000000000
0x00007ff5d7023168:   00007ff5d7023ab0 00000007594bc1a8
0x00007ff5d7023178:   0000000000000002 00007ff5d61d46d0
0x00007ff5d7023188:   00000007594bc1b0 00007ff5d7023b10
0x00007ff5d7023198:   0000000000000002 0000000000000002
0x00007ff5d70231a8:   0000000000980008 00007ff5c727b010
0x00007ff5d70231b8:   00007ff5d64805a1 00007ff5d7023258
0x00007ff5d70231c8:   00007ff5d64806ba 0000000000000001
0x00007ff5d70231d8:   00007ff5d7023ab0 00000007594bc1a8
0x00007ff5d70231e8:   0000000000000004 00000007594bca98
0x00007ff5d70231f8:   00000007594bc1b8 00007ff5d7023b10
0x00007ff5d7023208:   0000000000000005 0000000000000004
0x00007ff5d7023218:   0000000000980008 00007ff5c727b010
0x00007ff5d7023228:   00007ff5d64805a1 00007ff5d7023240
0x00007ff5d7023238:   00007ff5d6480ac7 eb2979b8eb297999
0x00007ff5d7023248:   00007ff5d7023ab0 00000007594bc1a8
0x00007ff5d7023258:   0000000000000009 00007ff5d000d940
0x00007ff5d7023268:   00000007594bc1cc 00007ff5d7023b10
0x00007ff5d7023278:   000000000000000a 0000000000000009
0x00007ff5d7023288:   0000000000980008 00007ff5c727b010
0x00007ff5d7023298:   00007ff5d64805a1 00000007594be658
0x00007ff5d70232a8:   00000007594bca88 00007ff5d7023320
0x00007ff5d70232b8:   00007ff5d7023ab0 00000007594bc1a8
0x00007ff5d70232c8:   0000000000000013 00007ff5d0007800
0x00007ff5d70232d8:   00000007594bc1f4 00007ff5d7023b10
0x00007ff5d70232e8:   0000000000000013 0000000000000013
0x00007ff5d70232f8:   0000000000980008 00007ff5c727b010
0x00007ff5d7023308:   00007ff5d64805a1 00007ff5d003b0f0
0x00007ff5d7023318:   00007ff5d5a76940 0000000000000000
0x00007ff5d7023328:   00007ff5d7023ab0 00000007594bc1a8
0x00007ff5d7023338:   0000000000000026 00007ff5d003b108 

Instructions: (pc=0x00007ff5d5c7f4fc)
0x00007ff5d5c7f4dc:   00 89 c8 8b 4e 08 48 d3 e0 48 03 06 48 8b 4a 10
0x00007ff5d5c7f4ec:   48 8b 72 18 45 31 c0 48 8b 50 10 5d 0f b7 79 40
0x00007ff5d5c7f4fc:   0f b7 4a 40 48 8b 50 18 48 8b 44 ca 40 48 39 44
0x00007ff5d5c7f50c:   fe 40 b8 ff ff ff ff 41 0f 95 c0 41 0f 43 c0 c3 

Register to memory mapping:

RAX=
[error occurred during error reporting (printing register info), id 0xb]

Stack: [0x00007ff5d6f25000,0x00007ff5d7026000],  sp=0x00007ff5d7023148,  free space=1016k
Native frames: (J=compiled Java code, j=interpreted, Vv=VM code, C=native code)
V  [libjvm.so+0x6154fc]  method_compare_narrow+0x4c

Java frames: (J=compiled Java code, j=interpreted, Vv=VM code)
j  java.lang.Thread.<clinit>()V+10
v  ~StubRoutines::call_stub

---------------  P R O C E S S  ---------------

Java Threads: ( => current thread )
=>0x00007ff5d0007800 JavaThread "Unknown thread" [_thread_in_vm, id=32252, stack(0x00007ff5d6f25000,0x00007ff5d7026000)]

Other Threads:
  0x00007ff5d006d800 VMThread [stack: 0x00007ff5c7bfc000,0x00007ff5c7cfd000] [id=32265]

VM state:not at safepoint (normal execution)

VM Mutex/Monitor currently owned by a thread: None

Heap
 PSYoungGen      total 46656K, used 800K [0x00000007cbe00000, 0x00000007cf210000, 0x0000000800000000)
  eden space 40000K, 2% used [0x00000007cbe00000,0x00000007cbec8010,0x00000007ce510000)
  from space 6656K, 0% used [0x00000007ceb90000,0x00000007ceb90000,0x00000007cf210000)
  to   space 6656K, 0% used [0x00000007ce510000,0x00000007ce510000,0x00000007ceb90000)
 PSOldGen        total 106752K, used 0K [0x0000000763a00000, 0x000000076a240000, 0x00000007cbe00000)
  object space 106752K, 0% used [0x0000000763a00000,0x0000000763a00000,0x000000076a240000)
 PSPermGen       total 21248K, used 763K [0x0000000759400000, 0x000000075a8c0000, 0x0000000763a00000)
  object space 21248K, 3% used [0x0000000759400000,0x00000007594becb8,0x000000075a8c0000)

Code Cache  [0x00007ff5ccbeb000, 0x00007ff5cce5b000, 0x00007ff5cfbeb000)
 total_blobs=56 nmethods=0 adapters=32 free_code_cache=50001152 largest_free_block=384

Dynamic libraries:
00400000-00409000 r-xp 00000000 08:03 1971074                            /usr/lib/jvm/java-6-openjdk-amd64/jre/bin/java
00608000-00609000 r--p 00008000 08:03 1971074                            /usr/lib/jvm/java-6-openjdk-amd64/jre/bin/java
00609000-0060a000 rw-p 00009000 08:03 1971074                            /usr/lib/jvm/java-6-openjdk-amd64/jre/bin/java
013ce000-013ef000 rw-p 00000000 00:00 0                                  [heap]
759400000-75a8c0000 rw-p 00000000 00:00 0 
75a8c0000-763a00000 rw-p 00000000 00:00 0 
763a00000-76a240000 rw-p 00000000 00:00 0 
76a240000-7cbe00000 rw-p 00000000 00:00 0 
7cbe00000-7cf210000 rw-p 00000000 00:00 0 
7cf210000-800000000 rw-p 00000000 00:00 0 
7ff5bc000000-7ff5bc021000 rw-p 00000000 00:00 0 
7ff5bc021000-7ff5c0000000 ---p 00000000 00:00 0 
7ff5c0000000-7ff5c0021000 rw-p 00000000 00:00 0 
7ff5c0021000-7ff5c4000000 ---p 00000000 00:00 0 
7ff5c727b000-7ff5c7bfc000 rw-p 00000000 00:00 0 
7ff5c7bfc000-7ff5c7bfd000 ---p 00000000 00:00 0 
7ff5c7bfd000-7ff5c8000000 rw-p 00000000 00:00 0 
7ff5c8000000-7ff5c8021000 rw-p 00000000 00:00 0 
7ff5c8021000-7ff5cc000000 ---p 00000000 00:00 0 
7ff5cc0dd000-7ff5cc271000 r--s 03822000 08:03 1971068                    /usr/lib/jvm/java-6-openjdk-amd64/jre/lib/rt.jar
7ff5cc271000-7ff5cc272000 ---p 00000000 00:00 0 
7ff5cc272000-7ff5cc3a7000 rw-p 00000000 00:00 0 
7ff5cc3a7000-7ff5cc6b4000 rw-p 00000000 00:00 0 
7ff5cc6b4000-7ff5cc6bf000 rw-p 00000000 00:00 0 
7ff5cc6bf000-7ff5cc707000 rw-p 00000000 00:00 0 
7ff5cc707000-7ff5cc73c000 rw-p 00000000 00:00 0 
7ff5cc73c000-7ff5cca49000 rw-p 00000000 00:00 0 
7ff5cca49000-7ff5cca64000 rw-p 00000000 00:00 0 
7ff5cca64000-7ff5ccbea000 rw-p 00000000 00:00 0 
7ff5ccbea000-7ff5ccbeb000 rw-p 00000000 00:00 0 
7ff5ccbeb000-7ff5cce5b000 rwxp 00000000 00:00 0 
7ff5cce5b000-7ff5cfbeb000 rw-p 00000000 00:00 0 
7ff5cfbeb000-7ff5cfbf2000 r-xp 00000000 08:03 1966625                    /usr/lib/jvm/java-6-openjdk-amd64/jre/lib/amd64/libzip.so
7ff5cfbf2000-7ff5cfdf1000 ---p 00007000 08:03 1966625                    /usr/lib/jvm/java-6-openjdk-amd64/jre/lib/amd64/libzip.so
7ff5cfdf1000-7ff5cfdf2000 r--p 00006000 08:03 1966625                    /usr/lib/jvm/java-6-openjdk-amd64/jre/lib/amd64/libzip.so
7ff5cfdf2000-7ff5cfdf3000 rw-p 00007000 08:03 1966625                    /usr/lib/jvm/java-6-openjdk-amd64/jre/lib/amd64/libzip.so
7ff5cfdf3000-7ff5cfdff000 r-xp 00000000 08:03 3044450                    /lib/x86_64-linux-gnu/libnss_files-2.15.so
7ff5cfdff000-7ff5cfffe000 ---p 0000c000 08:03 3044450                    /lib/x86_64-linux-gnu/libnss_files-2.15.so
7ff5cfffe000-7ff5cffff000 r--p 0000b000 08:03 3044450                    /lib/x86_64-linux-gnu/libnss_files-2.15.so
7ff5cffff000-7ff5d0000000 rw-p 0000c000 08:03 3044450                    /lib/x86_64-linux-gnu/libnss_files-2.15.so
7ff5d0000000-7ff5d008c000 rw-p 00000000 00:00 0 
7ff5d008c000-7ff5d4000000 ---p 00000000 00:00 0 
7ff5d4033000-7ff5d408e000 rw-p 00000000 00:00 0 
7ff5d408e000-7ff5d408f000 ---p 00000000 00:00 0 
7ff5d408f000-7ff5d419a000 rw-p 00000000 00:00 0 
7ff5d419a000-7ff5d41e2000 rw-p 00000000 00:00 0 
7ff5d41e2000-7ff5d41ec000 r-xp 00000000 08:03 3044454                    /lib/x86_64-linux-gnu/libnss_nis-2.15.so
7ff5d41ec000-7ff5d43ec000 ---p 0000a000 08:03 3044454                    /lib/x86_64-linux-gnu/libnss_nis-2.15.so
7ff5d43ec000-7ff5d43ed000 r--p 0000a000 08:03 3044454                    /lib/x86_64-linux-gnu/libnss_nis-2.15.so
7ff5d43ed000-7ff5d43ee000 rw-p 0000b000 08:03 3044454                    /lib/x86_64-linux-gnu/libnss_nis-2.15.so
7ff5d43ee000-7ff5d4405000 r-xp 00000000 08:03 3044470                    /lib/x86_64-linux-gnu/libnsl-2.15.so
7ff5d4405000-7ff5d4604000 ---p 00017000 08:03 3044470                    /lib/x86_64-linux-gnu/libnsl-2.15.so
7ff5d4604000-7ff5d4605000 r--p 00016000 08:03 3044470                    /lib/x86_64-linux-gnu/libnsl-2.15.so
7ff5d4605000-7ff5d4606000 rw-p 00017000 08:03 3044470                    /lib/x86_64-linux-gnu/libnsl-2.15.so
7ff5d4606000-7ff5d4608000 rw-p 00000000 00:00 0 
7ff5d4608000-7ff5d4610000 r-xp 00000000 08:03 3044448                    /lib/x86_64-linux-gnu/libnss_compat-2.15.so
7ff5d4610000-7ff5d480f000 ---p 00008000 08:03 3044448                    /lib/x86_64-linux-gnu/libnss_compat-2.15.so
7ff5d480f000-7ff5d4810000 r--p 00007000 08:03 3044448                    /lib/x86_64-linux-gnu/libnss_compat-2.15.so
7ff5d4810000-7ff5d4811000 rw-p 00008000 08:03 3044448                    /lib/x86_64-linux-gnu/libnss_compat-2.15.so
7ff5d4811000-7ff5d483d000 r-xp 00000000 08:03 1966620                    /usr/lib/jvm/java-6-openjdk-amd64/jre/lib/amd64/libjava.so
7ff5d483d000-7ff5d4a3c000 ---p 0002c000 08:03 1966620                    /usr/lib/jvm/java-6-openjdk-amd64/jre/lib/amd64/libjava.so
7ff5d4a3c000-7ff5d4a3d000 r--p 0002b000 08:03 1966620                    /usr/lib/jvm/java-6-openjdk-amd64/jre/lib/amd64/libjava.so
7ff5d4a3d000-7ff5d4a40000 rw-p 0002c000 08:03 1966620                    /usr/lib/jvm/java-6-openjdk-amd64/jre/lib/amd64/libjava.so
7ff5d4a40000-7ff5d4a4e000 r-xp 00000000 08:03 1966637                    /usr/lib/jvm/java-6-openjdk-amd64/jre/lib/amd64/libverify.so
7ff5d4a4e000-7ff5d4c4d000 ---p 0000e000 08:03 1966637                    /usr/lib/jvm/java-6-openjdk-amd64/jre/lib/amd64/libverify.so
7ff5d4c4d000-7ff5d4c4f000 r--p 0000d000 08:03 1966637                    /usr/lib/jvm/java-6-openjdk-amd64/jre/lib/amd64/libverify.so
7ff5d4c4f000-7ff5d4c50000 rw-p 0000f000 08:03 1966637                    /usr/lib/jvm/java-6-openjdk-amd64/jre/lib/amd64/libverify.so
7ff5d4c50000-7ff5d4c57000 r-xp 00000000 08:03 3044453                    /lib/x86_64-linux-gnu/librt-2.15.so
7ff5d4c57000-7ff5d4e56000 ---p 00007000 08:03 3044453                    /lib/x86_64-linux-gnu/librt-2.15.so
7ff5d4e56000-7ff5d4e57000 r--p 00006000 08:03 3044453                    /lib/x86_64-linux-gnu/librt-2.15.so
7ff5d4e57000-7ff5d4e58000 rw-p 00007000 08:03 3044453                    /lib/x86_64-linux-gnu/librt-2.15.so
7ff5d4e58000-7ff5d4e6d000 r-xp 00000000 08:03 3018368                    /lib/x86_64-linux-gnu/libgcc_s.so.1
7ff5d4e6d000-7ff5d506c000 ---p 00015000 08:03 3018368                    /lib/x86_64-linux-gnu/libgcc_s.so.1
7ff5d506c000-7ff5d506d000 r--p 00014000 08:03 3018368                    /lib/x86_64-linux-gnu/libgcc_s.so.1
7ff5d506d000-7ff5d506e000 rw-p 00015000 08:03 3018368                    /lib/x86_64-linux-gnu/libgcc_s.so.1
7ff5d506e000-7ff5d5169000 r-xp 00000000 08:03 3044459                    /lib/x86_64-linux-gnu/libm-2.15.so
7ff5d5169000-7ff5d5368000 ---p 000fb000 08:03 3044459                    /lib/x86_64-linux-gnu/libm-2.15.so
7ff5d5368000-7ff5d5369000 r--p 000fa000 08:03 3044459                    /lib/x86_64-linux-gnu/libm-2.15.so
7ff5d5369000-7ff5d536a000 rw-p 000fb000 08:03 3044459                    /lib/x86_64-linux-gnu/libm-2.15.so
7ff5d536a000-7ff5d544c000 r-xp 00000000 08:03 6168267                    /usr/lib/x86_64-linux-gnu/libstdc++.so.6.0.16
7ff5d544c000-7ff5d564b000 ---p 000e2000 08:03 6168267                    /usr/lib/x86_64-linux-gnu/libstdc++.so.6.0.16
7ff5d564b000-7ff5d5653000 r--p 000e1000 08:03 6168267                    /usr/lib/x86_64-linux-gnu/libstdc++.so.6.0.16
7ff5d5653000-7ff5d5655000 rw-p 000e9000 08:03 6168267                    /usr/lib/x86_64-linux-gnu/libstdc++.so.6.0.16
7ff5d5655000-7ff5d566a000 rw-p 00000000 00:00 0 
7ff5d566a000-7ff5d5f6a000 r-xp 00000000 08:03 1966652                    /usr/lib/jvm/java-6-openjdk-amd64/jre/lib/amd64/server/libjvm.so
7ff5d5f6a000-7ff5d616a000 ---p 00900000 08:03 1966652                    /usr/lib/jvm/java-6-openjdk-amd64/jre/lib/amd64/server/libjvm.so
7ff5d616a000-7ff5d61eb000 r--p 00900000 08:03 1966652                    /usr/lib/jvm/java-6-openjdk-amd64/jre/lib/amd64/server/libjvm.so
7ff5d61eb000-7ff5d6206000 rw-p 00981000 08:03 1966652                    /usr/lib/jvm/java-6-openjdk-amd64/jre/lib/amd64/server/libjvm.so
7ff5d6206000-7ff5d622f000 rw-p 00000000 00:00 0 
7ff5d622f000-7ff5d6245000 r-xp 00000000 08:03 3018458                    /lib/x86_64-linux-gnu/libz.so.1.2.3.4
7ff5d6245000-7ff5d6444000 ---p 00016000 08:03 3018458                    /lib/x86_64-linux-gnu/libz.so.1.2.3.4
7ff5d6444000-7ff5d6445000 r--p 00015000 08:03 3018458                    /lib/x86_64-linux-gnu/libz.so.1.2.3.4
7ff5d6445000-7ff5d6446000 rw-p 00016000 08:03 3018458                    /lib/x86_64-linux-gnu/libz.so.1.2.3.4
7ff5d6446000-7ff5d65fb000 r-xp 00000000 08:03 3044446                    /lib/x86_64-linux-gnu/libc-2.15.so
7ff5d65fb000-7ff5d67fb000 ---p 001b5000 08:03 3044446                    /lib/x86_64-linux-gnu/libc-2.15.so
7ff5d67fb000-7ff5d67ff000 r--p 001b5000 08:03 3044446                    /lib/x86_64-linux-gnu/libc-2.15.so
7ff5d67ff000-7ff5d6801000 rw-p 001b9000 08:03 3044446                    /lib/x86_64-linux-gnu/libc-2.15.so
7ff5d6801000-7ff5d6806000 rw-p 00000000 00:00 0 
7ff5d6806000-7ff5d6808000 r-xp 00000000 08:03 3044463                    /lib/x86_64-linux-gnu/libdl-2.15.so
7ff5d6808000-7ff5d6a08000 ---p 00002000 08:03 3044463                    /lib/x86_64-linux-gnu/libdl-2.15.so
7ff5d6a08000-7ff5d6a09000 r--p 00002000 08:03 3044463                    /lib/x86_64-linux-gnu/libdl-2.15.so
7ff5d6a09000-7ff5d6a0a000 rw-p 00003000 08:03 3044463                    /lib/x86_64-linux-gnu/libdl-2.15.so
7ff5d6a0a000-7ff5d6a0e000 r-xp 00000000 08:03 1966795                    /usr/lib/jvm/java-6-openjdk-amd64/jre/lib/amd64/jli/libjli.so
7ff5d6a0e000-7ff5d6c0d000 ---p 00004000 08:03 1966795                    /usr/lib/jvm/java-6-openjdk-amd64/jre/lib/amd64/jli/libjli.so
7ff5d6c0d000-7ff5d6c0e000 r--p 00003000 08:03 1966795                    /usr/lib/jvm/java-6-openjdk-amd64/jre/lib/amd64/jli/libjli.so
7ff5d6c0e000-7ff5d6c0f000 rw-p 00004000 08:03 1966795                    /usr/lib/jvm/java-6-openjdk-amd64/jre/lib/amd64/jli/libjli.so
7ff5d6c0f000-7ff5d6c27000 r-xp 00000000 08:03 3044455                    /lib/x86_64-linux-gnu/libpthread-2.15.so
7ff5d6c27000-7ff5d6e26000 ---p 00018000 08:03 3044455                    /lib/x86_64-linux-gnu/libpthread-2.15.so
7ff5d6e26000-7ff5d6e27000 r--p 00017000 08:03 3044455                    /lib/x86_64-linux-gnu/libpthread-2.15.so
7ff5d6e27000-7ff5d6e28000 rw-p 00018000 08:03 3044455                    /lib/x86_64-linux-gnu/libpthread-2.15.so
7ff5d6e28000-7ff5d6e2c000 rw-p 00000000 00:00 0 
7ff5d6e2c000-7ff5d6e4e000 r-xp 00000000 08:03 3044460                    /lib/x86_64-linux-gnu/ld-2.15.so
7ff5d6e65000-7ff5d6e6f000 rw-p 00000000 00:00 0 
7ff5d6e6f000-7ff5d6f25000 rw-p 00000000 00:00 0 
7ff5d6f25000-7ff5d6f28000 ---p 00000000 00:00 0 
7ff5d6f28000-7ff5d702b000 rw-p 00000000 00:00 0 
7ff5d7042000-7ff5d704a000 rw-s 00000000 08:03 2638056                    /tmp/hsperfdata_oleg/32251
7ff5d704a000-7ff5d704b000 rw-p 00000000 00:00 0 
7ff5d704b000-7ff5d704c000 r--p 00000000 00:00 0 
7ff5d704c000-7ff5d704e000 rw-p 00000000 00:00 0 
7ff5d704e000-7ff5d704f000 r--p 00022000 08:03 3044460                    /lib/x86_64-linux-gnu/ld-2.15.so
7ff5d704f000-7ff5d7051000 rw-p 00023000 08:03 3044460                    /lib/x86_64-linux-gnu/ld-2.15.so
7fff118e9000-7fff1191e000 rw-p 00000000 00:00 0                          [stack]
7fff119da000-7fff119db000 r-xp 00000000 00:00 0                          [vdso]
ffffffffff600000-ffffffffff601000 r-xp 00000000 00:00 0                  [vsyscall]

VM Arguments:
java_command: /home/oleg/sdk/tools/lib/archquery.jar
Launcher Type: SUN_STANDARD

Environment Variables:
PATH=/home/oleg/.rvm/gems/ruby-1.9.3-p327/bin:/home/oleg/.rvm/gems/ruby-1.9.3-p327@global/bin:/home/oleg/.rvm/rubies/ruby-1.9.3-p327/bin:/home/oleg/.rvm/bin:/usr/lib/lightdm/lightdm:/usr/local/sbin:/usr/local/bin:/usr/sbin:/usr/bin:/sbin:/bin:/usr/games:/home/oleg/sdk/platform-tools:/home/oleg/sdk/tools
LD_LIBRARY_PATH=/usr/lib/jvm/java-6-openjdk-amd64/jre/lib/amd64/server:/usr/lib/jvm/java-6-openjdk-amd64/jre/lib/amd64:/usr/lib/jvm/java-6-openjdk-amd64/jre/../lib/amd64
SHELL=/bin/bash
DISPLAY=:0.0

Signal Handlers:
SIGSEGV: [libjvm.so+0x7837c0], sa_mask[0]=0x7ffbfeff, sa_flags=0x10000004
SIGBUS: [libjvm.so+0x7837c0], sa_mask[0]=0x7ffbfeff, sa_flags=0x10000004
SIGFPE: [libjvm.so+0x647740], sa_mask[0]=0x7ffbfeff, sa_flags=0x10000004
SIGPIPE: [libjvm.so+0x647740], sa_mask[0]=0x7ffbfeff, sa_flags=0x10000004
SIGXFSZ: [libjvm.so+0x647740], sa_mask[0]=0x7ffbfeff, sa_flags=0x10000004
SIGILL: [libjvm.so+0x647740], sa_mask[0]=0x7ffbfeff, sa_flags=0x10000004
SIGUSR1: SIG_DFL, sa_mask[0]=0x00000000, sa_flags=0x00000000
SIGUSR2: [libjvm.so+0x647920], sa_mask[0]=0x00000000, sa_flags=0x10000004
SIGHUP: SIG_DFL, sa_mask[0]=0x00000000, sa_flags=0x00000000
SIGINT: SIG_DFL, sa_mask[0]=0x00000000, sa_flags=0x00000000
SIGTERM: SIG_DFL, sa_mask[0]=0x00000000, sa_flags=0x00000000
SIGQUIT: SIG_DFL, sa_mask[0]=0x00000000, sa_flags=0x00000000


---------------  S Y S T E M  ---------------

OS:Ubuntu 12.04 (precise)
uname:Linux 3.2.0-58-generic #88-Ubuntu SMP Tue Dec 3 17:37:58 UTC 2013 x86_64
libc:glibc 2.15 NPTL 2.15 
rlimit: STACK 8192k, CORE 0k, NPROC 79359, NOFILE 4096, AS infinity
load average:2.87 2.26 2.22

/proc/meminfo:
MemTotal:       10241552 kB
MemFree:          561904 kB
Buffers:          369296 kB
Cached:          3867264 kB
SwapCached:          236 kB
Active:          6081852 kB
Inactive:        2516156 kB
Active(anon):    3931252 kB
Inactive(anon):   494516 kB
Active(file):    2150600 kB
Inactive(file):  2021640 kB
Unevictable:          48 kB
Mlocked:              48 kB
SwapTotal:       6894588 kB
SwapFree:        6893572 kB
Dirty:              2832 kB
Writeback:             0 kB
AnonPages:       4361228 kB
Mapped:           654044 kB
Shmem:             64320 kB
Slab:             419752 kB
SReclaimable:     374908 kB
SUnreclaim:        44844 kB
KernelStack:        6768 kB
PageTables:        85188 kB
NFS_Unstable:          0 kB
Bounce:                0 kB
WritebackTmp:          0 kB
CommitLimit:    12015364 kB
Committed_AS:   11358940 kB
VmallocTotal:   34359738367 kB
VmallocUsed:      330352 kB
VmallocChunk:   34359405908 kB
HardwareCorrupted:     0 kB
AnonHugePages:         0 kB
HugePages_Total:       0
HugePages_Free:        0
HugePages_Rsvd:        0
HugePages_Surp:        0
Hugepagesize:       2048 kB
DirectMap4k:      248384 kB
DirectMap2M:     9187328 kB
DirectMap1G:     1048576 kB


CPU:total 2 (2 cores per cpu, 1 threads per core) family 16 model 6 stepping 3, cmov, cx8, fxsr, mmx, sse, sse2, sse3, popcnt, mmxext, 3dnowpref, lzcnt, sse4a

Memory: 4k page, physical 10241552k(561904k free), swap 6894588k(6893572k free)

vm_info: OpenJDK 64-Bit Server VM (20.0-b12) for linux-amd64 JRE (1.6.0_27-b27), built on Nov 16 2013 15:13:05 by "buildd" with gcc 4.6.3

time: Mon Apr 21 17:34:04 2014
elapsed time: 0 seconds

